[ 2016-09-24T06:30:48+08:00 ] 42.156.251.188 /
INFO: [ app_init ] --START--
INFO: Run Behavior\BuildLiteBehavior [ RunTime:0.000000s ]
INFO: [ app_init ] --END-- [ RunTime:0.000000s ]
INFO: [ app_begin ] --START--
INFO: Run Behavior\ReadHtmlCacheBehavior [ RunTime:0.015625s ]
INFO: [ app_begin ] --END-- [ RunTime:0.015625s ]
SQL: SHOW COLUMNS FROM `sd_class` [ RunTime:0.0156s ]
SQL: SHOW COLUMNS FROM `sd_class` [ RunTime:0.0000s ]
SQL: SELECT * FROM `sd_class` WHERE ( class_name = "项目系列" ) LIMIT 1   [ RunTime:0.0000s ]
SQL: SELECT * FROM `sd_class` WHERE ( pid = "12" )  [ RunTime:0.0000s ]
SQL: SHOW COLUMNS FROM `sd_content` [ RunTime:0.0000s ]
SQL: SELECT * FROM `sd_content` WHERE ( hot = 1 ) ORDER BY createtime desc LIMIT 1   [ RunTime:0.0000s ]
SQL: SHOW COLUMNS FROM `sd_doctor` [ RunTime:0.0000s ]
SQL: SELECT * FROM `sd_doctor` ORDER BY sort desc  [ RunTime:0.0000s ]
SQL: SHOW COLUMNS FROM `sd_case` [ RunTime:0.0000s ]
SQL: SELECT * FROM `sd_case` LIMIT 4   [ RunTime:0.0000s ]
INFO: [ view_parse ] --START--
INFO: [ template_filter ] --START--
INFO: Run Behavior\ContentReplaceBehavior [ RunTime:0.015625s ]
INFO: [ template_filter ] --END-- [ RunTime:0.015625s ]
INFO: Run Behavior\ParseTemplateBehavior [ RunTime:0.046876s ]
INFO: [ view_parse ] --END-- [ RunTime:0.046876s ]
INFO: [ view_filter ] --START--
INFO: Run Behavior\WriteHtmlCacheBehavior [ RunTime:0.000000s ]
INFO: [ view_filter ] --END-- [ RunTime:0.000000s ]
INFO: [ app_end ] --START--
INFO: Run Behavior\ShowPageTraceBehavior [ RunTime:0.000000s ]
INFO: [ app_end ] --END-- [ RunTime:0.000000s ]

[ 2016-09-24T10:14:07+08:00 ] 61.50.106.246 /
INFO: [ app_init ] --START--
INFO: Run Behavior\BuildLiteBehavior [ RunTime:0.000000s ]
INFO: [ app_init ] --END-- [ RunTime:0.000000s ]
INFO: [ app_begin ] --START--
INFO: Run Behavior\ReadHtmlCacheBehavior [ RunTime:0.000000s ]
INFO: [ app_begin ] --END-- [ RunTime:0.000000s ]
SQL: SHOW COLUMNS FROM `sd_class` [ RunTime:0.0000s ]
SQL: SHOW COLUMNS FROM `sd_class` [ RunTime:0.0000s ]
SQL: SELECT * FROM `sd_class` WHERE ( class_name = "项目系列" ) LIMIT 1   [ RunTime:0.0000s ]
SQL: SELECT * FROM `sd_class` WHERE ( pid = "12" )  [ RunTime:0.0000s ]
SQL: SHOW COLUMNS FROM `sd_content` [ RunTime:0.0000s ]
SQL: SELECT * FROM `sd_content` WHERE ( hot = 1 ) ORDER BY createtime desc LIMIT 1   [ RunTime:0.0000s ]
SQL: SHOW COLUMNS FROM `sd_doctor` [ RunTime:0.0000s ]
SQL: SELECT * FROM `sd_doctor` ORDER BY sort desc  [ RunTime:0.0156s ]
SQL: SHOW COLUMNS FROM `sd_case` [ RunTime:0.0000s ]
SQL: SELECT * FROM `sd_case` LIMIT 4   [ RunTime:0.0000s ]
INFO: [ view_parse ] --START--
INFO: [ template_filter ] --START--
INFO: Run Behavior\ContentReplaceBehavior [ RunTime:0.000000s ]
INFO: [ template_filter ] --END-- [ RunTime:0.000000s ]
INFO: Run Behavior\ParseTemplateBehavior [ RunTime:0.046877s ]
INFO: [ view_parse ] --END-- [ RunTime:0.046877s ]
INFO: [ view_filter ] --START--
INFO: Run Behavior\WriteHtmlCacheBehavior [ RunTime:0.000000s ]
INFO: [ view_filter ] --END-- [ RunTime:0.000000s ]
INFO: [ app_end ] --START--
INFO: Run Behavior\ShowPageTraceBehavior [ RunTime:0.000000s ]
INFO: [ app_end ] --END-- [ RunTime:0.000000s ]

[ 2016-09-24T10:14:10+08:00 ] 61.50.106.246 /xm/zxmrzx
INFO: [ app_init ] --START--
INFO: Run Behavior\BuildLiteBehavior [ RunTime:0.000000s ]
INFO: [ app_init ] --END-- [ RunTime:0.000000s ]
INFO: [ app_begin ] --START--
INFO: Run Behavior\ReadHtmlCacheBehavior [ RunTime:0.000000s ]
INFO: [ app_begin ] --END-- [ RunTime:0.000000s ]
SQL: SHOW COLUMNS FROM `sd_class` [ RunTime:0.0000s ]
SQL: SHOW COLUMNS FROM `sd_class` [ RunTime:0.0000s ]
SQL: SELECT * FROM `sd_class` WHERE ( id = "39" ) LIMIT 1   [ RunTime:0.0000s ]
SQL: SELECT * FROM `sd_class` WHERE ( pid = "39" )  [ RunTime:0.0000s ]
SQL: SHOW COLUMNS FROM `sd_content` [ RunTime:0.0000s ]
SQL: SELECT * FROM `sd_content` WHERE ( cid = "40" ) LIMIT 1   [ RunTime:0.0000s ]
SQL: SELECT * FROM `sd_content` WHERE ( cid = "46" ) LIMIT 1   [ RunTime:0.0000s ]
SQL: SELECT * FROM `sd_content` WHERE ( cid = "53" ) LIMIT 1   [ RunTime:0.0000s ]
SQL: SELECT * FROM `sd_content` WHERE ( cid = "60" ) LIMIT 1   [ RunTime:0.0000s ]
SQL: SELECT * FROM `sd_content` WHERE ( cid = "61" ) LIMIT 1   [ RunTime:0.0000s ]
SQL: SELECT * FROM `sd_content` WHERE ( cid = "62" ) LIMIT 1   [ RunTime:0.0156s ]
SQL: SELECT * FROM `sd_content` WHERE ( cid = "63" ) LIMIT 1   [ RunTime:0.0000s ]
SQL: SELECT * FROM `sd_class` WHERE ( pid = "40" )  [ RunTime:0.0000s ]
SQL: SELECT m.*,c.id,c.pid,c.abbob FROM sd_content m INNER JOIN sd_class as c on m.cid=c.id  WHERE ( m.cid = "41" )  [ RunTime:0.0000s ]
SQL: SELECT m.*,c.id,c.pid,c.abbob FROM sd_content m INNER JOIN sd_class as c on m.cid=c.id  WHERE ( m.cid = "42" )  [ RunTime:0.0000s ]
SQL: SELECT m.*,c.id,c.pid,c.abbob FROM sd_content m INNER JOIN sd_class as c on m.cid=c.id  WHERE ( m.cid = "43" )  [ RunTime:0.0000s ]
SQL: SELECT m.*,c.id,c.pid,c.abbob FROM sd_content m INNER JOIN sd_class as c on m.cid=c.id  WHERE ( m.cid = "44" )  [ RunTime:0.0000s ]
SQL: SELECT m.*,c.id,c.pid,c.abbob FROM sd_content m INNER JOIN sd_class as c on m.cid=c.id  WHERE ( m.cid = "45" )  [ RunTime:0.0000s ]
SQL: SELECT * FROM `sd_class` WHERE ( pid = "46" )  [ RunTime:0.0000s ]
SQL: SELECT m.*,c.id,c.pid,c.abbob FROM sd_content m INNER JOIN sd_class as c on m.cid=c.id  WHERE ( m.cid = "47" )  [ RunTime:0.0000s ]
SQL: SELECT m.*,c.id,c.pid,c.abbob FROM sd_content m INNER JOIN sd_class as c on m.cid=c.id  WHERE ( m.cid = "48" )  [ RunTime:0.0000s ]
SQL: SELECT m.*,c.id,c.pid,c.abbob FROM sd_content m INNER JOIN sd_class as c on m.cid=c.id  WHERE ( m.cid = "49" )  [ RunTime:0.0000s ]
SQL: SELECT m.*,c.id,c.pid,c.abbob FROM sd_content m INNER JOIN sd_class as c on m.cid=c.id  WHERE ( m.cid = "51" )  [ RunTime:0.0000s ]
SQL: SELECT m.*,c.id,c.pid,c.abbob FROM sd_content m INNER JOIN sd_class as c on m.cid=c.id  WHERE ( m.cid = "125" )  [ RunTime:0.0000s ]
SQL: SELECT m.*,c.id,c.pid,c.abbob FROM sd_content m INNER JOIN sd_class as c on m.cid=c.id  WHERE ( m.cid = "126" )  [ RunTime:0.0000s ]
SQL: SELECT * FROM `sd_class` WHERE ( pid = "53" )  [ RunTime:0.0000s ]
SQL: SELECT m.*,c.id,c.pid,c.abbob FROM sd_content m INNER JOIN sd_class as c on m.cid=c.id  WHERE ( m.cid = "54" )  [ RunTime:0.0000s ]
SQL: SELECT m.*,c.id,c.pid,c.abbob FROM sd_content m INNER JOIN sd_class as c on m.cid=c.id  WHERE ( m.cid = "55" )  [ RunTime:0.0000s ]
SQL: SELECT m.*,c.id,c.pid,c.abbob FROM sd_content m INNER JOIN sd_class as c on m.cid=c.id  WHERE ( m.cid = "56" )  [ RunTime:0.0156s ]
SQL: SELECT m.*,c.id,c.pid,c.abbob FROM sd_content m INNER JOIN sd_class as c on m.cid=c.id  WHERE ( m.cid = "59" )  [ RunTime:0.0000s ]
SQL: SELECT * FROM `sd_class` WHERE ( pid = "60" )  [ RunTime:0.0000s ]
SQL: SELECT m.*,c.id,c.pid,c.abbob FROM sd_content m INNER JOIN sd_class as c on m.cid=c.id  WHERE ( m.cid = "130" )  [ RunTime:0.0000s ]
SQL: SELECT * FROM `sd_class` WHERE ( pid = "61" )  [ RunTime:0.0000s ]
SQL: SELECT m.*,c.id,c.pid,c.abbob FROM sd_content m INNER JOIN sd_class as c on m.cid=c.id  WHERE ( m.cid = "128" )  [ RunTime:0.0000s ]
SQL: SELECT * FROM `sd_class` WHERE ( pid = "62" )  [ RunTime:0.0000s ]
SQL: SELECT m.*,c.id,c.pid,c.abbob FROM sd_content m INNER JOIN sd_class as c on m.cid=c.id  WHERE ( m.cid = "127" )  [ RunTime:0.0000s ]
SQL: SELECT * FROM `sd_class` WHERE ( pid = "63" )  [ RunTime:0.0000s ]
SQL: SELECT m.*,c.id,c.pid,c.abbob FROM sd_content m INNER JOIN sd_class as c on m.cid=c.id  WHERE ( m.cid = "129" )  [ RunTime:0.0000s ]
INFO: [ view_parse ] --START--
INFO: [ template_filter ] --START--
INFO: Run Behavior\ContentReplaceBehavior [ RunTime:0.000000s ]
INFO: [ template_filter ] --END-- [ RunTime:0.000000s ]
INFO: Run Behavior\ParseTemplateBehavior [ RunTime:0.031251s ]
INFO: [ view_parse ] --END-- [ RunTime:0.031251s ]
INFO: [ view_filter ] --START--
INFO: Run Behavior\WriteHtmlCacheBehavior [ RunTime:0.000000s ]
INFO: [ view_filter ] --END-- [ RunTime:0.000000s ]
INFO: [ app_end ] --START--
INFO: Run Behavior\ShowPageTraceBehavior [ RunTime:0.000000s ]
INFO: [ app_end ] --END-- [ RunTime:0.000000s ]

[ 2016-09-24T10:14:12+08:00 ] 61.50.106.246 /xm/syp
INFO: [ app_init ] --START--
INFO: Run Behavior\BuildLiteBehavior [ RunTime:0.000000s ]
INFO: [ app_init ] --END-- [ RunTime:0.000000s ]
INFO: [ app_begin ] --START--
INFO: Run Behavior\ReadHtmlCacheBehavior [ RunTime:0.000000s ]
INFO: [ app_begin ] --END-- [ RunTime:0.000000s ]
SQL: SHOW COLUMNS FROM `sd_class` [ RunTime:0.0000s ]
SQL: SHOW COLUMNS FROM `sd_content` [ RunTime:0.0000s ]
SQL: SELECT * FROM `sd_content` WHERE ( cid = "41" ) LIMIT 1   [ RunTime:0.0000s ]
SQL: UPDATE `sd_content` SET `read_num`='47' WHERE ( id = "170" ) [ RunTime:0.0000s ]
SQL: SELECT m.title,m.cid,m.related,c.id,c.abbob FROM sd_content m INNER JOIN sd_class as c on m.cid=c.id  WHERE ( related=1 ) LIMIT 35,6   [ RunTime:0.0000s ]
SQL: SHOW COLUMNS FROM `sd_doctor` [ RunTime:0.0000s ]
SQL: SELECT * FROM `sd_doctor` ORDER BY sort desc LIMIT 3   [ RunTime:0.0000s ]
SQL: SHOW COLUMNS FROM `sd_case` [ RunTime:0.0000s ]
SQL: SELECT * FROM `sd_case` ORDER BY sort desc LIMIT 1   [ RunTime:0.0000s ]
INFO: [ view_parse ] --START--
INFO: [ template_filter ] --START--
INFO: Run Behavior\ContentReplaceBehavior [ RunTime:0.000000s ]
INFO: [ template_filter ] --END-- [ RunTime:0.000000s ]
NOTIC: [8] Undefined variable: class_info C:\www\hyuzx\Application\Runtime\Cache\Home\0c2b5ac594521f7bbb8ef863bbea221b.php 第 5 行.
INFO: Run Behavior\ParseTemplateBehavior [ RunTime:0.031251s ]
INFO: [ view_parse ] --END-- [ RunTime:0.031251s ]
INFO: [ view_filter ] --START--
INFO: Run Behavior\WriteHtmlCacheBehavior [ RunTime:0.000000s ]
INFO: [ view_filter ] --END-- [ RunTime:0.000000s ]
INFO: [ app_end ] --START--
INFO: Run Behavior\ShowPageTraceBehavior [ RunTime:0.000000s ]
INFO: [ app_end ] --END-- [ RunTime:0.000000s ]

[ 2016-09-24T13:55:27+08:00 ] 101.226.33.220 /Home/Index/new_info/id/23.html
INFO: [ app_init ] --START--
INFO: Run Behavior\BuildLiteBehavior [ RunTime:0.000000s ]
INFO: [ app_init ] --END-- [ RunTime:0.000000s ]
INFO: [ app_begin ] --START--
INFO: Run Behavior\ReadHtmlCacheBehavior [ RunTime:0.000000s ]
INFO: [ app_begin ] --END-- [ RunTime:0.000000s ]
SQL: SHOW COLUMNS FROM `sd_class` [ RunTime:0.0000s ]
SQL: SHOW COLUMNS FROM `sd_content` [ RunTime:0.0000s ]
SQL: SELECT * FROM `sd_content` WHERE ( cid = "23" ) LIMIT 1   [ RunTime:0.0000s ]
SQL: UPDATE `sd_content` SET `read_num`='173' WHERE ( id = "103" ) [ RunTime:0.0000s ]
SQL: SELECT m.title,m.cid,m.related,c.id,c.abbob FROM sd_content m INNER JOIN sd_class as c on m.cid=c.id  WHERE ( related=1 ) LIMIT 40,6   [ RunTime:0.0000s ]
SQL: SHOW COLUMNS FROM `sd_doctor` [ RunTime:0.0156s ]
SQL: SELECT * FROM `sd_doctor` ORDER BY sort desc LIMIT 3   [ RunTime:0.0000s ]
SQL: SHOW COLUMNS FROM `sd_case` [ RunTime:0.0000s ]
SQL: SELECT * FROM `sd_case` ORDER BY sort desc LIMIT 1   [ RunTime:0.0000s ]
INFO: [ view_parse ] --START--
INFO: [ template_filter ] --START--
INFO: Run Behavior\ContentReplaceBehavior [ RunTime:0.000000s ]
INFO: [ template_filter ] --END-- [ RunTime:0.000000s ]
NOTIC: [8] Undefined variable: class_info C:\www\hyuzx\Application\Runtime\Cache\Home\0c2b5ac594521f7bbb8ef863bbea221b.php 第 5 行.
INFO: Run Behavior\ParseTemplateBehavior [ RunTime:0.031251s ]
INFO: [ view_parse ] --END-- [ RunTime:0.031251s ]
INFO: [ view_filter ] --START--
INFO: Run Behavior\WriteHtmlCacheBehavior [ RunTime:0.000000s ]
INFO: [ view_filter ] --END-- [ RunTime:0.000000s ]
INFO: [ app_end ] --START--
INFO: Run Behavior\ShowPageTraceBehavior [ RunTime:0.000000s ]
INFO: [ app_end ] --END-- [ RunTime:0.000000s ]

