[ 2016-09-10T06:23:34+08:00 ] 42.156.251.188 /
INFO: [ app_init ] --START--
INFO: Run Behavior\BuildLiteBehavior [ RunTime:0.000000s ]
INFO: [ app_init ] --END-- [ RunTime:0.000000s ]
INFO: [ app_begin ] --START--
INFO: Run Behavior\ReadHtmlCacheBehavior [ RunTime:0.000000s ]
INFO: [ app_begin ] --END-- [ RunTime:0.000000s ]
SQL: SHOW COLUMNS FROM `sd_class` [ RunTime:0.0000s ]
SQL: SELECT * FROM `sd_class` WHERE ( pid = 0 ) ORDER BY sort desc  [ RunTime:0.0000s ]
SQL: SHOW COLUMNS FROM `sd_class` [ RunTime:0.0000s ]
SQL: SELECT * FROM `sd_class` WHERE ( class_name = "项目系列" ) LIMIT 1   [ RunTime:0.0000s ]
SQL: SELECT * FROM `sd_class` WHERE ( pid = "12" )  [ RunTime:0.0000s ]
SQL: SELECT * FROM `sd_class` WHERE ( pid = "12" )  [ RunTime:0.0000s ]
SQL: SELECT * FROM `sd_class` WHERE ( pid = "13" )  [ RunTime:0.0000s ]
SQL: SHOW COLUMNS FROM `sd_content` [ RunTime:0.0000s ]
SQL: SELECT `id` FROM `sd_content` WHERE ( cid = "14" ) LIMIT 1   [ RunTime:0.0000s ]
SQL: SELECT `id` FROM `sd_content` WHERE ( cid = "20" ) LIMIT 1   [ RunTime:0.0000s ]
SQL: SELECT `id` FROM `sd_content` WHERE ( cid = "27" ) LIMIT 1   [ RunTime:0.0000s ]
SQL: SELECT `id` FROM `sd_content` WHERE ( cid = "31" ) LIMIT 1   [ RunTime:0.0000s ]
SQL: SELECT * FROM `sd_class` WHERE ( pid = "14" )  [ RunTime:0.0000s ]
SQL: SELECT * FROM `sd_class` WHERE ( pid = "20" )  [ RunTime:0.0000s ]
SQL: SELECT * FROM `sd_class` WHERE ( pid = "27" )  [ RunTime:0.0000s ]
SQL: SELECT * FROM `sd_class` WHERE ( pid = "31" )  [ RunTime:0.0000s ]
SQL: SELECT * FROM `sd_class` WHERE ( pid = "39" )  [ RunTime:0.0000s ]
SQL: SELECT `id` FROM `sd_content` WHERE ( cid = "40" ) LIMIT 1   [ RunTime:0.0000s ]
SQL: SELECT `id` FROM `sd_content` WHERE ( cid = "46" ) LIMIT 1   [ RunTime:0.0156s ]
SQL: SELECT `id` FROM `sd_content` WHERE ( cid = "53" ) LIMIT 1   [ RunTime:0.0000s ]
SQL: SELECT `id` FROM `sd_content` WHERE ( cid = "60" ) LIMIT 1   [ RunTime:0.0000s ]
SQL: SELECT `id` FROM `sd_content` WHERE ( cid = "61" ) LIMIT 1   [ RunTime:0.0000s ]
SQL: SELECT `id` FROM `sd_content` WHERE ( cid = "62" ) LIMIT 1   [ RunTime:0.0000s ]
SQL: SELECT `id` FROM `sd_content` WHERE ( cid = "63" ) LIMIT 1   [ RunTime:0.0000s ]
SQL: SELECT * FROM `sd_class` WHERE ( pid = "40" )  [ RunTime:0.0000s ]
SQL: SELECT * FROM `sd_class` WHERE ( pid = "46" )  [ RunTime:0.0000s ]
SQL: SELECT * FROM `sd_class` WHERE ( pid = "53" )  [ RunTime:0.0000s ]
SQL: SELECT * FROM `sd_class` WHERE ( pid = "60" )  [ RunTime:0.0000s ]
SQL: SELECT * FROM `sd_class` WHERE ( pid = "61" )  [ RunTime:0.0000s ]
SQL: SELECT * FROM `sd_class` WHERE ( pid = "62" )  [ RunTime:0.0000s ]
SQL: SELECT * FROM `sd_class` WHERE ( pid = "63" )  [ RunTime:0.0000s ]
SQL: SELECT * FROM `sd_class` WHERE ( pid = "64" )  [ RunTime:0.0000s ]
SQL: SELECT `id` FROM `sd_content` WHERE ( cid = "65" ) LIMIT 1   [ RunTime:0.0000s ]
SQL: SELECT `id` FROM `sd_content` WHERE ( cid = "69" ) LIMIT 1   [ RunTime:0.0000s ]
SQL: SELECT `id` FROM `sd_content` WHERE ( cid = "77" ) LIMIT 1   [ RunTime:0.0000s ]
SQL: SELECT `id` FROM `sd_content` WHERE ( cid = "78" ) LIMIT 1   [ RunTime:0.0000s ]
SQL: SELECT `id` FROM `sd_content` WHERE ( cid = "79" ) LIMIT 1   [ RunTime:0.0000s ]
SQL: SELECT `id` FROM `sd_content` WHERE ( cid = "80" ) LIMIT 1   [ RunTime:0.0000s ]
SQL: SELECT `id` FROM `sd_content` WHERE ( cid = "81" ) LIMIT 1   [ RunTime:0.0000s ]
SQL: SELECT * FROM `sd_class` WHERE ( pid = "65" )  [ RunTime:0.0000s ]
SQL: SELECT * FROM `sd_class` WHERE ( pid = "69" )  [ RunTime:0.0000s ]
SQL: SELECT * FROM `sd_class` WHERE ( pid = "77" )  [ RunTime:0.0000s ]
SQL: SELECT * FROM `sd_class` WHERE ( pid = "78" )  [ RunTime:0.0000s ]
SQL: SELECT * FROM `sd_class` WHERE ( pid = "79" )  [ RunTime:0.0000s ]
SQL: SELECT * FROM `sd_class` WHERE ( pid = "80" )  [ RunTime:0.0000s ]
SQL: SELECT * FROM `sd_class` WHERE ( pid = "81" )  [ RunTime:0.0000s ]
SQL: SELECT * FROM `sd_class` WHERE ( pid = "98" )  [ RunTime:0.0000s ]
SQL: SELECT `id` FROM `sd_content` WHERE ( cid = "101" ) LIMIT 1   [ RunTime:0.0000s ]
SQL: SELECT `id` FROM `sd_content` WHERE ( cid = "102" ) LIMIT 1   [ RunTime:0.0000s ]
SQL: SELECT `id` FROM `sd_content` WHERE ( cid = "103" ) LIMIT 1   [ RunTime:0.0000s ]
SQL: SELECT `id` FROM `sd_content` WHERE ( cid = "104" ) LIMIT 1   [ RunTime:0.0000s ]
SQL: SELECT `id` FROM `sd_content` WHERE ( cid = "100" ) LIMIT 1   [ RunTime:0.0000s ]
SQL: SELECT `id` FROM `sd_content` WHERE ( cid = "99" ) LIMIT 1   [ RunTime:0.0000s ]
SQL: SELECT `id` FROM `sd_content` WHERE ( cid = "105" ) LIMIT 1   [ RunTime:0.0000s ]
SQL: SELECT `id` FROM `sd_content` WHERE ( cid = "106" ) LIMIT 1   [ RunTime:0.0000s ]
SQL: SELECT `id` FROM `sd_content` WHERE ( cid = "107" ) LIMIT 1   [ RunTime:0.0156s ]
SQL: SELECT `id` FROM `sd_content` WHERE ( cid = "108" ) LIMIT 1   [ RunTime:0.0000s ]
SQL: SELECT * FROM `sd_class` WHERE ( pid = "101" )  [ RunTime:0.0000s ]
SQL: SELECT * FROM `sd_class` WHERE ( pid = "102" )  [ RunTime:0.0000s ]
SQL: SELECT * FROM `sd_class` WHERE ( pid = "103" )  [ RunTime:0.0000s ]
SQL: SELECT * FROM `sd_class` WHERE ( pid = "104" )  [ RunTime:0.0000s ]
SQL: SELECT * FROM `sd_class` WHERE ( pid = "100" )  [ RunTime:0.0000s ]
SQL: SELECT * FROM `sd_class` WHERE ( pid = "99" )  [ RunTime:0.0000s ]
SQL: SELECT * FROM `sd_class` WHERE ( pid = "105" )  [ RunTime:0.0000s ]
SQL: SELECT * FROM `sd_class` WHERE ( pid = "106" )  [ RunTime:0.0000s ]
SQL: SELECT * FROM `sd_class` WHERE ( pid = "107" )  [ RunTime:0.0000s ]
SQL: SELECT * FROM `sd_class` WHERE ( pid = "108" )  [ RunTime:0.0000s ]
SQL: SELECT * FROM `sd_class` WHERE ( pid = "109" )  [ RunTime:0.0000s ]
SQL: SELECT * FROM `sd_class` WHERE ( pid = "11" )  [ RunTime:0.0000s ]
SQL: SELECT * FROM `sd_class` WHERE ( pid = "113" )  [ RunTime:0.0000s ]
SQL: SELECT * FROM `sd_class` WHERE ( pid = "114" )  [ RunTime:0.0000s ]
SQL: SELECT * FROM `sd_class` WHERE ( pid = "110" )  [ RunTime:0.0000s ]
SQL: SELECT * FROM `sd_class` WHERE ( pid = "112" )  [ RunTime:0.0000s ]
SQL: SELECT * FROM `sd_content` WHERE ( hot = 1 ) ORDER BY createtime desc LIMIT 1   [ RunTime:0.0000s ]
SQL: SELECT * FROM `sd_class` WHERE ( pid = "12" and id <> "98" )  [ RunTime:0.0000s ]
SQL: SELECT * FROM `sd_class` WHERE ( pid = "13" )  [ RunTime:0.0000s ]
SQL: SELECT * FROM `sd_class` WHERE ( pid = "39" )  [ RunTime:0.0000s ]
SQL: SELECT * FROM `sd_class` WHERE ( pid = "64" )  [ RunTime:0.0000s ]
SQL: SHOW COLUMNS FROM `sd_doctor` [ RunTime:0.0000s ]
SQL: SELECT * FROM `sd_doctor` ORDER BY sort desc  [ RunTime:0.0000s ]
SQL: SHOW COLUMNS FROM `sd_case` [ RunTime:0.0000s ]
SQL: SELECT * FROM `sd_case` LIMIT 4   [ RunTime:0.0000s ]
INFO: [ view_parse ] --START--
INFO: [ template_filter ] --START--
INFO: Run Behavior\ContentReplaceBehavior [ RunTime:0.000000s ]
INFO: [ template_filter ] --END-- [ RunTime:0.000000s ]
INFO: Run Behavior\ParseTemplateBehavior [ RunTime:0.046877s ]
INFO: [ view_parse ] --END-- [ RunTime:0.046877s ]
INFO: [ view_filter ] --START--
INFO: Run Behavior\WriteHtmlCacheBehavior [ RunTime:0.000000s ]
INFO: [ view_filter ] --END-- [ RunTime:0.000000s ]
INFO: [ app_end ] --START--
INFO: Run Behavior\ShowPageTraceBehavior [ RunTime:0.000000s ]
INFO: [ app_end ] --END-- [ RunTime:0.000000s ]

