[ 2016-09-18T06:28:32+08:00 ] 42.156.251.185 /
INFO: [ app_init ] --START--
INFO: Run Behavior\BuildLiteBehavior [ RunTime:0.000000s ]
INFO: [ app_init ] --END-- [ RunTime:0.000000s ]
INFO: [ app_begin ] --START--
INFO: Run Behavior\ReadHtmlCacheBehavior [ RunTime:0.000000s ]
INFO: [ app_begin ] --END-- [ RunTime:0.000000s ]
SQL: SHOW COLUMNS FROM `sd_class` [ RunTime:0.0000s ]
SQL: SHOW COLUMNS FROM `sd_class` [ RunTime:0.0000s ]
SQL: SELECT * FROM `sd_class` WHERE ( class_name = "项目系列" ) LIMIT 1   [ RunTime:0.0000s ]
SQL: SELECT * FROM `sd_class` WHERE ( pid = "12" )  [ RunTime:0.0000s ]
SQL: SHOW COLUMNS FROM `sd_content` [ RunTime:0.0000s ]
SQL: SELECT * FROM `sd_content` WHERE ( hot = 1 ) ORDER BY createtime desc LIMIT 1   [ RunTime:0.0000s ]
SQL: SHOW COLUMNS FROM `sd_doctor` [ RunTime:0.0000s ]
SQL: SELECT * FROM `sd_doctor` ORDER BY sort desc  [ RunTime:0.0000s ]
SQL: SHOW COLUMNS FROM `sd_case` [ RunTime:0.0000s ]
SQL: SELECT * FROM `sd_case` LIMIT 4   [ RunTime:0.0156s ]
INFO: [ view_parse ] --START--
INFO: [ template_filter ] --START--
INFO: Run Behavior\ContentReplaceBehavior [ RunTime:0.000000s ]
INFO: [ template_filter ] --END-- [ RunTime:0.000000s ]
INFO: Run Behavior\ParseTemplateBehavior [ RunTime:0.031252s ]
INFO: [ view_parse ] --END-- [ RunTime:0.031252s ]
INFO: [ view_filter ] --START--
INFO: Run Behavior\WriteHtmlCacheBehavior [ RunTime:0.000000s ]
INFO: [ view_filter ] --END-- [ RunTime:0.000000s ]

[ 2016-09-18T08:50:31+08:00 ] 61.50.106.246 /
INFO: [ app_init ] --START--
INFO: Run Behavior\BuildLiteBehavior [ RunTime:0.000000s ]
INFO: [ app_init ] --END-- [ RunTime:0.000000s ]
INFO: [ app_begin ] --START--
INFO: Run Behavior\ReadHtmlCacheBehavior [ RunTime:0.000000s ]
INFO: [ app_begin ] --END-- [ RunTime:0.000000s ]
SQL: SHOW COLUMNS FROM `sd_class` [ RunTime:0.0000s ]
SQL: SHOW COLUMNS FROM `sd_class` [ RunTime:0.0000s ]
SQL: SELECT * FROM `sd_class` WHERE ( class_name = "项目系列" ) LIMIT 1   [ RunTime:0.0000s ]
SQL: SELECT * FROM `sd_class` WHERE ( pid = "12" )  [ RunTime:0.0000s ]
SQL: SHOW COLUMNS FROM `sd_content` [ RunTime:0.0000s ]
SQL: SELECT * FROM `sd_content` WHERE ( hot = 1 ) ORDER BY createtime desc LIMIT 1   [ RunTime:0.0000s ]
SQL: SHOW COLUMNS FROM `sd_doctor` [ RunTime:0.0156s ]
SQL: SELECT * FROM `sd_doctor` ORDER BY sort desc  [ RunTime:0.0000s ]
SQL: SHOW COLUMNS FROM `sd_case` [ RunTime:0.0000s ]
SQL: SELECT * FROM `sd_case` LIMIT 4   [ RunTime:0.0000s ]
INFO: [ view_parse ] --START--
INFO: [ template_filter ] --START--
INFO: Run Behavior\ContentReplaceBehavior [ RunTime:0.000000s ]
INFO: [ template_filter ] --END-- [ RunTime:0.000000s ]
INFO: Run Behavior\ParseTemplateBehavior [ RunTime:0.031251s ]
INFO: [ view_parse ] --END-- [ RunTime:0.031251s ]
INFO: [ view_filter ] --START--
INFO: Run Behavior\WriteHtmlCacheBehavior [ RunTime:0.000000s ]
INFO: [ view_filter ] --END-- [ RunTime:0.000000s ]

[ 2016-09-18T08:53:31+08:00 ] 180.163.2.118 /
INFO: [ app_init ] --START--
INFO: Run Behavior\BuildLiteBehavior [ RunTime:0.000000s ]
INFO: [ app_init ] --END-- [ RunTime:0.000000s ]
INFO: [ app_begin ] --START--
INFO: Run Behavior\ReadHtmlCacheBehavior [ RunTime:0.000000s ]
INFO: [ app_begin ] --END-- [ RunTime:0.000000s ]
SQL: SHOW COLUMNS FROM `sd_class` [ RunTime:0.0000s ]
SQL: SHOW COLUMNS FROM `sd_class` [ RunTime:0.0000s ]
SQL: SELECT * FROM `sd_class` WHERE ( class_name = "项目系列" ) LIMIT 1   [ RunTime:0.0000s ]
SQL: SELECT * FROM `sd_class` WHERE ( pid = "12" )  [ RunTime:0.0000s ]
SQL: SHOW COLUMNS FROM `sd_content` [ RunTime:0.0000s ]
SQL: SELECT * FROM `sd_content` WHERE ( hot = 1 ) ORDER BY createtime desc LIMIT 1   [ RunTime:0.0000s ]
SQL: SHOW COLUMNS FROM `sd_doctor` [ RunTime:0.0000s ]
SQL: SELECT * FROM `sd_doctor` ORDER BY sort desc  [ RunTime:0.0000s ]
SQL: SHOW COLUMNS FROM `sd_case` [ RunTime:0.0156s ]
SQL: SELECT * FROM `sd_case` LIMIT 4   [ RunTime:0.0000s ]
INFO: [ view_parse ] --START--
INFO: [ template_filter ] --START--
INFO: Run Behavior\ContentReplaceBehavior [ RunTime:0.000000s ]
INFO: [ template_filter ] --END-- [ RunTime:0.000000s ]
INFO: Run Behavior\ParseTemplateBehavior [ RunTime:0.015625s ]
INFO: [ view_parse ] --END-- [ RunTime:0.015625s ]
INFO: [ view_filter ] --START--
INFO: Run Behavior\WriteHtmlCacheBehavior [ RunTime:0.000000s ]
INFO: [ view_filter ] --END-- [ RunTime:0.000000s ]

[ 2016-09-18T08:54:30+08:00 ] 101.226.89.119 /Home/Index/index.html
INFO: [ app_init ] --START--
INFO: Run Behavior\BuildLiteBehavior [ RunTime:0.000000s ]
INFO: [ app_init ] --END-- [ RunTime:0.000000s ]
INFO: [ app_begin ] --START--
INFO: Run Behavior\ReadHtmlCacheBehavior [ RunTime:0.000000s ]
INFO: [ app_begin ] --END-- [ RunTime:0.000000s ]
SQL: SHOW COLUMNS FROM `sd_class` [ RunTime:0.0000s ]
SQL: SHOW COLUMNS FROM `sd_class` [ RunTime:0.0000s ]
SQL: SELECT * FROM `sd_class` WHERE ( class_name = "项目系列" ) LIMIT 1   [ RunTime:0.0000s ]
SQL: SELECT * FROM `sd_class` WHERE ( pid = "12" )  [ RunTime:0.0000s ]
SQL: SHOW COLUMNS FROM `sd_content` [ RunTime:0.0000s ]
SQL: SELECT * FROM `sd_content` WHERE ( hot = 1 ) ORDER BY createtime desc LIMIT 1   [ RunTime:0.0000s ]
SQL: SHOW COLUMNS FROM `sd_doctor` [ RunTime:0.0000s ]
SQL: SELECT * FROM `sd_doctor` ORDER BY sort desc  [ RunTime:0.0000s ]
SQL: SHOW COLUMNS FROM `sd_case` [ RunTime:0.0000s ]
SQL: SELECT * FROM `sd_case` LIMIT 4   [ RunTime:0.0000s ]
INFO: [ view_parse ] --START--
INFO: [ template_filter ] --START--
INFO: Run Behavior\ContentReplaceBehavior [ RunTime:0.000000s ]
INFO: [ template_filter ] --END-- [ RunTime:0.000000s ]
INFO: Run Behavior\ParseTemplateBehavior [ RunTime:0.015625s ]
INFO: [ view_parse ] --END-- [ RunTime:0.015625s ]
INFO: [ view_filter ] --START--
INFO: Run Behavior\WriteHtmlCacheBehavior [ RunTime:0.000000s ]
INFO: [ view_filter ] --END-- [ RunTime:0.000000s ]

[ 2016-09-18T08:54:32+08:00 ] 180.153.214.189 /Home/Index/index.html
INFO: [ app_init ] --START--
INFO: Run Behavior\BuildLiteBehavior [ RunTime:0.000000s ]
INFO: [ app_init ] --END-- [ RunTime:0.000000s ]
INFO: [ app_begin ] --START--
INFO: Run Behavior\ReadHtmlCacheBehavior [ RunTime:0.000000s ]
INFO: [ app_begin ] --END-- [ RunTime:0.000000s ]
SQL: SHOW COLUMNS FROM `sd_class` [ RunTime:0.0000s ]
SQL: SHOW COLUMNS FROM `sd_class` [ RunTime:0.0000s ]
SQL: SELECT * FROM `sd_class` WHERE ( class_name = "项目系列" ) LIMIT 1   [ RunTime:0.0000s ]
SQL: SELECT * FROM `sd_class` WHERE ( pid = "12" )  [ RunTime:0.0000s ]
SQL: SHOW COLUMNS FROM `sd_content` [ RunTime:0.0000s ]
SQL: SELECT * FROM `sd_content` WHERE ( hot = 1 ) ORDER BY createtime desc LIMIT 1   [ RunTime:0.0000s ]
SQL: SHOW COLUMNS FROM `sd_doctor` [ RunTime:0.0000s ]
SQL: SELECT * FROM `sd_doctor` ORDER BY sort desc  [ RunTime:0.0000s ]
SQL: SHOW COLUMNS FROM `sd_case` [ RunTime:0.0000s ]
SQL: SELECT * FROM `sd_case` LIMIT 4   [ RunTime:0.0000s ]
INFO: [ view_parse ] --START--
INFO: [ template_filter ] --START--
INFO: Run Behavior\ContentReplaceBehavior [ RunTime:0.000000s ]
INFO: [ template_filter ] --END-- [ RunTime:0.000000s ]
INFO: Run Behavior\ParseTemplateBehavior [ RunTime:0.031251s ]
INFO: [ view_parse ] --END-- [ RunTime:0.031251s ]
INFO: [ view_filter ] --START--
INFO: Run Behavior\WriteHtmlCacheBehavior [ RunTime:0.000000s ]
INFO: [ view_filter ] --END-- [ RunTime:0.000000s ]

[ 2016-09-18T08:54:35+08:00 ] 101.226.89.121 /Home/Index/index.html
INFO: [ app_init ] --START--
INFO: Run Behavior\BuildLiteBehavior [ RunTime:0.000000s ]
INFO: [ app_init ] --END-- [ RunTime:0.000000s ]
INFO: [ app_begin ] --START--
INFO: Run Behavior\ReadHtmlCacheBehavior [ RunTime:0.000000s ]
INFO: [ app_begin ] --END-- [ RunTime:0.000000s ]
SQL: SHOW COLUMNS FROM `sd_class` [ RunTime:0.0000s ]
SQL: SHOW COLUMNS FROM `sd_class` [ RunTime:0.0000s ]
SQL: SELECT * FROM `sd_class` WHERE ( class_name = "项目系列" ) LIMIT 1   [ RunTime:0.0000s ]
SQL: SELECT * FROM `sd_class` WHERE ( pid = "12" )  [ RunTime:0.0000s ]
SQL: SHOW COLUMNS FROM `sd_content` [ RunTime:0.0000s ]
SQL: SELECT * FROM `sd_content` WHERE ( hot = 1 ) ORDER BY createtime desc LIMIT 1   [ RunTime:0.0000s ]
SQL: SHOW COLUMNS FROM `sd_doctor` [ RunTime:0.0000s ]
SQL: SELECT * FROM `sd_doctor` ORDER BY sort desc  [ RunTime:0.0000s ]
SQL: SHOW COLUMNS FROM `sd_case` [ RunTime:0.0156s ]
SQL: SELECT * FROM `sd_case` LIMIT 4   [ RunTime:0.0000s ]
INFO: [ view_parse ] --START--
INFO: [ template_filter ] --START--
INFO: Run Behavior\ContentReplaceBehavior [ RunTime:0.000000s ]
INFO: [ template_filter ] --END-- [ RunTime:0.000000s ]
INFO: Run Behavior\ParseTemplateBehavior [ RunTime:0.015625s ]
INFO: [ view_parse ] --END-- [ RunTime:0.015625s ]
INFO: [ view_filter ] --START--
INFO: Run Behavior\WriteHtmlCacheBehavior [ RunTime:0.015626s ]
INFO: [ view_filter ] --END-- [ RunTime:0.015626s ]

[ 2016-09-18T08:54:37+08:00 ] 180.153.206.21 /Home/Index/index.html
INFO: [ app_init ] --START--
INFO: Run Behavior\BuildLiteBehavior [ RunTime:0.000000s ]
INFO: [ app_init ] --END-- [ RunTime:0.000000s ]
INFO: [ app_begin ] --START--
INFO: Run Behavior\ReadHtmlCacheBehavior [ RunTime:0.000000s ]
INFO: [ app_begin ] --END-- [ RunTime:0.000000s ]
SQL: SHOW COLUMNS FROM `sd_class` [ RunTime:0.0000s ]
SQL: SHOW COLUMNS FROM `sd_class` [ RunTime:0.0000s ]
SQL: SELECT * FROM `sd_class` WHERE ( class_name = "项目系列" ) LIMIT 1   [ RunTime:0.0000s ]
SQL: SELECT * FROM `sd_class` WHERE ( pid = "12" )  [ RunTime:0.0000s ]
SQL: SHOW COLUMNS FROM `sd_content` [ RunTime:0.0000s ]
SQL: SELECT * FROM `sd_content` WHERE ( hot = 1 ) ORDER BY createtime desc LIMIT 1   [ RunTime:0.0000s ]
SQL: SHOW COLUMNS FROM `sd_doctor` [ RunTime:0.0000s ]
SQL: SELECT * FROM `sd_doctor` ORDER BY sort desc  [ RunTime:0.0000s ]
SQL: SHOW COLUMNS FROM `sd_case` [ RunTime:0.0000s ]
SQL: SELECT * FROM `sd_case` LIMIT 4   [ RunTime:0.0000s ]
INFO: [ view_parse ] --START--
INFO: [ template_filter ] --START--
INFO: Run Behavior\ContentReplaceBehavior [ RunTime:0.000000s ]
INFO: [ template_filter ] --END-- [ RunTime:0.000000s ]
INFO: Run Behavior\ParseTemplateBehavior [ RunTime:0.015626s ]
INFO: [ view_parse ] --END-- [ RunTime:0.015626s ]
INFO: [ view_filter ] --START--
INFO: Run Behavior\WriteHtmlCacheBehavior [ RunTime:0.000000s ]
INFO: [ view_filter ] --END-- [ RunTime:0.000000s ]

[ 2016-09-18T08:58:30+08:00 ] 101.226.125.16 /Home/Index/index.html
INFO: [ app_init ] --START--
INFO: Run Behavior\BuildLiteBehavior [ RunTime:0.000000s ]
INFO: [ app_init ] --END-- [ RunTime:0.000000s ]
INFO: [ app_begin ] --START--
INFO: Run Behavior\ReadHtmlCacheBehavior [ RunTime:0.000000s ]
INFO: [ app_begin ] --END-- [ RunTime:0.000000s ]
SQL: SHOW COLUMNS FROM `sd_class` [ RunTime:0.0000s ]
SQL: SHOW COLUMNS FROM `sd_class` [ RunTime:0.0000s ]
SQL: SELECT * FROM `sd_class` WHERE ( class_name = "项目系列" ) LIMIT 1   [ RunTime:0.0000s ]
SQL: SELECT * FROM `sd_class` WHERE ( pid = "12" )  [ RunTime:0.0000s ]
SQL: SHOW COLUMNS FROM `sd_content` [ RunTime:0.0000s ]
SQL: SELECT * FROM `sd_content` WHERE ( hot = 1 ) ORDER BY createtime desc LIMIT 1   [ RunTime:0.0000s ]
SQL: SHOW COLUMNS FROM `sd_doctor` [ RunTime:0.0000s ]
SQL: SELECT * FROM `sd_doctor` ORDER BY sort desc  [ RunTime:0.0000s ]
SQL: SHOW COLUMNS FROM `sd_case` [ RunTime:0.0156s ]
SQL: SELECT * FROM `sd_case` LIMIT 4   [ RunTime:0.0000s ]
INFO: [ view_parse ] --START--
INFO: [ template_filter ] --START--
INFO: Run Behavior\ContentReplaceBehavior [ RunTime:0.000000s ]
INFO: [ template_filter ] --END-- [ RunTime:0.000000s ]
INFO: Run Behavior\ParseTemplateBehavior [ RunTime:0.015626s ]
INFO: [ view_parse ] --END-- [ RunTime:0.015626s ]
INFO: [ view_filter ] --START--
INFO: Run Behavior\WriteHtmlCacheBehavior [ RunTime:0.000000s ]
INFO: [ view_filter ] --END-- [ RunTime:0.000000s ]

[ 2016-09-18T09:01:31+08:00 ] 101.226.65.105 /Home/Index/index.html
INFO: [ app_init ] --START--
INFO: Run Behavior\BuildLiteBehavior [ RunTime:0.000000s ]
INFO: [ app_init ] --END-- [ RunTime:0.000000s ]
INFO: [ app_begin ] --START--
INFO: Run Behavior\ReadHtmlCacheBehavior [ RunTime:0.000000s ]
INFO: [ app_begin ] --END-- [ RunTime:0.000976s ]
SQL: SHOW COLUMNS FROM `sd_class` [ RunTime:0.0029s ]
SQL: SHOW COLUMNS FROM `sd_class` [ RunTime:0.0020s ]
SQL: SELECT * FROM `sd_class` WHERE ( class_name = "项目系列" ) LIMIT 1   [ RunTime:0.0000s ]
SQL: SELECT * FROM `sd_class` WHERE ( pid = "12" )  [ RunTime:0.0000s ]
SQL: SHOW COLUMNS FROM `sd_content` [ RunTime:0.0029s ]
SQL: SELECT * FROM `sd_content` WHERE ( hot = 1 ) ORDER BY createtime desc LIMIT 1   [ RunTime:0.0010s ]
SQL: SHOW COLUMNS FROM `sd_doctor` [ RunTime:0.0020s ]
SQL: SELECT * FROM `sd_doctor` ORDER BY sort desc  [ RunTime:0.0010s ]
SQL: SHOW COLUMNS FROM `sd_case` [ RunTime:0.0020s ]
SQL: SELECT * FROM `sd_case` LIMIT 4   [ RunTime:0.0000s ]
INFO: [ view_parse ] --START--
INFO: [ template_filter ] --START--
INFO: Run Behavior\ContentReplaceBehavior [ RunTime:0.000000s ]
INFO: [ template_filter ] --END-- [ RunTime:0.000000s ]
INFO: Run Behavior\ParseTemplateBehavior [ RunTime:0.029298s ]
INFO: [ view_parse ] --END-- [ RunTime:0.029298s ]
INFO: [ view_filter ] --START--
INFO: Run Behavior\WriteHtmlCacheBehavior [ RunTime:0.000000s ]
INFO: [ view_filter ] --END-- [ RunTime:0.000000s ]

[ 2016-09-18T09:11:23+08:00 ] 180.153.201.66 /Home/Index/index.html
INFO: [ app_init ] --START--
INFO: Run Behavior\BuildLiteBehavior [ RunTime:0.000000s ]
INFO: [ app_init ] --END-- [ RunTime:0.000000s ]
INFO: [ app_begin ] --START--
INFO: Run Behavior\ReadHtmlCacheBehavior [ RunTime:0.000000s ]
INFO: [ app_begin ] --END-- [ RunTime:0.000000s ]
SQL: SHOW COLUMNS FROM `sd_class` [ RunTime:0.0020s ]
SQL: SHOW COLUMNS FROM `sd_class` [ RunTime:0.0029s ]
SQL: SELECT * FROM `sd_class` WHERE ( class_name = "项目系列" ) LIMIT 1   [ RunTime:0.0000s ]
SQL: SELECT * FROM `sd_class` WHERE ( pid = "12" )  [ RunTime:0.0000s ]
SQL: SHOW COLUMNS FROM `sd_content` [ RunTime:0.0029s ]
SQL: SELECT * FROM `sd_content` WHERE ( hot = 1 ) ORDER BY createtime desc LIMIT 1   [ RunTime:0.0000s ]
SQL: SHOW COLUMNS FROM `sd_doctor` [ RunTime:0.0029s ]
SQL: SELECT * FROM `sd_doctor` ORDER BY sort desc  [ RunTime:0.0000s ]
SQL: SHOW COLUMNS FROM `sd_case` [ RunTime:0.0029s ]
SQL: SELECT * FROM `sd_case` LIMIT 4   [ RunTime:0.0010s ]
INFO: [ view_parse ] --START--
INFO: [ template_filter ] --START--
INFO: Run Behavior\ContentReplaceBehavior [ RunTime:0.000000s ]
INFO: [ template_filter ] --END-- [ RunTime:0.000000s ]
INFO: Run Behavior\ParseTemplateBehavior [ RunTime:0.030274s ]
INFO: [ view_parse ] --END-- [ RunTime:0.030274s ]
INFO: [ view_filter ] --START--
INFO: Run Behavior\WriteHtmlCacheBehavior [ RunTime:0.000000s ]
INFO: [ view_filter ] --END-- [ RunTime:0.000000s ]

[ 2016-09-18T09:12:06+08:00 ] 180.153.214.200 /Home/Index/index.html
INFO: [ app_init ] --START--
INFO: Run Behavior\BuildLiteBehavior [ RunTime:0.000000s ]
INFO: [ app_init ] --END-- [ RunTime:0.000000s ]
INFO: [ app_begin ] --START--
INFO: Run Behavior\ReadHtmlCacheBehavior [ RunTime:0.000000s ]
INFO: [ app_begin ] --END-- [ RunTime:0.000000s ]
SQL: SHOW COLUMNS FROM `sd_class` [ RunTime:0.0029s ]
SQL: SHOW COLUMNS FROM `sd_class` [ RunTime:0.0020s ]
SQL: SELECT * FROM `sd_class` WHERE ( class_name = "项目系列" ) LIMIT 1   [ RunTime:0.0010s ]
SQL: SELECT * FROM `sd_class` WHERE ( pid = "12" )  [ RunTime:0.0000s ]
SQL: SHOW COLUMNS FROM `sd_content` [ RunTime:0.0020s ]
SQL: SELECT * FROM `sd_content` WHERE ( hot = 1 ) ORDER BY createtime desc LIMIT 1   [ RunTime:0.0000s ]
SQL: SHOW COLUMNS FROM `sd_doctor` [ RunTime:0.0020s ]
SQL: SELECT * FROM `sd_doctor` ORDER BY sort desc  [ RunTime:0.0000s ]
SQL: SHOW COLUMNS FROM `sd_case` [ RunTime:0.0029s ]
SQL: SELECT * FROM `sd_case` LIMIT 4   [ RunTime:0.0000s ]
INFO: [ view_parse ] --START--
INFO: [ template_filter ] --START--
INFO: Run Behavior\ContentReplaceBehavior [ RunTime:0.000000s ]
INFO: [ template_filter ] --END-- [ RunTime:0.000000s ]
INFO: Run Behavior\ParseTemplateBehavior [ RunTime:0.028321s ]
INFO: [ view_parse ] --END-- [ RunTime:0.028321s ]
INFO: [ view_filter ] --START--
INFO: Run Behavior\WriteHtmlCacheBehavior [ RunTime:0.000977s ]
INFO: [ view_filter ] --END-- [ RunTime:0.000977s ]

[ 2016-09-18T09:14:07+08:00 ] 101.226.66.192 /Home/Index/index.html
INFO: [ app_init ] --START--
INFO: Run Behavior\BuildLiteBehavior [ RunTime:0.000000s ]
INFO: [ app_init ] --END-- [ RunTime:0.000000s ]
INFO: [ app_begin ] --START--
INFO: Run Behavior\ReadHtmlCacheBehavior [ RunTime:0.000977s ]
INFO: [ app_begin ] --END-- [ RunTime:0.000977s ]
SQL: SHOW COLUMNS FROM `sd_class` [ RunTime:0.0029s ]
SQL: SHOW COLUMNS FROM `sd_class` [ RunTime:0.0020s ]
SQL: SELECT * FROM `sd_class` WHERE ( class_name = "项目系列" ) LIMIT 1   [ RunTime:0.0010s ]
SQL: SELECT * FROM `sd_class` WHERE ( pid = "12" )  [ RunTime:0.0000s ]
SQL: SHOW COLUMNS FROM `sd_content` [ RunTime:0.0029s ]
SQL: SELECT * FROM `sd_content` WHERE ( hot = 1 ) ORDER BY createtime desc LIMIT 1   [ RunTime:0.0000s ]
SQL: SHOW COLUMNS FROM `sd_doctor` [ RunTime:0.0020s ]
SQL: SELECT * FROM `sd_doctor` ORDER BY sort desc  [ RunTime:0.0000s ]
SQL: SHOW COLUMNS FROM `sd_case` [ RunTime:0.0029s ]
SQL: SELECT * FROM `sd_case` LIMIT 4   [ RunTime:0.0000s ]
INFO: [ view_parse ] --START--
INFO: [ template_filter ] --START--
INFO: Run Behavior\ContentReplaceBehavior [ RunTime:0.000000s ]
INFO: [ template_filter ] --END-- [ RunTime:0.000000s ]
INFO: Run Behavior\ParseTemplateBehavior [ RunTime:0.029298s ]
INFO: [ view_parse ] --END-- [ RunTime:0.029298s ]
INFO: [ view_filter ] --START--
INFO: Run Behavior\WriteHtmlCacheBehavior [ RunTime:0.000977s ]
INFO: [ view_filter ] --END-- [ RunTime:0.000977s ]

[ 2016-09-18T09:14:14+08:00 ] 180.153.214.191 /Home/Index/index.html
INFO: [ app_init ] --START--
INFO: Run Behavior\BuildLiteBehavior [ RunTime:0.000000s ]
INFO: [ app_init ] --END-- [ RunTime:0.000976s ]
INFO: [ app_begin ] --START--
INFO: Run Behavior\ReadHtmlCacheBehavior [ RunTime:0.000977s ]
INFO: [ app_begin ] --END-- [ RunTime:0.000977s ]
SQL: SHOW COLUMNS FROM `sd_class` [ RunTime:0.0039s ]
SQL: SHOW COLUMNS FROM `sd_class` [ RunTime:0.0029s ]
SQL: SELECT * FROM `sd_class` WHERE ( class_name = "项目系列" ) LIMIT 1   [ RunTime:0.0010s ]
SQL: SELECT * FROM `sd_class` WHERE ( pid = "12" )  [ RunTime:0.0000s ]
SQL: SHOW COLUMNS FROM `sd_content` [ RunTime:0.0029s ]
SQL: SELECT * FROM `sd_content` WHERE ( hot = 1 ) ORDER BY createtime desc LIMIT 1   [ RunTime:0.0000s ]
SQL: SHOW COLUMNS FROM `sd_doctor` [ RunTime:0.0029s ]
SQL: SELECT * FROM `sd_doctor` ORDER BY sort desc  [ RunTime:0.0059s ]
SQL: SHOW COLUMNS FROM `sd_case` [ RunTime:0.0029s ]
SQL: SELECT * FROM `sd_case` LIMIT 4   [ RunTime:0.0000s ]
INFO: [ view_parse ] --START--
INFO: [ template_filter ] --START--
INFO: Run Behavior\ContentReplaceBehavior [ RunTime:0.000976s ]
INFO: [ template_filter ] --END-- [ RunTime:0.000976s ]
INFO: Run Behavior\ParseTemplateBehavior [ RunTime:0.030275s ]
INFO: [ view_parse ] --END-- [ RunTime:0.030275s ]
INFO: [ view_filter ] --START--
INFO: Run Behavior\WriteHtmlCacheBehavior [ RunTime:0.000000s ]
INFO: [ view_filter ] --END-- [ RunTime:0.000000s ]

