[ 2016-09-29T06:32:28+08:00 ] 42.156.251.185 /
INFO: [ app_init ] --START--
INFO: Run Behavior\BuildLiteBehavior [ RunTime:0.000000s ]
INFO: [ app_init ] --END-- [ RunTime:0.000000s ]
INFO: [ app_begin ] --START--
INFO: Run Behavior\ReadHtmlCacheBehavior [ RunTime:0.000000s ]
INFO: [ app_begin ] --END-- [ RunTime:0.000000s ]
SQL: SHOW COLUMNS FROM `sd_class` [ RunTime:0.0000s ]
SQL: SHOW COLUMNS FROM `sd_class` [ RunTime:0.0156s ]
SQL: SELECT * FROM `sd_class` WHERE ( class_name = "项目系列" ) LIMIT 1   [ RunTime:0.0000s ]
SQL: SELECT * FROM `sd_class` WHERE ( pid = "12" )  [ RunTime:0.0000s ]
SQL: SHOW COLUMNS FROM `sd_content` [ RunTime:0.0000s ]
SQL: SELECT * FROM `sd_content` WHERE ( hot = 1 ) ORDER BY createtime desc LIMIT 1   [ RunTime:0.0000s ]
SQL: SHOW COLUMNS FROM `sd_doctor` [ RunTime:0.0000s ]
SQL: SELECT * FROM `sd_doctor` ORDER BY sort desc  [ RunTime:0.0000s ]
SQL: SHOW COLUMNS FROM `sd_case` [ RunTime:0.0000s ]
SQL: SELECT * FROM `sd_case` LIMIT 4   [ RunTime:0.0000s ]
INFO: [ view_parse ] --START--
INFO: [ template_filter ] --START--
INFO: Run Behavior\ContentReplaceBehavior [ RunTime:0.000000s ]
INFO: [ template_filter ] --END-- [ RunTime:0.000000s ]
INFO: Run Behavior\ParseTemplateBehavior [ RunTime:0.046877s ]
INFO: [ view_parse ] --END-- [ RunTime:0.046877s ]
INFO: [ view_filter ] --START--
INFO: Run Behavior\WriteHtmlCacheBehavior [ RunTime:0.000000s ]
INFO: [ view_filter ] --END-- [ RunTime:0.000000s ]
INFO: [ app_end ] --START--
INFO: Run Behavior\ShowPageTraceBehavior [ RunTime:0.000000s ]
INFO: [ app_end ] --END-- [ RunTime:0.000000s ]

[ 2016-09-29T09:07:02+08:00 ] 61.50.106.246 /
INFO: [ app_init ] --START--
INFO: Run Behavior\BuildLiteBehavior [ RunTime:0.000000s ]
INFO: [ app_init ] --END-- [ RunTime:0.000000s ]
INFO: [ app_begin ] --START--
INFO: Run Behavior\ReadHtmlCacheBehavior [ RunTime:0.000000s ]
INFO: [ app_begin ] --END-- [ RunTime:0.000000s ]
SQL: SHOW COLUMNS FROM `sd_class` [ RunTime:0.0000s ]
SQL: SHOW COLUMNS FROM `sd_class` [ RunTime:0.0000s ]
SQL: SELECT * FROM `sd_class` WHERE ( class_name = "项目系列" ) LIMIT 1   [ RunTime:0.0000s ]
SQL: SELECT * FROM `sd_class` WHERE ( pid = "12" )  [ RunTime:0.0000s ]
SQL: SHOW COLUMNS FROM `sd_content` [ RunTime:0.0156s ]
SQL: SELECT * FROM `sd_content` WHERE ( hot = 1 ) ORDER BY createtime desc LIMIT 1   [ RunTime:0.0000s ]
SQL: SHOW COLUMNS FROM `sd_doctor` [ RunTime:0.0000s ]
SQL: SELECT * FROM `sd_doctor` ORDER BY sort desc  [ RunTime:0.0000s ]
SQL: SHOW COLUMNS FROM `sd_case` [ RunTime:0.0000s ]
SQL: SELECT * FROM `sd_case` LIMIT 4   [ RunTime:0.0000s ]
INFO: [ view_parse ] --START--
INFO: [ template_filter ] --START--
INFO: Run Behavior\ContentReplaceBehavior [ RunTime:0.000000s ]
INFO: [ template_filter ] --END-- [ RunTime:0.000000s ]
INFO: Run Behavior\ParseTemplateBehavior [ RunTime:0.046877s ]
INFO: [ view_parse ] --END-- [ RunTime:0.046877s ]
INFO: [ view_filter ] --START--
INFO: Run Behavior\WriteHtmlCacheBehavior [ RunTime:0.000000s ]
INFO: [ view_filter ] --END-- [ RunTime:0.000000s ]
INFO: [ app_end ] --START--
INFO: Run Behavior\ShowPageTraceBehavior [ RunTime:0.000000s ]
INFO: [ app_end ] --END-- [ RunTime:0.000000s ]

[ 2016-09-29T09:07:51+08:00 ] 61.50.106.246 /
INFO: [ app_init ] --START--
INFO: Run Behavior\BuildLiteBehavior [ RunTime:0.000000s ]
INFO: [ app_init ] --END-- [ RunTime:0.000000s ]
INFO: [ app_begin ] --START--
INFO: Run Behavior\ReadHtmlCacheBehavior [ RunTime:0.000000s ]
INFO: [ app_begin ] --END-- [ RunTime:0.000000s ]
SQL: SHOW COLUMNS FROM `sd_class` [ RunTime:0.0000s ]
SQL: SHOW COLUMNS FROM `sd_class` [ RunTime:0.0000s ]
SQL: SELECT * FROM `sd_class` WHERE ( class_name = "项目系列" ) LIMIT 1   [ RunTime:0.0000s ]
SQL: SELECT * FROM `sd_class` WHERE ( pid = "12" )  [ RunTime:0.0000s ]
SQL: SHOW COLUMNS FROM `sd_content` [ RunTime:0.0000s ]
SQL: SELECT * FROM `sd_content` WHERE ( hot = 1 ) ORDER BY createtime desc LIMIT 1   [ RunTime:0.0000s ]
SQL: SHOW COLUMNS FROM `sd_doctor` [ RunTime:0.0000s ]
SQL: SELECT * FROM `sd_doctor` ORDER BY sort desc  [ RunTime:0.0000s ]
SQL: SHOW COLUMNS FROM `sd_case` [ RunTime:0.0156s ]
SQL: SELECT * FROM `sd_case` LIMIT 4   [ RunTime:0.0000s ]
INFO: [ view_parse ] --START--
INFO: [ template_filter ] --START--
INFO: Run Behavior\ContentReplaceBehavior [ RunTime:0.000000s ]
INFO: [ template_filter ] --END-- [ RunTime:0.000000s ]
INFO: Run Behavior\ParseTemplateBehavior [ RunTime:0.031251s ]
INFO: [ view_parse ] --END-- [ RunTime:0.031251s ]
INFO: [ view_filter ] --START--
INFO: Run Behavior\WriteHtmlCacheBehavior [ RunTime:0.000000s ]
INFO: [ view_filter ] --END-- [ RunTime:0.000000s ]
INFO: [ app_end ] --START--
INFO: Run Behavior\ShowPageTraceBehavior [ RunTime:0.000000s ]
INFO: [ app_end ] --END-- [ RunTime:0.000000s ]

[ 2016-09-29T09:07:55+08:00 ] 61.50.106.246 /
INFO: [ app_init ] --START--
INFO: Run Behavior\BuildLiteBehavior [ RunTime:0.000000s ]
INFO: [ app_init ] --END-- [ RunTime:0.000000s ]
INFO: [ app_begin ] --START--
INFO: Run Behavior\ReadHtmlCacheBehavior [ RunTime:0.000000s ]
INFO: [ app_begin ] --END-- [ RunTime:0.000000s ]
SQL: SHOW COLUMNS FROM `sd_class` [ RunTime:0.0000s ]
SQL: SHOW COLUMNS FROM `sd_class` [ RunTime:0.0000s ]
SQL: SELECT * FROM `sd_class` WHERE ( class_name = "项目系列" ) LIMIT 1   [ RunTime:0.0000s ]
SQL: SELECT * FROM `sd_class` WHERE ( pid = "12" )  [ RunTime:0.0000s ]
SQL: SHOW COLUMNS FROM `sd_content` [ RunTime:0.0000s ]
SQL: SELECT * FROM `sd_content` WHERE ( hot = 1 ) ORDER BY createtime desc LIMIT 1   [ RunTime:0.0000s ]
SQL: SHOW COLUMNS FROM `sd_doctor` [ RunTime:0.0000s ]
SQL: SELECT * FROM `sd_doctor` ORDER BY sort desc  [ RunTime:0.0000s ]
SQL: SHOW COLUMNS FROM `sd_case` [ RunTime:0.0156s ]
SQL: SELECT * FROM `sd_case` LIMIT 4   [ RunTime:0.0000s ]
INFO: [ view_parse ] --START--
INFO: [ template_filter ] --START--
INFO: Run Behavior\ContentReplaceBehavior [ RunTime:0.000000s ]
INFO: [ template_filter ] --END-- [ RunTime:0.000000s ]
INFO: Run Behavior\ParseTemplateBehavior [ RunTime:0.031251s ]
INFO: [ view_parse ] --END-- [ RunTime:0.031251s ]
INFO: [ view_filter ] --START--
INFO: Run Behavior\WriteHtmlCacheBehavior [ RunTime:0.000000s ]
INFO: [ view_filter ] --END-- [ RunTime:0.000000s ]
INFO: [ app_end ] --START--
INFO: Run Behavior\ShowPageTraceBehavior [ RunTime:0.000000s ]
INFO: [ app_end ] --END-- [ RunTime:0.000000s ]

[ 2016-09-29T09:08:09+08:00 ] 61.50.106.246 /xm/syp
INFO: [ app_init ] --START--
INFO: Run Behavior\BuildLiteBehavior [ RunTime:0.000000s ]
INFO: [ app_init ] --END-- [ RunTime:0.000000s ]
INFO: [ app_begin ] --START--
INFO: Run Behavior\ReadHtmlCacheBehavior [ RunTime:0.000000s ]
INFO: [ app_begin ] --END-- [ RunTime:0.000000s ]
SQL: SHOW COLUMNS FROM `sd_class` [ RunTime:0.0000s ]
SQL: SHOW COLUMNS FROM `sd_content` [ RunTime:0.0000s ]
SQL: SELECT * FROM `sd_content` WHERE ( cid = "41" ) LIMIT 1   [ RunTime:0.0000s ]
SQL: UPDATE `sd_content` SET `read_num`='61' WHERE ( id = "170" ) [ RunTime:0.0000s ]
SQL: SELECT m.title,m.cid,m.related,c.id,c.abbob FROM sd_content m INNER JOIN sd_class as c on m.cid=c.id  WHERE ( related=1 ) LIMIT 7,6   [ RunTime:0.0000s ]
SQL: SHOW COLUMNS FROM `sd_doctor` [ RunTime:0.0000s ]
SQL: SELECT * FROM `sd_doctor` ORDER BY sort desc LIMIT 3   [ RunTime:0.0000s ]
SQL: SHOW COLUMNS FROM `sd_case` [ RunTime:0.0000s ]
SQL: SELECT * FROM `sd_case` ORDER BY sort desc LIMIT 1   [ RunTime:0.0000s ]
INFO: [ view_parse ] --START--
INFO: [ template_filter ] --START--
INFO: Run Behavior\ContentReplaceBehavior [ RunTime:0.000000s ]
INFO: [ template_filter ] --END-- [ RunTime:0.000000s ]
INFO: Run Behavior\ParseTemplateBehavior [ RunTime:0.015625s ]
INFO: [ view_parse ] --END-- [ RunTime:0.015625s ]
INFO: [ view_filter ] --START--
INFO: Run Behavior\WriteHtmlCacheBehavior [ RunTime:0.000000s ]
INFO: [ view_filter ] --END-- [ RunTime:0.000000s ]
INFO: [ app_end ] --START--
INFO: Run Behavior\ShowPageTraceBehavior [ RunTime:0.000000s ]
INFO: [ app_end ] --END-- [ RunTime:0.000000s ]

[ 2016-09-29T09:08:17+08:00 ] 61.50.106.246 /Home/Index/band_info/id/155
INFO: [ app_init ] --START--
INFO: Run Behavior\BuildLiteBehavior [ RunTime:0.000000s ]
INFO: [ app_init ] --END-- [ RunTime:0.000000s ]
INFO: [ app_begin ] --START--
INFO: Run Behavior\ReadHtmlCacheBehavior [ RunTime:0.000000s ]
INFO: [ app_begin ] --END-- [ RunTime:0.000000s ]
SQL: SHOW COLUMNS FROM `sd_class` [ RunTime:0.0000s ]
SQL: SHOW COLUMNS FROM `sd_content` [ RunTime:0.0000s ]
SQL: SELECT * FROM `sd_content` WHERE ( related = 1 ) LIMIT 6   [ RunTime:0.0000s ]
SQL: SHOW COLUMNS FROM `sd_doctor` [ RunTime:0.0000s ]
SQL: SELECT * FROM `sd_doctor` ORDER BY sort desc LIMIT 3   [ RunTime:0.0000s ]
SQL: SHOW COLUMNS FROM `sd_case` [ RunTime:0.0000s ]
SQL: SELECT * FROM `sd_case` ORDER BY sort desc LIMIT 1   [ RunTime:0.0000s ]
SQL: SELECT * FROM `sd_content` WHERE ( id = "155" ) LIMIT 1   [ RunTime:0.0000s ]
SQL: SHOW COLUMNS FROM `sd_class` [ RunTime:0.0156s ]
SQL: SELECT * FROM `sd_class` WHERE ( pid = "11" ) LIMIT 1   [ RunTime:0.0000s ]
SQL: UPDATE `sd_content` SET `read_num`='683' WHERE ( id = "155" ) [ RunTime:0.0000s ]
INFO: [ view_parse ] --START--
INFO: [ template_filter ] --START--
INFO: Run Behavior\ContentReplaceBehavior [ RunTime:0.000000s ]
INFO: [ template_filter ] --END-- [ RunTime:0.000000s ]
INFO: Run Behavior\ParseTemplateBehavior [ RunTime:0.015626s ]
INFO: [ view_parse ] --END-- [ RunTime:0.015626s ]
INFO: [ view_filter ] --START--
INFO: Run Behavior\WriteHtmlCacheBehavior [ RunTime:0.000000s ]
INFO: [ view_filter ] --END-- [ RunTime:0.000000s ]
INFO: [ app_end ] --START--
INFO: Run Behavior\ShowPageTraceBehavior [ RunTime:0.000000s ]
INFO: [ app_end ] --END-- [ RunTime:0.000000s ]

[ 2016-09-29T09:08:27+08:00 ] 61.50.106.246 /Home/Index/come
INFO: [ app_init ] --START--
INFO: Run Behavior\BuildLiteBehavior [ RunTime:0.000000s ]
INFO: [ app_init ] --END-- [ RunTime:0.000000s ]
INFO: [ app_begin ] --START--
INFO: Run Behavior\ReadHtmlCacheBehavior [ RunTime:0.000000s ]
INFO: [ app_begin ] --END-- [ RunTime:0.000000s ]
SQL: SHOW COLUMNS FROM `sd_class` [ RunTime:0.0000s ]
SQL: SHOW COLUMNS FROM `sd_content` [ RunTime:0.0156s ]
SQL: SELECT * FROM `sd_content` WHERE ( related = 1 ) LIMIT 6   [ RunTime:0.0000s ]
SQL: SHOW COLUMNS FROM `sd_doctor` [ RunTime:0.0000s ]
SQL: SELECT * FROM `sd_doctor` ORDER BY sort desc LIMIT 3   [ RunTime:0.0000s ]
SQL: SHOW COLUMNS FROM `sd_case` [ RunTime:0.0000s ]
SQL: SELECT * FROM `sd_case` ORDER BY sort desc LIMIT 1   [ RunTime:0.0000s ]
INFO: [ view_parse ] --START--
INFO: [ template_filter ] --START--
INFO: Run Behavior\ContentReplaceBehavior [ RunTime:0.000000s ]
INFO: [ template_filter ] --END-- [ RunTime:0.000000s ]
NOTIC: [8] Undefined variable: class_info C:\www\hyuzx\Application\Runtime\Cache\Home\4e7e3ea8c5e282bbdf51a173cc1ccf6e.php 第 8 行.
INFO: Run Behavior\ParseTemplateBehavior [ RunTime:0.031251s ]
INFO: [ view_parse ] --END-- [ RunTime:0.031251s ]
INFO: [ view_filter ] --START--
INFO: Run Behavior\WriteHtmlCacheBehavior [ RunTime:0.000000s ]
INFO: [ view_filter ] --END-- [ RunTime:0.000000s ]
INFO: [ app_end ] --START--
INFO: Run Behavior\ShowPageTraceBehavior [ RunTime:0.000000s ]
INFO: [ app_end ] --END-- [ RunTime:0.000000s ]

[ 2016-09-29T09:08:36+08:00 ] 61.50.106.246 /Home/Index/case_info
INFO: [ app_init ] --START--
INFO: Run Behavior\BuildLiteBehavior [ RunTime:0.000000s ]
INFO: [ app_init ] --END-- [ RunTime:0.000000s ]
INFO: [ app_begin ] --START--
INFO: Run Behavior\ReadHtmlCacheBehavior [ RunTime:0.000000s ]
INFO: [ app_begin ] --END-- [ RunTime:0.000000s ]
SQL: SHOW COLUMNS FROM `sd_class` [ RunTime:0.0156s ]
SQL: SHOW COLUMNS FROM `sd_case` [ RunTime:0.0000s ]
SQL: SELECT * FROM `sd_case` WHERE ( id = "10" ) LIMIT 1   [ RunTime:0.0000s ]
SQL: SHOW COLUMNS FROM `sd_content` [ RunTime:0.0000s ]
SQL: SELECT m.title,m.cid,m.related,c.id,c.abbob FROM sd_content m INNER JOIN sd_class as c on m.cid=c.id  WHERE ( related=1 ) LIMIT 37,6   [ RunTime:0.0000s ]
SQL: SHOW COLUMNS FROM `sd_doctor` [ RunTime:0.0000s ]
SQL: SELECT * FROM `sd_doctor` WHERE ( related = 1 ) ORDER BY sort desc LIMIT 5   [ RunTime:0.0000s ]
SQL: SELECT * FROM `sd_case` WHERE ( related = 1 and id <> "10" ) ORDER BY sort desc LIMIT 3   [ RunTime:0.0000s ]
SQL: SELECT * FROM `sd_case` WHERE ( id = "10" )  [ RunTime:0.0000s ]
SQL: SELECT * FROM `sd_case` WHERE ( id <> "10" )  [ RunTime:0.0000s ]
SQL: SELECT * FROM `sd_class` WHERE ( class_name = "焕誉案例" ) LIMIT 1   [ RunTime:0.0000s ]
INFO: [ view_parse ] --START--
INFO: [ template_filter ] --START--
INFO: Run Behavior\ContentReplaceBehavior [ RunTime:0.000000s ]
INFO: [ template_filter ] --END-- [ RunTime:0.000000s ]
INFO: Run Behavior\ParseTemplateBehavior [ RunTime:0.031252s ]
INFO: [ view_parse ] --END-- [ RunTime:0.031252s ]
INFO: [ view_filter ] --START--
INFO: Run Behavior\WriteHtmlCacheBehavior [ RunTime:0.000000s ]
INFO: [ view_filter ] --END-- [ RunTime:0.000000s ]
INFO: [ app_end ] --START--
INFO: Run Behavior\ShowPageTraceBehavior [ RunTime:0.000000s ]
INFO: [ app_end ] --END-- [ RunTime:0.000000s ]

[ 2016-09-29T09:08:44+08:00 ] 61.50.106.246 /xm/alw
INFO: [ app_init ] --START--
INFO: Run Behavior\BuildLiteBehavior [ RunTime:0.000000s ]
INFO: [ app_init ] --END-- [ RunTime:0.000000s ]
INFO: [ app_begin ] --START--
INFO: Run Behavior\ReadHtmlCacheBehavior [ RunTime:0.000000s ]
INFO: [ app_begin ] --END-- [ RunTime:0.000000s ]
SQL: SHOW COLUMNS FROM `sd_class` [ RunTime:0.0000s ]
SQL: SHOW COLUMNS FROM `sd_content` [ RunTime:0.0000s ]
SQL: SELECT * FROM `sd_content` WHERE ( cid = "67" ) LIMIT 1   [ RunTime:0.0000s ]
SQL: UPDATE `sd_content` SET `read_num`='128' WHERE ( id = "105" ) [ RunTime:0.0000s ]
SQL: SELECT m.title,m.cid,m.related,c.id,c.abbob FROM sd_content m INNER JOIN sd_class as c on m.cid=c.id  WHERE ( related=1 ) LIMIT 6,6   [ RunTime:0.0000s ]
SQL: SHOW COLUMNS FROM `sd_doctor` [ RunTime:0.0000s ]
SQL: SELECT * FROM `sd_doctor` ORDER BY sort desc LIMIT 3   [ RunTime:0.0000s ]
SQL: SHOW COLUMNS FROM `sd_case` [ RunTime:0.0000s ]
SQL: SELECT * FROM `sd_case` ORDER BY sort desc LIMIT 1   [ RunTime:0.0000s ]
INFO: [ view_parse ] --START--
INFO: [ template_filter ] --START--
INFO: Run Behavior\ContentReplaceBehavior [ RunTime:0.000000s ]
INFO: [ template_filter ] --END-- [ RunTime:0.000000s ]
INFO: Run Behavior\ParseTemplateBehavior [ RunTime:0.031252s ]
INFO: [ view_parse ] --END-- [ RunTime:0.031252s ]
INFO: [ view_filter ] --START--
INFO: Run Behavior\WriteHtmlCacheBehavior [ RunTime:0.000000s ]
INFO: [ view_filter ] --END-- [ RunTime:0.000000s ]
INFO: [ app_end ] --START--
INFO: Run Behavior\ShowPageTraceBehavior [ RunTime:0.000000s ]
INFO: [ app_end ] --END-- [ RunTime:0.000000s ]

[ 2016-09-29T09:11:09+08:00 ] 117.185.27.115 /xm/syp
INFO: [ app_init ] --START--
INFO: Run Behavior\BuildLiteBehavior [ RunTime:0.000000s ]
INFO: [ app_init ] --END-- [ RunTime:0.000000s ]
INFO: [ app_begin ] --START--
INFO: Run Behavior\ReadHtmlCacheBehavior [ RunTime:0.000000s ]
INFO: [ app_begin ] --END-- [ RunTime:0.000000s ]
SQL: SHOW COLUMNS FROM `sd_class` [ RunTime:0.0000s ]
SQL: SHOW COLUMNS FROM `sd_content` [ RunTime:0.0000s ]
SQL: SELECT * FROM `sd_content` WHERE ( cid = "41" ) LIMIT 1   [ RunTime:0.0000s ]
SQL: UPDATE `sd_content` SET `read_num`='62' WHERE ( id = "170" ) [ RunTime:0.0000s ]
SQL: SELECT m.title,m.cid,m.related,c.id,c.abbob FROM sd_content m INNER JOIN sd_class as c on m.cid=c.id  WHERE ( related=1 ) LIMIT 33,6   [ RunTime:0.0156s ]
SQL: SHOW COLUMNS FROM `sd_doctor` [ RunTime:0.0000s ]
SQL: SELECT * FROM `sd_doctor` ORDER BY sort desc LIMIT 3   [ RunTime:0.0000s ]
SQL: SHOW COLUMNS FROM `sd_case` [ RunTime:0.0000s ]
SQL: SELECT * FROM `sd_case` ORDER BY sort desc LIMIT 1   [ RunTime:0.0000s ]
INFO: [ view_parse ] --START--
INFO: [ template_filter ] --START--
INFO: Run Behavior\ContentReplaceBehavior [ RunTime:0.000000s ]
INFO: [ template_filter ] --END-- [ RunTime:0.000000s ]
INFO: Run Behavior\ParseTemplateBehavior [ RunTime:0.031251s ]
INFO: [ view_parse ] --END-- [ RunTime:0.031251s ]
INFO: [ view_filter ] --START--
INFO: Run Behavior\WriteHtmlCacheBehavior [ RunTime:0.000000s ]
INFO: [ view_filter ] --END-- [ RunTime:0.000000s ]
INFO: [ app_end ] --START--
INFO: Run Behavior\ShowPageTraceBehavior [ RunTime:0.000000s ]
INFO: [ app_end ] --END-- [ RunTime:0.000000s ]

[ 2016-09-29T09:11:17+08:00 ] 61.151.218.119 /Home/Index/band_info/id/155
INFO: [ app_init ] --START--
INFO: Run Behavior\BuildLiteBehavior [ RunTime:0.000000s ]
INFO: [ app_init ] --END-- [ RunTime:0.000000s ]
INFO: [ app_begin ] --START--
INFO: Run Behavior\ReadHtmlCacheBehavior [ RunTime:0.000000s ]
INFO: [ app_begin ] --END-- [ RunTime:0.000000s ]
SQL: SHOW COLUMNS FROM `sd_class` [ RunTime:0.0000s ]
SQL: SHOW COLUMNS FROM `sd_content` [ RunTime:0.0000s ]
SQL: SELECT * FROM `sd_content` WHERE ( related = 1 ) LIMIT 6   [ RunTime:0.0000s ]
SQL: SHOW COLUMNS FROM `sd_doctor` [ RunTime:0.0000s ]
SQL: SELECT * FROM `sd_doctor` ORDER BY sort desc LIMIT 3   [ RunTime:0.0000s ]
SQL: SHOW COLUMNS FROM `sd_case` [ RunTime:0.0000s ]
SQL: SELECT * FROM `sd_case` ORDER BY sort desc LIMIT 1   [ RunTime:0.0000s ]
SQL: SELECT * FROM `sd_content` WHERE ( id = "155" ) LIMIT 1   [ RunTime:0.0000s ]
SQL: SHOW COLUMNS FROM `sd_class` [ RunTime:0.0156s ]
SQL: SELECT * FROM `sd_class` WHERE ( pid = "11" ) LIMIT 1   [ RunTime:0.0000s ]
SQL: UPDATE `sd_content` SET `read_num`='684' WHERE ( id = "155" ) [ RunTime:0.0000s ]
INFO: [ view_parse ] --START--
INFO: [ template_filter ] --START--
INFO: Run Behavior\ContentReplaceBehavior [ RunTime:0.000000s ]
INFO: [ template_filter ] --END-- [ RunTime:0.000000s ]
INFO: Run Behavior\ParseTemplateBehavior [ RunTime:0.015626s ]
INFO: [ view_parse ] --END-- [ RunTime:0.015626s ]
INFO: [ view_filter ] --START--
INFO: Run Behavior\WriteHtmlCacheBehavior [ RunTime:0.000000s ]
INFO: [ view_filter ] --END-- [ RunTime:0.000000s ]
INFO: [ app_end ] --START--
INFO: Run Behavior\ShowPageTraceBehavior [ RunTime:0.000000s ]
INFO: [ app_end ] --END-- [ RunTime:0.000000s ]

[ 2016-09-29T09:11:53+08:00 ] 180.153.214.192 /xm/alw
INFO: [ app_init ] --START--
INFO: Run Behavior\BuildLiteBehavior [ RunTime:0.000000s ]
INFO: [ app_init ] --END-- [ RunTime:0.000000s ]
INFO: [ app_begin ] --START--
INFO: Run Behavior\ReadHtmlCacheBehavior [ RunTime:0.000000s ]
INFO: [ app_begin ] --END-- [ RunTime:0.000000s ]
SQL: SHOW COLUMNS FROM `sd_class` [ RunTime:0.0000s ]
SQL: SHOW COLUMNS FROM `sd_content` [ RunTime:0.0000s ]
SQL: SELECT * FROM `sd_content` WHERE ( cid = "67" ) LIMIT 1   [ RunTime:0.0000s ]
SQL: UPDATE `sd_content` SET `read_num`='129' WHERE ( id = "105" ) [ RunTime:0.0000s ]
SQL: SELECT m.title,m.cid,m.related,c.id,c.abbob FROM sd_content m INNER JOIN sd_class as c on m.cid=c.id  WHERE ( related=1 ) LIMIT 45,6   [ RunTime:0.0000s ]
SQL: SHOW COLUMNS FROM `sd_doctor` [ RunTime:0.0000s ]
SQL: SELECT * FROM `sd_doctor` ORDER BY sort desc LIMIT 3   [ RunTime:0.0000s ]
SQL: SHOW COLUMNS FROM `sd_case` [ RunTime:0.0000s ]
SQL: SELECT * FROM `sd_case` ORDER BY sort desc LIMIT 1   [ RunTime:0.0000s ]
INFO: [ view_parse ] --START--
INFO: [ template_filter ] --START--
INFO: Run Behavior\ContentReplaceBehavior [ RunTime:0.000000s ]
INFO: [ template_filter ] --END-- [ RunTime:0.000000s ]
INFO: Run Behavior\ParseTemplateBehavior [ RunTime:0.031251s ]
INFO: [ view_parse ] --END-- [ RunTime:0.031251s ]
INFO: [ view_filter ] --START--
INFO: Run Behavior\WriteHtmlCacheBehavior [ RunTime:0.000000s ]
INFO: [ view_filter ] --END-- [ RunTime:0.000000s ]
INFO: [ app_end ] --START--
INFO: Run Behavior\ShowPageTraceBehavior [ RunTime:0.000000s ]
INFO: [ app_end ] --END-- [ RunTime:0.000000s ]

[ 2016-09-29T09:14:17+08:00 ] 61.50.106.246 /
INFO: [ app_init ] --START--
INFO: Run Behavior\BuildLiteBehavior [ RunTime:0.000000s ]
INFO: [ app_init ] --END-- [ RunTime:0.000000s ]
INFO: [ app_begin ] --START--
INFO: Run Behavior\ReadHtmlCacheBehavior [ RunTime:0.000000s ]
INFO: [ app_begin ] --END-- [ RunTime:0.000000s ]
SQL: SHOW COLUMNS FROM `sd_class` [ RunTime:0.0000s ]
SQL: SHOW COLUMNS FROM `sd_class` [ RunTime:0.0000s ]
SQL: SELECT * FROM `sd_class` WHERE ( class_name = "项目系列" ) LIMIT 1   [ RunTime:0.0000s ]
SQL: SELECT * FROM `sd_class` WHERE ( pid = "12" )  [ RunTime:0.0000s ]
SQL: SHOW COLUMNS FROM `sd_content` [ RunTime:0.0000s ]
SQL: SELECT * FROM `sd_content` WHERE ( hot = 1 ) ORDER BY createtime desc LIMIT 1   [ RunTime:0.0000s ]
SQL: SHOW COLUMNS FROM `sd_doctor` [ RunTime:0.0000s ]
SQL: SELECT * FROM `sd_doctor` ORDER BY sort desc  [ RunTime:0.0000s ]
SQL: SHOW COLUMNS FROM `sd_case` [ RunTime:0.0156s ]
SQL: SELECT * FROM `sd_case` LIMIT 4   [ RunTime:0.0000s ]
INFO: [ view_parse ] --START--
INFO: [ template_filter ] --START--
INFO: Run Behavior\ContentReplaceBehavior [ RunTime:0.000000s ]
INFO: [ template_filter ] --END-- [ RunTime:0.000000s ]
INFO: Run Behavior\ParseTemplateBehavior [ RunTime:0.031251s ]
INFO: [ view_parse ] --END-- [ RunTime:0.031251s ]
INFO: [ view_filter ] --START--
INFO: Run Behavior\WriteHtmlCacheBehavior [ RunTime:0.000000s ]
INFO: [ view_filter ] --END-- [ RunTime:0.000000s ]
INFO: [ app_end ] --START--
INFO: Run Behavior\ShowPageTraceBehavior [ RunTime:0.000000s ]
INFO: [ app_end ] --END-- [ RunTime:0.000000s ]

[ 2016-09-29T09:17:14+08:00 ] 61.50.106.246 /Home/Index/new_info/id/115.html
INFO: [ app_init ] --START--
INFO: Run Behavior\BuildLiteBehavior [ RunTime:0.000000s ]
INFO: [ app_init ] --END-- [ RunTime:0.000000s ]
INFO: [ app_begin ] --START--
INFO: Run Behavior\ReadHtmlCacheBehavior [ RunTime:0.000000s ]
INFO: [ app_begin ] --END-- [ RunTime:0.000000s ]
SQL: SHOW COLUMNS FROM `sd_class` [ RunTime:0.0000s ]
SQL: SHOW COLUMNS FROM `sd_content` [ RunTime:0.0000s ]
SQL: SELECT * FROM `sd_content` WHERE ( cid = "115" ) LIMIT 1   [ RunTime:0.0000s ]
SQL: UPDATE `sd_content` SET `read_num`='170' WHERE ( id = "115" ) [ RunTime:0.0000s ]
SQL: SELECT m.title,m.cid,m.related,c.id,c.abbob FROM sd_content m INNER JOIN sd_class as c on m.cid=c.id  WHERE ( related=1 ) LIMIT 18,6   [ RunTime:0.0000s ]
SQL: SHOW COLUMNS FROM `sd_doctor` [ RunTime:0.0000s ]
SQL: SELECT * FROM `sd_doctor` ORDER BY sort desc LIMIT 3   [ RunTime:0.0000s ]
SQL: SHOW COLUMNS FROM `sd_case` [ RunTime:0.0000s ]
SQL: SELECT * FROM `sd_case` ORDER BY sort desc LIMIT 1   [ RunTime:0.0000s ]
INFO: [ view_parse ] --START--
INFO: [ template_filter ] --START--
INFO: Run Behavior\ContentReplaceBehavior [ RunTime:0.000000s ]
INFO: [ template_filter ] --END-- [ RunTime:0.000000s ]
INFO: Run Behavior\ParseTemplateBehavior [ RunTime:0.031251s ]
INFO: [ view_parse ] --END-- [ RunTime:0.031251s ]
INFO: [ view_filter ] --START--
INFO: Run Behavior\WriteHtmlCacheBehavior [ RunTime:0.000000s ]
INFO: [ view_filter ] --END-- [ RunTime:0.000000s ]
INFO: [ app_end ] --START--
INFO: Run Behavior\ShowPageTraceBehavior [ RunTime:0.000000s ]
INFO: [ app_end ] --END-- [ RunTime:0.000000s ]

[ 2016-09-29T09:17:21+08:00 ] 61.50.106.246 /
INFO: [ app_init ] --START--
INFO: Run Behavior\BuildLiteBehavior [ RunTime:0.000000s ]
INFO: [ app_init ] --END-- [ RunTime:0.000000s ]
INFO: [ app_begin ] --START--
INFO: Run Behavior\ReadHtmlCacheBehavior [ RunTime:0.000000s ]
INFO: [ app_begin ] --END-- [ RunTime:0.000000s ]
SQL: SHOW COLUMNS FROM `sd_class` [ RunTime:0.0000s ]
SQL: SHOW COLUMNS FROM `sd_class` [ RunTime:0.0000s ]
SQL: SELECT * FROM `sd_class` WHERE ( class_name = "项目系列" ) LIMIT 1   [ RunTime:0.0000s ]
SQL: SELECT * FROM `sd_class` WHERE ( pid = "12" )  [ RunTime:0.0000s ]
SQL: SHOW COLUMNS FROM `sd_content` [ RunTime:0.0000s ]
SQL: SELECT * FROM `sd_content` WHERE ( hot = 1 ) ORDER BY createtime desc LIMIT 1   [ RunTime:0.0000s ]
SQL: SHOW COLUMNS FROM `sd_doctor` [ RunTime:0.0000s ]
SQL: SELECT * FROM `sd_doctor` ORDER BY sort desc  [ RunTime:0.0000s ]
SQL: SHOW COLUMNS FROM `sd_case` [ RunTime:0.0156s ]
SQL: SELECT * FROM `sd_case` LIMIT 4   [ RunTime:0.0000s ]
INFO: [ view_parse ] --START--
INFO: [ template_filter ] --START--
INFO: Run Behavior\ContentReplaceBehavior [ RunTime:0.000000s ]
INFO: [ template_filter ] --END-- [ RunTime:0.000000s ]
INFO: Run Behavior\ParseTemplateBehavior [ RunTime:0.031251s ]
INFO: [ view_parse ] --END-- [ RunTime:0.031251s ]
INFO: [ view_filter ] --START--
INFO: Run Behavior\WriteHtmlCacheBehavior [ RunTime:0.000000s ]
INFO: [ view_filter ] --END-- [ RunTime:0.000000s ]
INFO: [ app_end ] --START--
INFO: Run Behavior\ShowPageTraceBehavior [ RunTime:0.000000s ]
INFO: [ app_end ] --END-- [ RunTime:0.000000s ]

[ 2016-09-29T09:17:27+08:00 ] 61.50.106.246 /
INFO: [ app_init ] --START--
INFO: Run Behavior\BuildLiteBehavior [ RunTime:0.000000s ]
INFO: [ app_init ] --END-- [ RunTime:0.000000s ]
INFO: [ app_begin ] --START--
INFO: Run Behavior\ReadHtmlCacheBehavior [ RunTime:0.000000s ]
INFO: [ app_begin ] --END-- [ RunTime:0.000000s ]
SQL: SHOW COLUMNS FROM `sd_class` [ RunTime:0.0000s ]
SQL: SHOW COLUMNS FROM `sd_class` [ RunTime:0.0000s ]
SQL: SELECT * FROM `sd_class` WHERE ( class_name = "项目系列" ) LIMIT 1   [ RunTime:0.0000s ]
SQL: SELECT * FROM `sd_class` WHERE ( pid = "12" )  [ RunTime:0.0000s ]
SQL: SHOW COLUMNS FROM `sd_content` [ RunTime:0.0000s ]
SQL: SELECT * FROM `sd_content` WHERE ( hot = 1 ) ORDER BY createtime desc LIMIT 1   [ RunTime:0.0000s ]
SQL: SHOW COLUMNS FROM `sd_doctor` [ RunTime:0.0000s ]
SQL: SELECT * FROM `sd_doctor` ORDER BY sort desc  [ RunTime:0.0000s ]
SQL: SHOW COLUMNS FROM `sd_case` [ RunTime:0.0156s ]
SQL: SELECT * FROM `sd_case` LIMIT 4   [ RunTime:0.0000s ]
INFO: [ view_parse ] --START--
INFO: [ template_filter ] --START--
INFO: Run Behavior\ContentReplaceBehavior [ RunTime:0.000000s ]
INFO: [ template_filter ] --END-- [ RunTime:0.000000s ]
INFO: Run Behavior\ParseTemplateBehavior [ RunTime:0.031252s ]
INFO: [ view_parse ] --END-- [ RunTime:0.031252s ]
INFO: [ view_filter ] --START--
INFO: Run Behavior\WriteHtmlCacheBehavior [ RunTime:0.000000s ]
INFO: [ view_filter ] --END-- [ RunTime:0.000000s ]
INFO: [ app_end ] --START--
INFO: Run Behavior\ShowPageTraceBehavior [ RunTime:0.000000s ]
INFO: [ app_end ] --END-- [ RunTime:0.000000s ]

[ 2016-09-29T09:17:28+08:00 ] 61.50.106.246 /
INFO: [ app_init ] --START--
INFO: Run Behavior\BuildLiteBehavior [ RunTime:0.000000s ]
INFO: [ app_init ] --END-- [ RunTime:0.000000s ]
INFO: [ app_begin ] --START--
INFO: Run Behavior\ReadHtmlCacheBehavior [ RunTime:0.000000s ]
INFO: [ app_begin ] --END-- [ RunTime:0.000000s ]
SQL: SHOW COLUMNS FROM `sd_class` [ RunTime:0.0000s ]
SQL: SHOW COLUMNS FROM `sd_class` [ RunTime:0.0000s ]
SQL: SELECT * FROM `sd_class` WHERE ( class_name = "项目系列" ) LIMIT 1   [ RunTime:0.0000s ]
SQL: SELECT * FROM `sd_class` WHERE ( pid = "12" )  [ RunTime:0.0000s ]
SQL: SHOW COLUMNS FROM `sd_content` [ RunTime:0.0000s ]
SQL: SELECT * FROM `sd_content` WHERE ( hot = 1 ) ORDER BY createtime desc LIMIT 1   [ RunTime:0.0000s ]
SQL: SHOW COLUMNS FROM `sd_doctor` [ RunTime:0.0000s ]
SQL: SELECT * FROM `sd_doctor` ORDER BY sort desc  [ RunTime:0.0000s ]
SQL: SHOW COLUMNS FROM `sd_case` [ RunTime:0.0000s ]
SQL: SELECT * FROM `sd_case` LIMIT 4   [ RunTime:0.0000s ]
INFO: [ view_parse ] --START--
INFO: [ template_filter ] --START--
INFO: Run Behavior\ContentReplaceBehavior [ RunTime:0.000000s ]
INFO: [ template_filter ] --END-- [ RunTime:0.000000s ]
INFO: Run Behavior\ParseTemplateBehavior [ RunTime:0.031251s ]
INFO: [ view_parse ] --END-- [ RunTime:0.031251s ]
INFO: [ view_filter ] --START--
INFO: Run Behavior\WriteHtmlCacheBehavior [ RunTime:0.000000s ]
INFO: [ view_filter ] --END-- [ RunTime:0.000000s ]
INFO: [ app_end ] --START--
INFO: Run Behavior\ShowPageTraceBehavior [ RunTime:0.000000s ]
INFO: [ app_end ] --END-- [ RunTime:0.000000s ]

[ 2016-09-29T09:18:17+08:00 ] 112.90.82.196 /
INFO: [ app_init ] --START--
INFO: Run Behavior\BuildLiteBehavior [ RunTime:0.000000s ]
INFO: [ app_init ] --END-- [ RunTime:0.000000s ]
INFO: [ app_begin ] --START--
INFO: Run Behavior\ReadHtmlCacheBehavior [ RunTime:0.000000s ]
INFO: [ app_begin ] --END-- [ RunTime:0.000000s ]
SQL: SHOW COLUMNS FROM `sd_class` [ RunTime:0.0000s ]
SQL: SHOW COLUMNS FROM `sd_class` [ RunTime:0.0000s ]
SQL: SELECT * FROM `sd_class` WHERE ( class_name = "项目系列" ) LIMIT 1   [ RunTime:0.0000s ]
SQL: SELECT * FROM `sd_class` WHERE ( pid = "12" )  [ RunTime:0.0000s ]
SQL: SHOW COLUMNS FROM `sd_content` [ RunTime:0.0000s ]
SQL: SELECT * FROM `sd_content` WHERE ( hot = 1 ) ORDER BY createtime desc LIMIT 1   [ RunTime:0.0000s ]
SQL: SHOW COLUMNS FROM `sd_doctor` [ RunTime:0.0000s ]
SQL: SELECT * FROM `sd_doctor` ORDER BY sort desc  [ RunTime:0.0000s ]
SQL: SHOW COLUMNS FROM `sd_case` [ RunTime:0.0000s ]
SQL: SELECT * FROM `sd_case` LIMIT 4   [ RunTime:0.0156s ]
INFO: [ view_parse ] --START--
INFO: [ template_filter ] --START--
INFO: Run Behavior\ContentReplaceBehavior [ RunTime:0.000000s ]
INFO: [ template_filter ] --END-- [ RunTime:0.000000s ]
INFO: Run Behavior\ParseTemplateBehavior [ RunTime:0.031251s ]
INFO: [ view_parse ] --END-- [ RunTime:0.031251s ]
INFO: [ view_filter ] --START--
INFO: Run Behavior\WriteHtmlCacheBehavior [ RunTime:0.000000s ]
INFO: [ view_filter ] --END-- [ RunTime:0.000000s ]
INFO: [ app_end ] --START--
INFO: Run Behavior\ShowPageTraceBehavior [ RunTime:0.000000s ]
INFO: [ app_end ] --END-- [ RunTime:0.000000s ]

[ 2016-09-29T09:21:23+08:00 ] 101.226.66.177 /
INFO: [ app_init ] --START--
INFO: Run Behavior\BuildLiteBehavior [ RunTime:0.000000s ]
INFO: [ app_init ] --END-- [ RunTime:0.000000s ]
INFO: [ app_begin ] --START--
INFO: Run Behavior\ReadHtmlCacheBehavior [ RunTime:0.000000s ]
INFO: [ app_begin ] --END-- [ RunTime:0.000000s ]
SQL: SHOW COLUMNS FROM `sd_class` [ RunTime:0.0000s ]
SQL: SHOW COLUMNS FROM `sd_class` [ RunTime:0.0000s ]
SQL: SELECT * FROM `sd_class` WHERE ( class_name = "项目系列" ) LIMIT 1   [ RunTime:0.0000s ]
SQL: SELECT * FROM `sd_class` WHERE ( pid = "12" )  [ RunTime:0.0000s ]
SQL: SHOW COLUMNS FROM `sd_content` [ RunTime:0.0000s ]
SQL: SELECT * FROM `sd_content` WHERE ( hot = 1 ) ORDER BY createtime desc LIMIT 1   [ RunTime:0.0000s ]
SQL: SHOW COLUMNS FROM `sd_doctor` [ RunTime:0.0000s ]
SQL: SELECT * FROM `sd_doctor` ORDER BY sort desc  [ RunTime:0.0000s ]
SQL: SHOW COLUMNS FROM `sd_case` [ RunTime:0.0156s ]
SQL: SELECT * FROM `sd_case` LIMIT 4   [ RunTime:0.0000s ]
INFO: [ view_parse ] --START--
INFO: [ template_filter ] --START--
INFO: Run Behavior\ContentReplaceBehavior [ RunTime:0.000000s ]
INFO: [ template_filter ] --END-- [ RunTime:0.000000s ]
INFO: Run Behavior\ParseTemplateBehavior [ RunTime:0.031251s ]
INFO: [ view_parse ] --END-- [ RunTime:0.031251s ]
INFO: [ view_filter ] --START--
INFO: Run Behavior\WriteHtmlCacheBehavior [ RunTime:0.000000s ]
INFO: [ view_filter ] --END-- [ RunTime:0.000000s ]
INFO: [ app_end ] --START--
INFO: Run Behavior\ShowPageTraceBehavior [ RunTime:0.000000s ]
INFO: [ app_end ] --END-- [ RunTime:0.000000s ]

[ 2016-09-29T09:34:23+08:00 ] 61.50.106.246 /
INFO: [ app_init ] --START--
INFO: Run Behavior\BuildLiteBehavior [ RunTime:0.000000s ]
INFO: [ app_init ] --END-- [ RunTime:0.000000s ]
INFO: [ app_begin ] --START--
INFO: Run Behavior\ReadHtmlCacheBehavior [ RunTime:0.000000s ]
INFO: [ app_begin ] --END-- [ RunTime:0.000000s ]
SQL: SHOW COLUMNS FROM `sd_class` [ RunTime:0.0000s ]
SQL: SHOW COLUMNS FROM `sd_class` [ RunTime:0.0000s ]
SQL: SELECT * FROM `sd_class` WHERE ( class_name = "项目系列" ) LIMIT 1   [ RunTime:0.0000s ]
SQL: SELECT * FROM `sd_class` WHERE ( pid = "12" )  [ RunTime:0.0000s ]
SQL: SHOW COLUMNS FROM `sd_content` [ RunTime:0.0000s ]
SQL: SELECT * FROM `sd_content` WHERE ( hot = 1 ) ORDER BY createtime desc LIMIT 1   [ RunTime:0.0000s ]
SQL: SHOW COLUMNS FROM `sd_doctor` [ RunTime:0.0000s ]
SQL: SELECT * FROM `sd_doctor` ORDER BY sort desc  [ RunTime:0.0000s ]
SQL: SHOW COLUMNS FROM `sd_case` [ RunTime:0.0000s ]
SQL: SELECT * FROM `sd_case` LIMIT 4   [ RunTime:0.0000s ]
INFO: [ view_parse ] --START--
INFO: [ template_filter ] --START--
INFO: Run Behavior\ContentReplaceBehavior [ RunTime:0.000000s ]
INFO: [ template_filter ] --END-- [ RunTime:0.000000s ]
INFO: Run Behavior\ParseTemplateBehavior [ RunTime:0.031251s ]
INFO: [ view_parse ] --END-- [ RunTime:0.031251s ]
INFO: [ view_filter ] --START--
INFO: Run Behavior\WriteHtmlCacheBehavior [ RunTime:0.000000s ]
INFO: [ view_filter ] --END-- [ RunTime:0.000000s ]
INFO: [ app_end ] --START--
INFO: Run Behavior\ShowPageTraceBehavior [ RunTime:0.000000s ]
INFO: [ app_end ] --END-- [ RunTime:0.000000s ]

[ 2016-09-29T10:08:45+08:00 ] 112.90.82.196 /Home/Index/new_info/id/41.html
INFO: [ app_init ] --START--
INFO: Run Behavior\BuildLiteBehavior [ RunTime:0.000000s ]
INFO: [ app_init ] --END-- [ RunTime:0.000000s ]
INFO: [ app_begin ] --START--
INFO: Run Behavior\ReadHtmlCacheBehavior [ RunTime:0.000000s ]
INFO: [ app_begin ] --END-- [ RunTime:0.000000s ]
SQL: SHOW COLUMNS FROM `sd_class` [ RunTime:0.0000s ]
SQL: SHOW COLUMNS FROM `sd_content` [ RunTime:0.0000s ]
SQL: SELECT * FROM `sd_content` WHERE ( cid = "41" ) LIMIT 1   [ RunTime:0.0000s ]
SQL: UPDATE `sd_content` SET `read_num`='63' WHERE ( id = "170" ) [ RunTime:0.0000s ]
SQL: SELECT m.title,m.cid,m.related,c.id,c.abbob FROM sd_content m INNER JOIN sd_class as c on m.cid=c.id  WHERE ( related=1 ) LIMIT 7,6   [ RunTime:0.0000s ]
SQL: SHOW COLUMNS FROM `sd_doctor` [ RunTime:0.0000s ]
SQL: SELECT * FROM `sd_doctor` ORDER BY sort desc LIMIT 3   [ RunTime:0.0000s ]
SQL: SHOW COLUMNS FROM `sd_case` [ RunTime:0.0000s ]
SQL: SELECT * FROM `sd_case` ORDER BY sort desc LIMIT 1   [ RunTime:0.0156s ]
INFO: [ view_parse ] --START--
INFO: [ template_filter ] --START--
INFO: Run Behavior\ContentReplaceBehavior [ RunTime:0.000000s ]
INFO: [ template_filter ] --END-- [ RunTime:0.000000s ]
INFO: Run Behavior\ParseTemplateBehavior [ RunTime:0.031252s ]
INFO: [ view_parse ] --END-- [ RunTime:0.031252s ]
INFO: [ view_filter ] --START--
INFO: Run Behavior\WriteHtmlCacheBehavior [ RunTime:0.000000s ]
INFO: [ view_filter ] --END-- [ RunTime:0.000000s ]
INFO: [ app_end ] --START--
INFO: Run Behavior\ShowPageTraceBehavior [ RunTime:0.000000s ]
INFO: [ app_end ] --END-- [ RunTime:0.000000s ]

[ 2016-09-29T10:14:53+08:00 ] 101.226.66.193 /Home/Index/new_info/id/41.html
INFO: [ app_init ] --START--
INFO: Run Behavior\BuildLiteBehavior [ RunTime:0.000000s ]
INFO: [ app_init ] --END-- [ RunTime:0.000000s ]
INFO: [ app_begin ] --START--
INFO: Run Behavior\ReadHtmlCacheBehavior [ RunTime:0.000000s ]
INFO: [ app_begin ] --END-- [ RunTime:0.000000s ]
SQL: SHOW COLUMNS FROM `sd_class` [ RunTime:0.0000s ]
SQL: SHOW COLUMNS FROM `sd_content` [ RunTime:0.0000s ]
SQL: SELECT * FROM `sd_content` WHERE ( cid = "41" ) LIMIT 1   [ RunTime:0.0000s ]
SQL: UPDATE `sd_content` SET `read_num`='64' WHERE ( id = "170" ) [ RunTime:0.0000s ]
SQL: SELECT m.title,m.cid,m.related,c.id,c.abbob FROM sd_content m INNER JOIN sd_class as c on m.cid=c.id  WHERE ( related=1 ) LIMIT 28,6   [ RunTime:0.0000s ]
SQL: SHOW COLUMNS FROM `sd_doctor` [ RunTime:0.0000s ]
SQL: SELECT * FROM `sd_doctor` ORDER BY sort desc LIMIT 3   [ RunTime:0.0000s ]
SQL: SHOW COLUMNS FROM `sd_case` [ RunTime:0.0000s ]
SQL: SELECT * FROM `sd_case` ORDER BY sort desc LIMIT 1   [ RunTime:0.0000s ]
INFO: [ view_parse ] --START--
INFO: [ template_filter ] --START--
INFO: Run Behavior\ContentReplaceBehavior [ RunTime:0.000000s ]
INFO: [ template_filter ] --END-- [ RunTime:0.000000s ]
INFO: Run Behavior\ParseTemplateBehavior [ RunTime:0.031251s ]
INFO: [ view_parse ] --END-- [ RunTime:0.031251s ]
INFO: [ view_filter ] --START--
INFO: Run Behavior\WriteHtmlCacheBehavior [ RunTime:0.000000s ]
INFO: [ view_filter ] --END-- [ RunTime:0.000000s ]
INFO: [ app_end ] --START--
INFO: Run Behavior\ShowPageTraceBehavior [ RunTime:0.000000s ]
INFO: [ app_end ] --END-- [ RunTime:0.000000s ]

[ 2016-09-29T10:27:29+08:00 ] 61.50.106.246 /xm/mrhfzx
INFO: [ app_init ] --START--
INFO: Run Behavior\BuildLiteBehavior [ RunTime:0.000000s ]
INFO: [ app_init ] --END-- [ RunTime:0.000000s ]
INFO: [ app_begin ] --START--
INFO: Run Behavior\ReadHtmlCacheBehavior [ RunTime:0.000000s ]
INFO: [ app_begin ] --END-- [ RunTime:0.000000s ]
SQL: SHOW COLUMNS FROM `sd_class` [ RunTime:0.0156s ]
SQL: SHOW COLUMNS FROM `sd_class` [ RunTime:0.0000s ]
SQL: SELECT * FROM `sd_class` WHERE ( id = "13" ) LIMIT 1   [ RunTime:0.0000s ]
SQL: SELECT * FROM `sd_class` WHERE ( pid = "13" )  [ RunTime:0.0000s ]
SQL: SHOW COLUMNS FROM `sd_content` [ RunTime:0.0000s ]
SQL: SELECT * FROM `sd_content` WHERE ( cid = "14" ) LIMIT 1   [ RunTime:0.0000s ]
SQL: SELECT * FROM `sd_content` WHERE ( cid = "20" ) LIMIT 1   [ RunTime:0.0000s ]
SQL: SELECT * FROM `sd_content` WHERE ( cid = "27" ) LIMIT 1   [ RunTime:0.0000s ]
SQL: SELECT * FROM `sd_content` WHERE ( cid = "31" ) LIMIT 1   [ RunTime:0.0000s ]
SQL: SELECT * FROM `sd_content` WHERE ( cid = "118" ) LIMIT 1   [ RunTime:0.0000s ]
SQL: SELECT * FROM `sd_content` WHERE ( cid = "119" ) LIMIT 1   [ RunTime:0.0000s ]
SQL: SELECT * FROM `sd_class` WHERE ( pid = "14" )  [ RunTime:0.0000s ]
SQL: SELECT m.*,c.id,c.pid,c.abbob FROM sd_content m INNER JOIN sd_class as c on m.cid=c.id  WHERE ( m.cid = "15" )  [ RunTime:0.0000s ]
SQL: SELECT m.*,c.id,c.pid,c.abbob FROM sd_content m INNER JOIN sd_class as c on m.cid=c.id  WHERE ( m.cid = "16" )  [ RunTime:0.0000s ]
SQL: SELECT m.*,c.id,c.pid,c.abbob FROM sd_content m INNER JOIN sd_class as c on m.cid=c.id  WHERE ( m.cid = "17" )  [ RunTime:0.0000s ]
SQL: SELECT m.*,c.id,c.pid,c.abbob FROM sd_content m INNER JOIN sd_class as c on m.cid=c.id  WHERE ( m.cid = "18" )  [ RunTime:0.0000s ]
SQL: SELECT * FROM `sd_class` WHERE ( pid = "20" )  [ RunTime:0.0000s ]
SQL: SELECT m.*,c.id,c.pid,c.abbob FROM sd_content m INNER JOIN sd_class as c on m.cid=c.id  WHERE ( m.cid = "23" )  [ RunTime:0.0000s ]
SQL: SELECT m.*,c.id,c.pid,c.abbob FROM sd_content m INNER JOIN sd_class as c on m.cid=c.id  WHERE ( m.cid = "24" )  [ RunTime:0.0000s ]
SQL: SELECT * FROM `sd_class` WHERE ( pid = "27" )  [ RunTime:0.0000s ]
SQL: SELECT m.*,c.id,c.pid,c.abbob FROM sd_content m INNER JOIN sd_class as c on m.cid=c.id  WHERE ( m.cid = "28" )  [ RunTime:0.0000s ]
SQL: SELECT m.*,c.id,c.pid,c.abbob FROM sd_content m INNER JOIN sd_class as c on m.cid=c.id  WHERE ( m.cid = "29" )  [ RunTime:0.0000s ]
SQL: SELECT m.*,c.id,c.pid,c.abbob FROM sd_content m INNER JOIN sd_class as c on m.cid=c.id  WHERE ( m.cid = "30" )  [ RunTime:0.0000s ]
SQL: SELECT * FROM `sd_class` WHERE ( pid = "31" )  [ RunTime:0.0000s ]
SQL: SELECT m.*,c.id,c.pid,c.abbob FROM sd_content m INNER JOIN sd_class as c on m.cid=c.id  WHERE ( m.cid = "32" )  [ RunTime:0.0000s ]
SQL: SELECT m.*,c.id,c.pid,c.abbob FROM sd_content m INNER JOIN sd_class as c on m.cid=c.id  WHERE ( m.cid = "33" )  [ RunTime:0.0000s ]
SQL: SELECT m.*,c.id,c.pid,c.abbob FROM sd_content m INNER JOIN sd_class as c on m.cid=c.id  WHERE ( m.cid = "34" )  [ RunTime:0.0000s ]
SQL: SELECT m.*,c.id,c.pid,c.abbob FROM sd_content m INNER JOIN sd_class as c on m.cid=c.id  WHERE ( m.cid = "35" )  [ RunTime:0.0000s ]
SQL: SELECT m.*,c.id,c.pid,c.abbob FROM sd_content m INNER JOIN sd_class as c on m.cid=c.id  WHERE ( m.cid = "36" )  [ RunTime:0.0000s ]
SQL: SELECT m.*,c.id,c.pid,c.abbob FROM sd_content m INNER JOIN sd_class as c on m.cid=c.id  WHERE ( m.cid = "37" )  [ RunTime:0.0000s ]
SQL: SELECT m.*,c.id,c.pid,c.abbob FROM sd_content m INNER JOIN sd_class as c on m.cid=c.id  WHERE ( m.cid = "38" )  [ RunTime:0.0000s ]
SQL: SELECT * FROM `sd_class` WHERE ( pid = "118" )  [ RunTime:0.0000s ]
SQL: SELECT m.*,c.id,c.pid,c.abbob FROM sd_content m INNER JOIN sd_class as c on m.cid=c.id  WHERE ( m.cid = "120" )  [ RunTime:0.0156s ]
SQL: SELECT m.*,c.id,c.pid,c.abbob FROM sd_content m INNER JOIN sd_class as c on m.cid=c.id  WHERE ( m.cid = "121" )  [ RunTime:0.0000s ]
SQL: SELECT m.*,c.id,c.pid,c.abbob FROM sd_content m INNER JOIN sd_class as c on m.cid=c.id  WHERE ( m.cid = "122" )  [ RunTime:0.0000s ]
SQL: SELECT m.*,c.id,c.pid,c.abbob FROM sd_content m INNER JOIN sd_class as c on m.cid=c.id  WHERE ( m.cid = "123" )  [ RunTime:0.0000s ]
SQL: SELECT m.*,c.id,c.pid,c.abbob FROM sd_content m INNER JOIN sd_class as c on m.cid=c.id  WHERE ( m.cid = "124" )  [ RunTime:0.0000s ]
SQL: SELECT * FROM `sd_class` WHERE ( pid = "119" )  [ RunTime:0.0000s ]
SQL: SELECT m.*,c.id,c.pid,c.abbob FROM sd_content m INNER JOIN sd_class as c on m.cid=c.id  WHERE ( m.cid = "131" )  [ RunTime:0.0000s ]
INFO: [ view_parse ] --START--
INFO: [ template_filter ] --START--
INFO: Run Behavior\ContentReplaceBehavior [ RunTime:0.000000s ]
INFO: [ template_filter ] --END-- [ RunTime:0.000000s ]
INFO: Run Behavior\ParseTemplateBehavior [ RunTime:0.031251s ]
INFO: [ view_parse ] --END-- [ RunTime:0.031251s ]
INFO: [ view_filter ] --START--
INFO: Run Behavior\WriteHtmlCacheBehavior [ RunTime:0.000000s ]
INFO: [ view_filter ] --END-- [ RunTime:0.000000s ]
INFO: [ app_end ] --START--
INFO: Run Behavior\ShowPageTraceBehavior [ RunTime:0.015626s ]
INFO: [ app_end ] --END-- [ RunTime:0.015626s ]

[ 2016-09-29T10:27:33+08:00 ] 61.50.106.246 /xm/zxmrzx
INFO: [ app_init ] --START--
INFO: Run Behavior\BuildLiteBehavior [ RunTime:0.000000s ]
INFO: [ app_init ] --END-- [ RunTime:0.000000s ]
INFO: [ app_begin ] --START--
INFO: Run Behavior\ReadHtmlCacheBehavior [ RunTime:0.000000s ]
INFO: [ app_begin ] --END-- [ RunTime:0.000000s ]
SQL: SHOW COLUMNS FROM `sd_class` [ RunTime:0.0000s ]
SQL: SHOW COLUMNS FROM `sd_class` [ RunTime:0.0000s ]
SQL: SELECT * FROM `sd_class` WHERE ( id = "39" ) LIMIT 1   [ RunTime:0.0000s ]
SQL: SELECT * FROM `sd_class` WHERE ( pid = "39" )  [ RunTime:0.0000s ]
SQL: SHOW COLUMNS FROM `sd_content` [ RunTime:0.0000s ]
SQL: SELECT * FROM `sd_content` WHERE ( cid = "40" ) LIMIT 1   [ RunTime:0.0000s ]
SQL: SELECT * FROM `sd_content` WHERE ( cid = "46" ) LIMIT 1   [ RunTime:0.0000s ]
SQL: SELECT * FROM `sd_content` WHERE ( cid = "53" ) LIMIT 1   [ RunTime:0.0000s ]
SQL: SELECT * FROM `sd_content` WHERE ( cid = "60" ) LIMIT 1   [ RunTime:0.0000s ]
SQL: SELECT * FROM `sd_content` WHERE ( cid = "61" ) LIMIT 1   [ RunTime:0.0000s ]
SQL: SELECT * FROM `sd_content` WHERE ( cid = "62" ) LIMIT 1   [ RunTime:0.0000s ]
SQL: SELECT * FROM `sd_content` WHERE ( cid = "63" ) LIMIT 1   [ RunTime:0.0000s ]
SQL: SELECT * FROM `sd_class` WHERE ( pid = "40" )  [ RunTime:0.0000s ]
SQL: SELECT m.*,c.id,c.pid,c.abbob FROM sd_content m INNER JOIN sd_class as c on m.cid=c.id  WHERE ( m.cid = "41" )  [ RunTime:0.0156s ]
SQL: SELECT m.*,c.id,c.pid,c.abbob FROM sd_content m INNER JOIN sd_class as c on m.cid=c.id  WHERE ( m.cid = "42" )  [ RunTime:0.0000s ]
SQL: SELECT m.*,c.id,c.pid,c.abbob FROM sd_content m INNER JOIN sd_class as c on m.cid=c.id  WHERE ( m.cid = "43" )  [ RunTime:0.0000s ]
SQL: SELECT m.*,c.id,c.pid,c.abbob FROM sd_content m INNER JOIN sd_class as c on m.cid=c.id  WHERE ( m.cid = "44" )  [ RunTime:0.0000s ]
SQL: SELECT m.*,c.id,c.pid,c.abbob FROM sd_content m INNER JOIN sd_class as c on m.cid=c.id  WHERE ( m.cid = "45" )  [ RunTime:0.0000s ]
SQL: SELECT * FROM `sd_class` WHERE ( pid = "46" )  [ RunTime:0.0000s ]
SQL: SELECT m.*,c.id,c.pid,c.abbob FROM sd_content m INNER JOIN sd_class as c on m.cid=c.id  WHERE ( m.cid = "47" )  [ RunTime:0.0000s ]
SQL: SELECT m.*,c.id,c.pid,c.abbob FROM sd_content m INNER JOIN sd_class as c on m.cid=c.id  WHERE ( m.cid = "48" )  [ RunTime:0.0000s ]
SQL: SELECT m.*,c.id,c.pid,c.abbob FROM sd_content m INNER JOIN sd_class as c on m.cid=c.id  WHERE ( m.cid = "49" )  [ RunTime:0.0000s ]
SQL: SELECT m.*,c.id,c.pid,c.abbob FROM sd_content m INNER JOIN sd_class as c on m.cid=c.id  WHERE ( m.cid = "51" )  [ RunTime:0.0000s ]
SQL: SELECT m.*,c.id,c.pid,c.abbob FROM sd_content m INNER JOIN sd_class as c on m.cid=c.id  WHERE ( m.cid = "125" )  [ RunTime:0.0000s ]
SQL: SELECT m.*,c.id,c.pid,c.abbob FROM sd_content m INNER JOIN sd_class as c on m.cid=c.id  WHERE ( m.cid = "126" )  [ RunTime:0.0000s ]
SQL: SELECT * FROM `sd_class` WHERE ( pid = "53" )  [ RunTime:0.0000s ]
SQL: SELECT m.*,c.id,c.pid,c.abbob FROM sd_content m INNER JOIN sd_class as c on m.cid=c.id  WHERE ( m.cid = "54" )  [ RunTime:0.0000s ]
SQL: SELECT m.*,c.id,c.pid,c.abbob FROM sd_content m INNER JOIN sd_class as c on m.cid=c.id  WHERE ( m.cid = "55" )  [ RunTime:0.0000s ]
SQL: SELECT m.*,c.id,c.pid,c.abbob FROM sd_content m INNER JOIN sd_class as c on m.cid=c.id  WHERE ( m.cid = "56" )  [ RunTime:0.0000s ]
SQL: SELECT m.*,c.id,c.pid,c.abbob FROM sd_content m INNER JOIN sd_class as c on m.cid=c.id  WHERE ( m.cid = "59" )  [ RunTime:0.0000s ]
SQL: SELECT * FROM `sd_class` WHERE ( pid = "60" )  [ RunTime:0.0000s ]
SQL: SELECT m.*,c.id,c.pid,c.abbob FROM sd_content m INNER JOIN sd_class as c on m.cid=c.id  WHERE ( m.cid = "130" )  [ RunTime:0.0000s ]
SQL: SELECT * FROM `sd_class` WHERE ( pid = "61" )  [ RunTime:0.0000s ]
SQL: SELECT m.*,c.id,c.pid,c.abbob FROM sd_content m INNER JOIN sd_class as c on m.cid=c.id  WHERE ( m.cid = "128" )  [ RunTime:0.0156s ]
SQL: SELECT * FROM `sd_class` WHERE ( pid = "62" )  [ RunTime:0.0000s ]
SQL: SELECT m.*,c.id,c.pid,c.abbob FROM sd_content m INNER JOIN sd_class as c on m.cid=c.id  WHERE ( m.cid = "127" )  [ RunTime:0.0000s ]
SQL: SELECT * FROM `sd_class` WHERE ( pid = "63" )  [ RunTime:0.0000s ]
SQL: SELECT m.*,c.id,c.pid,c.abbob FROM sd_content m INNER JOIN sd_class as c on m.cid=c.id  WHERE ( m.cid = "129" )  [ RunTime:0.0000s ]
INFO: [ view_parse ] --START--
INFO: [ template_filter ] --START--
INFO: Run Behavior\ContentReplaceBehavior [ RunTime:0.000000s ]
INFO: [ template_filter ] --END-- [ RunTime:0.000000s ]
INFO: Run Behavior\ParseTemplateBehavior [ RunTime:0.031251s ]
INFO: [ view_parse ] --END-- [ RunTime:0.031251s ]
INFO: [ view_filter ] --START--
INFO: Run Behavior\WriteHtmlCacheBehavior [ RunTime:0.000000s ]
INFO: [ view_filter ] --END-- [ RunTime:0.000000s ]
INFO: [ app_end ] --START--
INFO: Run Behavior\ShowPageTraceBehavior [ RunTime:0.000000s ]
INFO: [ app_end ] --END-- [ RunTime:0.000000s ]

[ 2016-09-29T10:29:04+08:00 ] 61.50.106.246 /xm/wcmrzx
INFO: [ app_init ] --START--
INFO: Run Behavior\BuildLiteBehavior [ RunTime:0.000000s ]
INFO: [ app_init ] --END-- [ RunTime:0.000000s ]
INFO: [ app_begin ] --START--
INFO: Run Behavior\ReadHtmlCacheBehavior [ RunTime:0.000000s ]
INFO: [ app_begin ] --END-- [ RunTime:0.000000s ]
SQL: SHOW COLUMNS FROM `sd_class` [ RunTime:0.0000s ]
SQL: SHOW COLUMNS FROM `sd_class` [ RunTime:0.0000s ]
SQL: SELECT * FROM `sd_class` WHERE ( id = "64" ) LIMIT 1   [ RunTime:0.0000s ]
SQL: SELECT * FROM `sd_class` WHERE ( pid = "64" )  [ RunTime:0.0000s ]
SQL: SHOW COLUMNS FROM `sd_content` [ RunTime:0.0000s ]
SQL: SELECT * FROM `sd_content` WHERE ( cid = "65" ) LIMIT 1   [ RunTime:0.0000s ]
SQL: SELECT * FROM `sd_content` WHERE ( cid = "69" ) LIMIT 1   [ RunTime:0.0000s ]
SQL: SELECT * FROM `sd_content` WHERE ( cid = "81" ) LIMIT 1   [ RunTime:0.0000s ]
SQL: SELECT * FROM `sd_class` WHERE ( pid = "65" )  [ RunTime:0.0000s ]
SQL: SELECT m.*,c.id,c.pid,c.abbob FROM sd_content m INNER JOIN sd_class as c on m.cid=c.id  WHERE ( m.cid = "66" )  [ RunTime:0.0000s ]
SQL: SELECT m.*,c.id,c.pid,c.abbob FROM sd_content m INNER JOIN sd_class as c on m.cid=c.id  WHERE ( m.cid = "67" )  [ RunTime:0.0156s ]
SQL: SELECT m.*,c.id,c.pid,c.abbob FROM sd_content m INNER JOIN sd_class as c on m.cid=c.id  WHERE ( m.cid = "68" )  [ RunTime:0.0000s ]
SQL: SELECT m.*,c.id,c.pid,c.abbob FROM sd_content m INNER JOIN sd_class as c on m.cid=c.id  WHERE ( m.cid = "116" )  [ RunTime:0.0000s ]
SQL: SELECT m.*,c.id,c.pid,c.abbob FROM sd_content m INNER JOIN sd_class as c on m.cid=c.id  WHERE ( m.cid = "115" )  [ RunTime:0.0000s ]
SQL: SELECT * FROM `sd_class` WHERE ( pid = "69" )  [ RunTime:0.0000s ]
SQL: SELECT m.*,c.id,c.pid,c.abbob FROM sd_content m INNER JOIN sd_class as c on m.cid=c.id  WHERE ( m.cid = "70" )  [ RunTime:0.0000s ]
SQL: SELECT m.*,c.id,c.pid,c.abbob FROM sd_content m INNER JOIN sd_class as c on m.cid=c.id  WHERE ( m.cid = "71" )  [ RunTime:0.0000s ]
SQL: SELECT m.*,c.id,c.pid,c.abbob FROM sd_content m INNER JOIN sd_class as c on m.cid=c.id  WHERE ( m.cid = "72" )  [ RunTime:0.0000s ]
SQL: SELECT m.*,c.id,c.pid,c.abbob FROM sd_content m INNER JOIN sd_class as c on m.cid=c.id  WHERE ( m.cid = "73" )  [ RunTime:0.0000s ]
SQL: SELECT * FROM `sd_class` WHERE ( pid = "81" )  [ RunTime:0.0000s ]
SQL: SELECT m.*,c.id,c.pid,c.abbob FROM sd_content m INNER JOIN sd_class as c on m.cid=c.id  WHERE ( m.cid = "82" )  [ RunTime:0.0000s ]
SQL: SELECT m.*,c.id,c.pid,c.abbob FROM sd_content m INNER JOIN sd_class as c on m.cid=c.id  WHERE ( m.cid = "83" )  [ RunTime:0.0000s ]
INFO: [ view_parse ] --START--
INFO: [ template_filter ] --START--
INFO: Run Behavior\ContentReplaceBehavior [ RunTime:0.000000s ]
INFO: [ template_filter ] --END-- [ RunTime:0.000000s ]
INFO: Run Behavior\ParseTemplateBehavior [ RunTime:0.031251s ]
INFO: [ view_parse ] --END-- [ RunTime:0.031251s ]
INFO: [ view_filter ] --START--
INFO: Run Behavior\WriteHtmlCacheBehavior [ RunTime:0.000000s ]
INFO: [ view_filter ] --END-- [ RunTime:0.000000s ]
INFO: [ app_end ] --START--
INFO: Run Behavior\ShowPageTraceBehavior [ RunTime:0.000000s ]
INFO: [ app_end ] --END-- [ RunTime:0.000000s ]

[ 2016-09-29T10:31:28+08:00 ] 61.50.106.246 /Home/Index/doctor_list
INFO: [ app_init ] --START--
INFO: Run Behavior\BuildLiteBehavior [ RunTime:0.000000s ]
INFO: [ app_init ] --END-- [ RunTime:0.000000s ]
INFO: [ app_begin ] --START--
INFO: Run Behavior\ReadHtmlCacheBehavior [ RunTime:0.000000s ]
INFO: [ app_begin ] --END-- [ RunTime:0.000000s ]
SQL: SHOW COLUMNS FROM `sd_class` [ RunTime:0.0000s ]
SQL: SHOW COLUMNS FROM `sd_doctor` [ RunTime:0.0000s ]
SQL: SELECT * FROM `sd_doctor` ORDER BY sort desc  [ RunTime:0.0000s ]
SQL: SHOW COLUMNS FROM `sd_class` [ RunTime:0.0000s ]
SQL: SELECT * FROM `sd_class` WHERE ( class_name = "医疗团队" ) LIMIT 1   [ RunTime:0.0000s ]
INFO: [ view_parse ] --START--
INFO: [ template_filter ] --START--
INFO: Run Behavior\ContentReplaceBehavior [ RunTime:0.000000s ]
INFO: [ template_filter ] --END-- [ RunTime:0.000000s ]
INFO: Run Behavior\ParseTemplateBehavior [ RunTime:0.031251s ]
INFO: [ view_parse ] --END-- [ RunTime:0.031251s ]
INFO: [ view_filter ] --START--
INFO: Run Behavior\WriteHtmlCacheBehavior [ RunTime:0.000000s ]
INFO: [ view_filter ] --END-- [ RunTime:0.000000s ]
INFO: [ app_end ] --START--
INFO: Run Behavior\ShowPageTraceBehavior [ RunTime:0.000000s ]
INFO: [ app_end ] --END-- [ RunTime:0.000000s ]

[ 2016-09-29T10:31:31+08:00 ] 61.50.106.246 /Home/Index/doctor_info/id/12
INFO: [ app_init ] --START--
INFO: Run Behavior\BuildLiteBehavior [ RunTime:0.000000s ]
INFO: [ app_init ] --END-- [ RunTime:0.000000s ]
INFO: [ app_begin ] --START--
INFO: Run Behavior\ReadHtmlCacheBehavior [ RunTime:0.000000s ]
INFO: [ app_begin ] --END-- [ RunTime:0.000000s ]
SQL: SHOW COLUMNS FROM `sd_class` [ RunTime:0.0000s ]
SQL: SHOW COLUMNS FROM `sd_doctor` [ RunTime:0.0000s ]
SQL: SELECT * FROM `sd_doctor` WHERE ( id = "12" ) LIMIT 1   [ RunTime:0.0000s ]
NOTIC: [8] Undefined index: honor C:\www\hyuzx\Application\Home\Controller\IndexController.class.php 第 249 行.
NOTIC: [8] Undefined offset: 1 C:\www\hyuzx\Application\Home\Controller\IndexController.class.php 第 253 行.
SQL: SHOW COLUMNS FROM `sd_class` [ RunTime:0.0156s ]
SQL: SELECT * FROM `sd_class` WHERE ( class_name = "医疗团队" ) LIMIT 1   [ RunTime:0.0000s ]
INFO: [ view_parse ] --START--
INFO: [ template_filter ] --START--
INFO: Run Behavior\ContentReplaceBehavior [ RunTime:0.000000s ]
INFO: [ template_filter ] --END-- [ RunTime:0.000000s ]
INFO: Run Behavior\ParseTemplateBehavior [ RunTime:0.015625s ]
INFO: [ view_parse ] --END-- [ RunTime:0.015625s ]
INFO: [ view_filter ] --START--
INFO: Run Behavior\WriteHtmlCacheBehavior [ RunTime:0.000000s ]
INFO: [ view_filter ] --END-- [ RunTime:0.000000s ]
INFO: [ app_end ] --START--
INFO: Run Behavior\ShowPageTraceBehavior [ RunTime:0.000000s ]
INFO: [ app_end ] --END-- [ RunTime:0.000000s ]

[ 2016-09-29T10:31:45+08:00 ] 61.50.106.246 /Home/Index/come
INFO: [ app_init ] --START--
INFO: Run Behavior\BuildLiteBehavior [ RunTime:0.000000s ]
INFO: [ app_init ] --END-- [ RunTime:0.000000s ]
INFO: [ app_begin ] --START--
INFO: Run Behavior\ReadHtmlCacheBehavior [ RunTime:0.000000s ]
INFO: [ app_begin ] --END-- [ RunTime:0.000000s ]
SQL: SHOW COLUMNS FROM `sd_class` [ RunTime:0.0000s ]
SQL: SHOW COLUMNS FROM `sd_content` [ RunTime:0.0000s ]
SQL: SELECT * FROM `sd_content` WHERE ( related = 1 ) LIMIT 6   [ RunTime:0.0000s ]
SQL: SHOW COLUMNS FROM `sd_doctor` [ RunTime:0.0156s ]
SQL: SELECT * FROM `sd_doctor` ORDER BY sort desc LIMIT 3   [ RunTime:0.0000s ]
SQL: SHOW COLUMNS FROM `sd_case` [ RunTime:0.0000s ]
SQL: SELECT * FROM `sd_case` ORDER BY sort desc LIMIT 1   [ RunTime:0.0000s ]
INFO: [ view_parse ] --START--
INFO: [ template_filter ] --START--
INFO: Run Behavior\ContentReplaceBehavior [ RunTime:0.000000s ]
INFO: [ template_filter ] --END-- [ RunTime:0.000000s ]
NOTIC: [8] Undefined variable: class_info C:\www\hyuzx\Application\Runtime\Cache\Home\4e7e3ea8c5e282bbdf51a173cc1ccf6e.php 第 8 行.
INFO: Run Behavior\ParseTemplateBehavior [ RunTime:0.015626s ]
INFO: [ view_parse ] --END-- [ RunTime:0.015626s ]
INFO: [ view_filter ] --START--
INFO: Run Behavior\WriteHtmlCacheBehavior [ RunTime:0.000000s ]
INFO: [ view_filter ] --END-- [ RunTime:0.000000s ]
INFO: [ app_end ] --START--
INFO: Run Behavior\ShowPageTraceBehavior [ RunTime:0.000000s ]
INFO: [ app_end ] --END-- [ RunTime:0.000000s ]

[ 2016-09-29T10:31:48+08:00 ] 61.50.106.246 /Home/Index/case_info
INFO: [ app_init ] --START--
INFO: Run Behavior\BuildLiteBehavior [ RunTime:0.000000s ]
INFO: [ app_init ] --END-- [ RunTime:0.000000s ]
INFO: [ app_begin ] --START--
INFO: Run Behavior\ReadHtmlCacheBehavior [ RunTime:0.000000s ]
INFO: [ app_begin ] --END-- [ RunTime:0.000000s ]
SQL: SHOW COLUMNS FROM `sd_class` [ RunTime:0.0000s ]
SQL: SHOW COLUMNS FROM `sd_case` [ RunTime:0.0000s ]
SQL: SELECT * FROM `sd_case` WHERE ( id = "10" ) LIMIT 1   [ RunTime:0.0000s ]
SQL: SHOW COLUMNS FROM `sd_content` [ RunTime:0.0000s ]
SQL: SELECT m.title,m.cid,m.related,c.id,c.abbob FROM sd_content m INNER JOIN sd_class as c on m.cid=c.id  WHERE ( related=1 ) LIMIT 1,6   [ RunTime:0.0000s ]
SQL: SHOW COLUMNS FROM `sd_doctor` [ RunTime:0.0000s ]
SQL: SELECT * FROM `sd_doctor` WHERE ( related = 1 ) ORDER BY sort desc LIMIT 5   [ RunTime:0.0000s ]
SQL: SELECT * FROM `sd_case` WHERE ( related = 1 and id <> "10" ) ORDER BY sort desc LIMIT 3   [ RunTime:0.0000s ]
SQL: SELECT * FROM `sd_case` WHERE ( id = "10" )  [ RunTime:0.0000s ]
SQL: SELECT * FROM `sd_case` WHERE ( id <> "10" )  [ RunTime:0.0000s ]
SQL: SELECT * FROM `sd_class` WHERE ( class_name = "焕誉案例" ) LIMIT 1   [ RunTime:0.0000s ]
INFO: [ view_parse ] --START--
INFO: [ template_filter ] --START--
INFO: Run Behavior\ContentReplaceBehavior [ RunTime:0.000000s ]
INFO: [ template_filter ] --END-- [ RunTime:0.000000s ]
INFO: Run Behavior\ParseTemplateBehavior [ RunTime:0.031251s ]
INFO: [ view_parse ] --END-- [ RunTime:0.031251s ]
INFO: [ view_filter ] --START--
INFO: Run Behavior\WriteHtmlCacheBehavior [ RunTime:0.000000s ]
INFO: [ view_filter ] --END-- [ RunTime:0.000000s ]
INFO: [ app_end ] --START--
INFO: Run Behavior\ShowPageTraceBehavior [ RunTime:0.000000s ]
INFO: [ app_end ] --END-- [ RunTime:0.000000s ]

[ 2016-09-29T10:32:08+08:00 ] 61.50.106.246 /
INFO: [ app_init ] --START--
INFO: Run Behavior\BuildLiteBehavior [ RunTime:0.000000s ]
INFO: [ app_init ] --END-- [ RunTime:0.000000s ]
INFO: [ app_begin ] --START--
INFO: Run Behavior\ReadHtmlCacheBehavior [ RunTime:0.000000s ]
INFO: [ app_begin ] --END-- [ RunTime:0.000000s ]
SQL: SHOW COLUMNS FROM `sd_class` [ RunTime:0.0156s ]
SQL: SHOW COLUMNS FROM `sd_class` [ RunTime:0.0000s ]
SQL: SELECT * FROM `sd_class` WHERE ( class_name = "项目系列" ) LIMIT 1   [ RunTime:0.0000s ]
SQL: SELECT * FROM `sd_class` WHERE ( pid = "12" )  [ RunTime:0.0000s ]
SQL: SHOW COLUMNS FROM `sd_content` [ RunTime:0.0000s ]
SQL: SELECT * FROM `sd_content` WHERE ( hot = 1 ) ORDER BY createtime desc LIMIT 1   [ RunTime:0.0000s ]
SQL: SHOW COLUMNS FROM `sd_doctor` [ RunTime:0.0000s ]
SQL: SELECT * FROM `sd_doctor` ORDER BY sort desc  [ RunTime:0.0000s ]
SQL: SHOW COLUMNS FROM `sd_case` [ RunTime:0.0156s ]
SQL: SELECT * FROM `sd_case` LIMIT 4   [ RunTime:0.0000s ]
INFO: [ view_parse ] --START--
INFO: [ template_filter ] --START--
INFO: Run Behavior\ContentReplaceBehavior [ RunTime:0.000000s ]
INFO: [ template_filter ] --END-- [ RunTime:0.000000s ]
INFO: Run Behavior\ParseTemplateBehavior [ RunTime:0.031251s ]
INFO: [ view_parse ] --END-- [ RunTime:0.031251s ]
INFO: [ view_filter ] --START--
INFO: Run Behavior\WriteHtmlCacheBehavior [ RunTime:0.000000s ]
INFO: [ view_filter ] --END-- [ RunTime:0.000000s ]
INFO: [ app_end ] --START--
INFO: Run Behavior\ShowPageTraceBehavior [ RunTime:0.000000s ]
INFO: [ app_end ] --END-- [ RunTime:0.000000s ]

[ 2016-09-29T10:32:53+08:00 ] 61.50.106.246 /Home/Index/band_info/id/157
INFO: [ app_init ] --START--
INFO: Run Behavior\BuildLiteBehavior [ RunTime:0.000000s ]
INFO: [ app_init ] --END-- [ RunTime:0.000000s ]
INFO: [ app_begin ] --START--
INFO: Run Behavior\ReadHtmlCacheBehavior [ RunTime:0.000000s ]
INFO: [ app_begin ] --END-- [ RunTime:0.000000s ]
SQL: SHOW COLUMNS FROM `sd_class` [ RunTime:0.0000s ]
SQL: SHOW COLUMNS FROM `sd_content` [ RunTime:0.0156s ]
SQL: SELECT * FROM `sd_content` WHERE ( related = 1 ) LIMIT 6   [ RunTime:0.0000s ]
SQL: SHOW COLUMNS FROM `sd_doctor` [ RunTime:0.0000s ]
SQL: SELECT * FROM `sd_doctor` ORDER BY sort desc LIMIT 3   [ RunTime:0.0000s ]
SQL: SHOW COLUMNS FROM `sd_case` [ RunTime:0.0000s ]
SQL: SELECT * FROM `sd_case` ORDER BY sort desc LIMIT 1   [ RunTime:0.0000s ]
SQL: SELECT * FROM `sd_content` WHERE ( id = "157" ) LIMIT 1   [ RunTime:0.0000s ]
SQL: SHOW COLUMNS FROM `sd_class` [ RunTime:0.0000s ]
SQL: SELECT * FROM `sd_class` WHERE ( pid = "110" ) LIMIT 1   [ RunTime:0.0000s ]
SQL: SELECT * FROM `sd_class` WHERE ( class_name = "新闻动态" ) LIMIT 1   [ RunTime:0.0000s ]
SQL: UPDATE `sd_content` SET `read_num`='467' WHERE ( id = "157" ) [ RunTime:0.0000s ]
INFO: [ view_parse ] --START--
INFO: [ template_filter ] --START--
INFO: Run Behavior\ContentReplaceBehavior [ RunTime:0.000000s ]
INFO: [ template_filter ] --END-- [ RunTime:0.000000s ]
INFO: Run Behavior\ParseTemplateBehavior [ RunTime:0.031252s ]
INFO: [ view_parse ] --END-- [ RunTime:0.031252s ]
INFO: [ view_filter ] --START--
INFO: Run Behavior\WriteHtmlCacheBehavior [ RunTime:0.000000s ]
INFO: [ view_filter ] --END-- [ RunTime:0.000000s ]
INFO: [ app_end ] --START--
INFO: Run Behavior\ShowPageTraceBehavior [ RunTime:0.000000s ]
INFO: [ app_end ] --END-- [ RunTime:0.000000s ]

[ 2016-09-29T10:34:39+08:00 ] 180.153.214.199 /Home/Index/doctor_info/id/12
INFO: [ app_init ] --START--
INFO: Run Behavior\BuildLiteBehavior [ RunTime:0.000000s ]
INFO: [ app_init ] --END-- [ RunTime:0.000000s ]
INFO: [ app_begin ] --START--
INFO: Run Behavior\ReadHtmlCacheBehavior [ RunTime:0.000000s ]
INFO: [ app_begin ] --END-- [ RunTime:0.000000s ]
SQL: SHOW COLUMNS FROM `sd_class` [ RunTime:0.0000s ]
SQL: SHOW COLUMNS FROM `sd_doctor` [ RunTime:0.0000s ]
SQL: SELECT * FROM `sd_doctor` WHERE ( id = "12" ) LIMIT 1   [ RunTime:0.0000s ]
NOTIC: [8] Undefined index: honor C:\www\hyuzx\Application\Home\Controller\IndexController.class.php 第 249 行.
NOTIC: [8] Undefined offset: 1 C:\www\hyuzx\Application\Home\Controller\IndexController.class.php 第 253 行.
SQL: SHOW COLUMNS FROM `sd_class` [ RunTime:0.0000s ]
SQL: SELECT * FROM `sd_class` WHERE ( class_name = "医疗团队" ) LIMIT 1   [ RunTime:0.0000s ]
INFO: [ view_parse ] --START--
INFO: [ template_filter ] --START--
INFO: Run Behavior\ContentReplaceBehavior [ RunTime:0.000000s ]
INFO: [ template_filter ] --END-- [ RunTime:0.000000s ]
INFO: Run Behavior\ParseTemplateBehavior [ RunTime:0.031251s ]
INFO: [ view_parse ] --END-- [ RunTime:0.031251s ]
INFO: [ view_filter ] --START--
INFO: Run Behavior\WriteHtmlCacheBehavior [ RunTime:0.000000s ]
INFO: [ view_filter ] --END-- [ RunTime:0.000000s ]
INFO: [ app_end ] --START--
INFO: Run Behavior\ShowPageTraceBehavior [ RunTime:0.000000s ]
INFO: [ app_end ] --END-- [ RunTime:0.000000s ]

[ 2016-09-29T12:00:20+08:00 ] 61.50.106.246 /
INFO: [ app_init ] --START--
INFO: Run Behavior\BuildLiteBehavior [ RunTime:0.000000s ]
INFO: [ app_init ] --END-- [ RunTime:0.000000s ]
INFO: [ app_begin ] --START--
INFO: Run Behavior\ReadHtmlCacheBehavior [ RunTime:0.000000s ]
INFO: [ app_begin ] --END-- [ RunTime:0.000000s ]
SQL: SHOW COLUMNS FROM `sd_class` [ RunTime:0.0000s ]
SQL: SHOW COLUMNS FROM `sd_class` [ RunTime:0.0000s ]
SQL: SELECT * FROM `sd_class` WHERE ( class_name = "项目系列" ) LIMIT 1   [ RunTime:0.0000s ]
SQL: SELECT * FROM `sd_class` WHERE ( pid = "12" )  [ RunTime:0.0000s ]
SQL: SHOW COLUMNS FROM `sd_content` [ RunTime:0.0000s ]
SQL: SELECT * FROM `sd_content` WHERE ( hot = 1 ) ORDER BY createtime desc LIMIT 1   [ RunTime:0.0000s ]
SQL: SHOW COLUMNS FROM `sd_doctor` [ RunTime:0.0000s ]
SQL: SELECT * FROM `sd_doctor` ORDER BY sort desc  [ RunTime:0.0000s ]
SQL: SHOW COLUMNS FROM `sd_case` [ RunTime:0.0156s ]
SQL: SELECT * FROM `sd_case` LIMIT 4   [ RunTime:0.0000s ]
INFO: [ view_parse ] --START--
INFO: [ template_filter ] --START--
INFO: Run Behavior\ContentReplaceBehavior [ RunTime:0.000000s ]
INFO: [ template_filter ] --END-- [ RunTime:0.000000s ]
INFO: Run Behavior\ParseTemplateBehavior [ RunTime:0.031251s ]
INFO: [ view_parse ] --END-- [ RunTime:0.031251s ]
INFO: [ view_filter ] --START--
INFO: Run Behavior\WriteHtmlCacheBehavior [ RunTime:0.000000s ]
INFO: [ view_filter ] --END-- [ RunTime:0.000000s ]
INFO: [ app_end ] --START--
INFO: Run Behavior\ShowPageTraceBehavior [ RunTime:0.000000s ]
INFO: [ app_end ] --END-- [ RunTime:0.000000s ]

[ 2016-09-29T12:28:47+08:00 ] 61.50.106.246 /
INFO: [ app_init ] --START--
INFO: Run Behavior\BuildLiteBehavior [ RunTime:0.000000s ]
INFO: [ app_init ] --END-- [ RunTime:0.000000s ]
INFO: [ app_begin ] --START--
INFO: Run Behavior\ReadHtmlCacheBehavior [ RunTime:0.000000s ]
INFO: [ app_begin ] --END-- [ RunTime:0.000000s ]
SQL: SHOW COLUMNS FROM `sd_class` [ RunTime:0.0000s ]
SQL: SHOW COLUMNS FROM `sd_class` [ RunTime:0.0000s ]
SQL: SELECT * FROM `sd_class` WHERE ( class_name = "项目系列" ) LIMIT 1   [ RunTime:0.0000s ]
SQL: SELECT * FROM `sd_class` WHERE ( pid = "12" )  [ RunTime:0.0000s ]
SQL: SHOW COLUMNS FROM `sd_content` [ RunTime:0.0000s ]
SQL: SELECT * FROM `sd_content` WHERE ( hot = 1 ) ORDER BY createtime desc LIMIT 1   [ RunTime:0.0000s ]
SQL: SHOW COLUMNS FROM `sd_doctor` [ RunTime:0.0000s ]
SQL: SELECT * FROM `sd_doctor` ORDER BY sort desc  [ RunTime:0.0000s ]
SQL: SHOW COLUMNS FROM `sd_case` [ RunTime:0.0156s ]
SQL: SELECT * FROM `sd_case` LIMIT 4   [ RunTime:0.0000s ]
INFO: [ view_parse ] --START--
INFO: [ template_filter ] --START--
INFO: Run Behavior\ContentReplaceBehavior [ RunTime:0.000000s ]
INFO: [ template_filter ] --END-- [ RunTime:0.000000s ]
INFO: Run Behavior\ParseTemplateBehavior [ RunTime:0.031251s ]
INFO: [ view_parse ] --END-- [ RunTime:0.031251s ]
INFO: [ view_filter ] --START--
INFO: Run Behavior\WriteHtmlCacheBehavior [ RunTime:0.000000s ]
INFO: [ view_filter ] --END-- [ RunTime:0.000000s ]
INFO: [ app_end ] --START--
INFO: Run Behavior\ShowPageTraceBehavior [ RunTime:0.000000s ]
INFO: [ app_end ] --END-- [ RunTime:0.000000s ]

[ 2016-09-29T12:31:07+08:00 ] 61.50.106.246 /
INFO: [ app_init ] --START--
INFO: Run Behavior\BuildLiteBehavior [ RunTime:0.000000s ]
INFO: [ app_init ] --END-- [ RunTime:0.000000s ]
INFO: [ app_begin ] --START--
INFO: Run Behavior\ReadHtmlCacheBehavior [ RunTime:0.000000s ]
INFO: [ app_begin ] --END-- [ RunTime:0.000000s ]
SQL: SHOW COLUMNS FROM `sd_class` [ RunTime:0.0000s ]
SQL: SHOW COLUMNS FROM `sd_class` [ RunTime:0.0000s ]
SQL: SELECT * FROM `sd_class` WHERE ( class_name = "项目系列" ) LIMIT 1   [ RunTime:0.0000s ]
SQL: SELECT * FROM `sd_class` WHERE ( pid = "12" )  [ RunTime:0.0000s ]
SQL: SHOW COLUMNS FROM `sd_content` [ RunTime:0.0000s ]
SQL: SELECT * FROM `sd_content` WHERE ( hot = 1 ) ORDER BY createtime desc LIMIT 1   [ RunTime:0.0000s ]
SQL: SHOW COLUMNS FROM `sd_doctor` [ RunTime:0.0000s ]
SQL: SELECT * FROM `sd_doctor` ORDER BY sort desc  [ RunTime:0.0000s ]
SQL: SHOW COLUMNS FROM `sd_case` [ RunTime:0.0156s ]
SQL: SELECT * FROM `sd_case` LIMIT 4   [ RunTime:0.0000s ]
INFO: [ view_parse ] --START--
INFO: [ template_filter ] --START--
INFO: Run Behavior\ContentReplaceBehavior [ RunTime:0.000000s ]
INFO: [ template_filter ] --END-- [ RunTime:0.000000s ]
INFO: Run Behavior\ParseTemplateBehavior [ RunTime:0.031251s ]
INFO: [ view_parse ] --END-- [ RunTime:0.031251s ]
INFO: [ view_filter ] --START--
INFO: Run Behavior\WriteHtmlCacheBehavior [ RunTime:0.000000s ]
INFO: [ view_filter ] --END-- [ RunTime:0.000000s ]
INFO: [ app_end ] --START--
INFO: Run Behavior\ShowPageTraceBehavior [ RunTime:0.000000s ]
INFO: [ app_end ] --END-- [ RunTime:0.000000s ]

[ 2016-09-29T12:36:29+08:00 ] 61.50.106.246 /
INFO: [ app_init ] --START--
INFO: Run Behavior\BuildLiteBehavior [ RunTime:0.000000s ]
INFO: [ app_init ] --END-- [ RunTime:0.000000s ]
INFO: [ app_begin ] --START--
INFO: Run Behavior\ReadHtmlCacheBehavior [ RunTime:0.000000s ]
INFO: [ app_begin ] --END-- [ RunTime:0.000000s ]
SQL: SHOW COLUMNS FROM `sd_class` [ RunTime:0.0000s ]
SQL: SHOW COLUMNS FROM `sd_class` [ RunTime:0.0000s ]
SQL: SELECT * FROM `sd_class` WHERE ( class_name = "项目系列" ) LIMIT 1   [ RunTime:0.0000s ]
SQL: SELECT * FROM `sd_class` WHERE ( pid = "12" )  [ RunTime:0.0000s ]
SQL: SHOW COLUMNS FROM `sd_content` [ RunTime:0.0000s ]
SQL: SELECT * FROM `sd_content` WHERE ( hot = 1 ) ORDER BY createtime desc LIMIT 1   [ RunTime:0.0156s ]
SQL: SHOW COLUMNS FROM `sd_doctor` [ RunTime:0.0000s ]
SQL: SELECT * FROM `sd_doctor` ORDER BY sort desc  [ RunTime:0.0000s ]
SQL: SHOW COLUMNS FROM `sd_case` [ RunTime:0.0000s ]
SQL: SELECT * FROM `sd_case` LIMIT 4   [ RunTime:0.0000s ]
INFO: [ view_parse ] --START--
INFO: [ template_filter ] --START--
INFO: Run Behavior\ContentReplaceBehavior [ RunTime:0.000000s ]
INFO: [ template_filter ] --END-- [ RunTime:0.000000s ]
INFO: Run Behavior\ParseTemplateBehavior [ RunTime:0.046876s ]
INFO: [ view_parse ] --END-- [ RunTime:0.046876s ]
INFO: [ view_filter ] --START--
INFO: Run Behavior\WriteHtmlCacheBehavior [ RunTime:0.000000s ]
INFO: [ view_filter ] --END-- [ RunTime:0.000000s ]
INFO: [ app_end ] --START--
INFO: Run Behavior\ShowPageTraceBehavior [ RunTime:0.000000s ]
INFO: [ app_end ] --END-- [ RunTime:0.000000s ]

[ 2016-09-29T12:57:10+08:00 ] 61.50.106.246 /
INFO: [ app_init ] --START--
INFO: Run Behavior\BuildLiteBehavior [ RunTime:0.000000s ]
INFO: [ app_init ] --END-- [ RunTime:0.000000s ]
INFO: [ app_begin ] --START--
INFO: Run Behavior\ReadHtmlCacheBehavior [ RunTime:0.000000s ]
INFO: [ app_begin ] --END-- [ RunTime:0.000000s ]
SQL: SHOW COLUMNS FROM `sd_class` [ RunTime:0.0000s ]
SQL: SHOW COLUMNS FROM `sd_class` [ RunTime:0.0000s ]
SQL: SELECT * FROM `sd_class` WHERE ( class_name = "项目系列" ) LIMIT 1   [ RunTime:0.0000s ]
SQL: SELECT * FROM `sd_class` WHERE ( pid = "12" )  [ RunTime:0.0000s ]
SQL: SHOW COLUMNS FROM `sd_content` [ RunTime:0.0156s ]
SQL: SELECT * FROM `sd_content` WHERE ( hot = 1 ) ORDER BY createtime desc LIMIT 1   [ RunTime:0.0000s ]
SQL: SHOW COLUMNS FROM `sd_doctor` [ RunTime:0.0000s ]
SQL: SELECT * FROM `sd_doctor` ORDER BY sort desc  [ RunTime:0.0000s ]
SQL: SHOW COLUMNS FROM `sd_case` [ RunTime:0.0000s ]
SQL: SELECT * FROM `sd_case` LIMIT 4   [ RunTime:0.0000s ]
INFO: [ view_parse ] --START--
INFO: [ template_filter ] --START--
INFO: Run Behavior\ContentReplaceBehavior [ RunTime:0.000000s ]
INFO: [ template_filter ] --END-- [ RunTime:0.000000s ]
INFO: Run Behavior\ParseTemplateBehavior [ RunTime:0.046876s ]
INFO: [ view_parse ] --END-- [ RunTime:0.046876s ]
INFO: [ view_filter ] --START--
INFO: Run Behavior\WriteHtmlCacheBehavior [ RunTime:0.000000s ]
INFO: [ view_filter ] --END-- [ RunTime:0.000000s ]
INFO: [ app_end ] --START--
INFO: Run Behavior\ShowPageTraceBehavior [ RunTime:0.000000s ]
INFO: [ app_end ] --END-- [ RunTime:0.000000s ]

[ 2016-09-29T12:58:46+08:00 ] 61.50.106.246 /
INFO: [ app_init ] --START--
INFO: Run Behavior\BuildLiteBehavior [ RunTime:0.000000s ]
INFO: [ app_init ] --END-- [ RunTime:0.000000s ]
INFO: [ app_begin ] --START--
INFO: Run Behavior\ReadHtmlCacheBehavior [ RunTime:0.000000s ]
INFO: [ app_begin ] --END-- [ RunTime:0.000000s ]
SQL: SHOW COLUMNS FROM `sd_class` [ RunTime:0.0000s ]
SQL: SHOW COLUMNS FROM `sd_class` [ RunTime:0.0000s ]
SQL: SELECT * FROM `sd_class` WHERE ( class_name = "项目系列" ) LIMIT 1   [ RunTime:0.0000s ]
SQL: SELECT * FROM `sd_class` WHERE ( pid = "12" )  [ RunTime:0.0000s ]
SQL: SHOW COLUMNS FROM `sd_content` [ RunTime:0.0000s ]
SQL: SELECT * FROM `sd_content` WHERE ( hot = 1 ) ORDER BY createtime desc LIMIT 1   [ RunTime:0.0000s ]
SQL: SHOW COLUMNS FROM `sd_doctor` [ RunTime:0.0000s ]
SQL: SELECT * FROM `sd_doctor` ORDER BY sort desc  [ RunTime:0.0000s ]
SQL: SHOW COLUMNS FROM `sd_case` [ RunTime:0.0156s ]
SQL: SELECT * FROM `sd_case` LIMIT 4   [ RunTime:0.0000s ]
INFO: [ view_parse ] --START--
INFO: [ template_filter ] --START--
INFO: Run Behavior\ContentReplaceBehavior [ RunTime:0.000000s ]
INFO: [ template_filter ] --END-- [ RunTime:0.000000s ]
INFO: Run Behavior\ParseTemplateBehavior [ RunTime:0.031251s ]
INFO: [ view_parse ] --END-- [ RunTime:0.031251s ]
INFO: [ view_filter ] --START--
INFO: Run Behavior\WriteHtmlCacheBehavior [ RunTime:0.000000s ]
INFO: [ view_filter ] --END-- [ RunTime:0.000000s ]
INFO: [ app_end ] --START--
INFO: Run Behavior\ShowPageTraceBehavior [ RunTime:0.000000s ]
INFO: [ app_end ] --END-- [ RunTime:0.000000s ]

[ 2016-09-29T13:51:38+08:00 ] 61.50.106.246 /
INFO: [ app_init ] --START--
INFO: Run Behavior\BuildLiteBehavior [ RunTime:0.000000s ]
INFO: [ app_init ] --END-- [ RunTime:0.000000s ]
INFO: [ app_begin ] --START--
INFO: Run Behavior\ReadHtmlCacheBehavior [ RunTime:0.000000s ]
INFO: [ app_begin ] --END-- [ RunTime:0.000000s ]
SQL: SHOW COLUMNS FROM `sd_class` [ RunTime:0.0000s ]
SQL: SHOW COLUMNS FROM `sd_class` [ RunTime:0.0000s ]
SQL: SELECT * FROM `sd_class` WHERE ( class_name = "项目系列" ) LIMIT 1   [ RunTime:0.0000s ]
SQL: SELECT * FROM `sd_class` WHERE ( pid = "12" )  [ RunTime:0.0000s ]
SQL: SHOW COLUMNS FROM `sd_content` [ RunTime:0.0156s ]
SQL: SELECT * FROM `sd_content` WHERE ( hot = 1 ) ORDER BY createtime desc LIMIT 1   [ RunTime:0.0000s ]
SQL: SHOW COLUMNS FROM `sd_doctor` [ RunTime:0.0000s ]
SQL: SELECT * FROM `sd_doctor` ORDER BY sort desc  [ RunTime:0.0000s ]
SQL: SHOW COLUMNS FROM `sd_case` [ RunTime:0.0000s ]
SQL: SELECT * FROM `sd_case` LIMIT 4   [ RunTime:0.0000s ]
INFO: [ view_parse ] --START--
INFO: [ template_filter ] --START--
INFO: Run Behavior\ContentReplaceBehavior [ RunTime:0.000000s ]
INFO: [ template_filter ] --END-- [ RunTime:0.000000s ]
INFO: Run Behavior\ParseTemplateBehavior [ RunTime:0.046877s ]
INFO: [ view_parse ] --END-- [ RunTime:0.046877s ]
INFO: [ view_filter ] --START--
INFO: Run Behavior\WriteHtmlCacheBehavior [ RunTime:0.000000s ]
INFO: [ view_filter ] --END-- [ RunTime:0.000000s ]
INFO: [ app_end ] --START--
INFO: Run Behavior\ShowPageTraceBehavior [ RunTime:0.000000s ]
INFO: [ app_end ] --END-- [ RunTime:0.000000s ]

