[ 2016-09-16T06:29:43+08:00 ] 42.156.251.188 /
INFO: [ app_init ] --START--
INFO: Run Behavior\BuildLiteBehavior [ RunTime:0.000000s ]
INFO: [ app_init ] --END-- [ RunTime:0.000000s ]
INFO: [ app_begin ] --START--
INFO: Run Behavior\ReadHtmlCacheBehavior [ RunTime:0.000000s ]
INFO: [ app_begin ] --END-- [ RunTime:0.000000s ]
SQL: SHOW COLUMNS FROM `sd_class` [ RunTime:0.0000s ]
SQL: SHOW COLUMNS FROM `sd_class` [ RunTime:0.0156s ]
SQL: SELECT * FROM `sd_class` WHERE ( class_name = "项目系列" ) LIMIT 1   [ RunTime:0.0000s ]
SQL: SELECT * FROM `sd_class` WHERE ( pid = "12" )  [ RunTime:0.0000s ]
SQL: SHOW COLUMNS FROM `sd_content` [ RunTime:0.0000s ]
SQL: SELECT * FROM `sd_content` WHERE ( hot = 1 ) ORDER BY createtime desc LIMIT 1   [ RunTime:0.0000s ]
SQL: SHOW COLUMNS FROM `sd_doctor` [ RunTime:0.0000s ]
SQL: SELECT * FROM `sd_doctor` ORDER BY sort desc  [ RunTime:0.0000s ]
SQL: SHOW COLUMNS FROM `sd_case` [ RunTime:0.0000s ]
SQL: SELECT * FROM `sd_case` LIMIT 4   [ RunTime:0.0000s ]
INFO: [ view_parse ] --START--
INFO: [ template_filter ] --START--
INFO: Run Behavior\ContentReplaceBehavior [ RunTime:0.000000s ]
INFO: [ template_filter ] --END-- [ RunTime:0.000000s ]
INFO: Run Behavior\ParseTemplateBehavior [ RunTime:0.046877s ]
INFO: [ view_parse ] --END-- [ RunTime:0.046877s ]
INFO: [ view_filter ] --START--
INFO: Run Behavior\WriteHtmlCacheBehavior [ RunTime:0.000000s ]
INFO: [ view_filter ] --END-- [ RunTime:0.000000s ]

[ 2016-09-16T09:04:52+08:00 ] 61.50.106.246 /
INFO: [ app_init ] --START--
INFO: Run Behavior\BuildLiteBehavior [ RunTime:0.000000s ]
INFO: [ app_init ] --END-- [ RunTime:0.000000s ]
INFO: [ app_begin ] --START--
INFO: Run Behavior\ReadHtmlCacheBehavior [ RunTime:0.000000s ]
INFO: [ app_begin ] --END-- [ RunTime:0.000000s ]
SQL: SHOW COLUMNS FROM `sd_class` [ RunTime:0.0000s ]
SQL: SHOW COLUMNS FROM `sd_class` [ RunTime:0.0000s ]
SQL: SELECT * FROM `sd_class` WHERE ( class_name = "项目系列" ) LIMIT 1   [ RunTime:0.0000s ]
SQL: SELECT * FROM `sd_class` WHERE ( pid = "12" )  [ RunTime:0.0000s ]
SQL: SHOW COLUMNS FROM `sd_content` [ RunTime:0.0000s ]
SQL: SELECT * FROM `sd_content` WHERE ( hot = 1 ) ORDER BY createtime desc LIMIT 1   [ RunTime:0.0000s ]
SQL: SHOW COLUMNS FROM `sd_doctor` [ RunTime:0.0000s ]
SQL: SELECT * FROM `sd_doctor` ORDER BY sort desc  [ RunTime:0.0000s ]
SQL: SHOW COLUMNS FROM `sd_case` [ RunTime:0.0156s ]
SQL: SELECT * FROM `sd_case` LIMIT 4   [ RunTime:0.0000s ]
INFO: [ view_parse ] --START--
INFO: [ template_filter ] --START--
INFO: Run Behavior\ContentReplaceBehavior [ RunTime:0.000000s ]
INFO: [ template_filter ] --END-- [ RunTime:0.000000s ]
INFO: Run Behavior\ParseTemplateBehavior [ RunTime:0.031251s ]
INFO: [ view_parse ] --END-- [ RunTime:0.031251s ]
INFO: [ view_filter ] --START--
INFO: Run Behavior\WriteHtmlCacheBehavior [ RunTime:0.000000s ]
INFO: [ view_filter ] --END-- [ RunTime:0.000000s ]

[ 2016-09-16T09:05:15+08:00 ] 61.50.106.246 /Home/Index/case_info.html
INFO: [ app_init ] --START--
INFO: Run Behavior\BuildLiteBehavior [ RunTime:0.000000s ]
INFO: [ app_init ] --END-- [ RunTime:0.000000s ]
INFO: [ app_begin ] --START--
INFO: Run Behavior\ReadHtmlCacheBehavior [ RunTime:0.000000s ]
INFO: [ app_begin ] --END-- [ RunTime:0.000000s ]
SQL: SHOW COLUMNS FROM `sd_class` [ RunTime:0.0000s ]
SQL: SHOW COLUMNS FROM `sd_case` [ RunTime:0.0156s ]
SQL: SELECT * FROM `sd_case` WHERE ( id = "10" ) LIMIT 1   [ RunTime:0.0000s ]
SQL: SHOW COLUMNS FROM `sd_content` [ RunTime:0.0000s ]
SQL: SELECT * FROM `sd_content` WHERE ( related = 1 ) ORDER BY sort desc LIMIT 6   [ RunTime:0.0000s ]
SQL: SHOW COLUMNS FROM `sd_doctor` [ RunTime:0.0000s ]
SQL: SELECT * FROM `sd_doctor` WHERE ( related = 1 ) ORDER BY sort desc LIMIT 5   [ RunTime:0.0000s ]
SQL: SELECT * FROM `sd_case` WHERE ( related = 1 and id <> "10" ) ORDER BY sort desc LIMIT 3   [ RunTime:0.0000s ]
SQL: SELECT * FROM `sd_case` WHERE ( id = "10" )  [ RunTime:0.0000s ]
SQL: SELECT * FROM `sd_case` WHERE ( id <> "10" )  [ RunTime:0.0156s ]
SQL: SELECT * FROM `sd_class` WHERE ( class_name = "焕誉案例" ) LIMIT 1   [ RunTime:0.0000s ]
INFO: [ view_parse ] --START--
INFO: [ template_filter ] --START--
INFO: Run Behavior\ContentReplaceBehavior [ RunTime:0.000000s ]
INFO: [ template_filter ] --END-- [ RunTime:0.000000s ]
INFO: Run Behavior\ParseTemplateBehavior [ RunTime:0.031251s ]
INFO: [ view_parse ] --END-- [ RunTime:0.031251s ]
INFO: [ view_filter ] --START--
INFO: Run Behavior\WriteHtmlCacheBehavior [ RunTime:0.000000s ]
INFO: [ view_filter ] --END-- [ RunTime:0.000000s ]
INFO: [ app_end ] --START--
INFO: Run Behavior\ShowPageTraceBehavior [ RunTime:0.000000s ]
INFO: [ app_end ] --END-- [ RunTime:0.000000s ]

[ 2016-09-16T09:05:18+08:00 ] 61.50.106.246 /Home/Index/band_info/id/157.html
INFO: [ app_init ] --START--
INFO: Run Behavior\BuildLiteBehavior [ RunTime:0.000000s ]
INFO: [ app_init ] --END-- [ RunTime:0.000000s ]
INFO: [ app_begin ] --START--
INFO: Run Behavior\ReadHtmlCacheBehavior [ RunTime:0.000000s ]
INFO: [ app_begin ] --END-- [ RunTime:0.000000s ]
SQL: SHOW COLUMNS FROM `sd_class` [ RunTime:0.0000s ]
SQL: SHOW COLUMNS FROM `sd_content` [ RunTime:0.0000s ]
SQL: SELECT * FROM `sd_content` WHERE ( related = 1 ) LIMIT 6   [ RunTime:0.0000s ]
SQL: SHOW COLUMNS FROM `sd_doctor` [ RunTime:0.0000s ]
SQL: SELECT * FROM `sd_doctor` ORDER BY sort desc LIMIT 3   [ RunTime:0.0000s ]
SQL: SHOW COLUMNS FROM `sd_case` [ RunTime:0.0000s ]
SQL: SELECT * FROM `sd_case` ORDER BY sort desc LIMIT 1   [ RunTime:0.0000s ]
SQL: SELECT * FROM `sd_content` WHERE ( id = "157" ) LIMIT 1   [ RunTime:0.0156s ]
SQL: SHOW COLUMNS FROM `sd_class` [ RunTime:0.0000s ]
SQL: SELECT * FROM `sd_class` WHERE ( pid = "110" ) LIMIT 1   [ RunTime:0.0000s ]
SQL: SELECT * FROM `sd_class` WHERE ( class_name = "新闻动态" ) LIMIT 1   [ RunTime:0.0000s ]
SQL: UPDATE `sd_content` SET `read_num`='425' WHERE ( id = "157" ) [ RunTime:0.0000s ]
INFO: [ view_parse ] --START--
INFO: [ template_filter ] --START--
INFO: Run Behavior\ContentReplaceBehavior [ RunTime:0.000000s ]
INFO: [ template_filter ] --END-- [ RunTime:0.000000s ]
INFO: Run Behavior\ParseTemplateBehavior [ RunTime:0.015626s ]
INFO: [ view_parse ] --END-- [ RunTime:0.015626s ]
INFO: [ view_filter ] --START--
INFO: Run Behavior\WriteHtmlCacheBehavior [ RunTime:0.000000s ]
INFO: [ view_filter ] --END-- [ RunTime:0.000000s ]
INFO: [ app_end ] --START--
INFO: Run Behavior\ShowPageTraceBehavior [ RunTime:0.000000s ]
INFO: [ app_end ] --END-- [ RunTime:0.000000s ]

[ 2016-09-16T09:05:25+08:00 ] 61.50.106.246 /Home/Index/new_info/id/15.html
INFO: [ app_init ] --START--
INFO: Run Behavior\BuildLiteBehavior [ RunTime:0.000000s ]
INFO: [ app_init ] --END-- [ RunTime:0.000000s ]
INFO: [ app_begin ] --START--
INFO: Run Behavior\ReadHtmlCacheBehavior [ RunTime:0.000000s ]
INFO: [ app_begin ] --END-- [ RunTime:0.000000s ]
SQL: SHOW COLUMNS FROM `sd_class` [ RunTime:0.0000s ]
SQL: SHOW COLUMNS FROM `sd_content` [ RunTime:0.0000s ]
SQL: SELECT * FROM `sd_content` WHERE ( id = "15" ) LIMIT 1   [ RunTime:0.0000s ]
SQL: SELECT * FROM `sd_content` WHERE ( cid = "15" ) LIMIT 1   [ RunTime:0.0000s ]
SQL: UPDATE `sd_content` SET `read_num`='288' WHERE ( id = "91" ) [ RunTime:0.0000s ]
SQL: SELECT * FROM `sd_content` WHERE ( related = 1 ) LIMIT 6   [ RunTime:0.0000s ]
SQL: SHOW COLUMNS FROM `sd_doctor` [ RunTime:0.0000s ]
SQL: SELECT * FROM `sd_doctor` ORDER BY sort desc LIMIT 3   [ RunTime:0.0000s ]
SQL: SHOW COLUMNS FROM `sd_case` [ RunTime:0.0156s ]
SQL: SELECT * FROM `sd_case` ORDER BY sort desc LIMIT 1   [ RunTime:0.0000s ]
INFO: [ view_parse ] --START--
INFO: [ template_filter ] --START--
INFO: Run Behavior\ContentReplaceBehavior [ RunTime:0.000000s ]
INFO: [ template_filter ] --END-- [ RunTime:0.000000s ]
NOTIC: [8] Undefined variable: class_info C:\www\hyuzx\Application\Runtime\Cache\Home\0c2b5ac594521f7bbb8ef863bbea221b.php 第 5 行.
INFO: Run Behavior\ParseTemplateBehavior [ RunTime:0.015626s ]
INFO: [ view_parse ] --END-- [ RunTime:0.015626s ]
INFO: [ view_filter ] --START--
INFO: Run Behavior\WriteHtmlCacheBehavior [ RunTime:0.000000s ]
INFO: [ view_filter ] --END-- [ RunTime:0.000000s ]
INFO: [ app_end ] --START--
INFO: Run Behavior\ShowPageTraceBehavior [ RunTime:0.000000s ]
INFO: [ app_end ] --END-- [ RunTime:0.000000s ]

[ 2016-09-16T09:08:01+08:00 ] 180.153.214.176 /
INFO: [ app_init ] --START--
INFO: Run Behavior\BuildLiteBehavior [ RunTime:0.000000s ]
INFO: [ app_init ] --END-- [ RunTime:0.000000s ]
INFO: [ app_begin ] --START--
INFO: Run Behavior\ReadHtmlCacheBehavior [ RunTime:0.000000s ]
INFO: [ app_begin ] --END-- [ RunTime:0.000000s ]
SQL: SHOW COLUMNS FROM `sd_class` [ RunTime:0.0000s ]
SQL: SHOW COLUMNS FROM `sd_class` [ RunTime:0.0000s ]
SQL: SELECT * FROM `sd_class` WHERE ( class_name = "项目系列" ) LIMIT 1   [ RunTime:0.0000s ]
SQL: SELECT * FROM `sd_class` WHERE ( pid = "12" )  [ RunTime:0.0000s ]
SQL: SHOW COLUMNS FROM `sd_content` [ RunTime:0.0000s ]
SQL: SELECT * FROM `sd_content` WHERE ( hot = 1 ) ORDER BY createtime desc LIMIT 1   [ RunTime:0.0000s ]
SQL: SHOW COLUMNS FROM `sd_doctor` [ RunTime:0.0156s ]
SQL: SELECT * FROM `sd_doctor` ORDER BY sort desc  [ RunTime:0.0000s ]
SQL: SHOW COLUMNS FROM `sd_case` [ RunTime:0.0000s ]
SQL: SELECT * FROM `sd_case` LIMIT 4   [ RunTime:0.0000s ]
INFO: [ view_parse ] --START--
INFO: [ template_filter ] --START--
INFO: Run Behavior\ContentReplaceBehavior [ RunTime:0.000000s ]
INFO: [ template_filter ] --END-- [ RunTime:0.000000s ]
INFO: Run Behavior\ParseTemplateBehavior [ RunTime:0.031252s ]
INFO: [ view_parse ] --END-- [ RunTime:0.031252s ]
INFO: [ view_filter ] --START--
INFO: Run Behavior\WriteHtmlCacheBehavior [ RunTime:0.000000s ]
INFO: [ view_filter ] --END-- [ RunTime:0.000000s ]

[ 2016-09-16T09:08:22+08:00 ] 101.226.89.121 /Home/Index/case_info.html
INFO: [ app_init ] --START--
INFO: Run Behavior\BuildLiteBehavior [ RunTime:0.000000s ]
INFO: [ app_init ] --END-- [ RunTime:0.000000s ]
INFO: [ app_begin ] --START--
INFO: Run Behavior\ReadHtmlCacheBehavior [ RunTime:0.000000s ]
INFO: [ app_begin ] --END-- [ RunTime:0.000000s ]
SQL: SHOW COLUMNS FROM `sd_class` [ RunTime:0.0000s ]
SQL: SHOW COLUMNS FROM `sd_case` [ RunTime:0.0000s ]
SQL: SELECT * FROM `sd_case` WHERE ( id = "10" ) LIMIT 1   [ RunTime:0.0000s ]
SQL: SHOW COLUMNS FROM `sd_content` [ RunTime:0.0000s ]
SQL: SELECT * FROM `sd_content` WHERE ( related = 1 ) ORDER BY sort desc LIMIT 6   [ RunTime:0.0000s ]
SQL: SHOW COLUMNS FROM `sd_doctor` [ RunTime:0.0156s ]
SQL: SELECT * FROM `sd_doctor` WHERE ( related = 1 ) ORDER BY sort desc LIMIT 5   [ RunTime:0.0000s ]
SQL: SELECT * FROM `sd_case` WHERE ( related = 1 and id <> "10" ) ORDER BY sort desc LIMIT 3   [ RunTime:0.0000s ]
SQL: SELECT * FROM `sd_case` WHERE ( id = "10" )  [ RunTime:0.0000s ]
SQL: SELECT * FROM `sd_case` WHERE ( id <> "10" )  [ RunTime:0.0000s ]
SQL: SELECT * FROM `sd_class` WHERE ( class_name = "焕誉案例" ) LIMIT 1   [ RunTime:0.0000s ]
INFO: [ view_parse ] --START--
INFO: [ template_filter ] --START--
INFO: Run Behavior\ContentReplaceBehavior [ RunTime:0.000000s ]
INFO: [ template_filter ] --END-- [ RunTime:0.000000s ]
INFO: Run Behavior\ParseTemplateBehavior [ RunTime:0.015625s ]
INFO: [ view_parse ] --END-- [ RunTime:0.015625s ]
INFO: [ view_filter ] --START--
INFO: Run Behavior\WriteHtmlCacheBehavior [ RunTime:0.000000s ]
INFO: [ view_filter ] --END-- [ RunTime:0.000000s ]
INFO: [ app_end ] --START--
INFO: Run Behavior\ShowPageTraceBehavior [ RunTime:0.000000s ]
INFO: [ app_end ] --END-- [ RunTime:0.000000s ]

[ 2016-09-16T09:08:26+08:00 ] 101.226.89.122 /Home/Index/band_info/id/157.html
INFO: [ app_init ] --START--
INFO: Run Behavior\BuildLiteBehavior [ RunTime:0.000000s ]
INFO: [ app_init ] --END-- [ RunTime:0.000000s ]
INFO: [ app_begin ] --START--
INFO: Run Behavior\ReadHtmlCacheBehavior [ RunTime:0.000000s ]
INFO: [ app_begin ] --END-- [ RunTime:0.000000s ]
SQL: SHOW COLUMNS FROM `sd_class` [ RunTime:0.0156s ]
SQL: SHOW COLUMNS FROM `sd_content` [ RunTime:0.0000s ]
SQL: SELECT * FROM `sd_content` WHERE ( related = 1 ) LIMIT 6   [ RunTime:0.0000s ]
SQL: SHOW COLUMNS FROM `sd_doctor` [ RunTime:0.0000s ]
SQL: SELECT * FROM `sd_doctor` ORDER BY sort desc LIMIT 3   [ RunTime:0.0000s ]
SQL: SHOW COLUMNS FROM `sd_case` [ RunTime:0.0000s ]
SQL: SELECT * FROM `sd_case` ORDER BY sort desc LIMIT 1   [ RunTime:0.0000s ]
SQL: SELECT * FROM `sd_content` WHERE ( id = "157" ) LIMIT 1   [ RunTime:0.0000s ]
SQL: SHOW COLUMNS FROM `sd_class` [ RunTime:0.0000s ]
SQL: SELECT * FROM `sd_class` WHERE ( pid = "110" ) LIMIT 1   [ RunTime:0.0000s ]
SQL: SELECT * FROM `sd_class` WHERE ( class_name = "新闻动态" ) LIMIT 1   [ RunTime:0.0000s ]
SQL: UPDATE `sd_content` SET `read_num`='426' WHERE ( id = "157" ) [ RunTime:0.0156s ]
INFO: [ view_parse ] --START--
INFO: [ template_filter ] --START--
INFO: Run Behavior\ContentReplaceBehavior [ RunTime:0.000000s ]
INFO: [ template_filter ] --END-- [ RunTime:0.000000s ]
INFO: Run Behavior\ParseTemplateBehavior [ RunTime:0.015626s ]
INFO: [ view_parse ] --END-- [ RunTime:0.015626s ]
INFO: [ view_filter ] --START--
INFO: Run Behavior\WriteHtmlCacheBehavior [ RunTime:0.000000s ]
INFO: [ view_filter ] --END-- [ RunTime:0.000000s ]
INFO: [ app_end ] --START--
INFO: Run Behavior\ShowPageTraceBehavior [ RunTime:0.000000s ]
INFO: [ app_end ] --END-- [ RunTime:0.000000s ]

[ 2016-09-16T09:08:34+08:00 ] 180.163.2.117 /Home/Index/new_info/id/15.html
INFO: [ app_init ] --START--
INFO: Run Behavior\BuildLiteBehavior [ RunTime:0.000000s ]
INFO: [ app_init ] --END-- [ RunTime:0.000000s ]
INFO: [ app_begin ] --START--
INFO: Run Behavior\ReadHtmlCacheBehavior [ RunTime:0.000000s ]
INFO: [ app_begin ] --END-- [ RunTime:0.000000s ]
SQL: SHOW COLUMNS FROM `sd_class` [ RunTime:0.0000s ]
SQL: SHOW COLUMNS FROM `sd_content` [ RunTime:0.0000s ]
SQL: SELECT * FROM `sd_content` WHERE ( id = "15" ) LIMIT 1   [ RunTime:0.0000s ]
SQL: SELECT * FROM `sd_content` WHERE ( cid = "15" ) LIMIT 1   [ RunTime:0.0000s ]
SQL: UPDATE `sd_content` SET `read_num`='289' WHERE ( id = "91" ) [ RunTime:0.0000s ]
SQL: SELECT * FROM `sd_content` WHERE ( related = 1 ) LIMIT 6   [ RunTime:0.0000s ]
SQL: SHOW COLUMNS FROM `sd_doctor` [ RunTime:0.0000s ]
SQL: SELECT * FROM `sd_doctor` ORDER BY sort desc LIMIT 3   [ RunTime:0.0000s ]
SQL: SHOW COLUMNS FROM `sd_case` [ RunTime:0.0156s ]
SQL: SELECT * FROM `sd_case` ORDER BY sort desc LIMIT 1   [ RunTime:0.0000s ]
INFO: [ view_parse ] --START--
INFO: [ template_filter ] --START--
INFO: Run Behavior\ContentReplaceBehavior [ RunTime:0.000000s ]
INFO: [ template_filter ] --END-- [ RunTime:0.000000s ]
NOTIC: [8] Undefined variable: class_info C:\www\hyuzx\Application\Runtime\Cache\Home\0c2b5ac594521f7bbb8ef863bbea221b.php 第 5 行.
INFO: Run Behavior\ParseTemplateBehavior [ RunTime:0.015625s ]
INFO: [ view_parse ] --END-- [ RunTime:0.015625s ]
INFO: [ view_filter ] --START--
INFO: Run Behavior\WriteHtmlCacheBehavior [ RunTime:0.000000s ]
INFO: [ view_filter ] --END-- [ RunTime:0.000000s ]
INFO: [ app_end ] --START--
INFO: Run Behavior\ShowPageTraceBehavior [ RunTime:0.000000s ]
INFO: [ app_end ] --END-- [ RunTime:0.000000s ]

[ 2016-09-16T13:19:50+08:00 ] 61.50.106.246 /Home/Index/band_info/id/157.html
INFO: [ app_init ] --START--
INFO: Run Behavior\BuildLiteBehavior [ RunTime:0.000000s ]
INFO: [ app_init ] --END-- [ RunTime:0.000976s ]
INFO: [ app_begin ] --START--
INFO: Run Behavior\ReadHtmlCacheBehavior [ RunTime:0.000977s ]
INFO: [ app_begin ] --END-- [ RunTime:0.000977s ]
SQL: SHOW COLUMNS FROM `sd_class` [ RunTime:0.0029s ]
SQL: SHOW COLUMNS FROM `sd_content` [ RunTime:0.0020s ]
SQL: SELECT * FROM `sd_content` WHERE ( related = 1 ) LIMIT 6   [ RunTime:0.0000s ]
SQL: SHOW COLUMNS FROM `sd_doctor` [ RunTime:0.0029s ]
SQL: SELECT * FROM `sd_doctor` ORDER BY sort desc LIMIT 3   [ RunTime:0.0010s ]
SQL: SHOW COLUMNS FROM `sd_case` [ RunTime:0.0020s ]
SQL: SELECT * FROM `sd_case` ORDER BY sort desc LIMIT 1   [ RunTime:0.0010s ]
SQL: SELECT * FROM `sd_content` WHERE ( id = "157" ) LIMIT 1   [ RunTime:0.0000s ]
SQL: SHOW COLUMNS FROM `sd_class` [ RunTime:0.0020s ]
SQL: SELECT * FROM `sd_class` WHERE ( pid = "110" ) LIMIT 1   [ RunTime:0.0010s ]
SQL: SELECT * FROM `sd_class` WHERE ( class_name = "新闻动态" ) LIMIT 1   [ RunTime:0.0000s ]
SQL: UPDATE `sd_content` SET `read_num`='427' WHERE ( id = "157" ) [ RunTime:0.0000s ]
INFO: [ view_parse ] --START--
INFO: [ template_filter ] --START--
INFO: Run Behavior\ContentReplaceBehavior [ RunTime:0.000000s ]
INFO: [ template_filter ] --END-- [ RunTime:0.000000s ]
INFO: Run Behavior\ParseTemplateBehavior [ RunTime:0.024415s ]
INFO: [ view_parse ] --END-- [ RunTime:0.024415s ]
INFO: [ view_filter ] --START--
INFO: Run Behavior\WriteHtmlCacheBehavior [ RunTime:0.000000s ]
INFO: [ view_filter ] --END-- [ RunTime:0.000000s ]
INFO: [ app_end ] --START--
INFO: Run Behavior\ShowPageTraceBehavior [ RunTime:0.000977s ]
INFO: [ app_end ] --END-- [ RunTime:0.000977s ]

[ 2016-09-16T13:19:52+08:00 ] 61.50.106.246 /Home/Index/band_info/id/155.html
INFO: [ app_init ] --START--
INFO: Run Behavior\BuildLiteBehavior [ RunTime:0.000000s ]
INFO: [ app_init ] --END-- [ RunTime:0.000000s ]
INFO: [ app_begin ] --START--
INFO: Run Behavior\ReadHtmlCacheBehavior [ RunTime:0.000977s ]
INFO: [ app_begin ] --END-- [ RunTime:0.000977s ]
SQL: SHOW COLUMNS FROM `sd_class` [ RunTime:0.0020s ]
SQL: SHOW COLUMNS FROM `sd_content` [ RunTime:0.0020s ]
SQL: SELECT * FROM `sd_content` WHERE ( related = 1 ) LIMIT 6   [ RunTime:0.0000s ]
SQL: SHOW COLUMNS FROM `sd_doctor` [ RunTime:0.0029s ]
SQL: SELECT * FROM `sd_doctor` ORDER BY sort desc LIMIT 3   [ RunTime:0.0010s ]
SQL: SHOW COLUMNS FROM `sd_case` [ RunTime:0.0029s ]
SQL: SELECT * FROM `sd_case` ORDER BY sort desc LIMIT 1   [ RunTime:0.0000s ]
SQL: SELECT * FROM `sd_content` WHERE ( id = "155" ) LIMIT 1   [ RunTime:0.0010s ]
SQL: SHOW COLUMNS FROM `sd_class` [ RunTime:0.0020s ]
SQL: SELECT * FROM `sd_class` WHERE ( pid = "11" ) LIMIT 1   [ RunTime:0.0010s ]
SQL: UPDATE `sd_content` SET `read_num`='658' WHERE ( id = "155" ) [ RunTime:0.0000s ]
INFO: [ view_parse ] --START--
INFO: [ template_filter ] --START--
INFO: Run Behavior\ContentReplaceBehavior [ RunTime:0.000000s ]
INFO: [ template_filter ] --END-- [ RunTime:0.000000s ]
INFO: Run Behavior\ParseTemplateBehavior [ RunTime:0.023439s ]
INFO: [ view_parse ] --END-- [ RunTime:0.023439s ]
INFO: [ view_filter ] --START--
INFO: Run Behavior\WriteHtmlCacheBehavior [ RunTime:0.000000s ]
INFO: [ view_filter ] --END-- [ RunTime:0.000000s ]
INFO: [ app_end ] --START--
INFO: Run Behavior\ShowPageTraceBehavior [ RunTime:0.000977s ]
INFO: [ app_end ] --END-- [ RunTime:0.000977s ]

[ 2016-09-16T13:19:57+08:00 ] 61.50.106.246 /Home/Index/come.html
INFO: [ app_init ] --START--
INFO: Run Behavior\BuildLiteBehavior [ RunTime:0.000000s ]
INFO: [ app_init ] --END-- [ RunTime:0.000000s ]
INFO: [ app_begin ] --START--
INFO: Run Behavior\ReadHtmlCacheBehavior [ RunTime:0.000000s ]
INFO: [ app_begin ] --END-- [ RunTime:0.000000s ]
SQL: SHOW COLUMNS FROM `sd_class` [ RunTime:0.0029s ]
SQL: SHOW COLUMNS FROM `sd_content` [ RunTime:0.0029s ]
SQL: SELECT * FROM `sd_content` WHERE ( related = 1 ) LIMIT 6   [ RunTime:0.0000s ]
SQL: SHOW COLUMNS FROM `sd_doctor` [ RunTime:0.0029s ]
SQL: SELECT * FROM `sd_doctor` ORDER BY sort desc LIMIT 3   [ RunTime:0.0000s ]
SQL: SHOW COLUMNS FROM `sd_case` [ RunTime:0.0020s ]
SQL: SELECT * FROM `sd_case` ORDER BY sort desc LIMIT 1   [ RunTime:0.0010s ]
INFO: [ view_parse ] --START--
INFO: [ template_filter ] --START--
INFO: Run Behavior\ContentReplaceBehavior [ RunTime:0.000000s ]
INFO: [ template_filter ] --END-- [ RunTime:0.000000s ]
NOTIC: [8] Undefined variable: class_info C:\www\hyuzx\Application\Runtime\Cache\Home\4e7e3ea8c5e282bbdf51a173cc1ccf6e.php 第 5 行.
INFO: Run Behavior\ParseTemplateBehavior [ RunTime:0.025392s ]
INFO: [ view_parse ] --END-- [ RunTime:0.025392s ]
INFO: [ view_filter ] --START--
INFO: Run Behavior\WriteHtmlCacheBehavior [ RunTime:0.000000s ]
INFO: [ view_filter ] --END-- [ RunTime:0.000000s ]
INFO: [ app_end ] --START--
INFO: Run Behavior\ShowPageTraceBehavior [ RunTime:0.000000s ]
INFO: [ app_end ] --END-- [ RunTime:0.000000s ]

[ 2016-09-16T13:20:05+08:00 ] 61.50.106.246 /Home/Index/doctor_list.html
INFO: [ app_init ] --START--
INFO: Run Behavior\BuildLiteBehavior [ RunTime:0.000000s ]
INFO: [ app_init ] --END-- [ RunTime:0.000000s ]
INFO: [ app_begin ] --START--
INFO: Run Behavior\ReadHtmlCacheBehavior [ RunTime:0.000000s ]
INFO: [ app_begin ] --END-- [ RunTime:0.000000s ]
SQL: SHOW COLUMNS FROM `sd_class` [ RunTime:0.0039s ]
SQL: SHOW COLUMNS FROM `sd_doctor` [ RunTime:0.0020s ]
SQL: SELECT * FROM `sd_doctor` ORDER BY sort desc  [ RunTime:0.0010s ]
SQL: SHOW COLUMNS FROM `sd_class` [ RunTime:0.0020s ]
SQL: SELECT * FROM `sd_class` WHERE ( class_name = "医疗团队" ) LIMIT 1   [ RunTime:0.0010s ]
INFO: [ view_parse ] --START--
INFO: [ template_filter ] --START--
INFO: Run Behavior\ContentReplaceBehavior [ RunTime:0.000000s ]
INFO: [ template_filter ] --END-- [ RunTime:0.000000s ]
INFO: Run Behavior\ParseTemplateBehavior [ RunTime:0.021486s ]
INFO: [ view_parse ] --END-- [ RunTime:0.021486s ]
INFO: [ view_filter ] --START--
INFO: Run Behavior\WriteHtmlCacheBehavior [ RunTime:0.000000s ]
INFO: [ view_filter ] --END-- [ RunTime:0.000000s ]
INFO: [ app_end ] --START--
INFO: Run Behavior\ShowPageTraceBehavior [ RunTime:0.000000s ]
INFO: [ app_end ] --END-- [ RunTime:0.000000s ]

[ 2016-09-16T13:20:10+08:00 ] 101.226.51.228 /Home/Index/band_info/id/155.html
INFO: [ app_init ] --START--
INFO: Run Behavior\BuildLiteBehavior [ RunTime:0.000000s ]
INFO: [ app_init ] --END-- [ RunTime:0.000000s ]
INFO: [ app_begin ] --START--
INFO: Run Behavior\ReadHtmlCacheBehavior [ RunTime:0.000000s ]
INFO: [ app_begin ] --END-- [ RunTime:0.000000s ]
SQL: SHOW COLUMNS FROM `sd_class` [ RunTime:0.0039s ]
SQL: SHOW COLUMNS FROM `sd_content` [ RunTime:0.0029s ]
SQL: SELECT * FROM `sd_content` WHERE ( related = 1 ) LIMIT 6   [ RunTime:0.0010s ]
SQL: SHOW COLUMNS FROM `sd_doctor` [ RunTime:0.0020s ]
SQL: SELECT * FROM `sd_doctor` ORDER BY sort desc LIMIT 3   [ RunTime:0.0000s ]
SQL: SHOW COLUMNS FROM `sd_case` [ RunTime:0.0020s ]
SQL: SELECT * FROM `sd_case` ORDER BY sort desc LIMIT 1   [ RunTime:0.0000s ]
SQL: SELECT * FROM `sd_content` WHERE ( id = "155" ) LIMIT 1   [ RunTime:0.0010s ]
SQL: SHOW COLUMNS FROM `sd_class` [ RunTime:0.0029s ]
SQL: SELECT * FROM `sd_class` WHERE ( pid = "11" ) LIMIT 1   [ RunTime:0.0000s ]
SQL: UPDATE `sd_content` SET `read_num`='659' WHERE ( id = "155" ) [ RunTime:0.0000s ]
INFO: [ view_parse ] --START--
INFO: [ template_filter ] --START--
INFO: Run Behavior\ContentReplaceBehavior [ RunTime:0.000976s ]
INFO: [ template_filter ] --END-- [ RunTime:0.000976s ]
INFO: Run Behavior\ParseTemplateBehavior [ RunTime:0.024415s ]
INFO: [ view_parse ] --END-- [ RunTime:0.024415s ]
INFO: [ view_filter ] --START--
INFO: Run Behavior\WriteHtmlCacheBehavior [ RunTime:0.000977s ]
INFO: [ view_filter ] --END-- [ RunTime:0.000977s ]
INFO: [ app_end ] --START--
INFO: Run Behavior\ShowPageTraceBehavior [ RunTime:0.000976s ]
INFO: [ app_end ] --END-- [ RunTime:0.000976s ]

[ 2016-09-16T13:22:53+08:00 ] 112.65.193.14 /Home/Index/band_info/id/155.html
INFO: [ app_init ] --START--
INFO: Run Behavior\BuildLiteBehavior [ RunTime:0.000000s ]
INFO: [ app_init ] --END-- [ RunTime:0.000000s ]
INFO: [ app_begin ] --START--
INFO: Run Behavior\ReadHtmlCacheBehavior [ RunTime:0.000000s ]
INFO: [ app_begin ] --END-- [ RunTime:0.000000s ]
SQL: SHOW COLUMNS FROM `sd_class` [ RunTime:0.0029s ]
SQL: SHOW COLUMNS FROM `sd_content` [ RunTime:0.0029s ]
SQL: SELECT * FROM `sd_content` WHERE ( related = 1 ) LIMIT 6   [ RunTime:0.0010s ]
SQL: SHOW COLUMNS FROM `sd_doctor` [ RunTime:0.0029s ]
SQL: SELECT * FROM `sd_doctor` ORDER BY sort desc LIMIT 3   [ RunTime:0.0010s ]
SQL: SHOW COLUMNS FROM `sd_case` [ RunTime:0.0029s ]
SQL: SELECT * FROM `sd_case` ORDER BY sort desc LIMIT 1   [ RunTime:0.0000s ]
SQL: SELECT * FROM `sd_content` WHERE ( id = "155" ) LIMIT 1   [ RunTime:0.0010s ]
SQL: SHOW COLUMNS FROM `sd_class` [ RunTime:0.0020s ]
SQL: SELECT * FROM `sd_class` WHERE ( pid = "11" ) LIMIT 1   [ RunTime:0.0010s ]
SQL: UPDATE `sd_content` SET `read_num`='660' WHERE ( id = "155" ) [ RunTime:0.0000s ]
INFO: [ view_parse ] --START--
INFO: [ template_filter ] --START--
INFO: Run Behavior\ContentReplaceBehavior [ RunTime:0.000000s ]
INFO: [ template_filter ] --END-- [ RunTime:0.000000s ]
INFO: Run Behavior\ParseTemplateBehavior [ RunTime:0.026369s ]
INFO: [ view_parse ] --END-- [ RunTime:0.026369s ]
INFO: [ view_filter ] --START--
INFO: Run Behavior\WriteHtmlCacheBehavior [ RunTime:0.000000s ]
INFO: [ view_filter ] --END-- [ RunTime:0.000000s ]
INFO: [ app_end ] --START--
INFO: Run Behavior\ShowPageTraceBehavior [ RunTime:0.000000s ]
INFO: [ app_end ] --END-- [ RunTime:0.000977s ]

[ 2016-09-16T13:22:53+08:00 ] 140.207.185.112 /Home/Index/band_info/id/155.html
INFO: [ app_init ] --START--
INFO: Run Behavior\BuildLiteBehavior [ RunTime:0.000000s ]
INFO: [ app_init ] --END-- [ RunTime:0.000000s ]
INFO: [ app_begin ] --START--
INFO: Run Behavior\ReadHtmlCacheBehavior [ RunTime:0.000977s ]
INFO: [ app_begin ] --END-- [ RunTime:0.000977s ]
SQL: SHOW COLUMNS FROM `sd_class` [ RunTime:0.0029s ]
SQL: SHOW COLUMNS FROM `sd_content` [ RunTime:0.0029s ]
SQL: SELECT * FROM `sd_content` WHERE ( related = 1 ) LIMIT 6   [ RunTime:0.0000s ]
SQL: SHOW COLUMNS FROM `sd_doctor` [ RunTime:0.0020s ]
SQL: SELECT * FROM `sd_doctor` ORDER BY sort desc LIMIT 3   [ RunTime:0.0000s ]
SQL: SHOW COLUMNS FROM `sd_case` [ RunTime:0.0029s ]
SQL: SELECT * FROM `sd_case` ORDER BY sort desc LIMIT 1   [ RunTime:0.0010s ]
SQL: SELECT * FROM `sd_content` WHERE ( id = "155" ) LIMIT 1   [ RunTime:0.0000s ]
SQL: SHOW COLUMNS FROM `sd_class` [ RunTime:0.0029s ]
SQL: SELECT * FROM `sd_class` WHERE ( pid = "11" ) LIMIT 1   [ RunTime:0.0000s ]
SQL: UPDATE `sd_content` SET `read_num`='661' WHERE ( id = "155" ) [ RunTime:0.0010s ]
INFO: [ view_parse ] --START--
INFO: [ template_filter ] --START--
INFO: Run Behavior\ContentReplaceBehavior [ RunTime:0.000000s ]
INFO: [ template_filter ] --END-- [ RunTime:0.000976s ]
INFO: Run Behavior\ParseTemplateBehavior [ RunTime:0.024415s ]
INFO: [ view_parse ] --END-- [ RunTime:0.024415s ]
INFO: [ view_filter ] --START--
INFO: Run Behavior\WriteHtmlCacheBehavior [ RunTime:0.000977s ]
INFO: [ view_filter ] --END-- [ RunTime:0.000977s ]
INFO: [ app_end ] --START--
INFO: Run Behavior\ShowPageTraceBehavior [ RunTime:0.000977s ]
INFO: [ app_end ] --END-- [ RunTime:0.000977s ]

[ 2016-09-16T13:22:59+08:00 ] 101.226.33.204 /Home/Index/band_info/id/155.html
INFO: [ app_init ] --START--
INFO: Run Behavior\BuildLiteBehavior [ RunTime:0.000000s ]
INFO: [ app_init ] --END-- [ RunTime:0.000000s ]
INFO: [ app_begin ] --START--
INFO: Run Behavior\ReadHtmlCacheBehavior [ RunTime:0.000976s ]
INFO: [ app_begin ] --END-- [ RunTime:0.000976s ]
SQL: SHOW COLUMNS FROM `sd_class` [ RunTime:0.0029s ]
SQL: SHOW COLUMNS FROM `sd_content` [ RunTime:0.0020s ]
SQL: SELECT * FROM `sd_content` WHERE ( related = 1 ) LIMIT 6   [ RunTime:0.0010s ]
SQL: SHOW COLUMNS FROM `sd_doctor` [ RunTime:0.0029s ]
SQL: SELECT * FROM `sd_doctor` ORDER BY sort desc LIMIT 3   [ RunTime:0.0010s ]
SQL: SHOW COLUMNS FROM `sd_case` [ RunTime:0.0020s ]
SQL: SELECT * FROM `sd_case` ORDER BY sort desc LIMIT 1   [ RunTime:0.0000s ]
SQL: SELECT * FROM `sd_content` WHERE ( id = "155" ) LIMIT 1   [ RunTime:0.0010s ]
SQL: SHOW COLUMNS FROM `sd_class` [ RunTime:0.0029s ]
SQL: SELECT * FROM `sd_class` WHERE ( pid = "11" ) LIMIT 1   [ RunTime:0.0000s ]
SQL: UPDATE `sd_content` SET `read_num`='662' WHERE ( id = "155" ) [ RunTime:0.0010s ]
INFO: [ view_parse ] --START--
INFO: [ template_filter ] --START--
INFO: Run Behavior\ContentReplaceBehavior [ RunTime:0.000000s ]
INFO: [ template_filter ] --END-- [ RunTime:0.000000s ]
INFO: Run Behavior\ParseTemplateBehavior [ RunTime:0.024415s ]
INFO: [ view_parse ] --END-- [ RunTime:0.024415s ]
INFO: [ view_filter ] --START--
INFO: Run Behavior\WriteHtmlCacheBehavior [ RunTime:0.000977s ]
INFO: [ view_filter ] --END-- [ RunTime:0.000977s ]
INFO: [ app_end ] --START--
INFO: Run Behavior\ShowPageTraceBehavior [ RunTime:0.000976s ]
INFO: [ app_end ] --END-- [ RunTime:0.000976s ]

[ 2016-09-16T13:23:03+08:00 ] 101.226.89.119 /Home/Index/come.html
INFO: [ app_init ] --START--
INFO: Run Behavior\BuildLiteBehavior [ RunTime:0.000000s ]
INFO: [ app_init ] --END-- [ RunTime:0.000000s ]
INFO: [ app_begin ] --START--
INFO: Run Behavior\ReadHtmlCacheBehavior [ RunTime:0.000976s ]
INFO: [ app_begin ] --END-- [ RunTime:0.000976s ]
SQL: SHOW COLUMNS FROM `sd_class` [ RunTime:0.0029s ]
SQL: SHOW COLUMNS FROM `sd_content` [ RunTime:0.0039s ]
SQL: SELECT * FROM `sd_content` WHERE ( related = 1 ) LIMIT 6   [ RunTime:0.0010s ]
SQL: SHOW COLUMNS FROM `sd_doctor` [ RunTime:0.0020s ]
SQL: SELECT * FROM `sd_doctor` ORDER BY sort desc LIMIT 3   [ RunTime:0.0010s ]
SQL: SHOW COLUMNS FROM `sd_case` [ RunTime:0.0029s ]
SQL: SELECT * FROM `sd_case` ORDER BY sort desc LIMIT 1   [ RunTime:0.0000s ]
INFO: [ view_parse ] --START--
INFO: [ template_filter ] --START--
INFO: Run Behavior\ContentReplaceBehavior [ RunTime:0.000000s ]
INFO: [ template_filter ] --END-- [ RunTime:0.000000s ]
NOTIC: [8] Undefined variable: class_info C:\www\hyuzx\Application\Runtime\Cache\Home\4e7e3ea8c5e282bbdf51a173cc1ccf6e.php 第 5 行.
INFO: Run Behavior\ParseTemplateBehavior [ RunTime:0.026368s ]
INFO: [ view_parse ] --END-- [ RunTime:0.026368s ]
INFO: [ view_filter ] --START--
INFO: Run Behavior\WriteHtmlCacheBehavior [ RunTime:0.000000s ]
INFO: [ view_filter ] --END-- [ RunTime:0.000000s ]
INFO: [ app_end ] --START--
INFO: Run Behavior\ShowPageTraceBehavior [ RunTime:0.000000s ]
INFO: [ app_end ] --END-- [ RunTime:0.000000s ]

[ 2016-09-16T13:23:10+08:00 ] 101.226.33.218 /Home/Index/doctor_list.html
INFO: [ app_init ] --START--
INFO: Run Behavior\BuildLiteBehavior [ RunTime:0.000000s ]
INFO: [ app_init ] --END-- [ RunTime:0.000000s ]
INFO: [ app_begin ] --START--
INFO: Run Behavior\ReadHtmlCacheBehavior [ RunTime:0.000976s ]
INFO: [ app_begin ] --END-- [ RunTime:0.000976s ]
SQL: SHOW COLUMNS FROM `sd_class` [ RunTime:0.0029s ]
SQL: SHOW COLUMNS FROM `sd_doctor` [ RunTime:0.0020s ]
SQL: SELECT * FROM `sd_doctor` ORDER BY sort desc  [ RunTime:0.0000s ]
SQL: SHOW COLUMNS FROM `sd_class` [ RunTime:0.0029s ]
SQL: SELECT * FROM `sd_class` WHERE ( class_name = "医疗团队" ) LIMIT 1   [ RunTime:0.0000s ]
INFO: [ view_parse ] --START--
INFO: [ template_filter ] --START--
INFO: Run Behavior\ContentReplaceBehavior [ RunTime:0.000977s ]
INFO: [ template_filter ] --END-- [ RunTime:0.000977s ]
INFO: Run Behavior\ParseTemplateBehavior [ RunTime:0.023438s ]
INFO: [ view_parse ] --END-- [ RunTime:0.023438s ]
INFO: [ view_filter ] --START--
INFO: Run Behavior\WriteHtmlCacheBehavior [ RunTime:0.000000s ]
INFO: [ view_filter ] --END-- [ RunTime:0.000000s ]
INFO: [ app_end ] --START--
INFO: Run Behavior\ShowPageTraceBehavior [ RunTime:0.000976s ]
INFO: [ app_end ] --END-- [ RunTime:0.000976s ]

[ 2016-09-16T15:44:49+08:00 ] 61.50.106.246 /Public/Admin/js/artDialog/skins/icons/question.png
INFO: [ app_init ] --START--
INFO: Run Behavior\BuildLiteBehavior [ RunTime:0.000000s ]
INFO: [ app_init ] --END-- [ RunTime:0.000000s ]

[ 2016-09-16T18:13:45+08:00 ] 61.50.106.246 /Home/Index/band_info/id/157.html
INFO: [ app_init ] --START--
INFO: Run Behavior\BuildLiteBehavior [ RunTime:0.000000s ]
INFO: [ app_init ] --END-- [ RunTime:0.000000s ]
INFO: [ app_begin ] --START--
INFO: Run Behavior\ReadHtmlCacheBehavior [ RunTime:0.000977s ]
INFO: [ app_begin ] --END-- [ RunTime:0.000977s ]
SQL: SHOW COLUMNS FROM `sd_class` [ RunTime:0.0029s ]
SQL: SHOW COLUMNS FROM `sd_content` [ RunTime:0.0029s ]
SQL: SELECT * FROM `sd_content` WHERE ( related = 1 ) LIMIT 6   [ RunTime:0.0010s ]
SQL: SHOW COLUMNS FROM `sd_doctor` [ RunTime:0.0029s ]
SQL: SELECT * FROM `sd_doctor` ORDER BY sort desc LIMIT 3   [ RunTime:0.0000s ]
SQL: SHOW COLUMNS FROM `sd_case` [ RunTime:0.0029s ]
SQL: SELECT * FROM `sd_case` ORDER BY sort desc LIMIT 1   [ RunTime:0.0000s ]
SQL: SELECT * FROM `sd_content` WHERE ( id = "157" ) LIMIT 1   [ RunTime:0.0010s ]
SQL: SHOW COLUMNS FROM `sd_class` [ RunTime:0.0020s ]
SQL: SELECT * FROM `sd_class` WHERE ( pid = "110" ) LIMIT 1   [ RunTime:0.0010s ]
SQL: SELECT * FROM `sd_class` WHERE ( class_name = "新闻动态" ) LIMIT 1   [ RunTime:0.0000s ]
SQL: UPDATE `sd_content` SET `read_num`='428' WHERE ( id = "157" ) [ RunTime:0.0010s ]
INFO: [ view_parse ] --START--
INFO: [ template_filter ] --START--
INFO: Run Behavior\ContentReplaceBehavior [ RunTime:0.000976s ]
INFO: [ template_filter ] --END-- [ RunTime:0.000976s ]
INFO: Run Behavior\ParseTemplateBehavior [ RunTime:0.035157s ]
INFO: [ view_parse ] --END-- [ RunTime:0.035157s ]
INFO: [ view_filter ] --START--
INFO: Run Behavior\WriteHtmlCacheBehavior [ RunTime:0.000000s ]
INFO: [ view_filter ] --END-- [ RunTime:0.000000s ]
INFO: [ app_end ] --START--
INFO: Run Behavior\ShowPageTraceBehavior [ RunTime:0.000000s ]
INFO: [ app_end ] --END-- [ RunTime:0.000000s ]

[ 2016-09-16T18:13:50+08:00 ] 61.50.106.246 /Home/Index/new_info/id/15.html
INFO: [ app_init ] --START--
INFO: Run Behavior\BuildLiteBehavior [ RunTime:0.000000s ]
INFO: [ app_init ] --END-- [ RunTime:0.000977s ]
INFO: [ app_begin ] --START--
INFO: Run Behavior\ReadHtmlCacheBehavior [ RunTime:0.000976s ]
INFO: [ app_begin ] --END-- [ RunTime:0.000976s ]
SQL: SHOW COLUMNS FROM `sd_class` [ RunTime:0.0029s ]
SQL: SHOW COLUMNS FROM `sd_content` [ RunTime:0.0029s ]
SQL: SELECT * FROM `sd_content` WHERE ( id = "15" ) LIMIT 1   [ RunTime:0.0000s ]
SQL: SELECT * FROM `sd_content` WHERE ( cid = "15" ) LIMIT 1   [ RunTime:0.0000s ]
SQL: UPDATE `sd_content` SET `read_num`='290' WHERE ( id = "91" ) [ RunTime:0.0000s ]
SQL: SELECT * FROM `sd_content` WHERE ( related = 1 ) LIMIT 6   [ RunTime:0.0000s ]
SQL: SHOW COLUMNS FROM `sd_doctor` [ RunTime:0.0029s ]
SQL: SELECT * FROM `sd_doctor` ORDER BY sort desc LIMIT 3   [ RunTime:0.0010s ]
SQL: SHOW COLUMNS FROM `sd_case` [ RunTime:0.0020s ]
SQL: SELECT * FROM `sd_case` ORDER BY sort desc LIMIT 1   [ RunTime:0.0010s ]
INFO: [ view_parse ] --START--
INFO: [ template_filter ] --START--
INFO: Run Behavior\ContentReplaceBehavior [ RunTime:0.000000s ]
INFO: [ template_filter ] --END-- [ RunTime:0.000000s ]
NOTIC: [8] Undefined variable: class_info C:\www\hyuzx\Application\Runtime\Cache\Home\0c2b5ac594521f7bbb8ef863bbea221b.php 第 5 行.
INFO: Run Behavior\ParseTemplateBehavior [ RunTime:0.023438s ]
INFO: [ view_parse ] --END-- [ RunTime:0.023438s ]
INFO: [ view_filter ] --START--
INFO: Run Behavior\WriteHtmlCacheBehavior [ RunTime:0.000000s ]
INFO: [ view_filter ] --END-- [ RunTime:0.000000s ]
INFO: [ app_end ] --START--
INFO: Run Behavior\ShowPageTraceBehavior [ RunTime:0.000000s ]
INFO: [ app_end ] --END-- [ RunTime:0.000000s ]

[ 2016-09-16T18:16:50+08:00 ] 101.226.102.97 /Home/Index/new_info/id/15.html
INFO: [ app_init ] --START--
INFO: Run Behavior\BuildLiteBehavior [ RunTime:0.000000s ]
INFO: [ app_init ] --END-- [ RunTime:0.000000s ]
INFO: [ app_begin ] --START--
INFO: Run Behavior\ReadHtmlCacheBehavior [ RunTime:0.000000s ]
INFO: [ app_begin ] --END-- [ RunTime:0.000000s ]
SQL: SHOW COLUMNS FROM `sd_class` [ RunTime:0.0000s ]
SQL: SHOW COLUMNS FROM `sd_content` [ RunTime:0.0000s ]
SQL: SELECT * FROM `sd_content` WHERE ( id = "15" ) LIMIT 1   [ RunTime:0.0000s ]
SQL: SELECT * FROM `sd_content` WHERE ( cid = "15" ) LIMIT 1   [ RunTime:0.0000s ]
SQL: UPDATE `sd_content` SET `read_num`='291' WHERE ( id = "91" ) [ RunTime:0.0000s ]
SQL: SELECT * FROM `sd_content` WHERE ( related = 1 ) LIMIT 6   [ RunTime:0.0000s ]
SQL: SHOW COLUMNS FROM `sd_doctor` [ RunTime:0.0000s ]
SQL: SELECT * FROM `sd_doctor` ORDER BY sort desc LIMIT 3   [ RunTime:0.0156s ]
SQL: SHOW COLUMNS FROM `sd_case` [ RunTime:0.0000s ]
SQL: SELECT * FROM `sd_case` ORDER BY sort desc LIMIT 1   [ RunTime:0.0000s ]
INFO: [ view_parse ] --START--
INFO: [ template_filter ] --START--
INFO: Run Behavior\ContentReplaceBehavior [ RunTime:0.000000s ]
INFO: [ template_filter ] --END-- [ RunTime:0.000000s ]
NOTIC: [8] Undefined variable: class_info C:\www\hyuzx\Application\Runtime\Cache\Home\0c2b5ac594521f7bbb8ef863bbea221b.php 第 5 行.
INFO: Run Behavior\ParseTemplateBehavior [ RunTime:0.015625s ]
INFO: [ view_parse ] --END-- [ RunTime:0.015625s ]
INFO: [ view_filter ] --START--
INFO: Run Behavior\WriteHtmlCacheBehavior [ RunTime:0.000000s ]
INFO: [ view_filter ] --END-- [ RunTime:0.000000s ]
INFO: [ app_end ] --START--
INFO: Run Behavior\ShowPageTraceBehavior [ RunTime:0.000000s ]
INFO: [ app_end ] --END-- [ RunTime:0.000000s ]

