[ 2016-09-23T06:25:51+08:00 ] 42.156.251.188 /
INFO: [ app_init ] --START--
INFO: Run Behavior\BuildLiteBehavior [ RunTime:0.000000s ]
INFO: [ app_init ] --END-- [ RunTime:0.000000s ]
INFO: [ app_begin ] --START--
INFO: Run Behavior\ReadHtmlCacheBehavior [ RunTime:0.000000s ]
INFO: [ app_begin ] --END-- [ RunTime:0.000000s ]
SQL: SHOW COLUMNS FROM `sd_class` [ RunTime:0.0000s ]
SQL: SELECT `id`,`pid`,`class_name`,`sort` FROM `sd_class` WHERE `pid` = 12 AND `id` <> 98  [ RunTime:0.0000s ]
SQL: SELECT * FROM `sd_class` WHERE `pid` = 13  [ RunTime:0.0000s ]
SQL: SELECT * FROM `sd_class` WHERE `pid` = 39  [ RunTime:0.0000s ]
SQL: SELECT * FROM `sd_class` WHERE `pid` = 64  [ RunTime:0.0000s ]
SQL: SELECT * FROM `sd_class` WHERE ( pid = 0 ) ORDER BY sort desc  [ RunTime:0.0000s ]
SQL: SELECT * FROM `sd_class` WHERE ( pid = "12" ) ORDER BY sort desc  [ RunTime:0.0000s ]
SQL: SELECT * FROM `sd_class` WHERE ( pid = "39" ) ORDER BY sort desc  [ RunTime:0.0156s ]
SQL: SHOW COLUMNS FROM `sd_content` [ RunTime:0.0000s ]
SQL: SELECT `id` FROM `sd_content` WHERE ( cid = "40" ) LIMIT 1   [ RunTime:0.0000s ]
SQL: SELECT `id` FROM `sd_content` WHERE ( cid = "46" ) LIMIT 1   [ RunTime:0.0000s ]
SQL: SELECT `id` FROM `sd_content` WHERE ( cid = "53" ) LIMIT 1   [ RunTime:0.0000s ]
SQL: SELECT `id` FROM `sd_content` WHERE ( cid = "60" ) LIMIT 1   [ RunTime:0.0000s ]
SQL: SELECT `id` FROM `sd_content` WHERE ( cid = "61" ) LIMIT 1   [ RunTime:0.0000s ]
SQL: SELECT `id` FROM `sd_content` WHERE ( cid = "62" ) LIMIT 1   [ RunTime:0.0000s ]
SQL: SELECT `id` FROM `sd_content` WHERE ( cid = "63" ) LIMIT 1   [ RunTime:0.0000s ]
SQL: SELECT * FROM `sd_class` WHERE ( pid = "40" )  [ RunTime:0.0000s ]
SQL: SELECT * FROM `sd_class` WHERE ( pid = "46" )  [ RunTime:0.0000s ]
SQL: SELECT * FROM `sd_class` WHERE ( pid = "53" )  [ RunTime:0.0000s ]
SQL: SELECT * FROM `sd_class` WHERE ( pid = "60" )  [ RunTime:0.0000s ]
SQL: SELECT * FROM `sd_class` WHERE ( pid = "61" )  [ RunTime:0.0000s ]
SQL: SELECT * FROM `sd_class` WHERE ( pid = "62" )  [ RunTime:0.0000s ]
SQL: SELECT * FROM `sd_class` WHERE ( pid = "63" )  [ RunTime:0.0000s ]
SQL: SELECT * FROM `sd_class` WHERE ( pid = "64" ) ORDER BY sort desc  [ RunTime:0.0000s ]
SQL: SELECT `id` FROM `sd_content` WHERE ( cid = "65" ) LIMIT 1   [ RunTime:0.0000s ]
SQL: SELECT `id` FROM `sd_content` WHERE ( cid = "69" ) LIMIT 1   [ RunTime:0.0000s ]
SQL: SELECT `id` FROM `sd_content` WHERE ( cid = "81" ) LIMIT 1   [ RunTime:0.0000s ]
SQL: SELECT * FROM `sd_class` WHERE ( pid = "65" )  [ RunTime:0.0000s ]
SQL: SELECT * FROM `sd_class` WHERE ( pid = "69" )  [ RunTime:0.0000s ]
SQL: SELECT * FROM `sd_class` WHERE ( pid = "81" )  [ RunTime:0.0000s ]
SQL: SELECT * FROM `sd_class` WHERE ( pid = "13" ) ORDER BY sort desc  [ RunTime:0.0000s ]
SQL: SELECT `id` FROM `sd_content` WHERE ( cid = "14" ) LIMIT 1   [ RunTime:0.0000s ]
SQL: SELECT `id` FROM `sd_content` WHERE ( cid = "31" ) LIMIT 1   [ RunTime:0.0000s ]
SQL: SELECT `id` FROM `sd_content` WHERE ( cid = "27" ) LIMIT 1   [ RunTime:0.0000s ]
SQL: SELECT `id` FROM `sd_content` WHERE ( cid = "118" ) LIMIT 1   [ RunTime:0.0000s ]
SQL: SELECT `id` FROM `sd_content` WHERE ( cid = "20" ) LIMIT 1   [ RunTime:0.0000s ]
SQL: SELECT `id` FROM `sd_content` WHERE ( cid = "119" ) LIMIT 1   [ RunTime:0.0000s ]
SQL: SELECT * FROM `sd_class` WHERE ( pid = "14" )  [ RunTime:0.0000s ]
SQL: SELECT * FROM `sd_class` WHERE ( pid = "31" )  [ RunTime:0.0000s ]
SQL: SELECT * FROM `sd_class` WHERE ( pid = "27" )  [ RunTime:0.0000s ]
SQL: SELECT * FROM `sd_class` WHERE ( pid = "118" )  [ RunTime:0.0000s ]
SQL: SELECT * FROM `sd_class` WHERE ( pid = "20" )  [ RunTime:0.0000s ]
SQL: SELECT * FROM `sd_class` WHERE ( pid = "119" )  [ RunTime:0.0000s ]
SQL: SELECT * FROM `sd_class` WHERE ( pid = "98" ) ORDER BY sort desc  [ RunTime:0.0000s ]
SQL: SELECT `id` FROM `sd_content` WHERE ( cid = "101" ) LIMIT 1   [ RunTime:0.0000s ]
SQL: SELECT `id` FROM `sd_content` WHERE ( cid = "102" ) LIMIT 1   [ RunTime:0.0000s ]
SQL: SELECT `id` FROM `sd_content` WHERE ( cid = "103" ) LIMIT 1   [ RunTime:0.0000s ]
SQL: SELECT `id` FROM `sd_content` WHERE ( cid = "104" ) LIMIT 1   [ RunTime:0.0000s ]
SQL: SELECT `id` FROM `sd_content` WHERE ( cid = "100" ) LIMIT 1   [ RunTime:0.0000s ]
SQL: SELECT `id` FROM `sd_content` WHERE ( cid = "99" ) LIMIT 1   [ RunTime:0.0000s ]
SQL: SELECT `id` FROM `sd_content` WHERE ( cid = "105" ) LIMIT 1   [ RunTime:0.0000s ]
SQL: SELECT `id` FROM `sd_content` WHERE ( cid = "106" ) LIMIT 1   [ RunTime:0.0000s ]
SQL: SELECT `id` FROM `sd_content` WHERE ( cid = "107" ) LIMIT 1   [ RunTime:0.0000s ]
SQL: SELECT `id` FROM `sd_content` WHERE ( cid = "108" ) LIMIT 1   [ RunTime:0.0000s ]
SQL: SELECT * FROM `sd_class` WHERE ( pid = "101" )  [ RunTime:0.0000s ]
SQL: SELECT * FROM `sd_class` WHERE ( pid = "102" )  [ RunTime:0.0000s ]
SQL: SELECT * FROM `sd_class` WHERE ( pid = "103" )  [ RunTime:0.0000s ]
SQL: SELECT * FROM `sd_class` WHERE ( pid = "104" )  [ RunTime:0.0000s ]
SQL: SELECT * FROM `sd_class` WHERE ( pid = "100" )  [ RunTime:0.0000s ]
SQL: SELECT * FROM `sd_class` WHERE ( pid = "99" )  [ RunTime:0.0000s ]
SQL: SELECT * FROM `sd_class` WHERE ( pid = "105" )  [ RunTime:0.0000s ]
SQL: SELECT * FROM `sd_class` WHERE ( pid = "106" )  [ RunTime:0.0000s ]
SQL: SELECT * FROM `sd_class` WHERE ( pid = "107" )  [ RunTime:0.0000s ]
SQL: SELECT * FROM `sd_class` WHERE ( pid = "108" )  [ RunTime:0.0000s ]
SQL: SELECT * FROM `sd_class` WHERE ( pid = "109" ) ORDER BY sort desc  [ RunTime:0.0000s ]
SQL: SELECT * FROM `sd_class` WHERE ( pid = "11" ) ORDER BY sort desc  [ RunTime:0.0000s ]
SQL: SELECT * FROM `sd_class` WHERE ( pid = "113" ) ORDER BY sort desc  [ RunTime:0.0000s ]
SQL: SELECT * FROM `sd_class` WHERE ( pid = "114" ) ORDER BY sort desc  [ RunTime:0.0000s ]
SQL: SELECT * FROM `sd_class` WHERE ( pid = "110" ) ORDER BY sort desc  [ RunTime:0.0000s ]
SQL: SELECT * FROM `sd_class` WHERE ( pid = "112" ) ORDER BY sort desc  [ RunTime:0.0000s ]
SQL: SHOW COLUMNS FROM `sd_class` [ RunTime:0.0000s ]
SQL: SELECT * FROM `sd_class` WHERE ( class_name = "项目系列" ) LIMIT 1   [ RunTime:0.0000s ]
SQL: SELECT * FROM `sd_class` WHERE ( pid = "12" )  [ RunTime:0.0000s ]
SQL: SELECT * FROM `sd_content` WHERE ( hot = 1 ) ORDER BY createtime desc LIMIT 1   [ RunTime:0.0000s ]
SQL: SHOW COLUMNS FROM `sd_doctor` [ RunTime:0.0000s ]
SQL: SELECT * FROM `sd_doctor` ORDER BY sort desc  [ RunTime:0.0000s ]
SQL: SHOW COLUMNS FROM `sd_case` [ RunTime:0.0000s ]
SQL: SELECT * FROM `sd_case` LIMIT 4   [ RunTime:0.0000s ]
INFO: [ view_parse ] --START--
INFO: [ template_filter ] --START--
INFO: Run Behavior\ContentReplaceBehavior [ RunTime:0.000000s ]
INFO: [ template_filter ] --END-- [ RunTime:0.000000s ]
INFO: Run Behavior\ParseTemplateBehavior [ RunTime:0.046877s ]
INFO: [ view_parse ] --END-- [ RunTime:0.046877s ]
INFO: [ view_filter ] --START--
INFO: Run Behavior\WriteHtmlCacheBehavior [ RunTime:0.000000s ]
INFO: [ view_filter ] --END-- [ RunTime:0.000000s ]
INFO: [ app_end ] --START--
INFO: Run Behavior\ShowPageTraceBehavior [ RunTime:0.000000s ]
INFO: [ app_end ] --END-- [ RunTime:0.000000s ]

[ 2016-09-23T06:28:37+08:00 ] 121.42.0.89 /Utility/pics/status-green.gif
INFO: [ app_init ] --START--
INFO: Run Behavior\BuildLiteBehavior [ RunTime:0.000000s ]
INFO: [ app_init ] --END-- [ RunTime:0.000000s ]

[ 2016-09-23T06:28:37+08:00 ] 121.42.0.89 /images/i_3.jpg
INFO: [ app_init ] --START--
INFO: Run Behavior\BuildLiteBehavior [ RunTime:0.000000s ]
INFO: [ app_init ] --END-- [ RunTime:0.000000s ]

[ 2016-09-23T06:28:37+08:00 ] 121.42.0.89 /product/waterimage/200x200.png
INFO: [ app_init ] --START--
INFO: Run Behavior\BuildLiteBehavior [ RunTime:0.000000s ]
INFO: [ app_init ] --END-- [ RunTime:0.000000s ]

[ 2016-09-23T06:28:37+08:00 ] 121.42.0.89 /install/images/header-corners.png
INFO: [ app_init ] --START--
INFO: Run Behavior\BuildLiteBehavior [ RunTime:0.000000s ]
INFO: [ app_init ] --END-- [ RunTime:0.000000s ]

[ 2016-09-23T06:28:38+08:00 ] 121.42.0.89 /images/gif_47_106.gif
INFO: [ app_init ] --START--
INFO: Run Behavior\BuildLiteBehavior [ RunTime:0.000000s ]
INFO: [ app_init ] --END-- [ RunTime:0.000000s ]

[ 2016-09-23T06:28:38+08:00 ] 121.42.0.89 /static/ayacms.gif
INFO: [ app_init ] --START--
INFO: Run Behavior\BuildLiteBehavior [ RunTime:0.000000s ]
INFO: [ app_init ] --END-- [ RunTime:0.000000s ]

[ 2016-09-23T06:28:38+08:00 ] 121.42.0.89 /media/xmlconnect/system/ok.gif
INFO: [ app_init ] --START--
INFO: Run Behavior\BuildLiteBehavior [ RunTime:0.000000s ]
INFO: [ app_init ] --END-- [ RunTime:0.000000s ]

[ 2016-09-23T06:28:39+08:00 ] 121.42.0.89 /LICENSE.txt
INFO: [ app_init ] --START--
INFO: Run Behavior\BuildLiteBehavior [ RunTime:0.000000s ]
INFO: [ app_init ] --END-- [ RunTime:0.000000s ]
INFO: [ app_begin ] --START--
INFO: Run Behavior\ReadHtmlCacheBehavior [ RunTime:0.000000s ]
INFO: [ app_begin ] --END-- [ RunTime:0.000000s ]
SQL: SHOW COLUMNS FROM `sd_class` [ RunTime:0.0000s ]
SQL: SELECT `id`,`pid`,`class_name`,`sort` FROM `sd_class` WHERE `pid` = 12 AND `id` <> 98  [ RunTime:0.0000s ]
SQL: SELECT * FROM `sd_class` WHERE `pid` = 13  [ RunTime:0.0000s ]
SQL: SELECT * FROM `sd_class` WHERE `pid` = 39  [ RunTime:0.0000s ]
SQL: SELECT * FROM `sd_class` WHERE `pid` = 64  [ RunTime:0.0000s ]
SQL: SELECT * FROM `sd_class` WHERE ( pid = 0 ) ORDER BY sort desc  [ RunTime:0.0000s ]
SQL: SELECT * FROM `sd_class` WHERE ( pid = "12" ) ORDER BY sort desc  [ RunTime:0.0000s ]
SQL: SELECT * FROM `sd_class` WHERE ( pid = "39" ) ORDER BY sort desc  [ RunTime:0.0000s ]
SQL: SHOW COLUMNS FROM `sd_content` [ RunTime:0.0000s ]
SQL: SELECT `id` FROM `sd_content` WHERE ( cid = "40" ) LIMIT 1   [ RunTime:0.0000s ]
SQL: SELECT `id` FROM `sd_content` WHERE ( cid = "46" ) LIMIT 1   [ RunTime:0.0000s ]
SQL: SELECT `id` FROM `sd_content` WHERE ( cid = "53" ) LIMIT 1   [ RunTime:0.0000s ]
SQL: SELECT `id` FROM `sd_content` WHERE ( cid = "60" ) LIMIT 1   [ RunTime:0.0000s ]
SQL: SELECT `id` FROM `sd_content` WHERE ( cid = "61" ) LIMIT 1   [ RunTime:0.0000s ]
SQL: SELECT `id` FROM `sd_content` WHERE ( cid = "62" ) LIMIT 1   [ RunTime:0.0000s ]
SQL: SELECT `id` FROM `sd_content` WHERE ( cid = "63" ) LIMIT 1   [ RunTime:0.0000s ]
SQL: SELECT * FROM `sd_class` WHERE ( pid = "40" )  [ RunTime:0.0000s ]
SQL: SELECT * FROM `sd_class` WHERE ( pid = "46" )  [ RunTime:0.0000s ]
SQL: SELECT * FROM `sd_class` WHERE ( pid = "53" )  [ RunTime:0.0000s ]
SQL: SELECT * FROM `sd_class` WHERE ( pid = "60" )  [ RunTime:0.0156s ]
SQL: SELECT * FROM `sd_class` WHERE ( pid = "61" )  [ RunTime:0.0000s ]
SQL: SELECT * FROM `sd_class` WHERE ( pid = "62" )  [ RunTime:0.0000s ]
SQL: SELECT * FROM `sd_class` WHERE ( pid = "63" )  [ RunTime:0.0000s ]
SQL: SELECT * FROM `sd_class` WHERE ( pid = "64" ) ORDER BY sort desc  [ RunTime:0.0000s ]
SQL: SELECT `id` FROM `sd_content` WHERE ( cid = "65" ) LIMIT 1   [ RunTime:0.0000s ]
SQL: SELECT `id` FROM `sd_content` WHERE ( cid = "69" ) LIMIT 1   [ RunTime:0.0000s ]
SQL: SELECT `id` FROM `sd_content` WHERE ( cid = "81" ) LIMIT 1   [ RunTime:0.0000s ]
SQL: SELECT * FROM `sd_class` WHERE ( pid = "65" )  [ RunTime:0.0000s ]
SQL: SELECT * FROM `sd_class` WHERE ( pid = "69" )  [ RunTime:0.0000s ]
SQL: SELECT * FROM `sd_class` WHERE ( pid = "81" )  [ RunTime:0.0000s ]
SQL: SELECT * FROM `sd_class` WHERE ( pid = "13" ) ORDER BY sort desc  [ RunTime:0.0000s ]
SQL: SELECT `id` FROM `sd_content` WHERE ( cid = "14" ) LIMIT 1   [ RunTime:0.0000s ]
SQL: SELECT `id` FROM `sd_content` WHERE ( cid = "31" ) LIMIT 1   [ RunTime:0.0000s ]
SQL: SELECT `id` FROM `sd_content` WHERE ( cid = "27" ) LIMIT 1   [ RunTime:0.0000s ]
SQL: SELECT `id` FROM `sd_content` WHERE ( cid = "118" ) LIMIT 1   [ RunTime:0.0000s ]
SQL: SELECT `id` FROM `sd_content` WHERE ( cid = "20" ) LIMIT 1   [ RunTime:0.0000s ]
SQL: SELECT `id` FROM `sd_content` WHERE ( cid = "119" ) LIMIT 1   [ RunTime:0.0000s ]
SQL: SELECT * FROM `sd_class` WHERE ( pid = "14" )  [ RunTime:0.0000s ]
SQL: SELECT * FROM `sd_class` WHERE ( pid = "31" )  [ RunTime:0.0000s ]
SQL: SELECT * FROM `sd_class` WHERE ( pid = "27" )  [ RunTime:0.0000s ]
SQL: SELECT * FROM `sd_class` WHERE ( pid = "118" )  [ RunTime:0.0000s ]
SQL: SELECT * FROM `sd_class` WHERE ( pid = "20" )  [ RunTime:0.0000s ]
SQL: SELECT * FROM `sd_class` WHERE ( pid = "119" )  [ RunTime:0.0000s ]
SQL: SELECT * FROM `sd_class` WHERE ( pid = "98" ) ORDER BY sort desc  [ RunTime:0.0000s ]
SQL: SELECT `id` FROM `sd_content` WHERE ( cid = "101" ) LIMIT 1   [ RunTime:0.0000s ]
SQL: SELECT `id` FROM `sd_content` WHERE ( cid = "102" ) LIMIT 1   [ RunTime:0.0000s ]
SQL: SELECT `id` FROM `sd_content` WHERE ( cid = "103" ) LIMIT 1   [ RunTime:0.0000s ]
SQL: SELECT `id` FROM `sd_content` WHERE ( cid = "104" ) LIMIT 1   [ RunTime:0.0000s ]
SQL: SELECT `id` FROM `sd_content` WHERE ( cid = "100" ) LIMIT 1   [ RunTime:0.0000s ]
SQL: SELECT `id` FROM `sd_content` WHERE ( cid = "99" ) LIMIT 1   [ RunTime:0.0000s ]
SQL: SELECT `id` FROM `sd_content` WHERE ( cid = "105" ) LIMIT 1   [ RunTime:0.0000s ]
SQL: SELECT `id` FROM `sd_content` WHERE ( cid = "106" ) LIMIT 1   [ RunTime:0.0156s ]
SQL: SELECT `id` FROM `sd_content` WHERE ( cid = "107" ) LIMIT 1   [ RunTime:0.0000s ]
SQL: SELECT `id` FROM `sd_content` WHERE ( cid = "108" ) LIMIT 1   [ RunTime:0.0000s ]
SQL: SELECT * FROM `sd_class` WHERE ( pid = "101" )  [ RunTime:0.0000s ]
SQL: SELECT * FROM `sd_class` WHERE ( pid = "102" )  [ RunTime:0.0000s ]
SQL: SELECT * FROM `sd_class` WHERE ( pid = "103" )  [ RunTime:0.0000s ]
SQL: SELECT * FROM `sd_class` WHERE ( pid = "104" )  [ RunTime:0.0000s ]
SQL: SELECT * FROM `sd_class` WHERE ( pid = "100" )  [ RunTime:0.0000s ]
SQL: SELECT * FROM `sd_class` WHERE ( pid = "99" )  [ RunTime:0.0000s ]
SQL: SELECT * FROM `sd_class` WHERE ( pid = "105" )  [ RunTime:0.0000s ]
SQL: SELECT * FROM `sd_class` WHERE ( pid = "106" )  [ RunTime:0.0000s ]
SQL: SELECT * FROM `sd_class` WHERE ( pid = "107" )  [ RunTime:0.0000s ]
SQL: SELECT * FROM `sd_class` WHERE ( pid = "108" )  [ RunTime:0.0000s ]
SQL: SELECT * FROM `sd_class` WHERE ( pid = "109" ) ORDER BY sort desc  [ RunTime:0.0000s ]
SQL: SELECT * FROM `sd_class` WHERE ( pid = "11" ) ORDER BY sort desc  [ RunTime:0.0000s ]
SQL: SELECT * FROM `sd_class` WHERE ( pid = "113" ) ORDER BY sort desc  [ RunTime:0.0000s ]
SQL: SELECT * FROM `sd_class` WHERE ( pid = "114" ) ORDER BY sort desc  [ RunTime:0.0000s ]
SQL: SELECT * FROM `sd_class` WHERE ( pid = "110" ) ORDER BY sort desc  [ RunTime:0.0000s ]
SQL: SELECT * FROM `sd_class` WHERE ( pid = "112" ) ORDER BY sort desc  [ RunTime:0.0000s ]
INFO: [ view_parse ] --START--
INFO: [ template_filter ] --START--
INFO: Run Behavior\ContentReplaceBehavior [ RunTime:0.000000s ]
INFO: [ template_filter ] --END-- [ RunTime:0.000000s ]
NOTIC: [8] Undefined variable: class_info C:\www\hyuzx\Application\Runtime\Cache\Home\efa1d52ea06d0527c4ff1fc8c05556e9.php 第 5 行.
INFO: Run Behavior\ParseTemplateBehavior [ RunTime:0.031251s ]
INFO: [ view_parse ] --END-- [ RunTime:0.031251s ]
INFO: [ view_filter ] --START--
INFO: Run Behavior\WriteHtmlCacheBehavior [ RunTime:0.000000s ]
INFO: [ view_filter ] --END-- [ RunTime:0.000000s ]
INFO: [ app_end ] --START--
INFO: Run Behavior\ShowPageTraceBehavior [ RunTime:0.000000s ]
INFO: [ app_end ] --END-- [ RunTime:0.000000s ]

[ 2016-09-23T06:28:39+08:00 ] 121.42.0.89 /skin/frontend/base/default/favicon.ico
INFO: [ app_init ] --START--
INFO: Run Behavior\BuildLiteBehavior [ RunTime:0.000000s ]
INFO: [ app_init ] --END-- [ RunTime:0.000000s ]

[ 2016-09-23T06:28:39+08:00 ] 121.42.0.89 /images/qq/qqkf2/Kf_bg03_03.gif
INFO: [ app_init ] --START--
INFO: Run Behavior\BuildLiteBehavior [ RunTime:0.000000s ]
INFO: [ app_init ] --END-- [ RunTime:0.000000s ]

[ 2016-09-23T09:03:54+08:00 ] 61.50.106.246 /Home/Index/new_info/id/115.html
INFO: [ app_init ] --START--
INFO: Run Behavior\BuildLiteBehavior [ RunTime:0.000000s ]
INFO: [ app_init ] --END-- [ RunTime:0.000000s ]
INFO: [ app_begin ] --START--
INFO: Run Behavior\ReadHtmlCacheBehavior [ RunTime:0.000000s ]
INFO: [ app_begin ] --END-- [ RunTime:0.000000s ]
SQL: SHOW COLUMNS FROM `sd_class` [ RunTime:0.0000s ]
SQL: SELECT `id`,`pid`,`class_name`,`sort` FROM `sd_class` WHERE `pid` = 12 AND `id` <> 98  [ RunTime:0.0000s ]
SQL: SELECT * FROM `sd_class` WHERE `pid` = 13  [ RunTime:0.0000s ]
SQL: SELECT * FROM `sd_class` WHERE `pid` = 39  [ RunTime:0.0000s ]
SQL: SELECT * FROM `sd_class` WHERE `pid` = 64  [ RunTime:0.0000s ]
SQL: SELECT * FROM `sd_class` WHERE ( pid = 0 ) ORDER BY sort desc  [ RunTime:0.0000s ]
SQL: SELECT * FROM `sd_class` WHERE ( pid = "12" ) ORDER BY sort desc  [ RunTime:0.0000s ]
SQL: SELECT * FROM `sd_class` WHERE ( pid = "39" ) ORDER BY sort desc  [ RunTime:0.0000s ]
SQL: SHOW COLUMNS FROM `sd_content` [ RunTime:0.0000s ]
SQL: SELECT `id` FROM `sd_content` WHERE ( cid = "40" ) LIMIT 1   [ RunTime:0.0000s ]
SQL: SELECT `id` FROM `sd_content` WHERE ( cid = "46" ) LIMIT 1   [ RunTime:0.0000s ]
SQL: SELECT `id` FROM `sd_content` WHERE ( cid = "53" ) LIMIT 1   [ RunTime:0.0000s ]
SQL: SELECT `id` FROM `sd_content` WHERE ( cid = "60" ) LIMIT 1   [ RunTime:0.0000s ]
SQL: SELECT `id` FROM `sd_content` WHERE ( cid = "61" ) LIMIT 1   [ RunTime:0.0000s ]
SQL: SELECT `id` FROM `sd_content` WHERE ( cid = "62" ) LIMIT 1   [ RunTime:0.0000s ]
SQL: SELECT `id` FROM `sd_content` WHERE ( cid = "63" ) LIMIT 1   [ RunTime:0.0156s ]
SQL: SELECT * FROM `sd_class` WHERE ( pid = "40" )  [ RunTime:0.0000s ]
SQL: SELECT * FROM `sd_class` WHERE ( pid = "46" )  [ RunTime:0.0000s ]
SQL: SELECT * FROM `sd_class` WHERE ( pid = "53" )  [ RunTime:0.0000s ]
SQL: SELECT * FROM `sd_class` WHERE ( pid = "60" )  [ RunTime:0.0000s ]
SQL: SELECT * FROM `sd_class` WHERE ( pid = "61" )  [ RunTime:0.0000s ]
SQL: SELECT * FROM `sd_class` WHERE ( pid = "62" )  [ RunTime:0.0000s ]
SQL: SELECT * FROM `sd_class` WHERE ( pid = "63" )  [ RunTime:0.0000s ]
SQL: SELECT * FROM `sd_class` WHERE ( pid = "64" ) ORDER BY sort desc  [ RunTime:0.0000s ]
SQL: SELECT `id` FROM `sd_content` WHERE ( cid = "65" ) LIMIT 1   [ RunTime:0.0000s ]
SQL: SELECT `id` FROM `sd_content` WHERE ( cid = "69" ) LIMIT 1   [ RunTime:0.0000s ]
SQL: SELECT `id` FROM `sd_content` WHERE ( cid = "81" ) LIMIT 1   [ RunTime:0.0000s ]
SQL: SELECT * FROM `sd_class` WHERE ( pid = "65" )  [ RunTime:0.0000s ]
SQL: SELECT * FROM `sd_class` WHERE ( pid = "69" )  [ RunTime:0.0000s ]
SQL: SELECT * FROM `sd_class` WHERE ( pid = "81" )  [ RunTime:0.0000s ]
SQL: SELECT * FROM `sd_class` WHERE ( pid = "13" ) ORDER BY sort desc  [ RunTime:0.0000s ]
SQL: SELECT `id` FROM `sd_content` WHERE ( cid = "14" ) LIMIT 1   [ RunTime:0.0000s ]
SQL: SELECT `id` FROM `sd_content` WHERE ( cid = "31" ) LIMIT 1   [ RunTime:0.0000s ]
SQL: SELECT `id` FROM `sd_content` WHERE ( cid = "27" ) LIMIT 1   [ RunTime:0.0000s ]
SQL: SELECT `id` FROM `sd_content` WHERE ( cid = "118" ) LIMIT 1   [ RunTime:0.0000s ]
SQL: SELECT `id` FROM `sd_content` WHERE ( cid = "20" ) LIMIT 1   [ RunTime:0.0000s ]
SQL: SELECT `id` FROM `sd_content` WHERE ( cid = "119" ) LIMIT 1   [ RunTime:0.0000s ]
SQL: SELECT * FROM `sd_class` WHERE ( pid = "14" )  [ RunTime:0.0000s ]
SQL: SELECT * FROM `sd_class` WHERE ( pid = "31" )  [ RunTime:0.0000s ]
SQL: SELECT * FROM `sd_class` WHERE ( pid = "27" )  [ RunTime:0.0000s ]
SQL: SELECT * FROM `sd_class` WHERE ( pid = "118" )  [ RunTime:0.0000s ]
SQL: SELECT * FROM `sd_class` WHERE ( pid = "20" )  [ RunTime:0.0000s ]
SQL: SELECT * FROM `sd_class` WHERE ( pid = "119" )  [ RunTime:0.0000s ]
SQL: SELECT * FROM `sd_class` WHERE ( pid = "98" ) ORDER BY sort desc  [ RunTime:0.0000s ]
SQL: SELECT `id` FROM `sd_content` WHERE ( cid = "101" ) LIMIT 1   [ RunTime:0.0000s ]
SQL: SELECT `id` FROM `sd_content` WHERE ( cid = "102" ) LIMIT 1   [ RunTime:0.0000s ]
SQL: SELECT `id` FROM `sd_content` WHERE ( cid = "103" ) LIMIT 1   [ RunTime:0.0000s ]
SQL: SELECT `id` FROM `sd_content` WHERE ( cid = "104" ) LIMIT 1   [ RunTime:0.0156s ]
SQL: SELECT `id` FROM `sd_content` WHERE ( cid = "100" ) LIMIT 1   [ RunTime:0.0000s ]
SQL: SELECT `id` FROM `sd_content` WHERE ( cid = "99" ) LIMIT 1   [ RunTime:0.0000s ]
SQL: SELECT `id` FROM `sd_content` WHERE ( cid = "105" ) LIMIT 1   [ RunTime:0.0000s ]
SQL: SELECT `id` FROM `sd_content` WHERE ( cid = "106" ) LIMIT 1   [ RunTime:0.0000s ]
SQL: SELECT `id` FROM `sd_content` WHERE ( cid = "107" ) LIMIT 1   [ RunTime:0.0000s ]
SQL: SELECT `id` FROM `sd_content` WHERE ( cid = "108" ) LIMIT 1   [ RunTime:0.0000s ]
SQL: SELECT * FROM `sd_class` WHERE ( pid = "101" )  [ RunTime:0.0000s ]
SQL: SELECT * FROM `sd_class` WHERE ( pid = "102" )  [ RunTime:0.0000s ]
SQL: SELECT * FROM `sd_class` WHERE ( pid = "103" )  [ RunTime:0.0000s ]
SQL: SELECT * FROM `sd_class` WHERE ( pid = "104" )  [ RunTime:0.0000s ]
SQL: SELECT * FROM `sd_class` WHERE ( pid = "100" )  [ RunTime:0.0000s ]
SQL: SELECT * FROM `sd_class` WHERE ( pid = "99" )  [ RunTime:0.0000s ]
SQL: SELECT * FROM `sd_class` WHERE ( pid = "105" )  [ RunTime:0.0000s ]
SQL: SELECT * FROM `sd_class` WHERE ( pid = "106" )  [ RunTime:0.0000s ]
SQL: SELECT * FROM `sd_class` WHERE ( pid = "107" )  [ RunTime:0.0000s ]
SQL: SELECT * FROM `sd_class` WHERE ( pid = "108" )  [ RunTime:0.0000s ]
SQL: SELECT * FROM `sd_class` WHERE ( pid = "109" ) ORDER BY sort desc  [ RunTime:0.0000s ]
SQL: SELECT * FROM `sd_class` WHERE ( pid = "11" ) ORDER BY sort desc  [ RunTime:0.0000s ]
SQL: SELECT * FROM `sd_class` WHERE ( pid = "113" ) ORDER BY sort desc  [ RunTime:0.0000s ]
SQL: SELECT * FROM `sd_class` WHERE ( pid = "114" ) ORDER BY sort desc  [ RunTime:0.0000s ]
SQL: SELECT * FROM `sd_class` WHERE ( pid = "110" ) ORDER BY sort desc  [ RunTime:0.0000s ]
SQL: SELECT * FROM `sd_class` WHERE ( pid = "112" ) ORDER BY sort desc  [ RunTime:0.0000s ]
SQL: SELECT * FROM `sd_content` WHERE ( cid = "115" ) LIMIT 1   [ RunTime:0.0000s ]
SQL: UPDATE `sd_content` SET `read_num`='129' WHERE ( id = "115" ) [ RunTime:0.0000s ]
SQL: SELECT * FROM `sd_content` WHERE ( related = 1 ) LIMIT 6   [ RunTime:0.0000s ]
SQL: SHOW COLUMNS FROM `sd_doctor` [ RunTime:0.0000s ]
SQL: SELECT * FROM `sd_doctor` ORDER BY sort desc LIMIT 3   [ RunTime:0.0000s ]
SQL: SHOW COLUMNS FROM `sd_case` [ RunTime:0.0000s ]
SQL: SELECT * FROM `sd_case` ORDER BY sort desc LIMIT 1   [ RunTime:0.0000s ]
INFO: [ view_parse ] --START--
INFO: [ template_filter ] --START--
INFO: Run Behavior\ContentReplaceBehavior [ RunTime:0.000000s ]
INFO: [ template_filter ] --END-- [ RunTime:0.000000s ]
NOTIC: [8] Undefined variable: class_info C:\www\hyuzx\Application\Runtime\Cache\Home\0c2b5ac594521f7bbb8ef863bbea221b.php 第 5 行.
INFO: Run Behavior\ParseTemplateBehavior [ RunTime:0.031251s ]
INFO: [ view_parse ] --END-- [ RunTime:0.031251s ]
INFO: [ view_filter ] --START--
INFO: Run Behavior\WriteHtmlCacheBehavior [ RunTime:0.000000s ]
INFO: [ view_filter ] --END-- [ RunTime:0.000000s ]
INFO: [ app_end ] --START--
INFO: Run Behavior\ShowPageTraceBehavior [ RunTime:0.000000s ]
INFO: [ app_end ] --END-- [ RunTime:0.000000s ]

[ 2016-09-23T09:04:02+08:00 ] 61.50.106.246 /Home/Index/new_info/id/48.html
INFO: [ app_init ] --START--
INFO: Run Behavior\BuildLiteBehavior [ RunTime:0.000000s ]
INFO: [ app_init ] --END-- [ RunTime:0.000000s ]
INFO: [ app_begin ] --START--
INFO: Run Behavior\ReadHtmlCacheBehavior [ RunTime:0.000000s ]
INFO: [ app_begin ] --END-- [ RunTime:0.000000s ]
SQL: SHOW COLUMNS FROM `sd_class` [ RunTime:0.0000s ]
SQL: SELECT `id`,`pid`,`class_name`,`sort` FROM `sd_class` WHERE `pid` = 12 AND `id` <> 98  [ RunTime:0.0000s ]
SQL: SELECT * FROM `sd_class` WHERE `pid` = 13  [ RunTime:0.0000s ]
SQL: SELECT * FROM `sd_class` WHERE `pid` = 39  [ RunTime:0.0000s ]
SQL: SELECT * FROM `sd_class` WHERE `pid` = 64  [ RunTime:0.0000s ]
SQL: SELECT * FROM `sd_class` WHERE ( pid = 0 ) ORDER BY sort desc  [ RunTime:0.0000s ]
SQL: SELECT * FROM `sd_class` WHERE ( pid = "12" ) ORDER BY sort desc  [ RunTime:0.0000s ]
SQL: SELECT * FROM `sd_class` WHERE ( pid = "39" ) ORDER BY sort desc  [ RunTime:0.0000s ]
SQL: SHOW COLUMNS FROM `sd_content` [ RunTime:0.0000s ]
SQL: SELECT `id` FROM `sd_content` WHERE ( cid = "40" ) LIMIT 1   [ RunTime:0.0000s ]
SQL: SELECT `id` FROM `sd_content` WHERE ( cid = "46" ) LIMIT 1   [ RunTime:0.0000s ]
SQL: SELECT `id` FROM `sd_content` WHERE ( cid = "53" ) LIMIT 1   [ RunTime:0.0000s ]
SQL: SELECT `id` FROM `sd_content` WHERE ( cid = "60" ) LIMIT 1   [ RunTime:0.0000s ]
SQL: SELECT `id` FROM `sd_content` WHERE ( cid = "61" ) LIMIT 1   [ RunTime:0.0000s ]
SQL: SELECT `id` FROM `sd_content` WHERE ( cid = "62" ) LIMIT 1   [ RunTime:0.0000s ]
SQL: SELECT `id` FROM `sd_content` WHERE ( cid = "63" ) LIMIT 1   [ RunTime:0.0156s ]
SQL: SELECT * FROM `sd_class` WHERE ( pid = "40" )  [ RunTime:0.0000s ]
SQL: SELECT * FROM `sd_class` WHERE ( pid = "46" )  [ RunTime:0.0000s ]
SQL: SELECT * FROM `sd_class` WHERE ( pid = "53" )  [ RunTime:0.0000s ]
SQL: SELECT * FROM `sd_class` WHERE ( pid = "60" )  [ RunTime:0.0000s ]
SQL: SELECT * FROM `sd_class` WHERE ( pid = "61" )  [ RunTime:0.0000s ]
SQL: SELECT * FROM `sd_class` WHERE ( pid = "62" )  [ RunTime:0.0000s ]
SQL: SELECT * FROM `sd_class` WHERE ( pid = "63" )  [ RunTime:0.0000s ]
SQL: SELECT * FROM `sd_class` WHERE ( pid = "64" ) ORDER BY sort desc  [ RunTime:0.0000s ]
SQL: SELECT `id` FROM `sd_content` WHERE ( cid = "65" ) LIMIT 1   [ RunTime:0.0000s ]
SQL: SELECT `id` FROM `sd_content` WHERE ( cid = "69" ) LIMIT 1   [ RunTime:0.0000s ]
SQL: SELECT `id` FROM `sd_content` WHERE ( cid = "81" ) LIMIT 1   [ RunTime:0.0000s ]
SQL: SELECT * FROM `sd_class` WHERE ( pid = "65" )  [ RunTime:0.0000s ]
SQL: SELECT * FROM `sd_class` WHERE ( pid = "69" )  [ RunTime:0.0000s ]
SQL: SELECT * FROM `sd_class` WHERE ( pid = "81" )  [ RunTime:0.0000s ]
SQL: SELECT * FROM `sd_class` WHERE ( pid = "13" ) ORDER BY sort desc  [ RunTime:0.0000s ]
SQL: SELECT `id` FROM `sd_content` WHERE ( cid = "14" ) LIMIT 1   [ RunTime:0.0000s ]
SQL: SELECT `id` FROM `sd_content` WHERE ( cid = "31" ) LIMIT 1   [ RunTime:0.0000s ]
SQL: SELECT `id` FROM `sd_content` WHERE ( cid = "27" ) LIMIT 1   [ RunTime:0.0000s ]
SQL: SELECT `id` FROM `sd_content` WHERE ( cid = "118" ) LIMIT 1   [ RunTime:0.0000s ]
SQL: SELECT `id` FROM `sd_content` WHERE ( cid = "20" ) LIMIT 1   [ RunTime:0.0000s ]
SQL: SELECT `id` FROM `sd_content` WHERE ( cid = "119" ) LIMIT 1   [ RunTime:0.0000s ]
SQL: SELECT * FROM `sd_class` WHERE ( pid = "14" )  [ RunTime:0.0000s ]
SQL: SELECT * FROM `sd_class` WHERE ( pid = "31" )  [ RunTime:0.0000s ]
SQL: SELECT * FROM `sd_class` WHERE ( pid = "27" )  [ RunTime:0.0000s ]
SQL: SELECT * FROM `sd_class` WHERE ( pid = "118" )  [ RunTime:0.0000s ]
SQL: SELECT * FROM `sd_class` WHERE ( pid = "20" )  [ RunTime:0.0000s ]
SQL: SELECT * FROM `sd_class` WHERE ( pid = "119" )  [ RunTime:0.0000s ]
SQL: SELECT * FROM `sd_class` WHERE ( pid = "98" ) ORDER BY sort desc  [ RunTime:0.0000s ]
SQL: SELECT `id` FROM `sd_content` WHERE ( cid = "101" ) LIMIT 1   [ RunTime:0.0000s ]
SQL: SELECT `id` FROM `sd_content` WHERE ( cid = "102" ) LIMIT 1   [ RunTime:0.0000s ]
SQL: SELECT `id` FROM `sd_content` WHERE ( cid = "103" ) LIMIT 1   [ RunTime:0.0000s ]
SQL: SELECT `id` FROM `sd_content` WHERE ( cid = "104" ) LIMIT 1   [ RunTime:0.0000s ]
SQL: SELECT `id` FROM `sd_content` WHERE ( cid = "100" ) LIMIT 1   [ RunTime:0.0000s ]
SQL: SELECT `id` FROM `sd_content` WHERE ( cid = "99" ) LIMIT 1   [ RunTime:0.0000s ]
SQL: SELECT `id` FROM `sd_content` WHERE ( cid = "105" ) LIMIT 1   [ RunTime:0.0000s ]
SQL: SELECT `id` FROM `sd_content` WHERE ( cid = "106" ) LIMIT 1   [ RunTime:0.0000s ]
SQL: SELECT `id` FROM `sd_content` WHERE ( cid = "107" ) LIMIT 1   [ RunTime:0.0000s ]
SQL: SELECT `id` FROM `sd_content` WHERE ( cid = "108" ) LIMIT 1   [ RunTime:0.0000s ]
SQL: SELECT * FROM `sd_class` WHERE ( pid = "101" )  [ RunTime:0.0000s ]
SQL: SELECT * FROM `sd_class` WHERE ( pid = "102" )  [ RunTime:0.0000s ]
SQL: SELECT * FROM `sd_class` WHERE ( pid = "103" )  [ RunTime:0.0000s ]
SQL: SELECT * FROM `sd_class` WHERE ( pid = "104" )  [ RunTime:0.0000s ]
SQL: SELECT * FROM `sd_class` WHERE ( pid = "100" )  [ RunTime:0.0000s ]
SQL: SELECT * FROM `sd_class` WHERE ( pid = "99" )  [ RunTime:0.0000s ]
SQL: SELECT * FROM `sd_class` WHERE ( pid = "105" )  [ RunTime:0.0000s ]
SQL: SELECT * FROM `sd_class` WHERE ( pid = "106" )  [ RunTime:0.0000s ]
SQL: SELECT * FROM `sd_class` WHERE ( pid = "107" )  [ RunTime:0.0000s ]
SQL: SELECT * FROM `sd_class` WHERE ( pid = "108" )  [ RunTime:0.0000s ]
SQL: SELECT * FROM `sd_class` WHERE ( pid = "109" ) ORDER BY sort desc  [ RunTime:0.0000s ]
SQL: SELECT * FROM `sd_class` WHERE ( pid = "11" ) ORDER BY sort desc  [ RunTime:0.0000s ]
SQL: SELECT * FROM `sd_class` WHERE ( pid = "113" ) ORDER BY sort desc  [ RunTime:0.0000s ]
SQL: SELECT * FROM `sd_class` WHERE ( pid = "114" ) ORDER BY sort desc  [ RunTime:0.0000s ]
SQL: SELECT * FROM `sd_class` WHERE ( pid = "110" ) ORDER BY sort desc  [ RunTime:0.0000s ]
SQL: SELECT * FROM `sd_class` WHERE ( pid = "112" ) ORDER BY sort desc  [ RunTime:0.0000s ]
SQL: SELECT * FROM `sd_content` WHERE ( cid = "48" ) LIMIT 1   [ RunTime:0.0000s ]
SQL: UPDATE `sd_content` SET `read_num`='76' WHERE ( id = "110" ) [ RunTime:0.0000s ]
SQL: SELECT * FROM `sd_content` WHERE ( related = 1 ) LIMIT 6   [ RunTime:0.0000s ]
SQL: SHOW COLUMNS FROM `sd_doctor` [ RunTime:0.0156s ]
SQL: SELECT * FROM `sd_doctor` ORDER BY sort desc LIMIT 3   [ RunTime:0.0000s ]
SQL: SHOW COLUMNS FROM `sd_case` [ RunTime:0.0000s ]
SQL: SELECT * FROM `sd_case` ORDER BY sort desc LIMIT 1   [ RunTime:0.0000s ]
INFO: [ view_parse ] --START--
INFO: [ template_filter ] --START--
INFO: Run Behavior\ContentReplaceBehavior [ RunTime:0.000000s ]
INFO: [ template_filter ] --END-- [ RunTime:0.000000s ]
NOTIC: [8] Undefined variable: class_info C:\www\hyuzx\Application\Runtime\Cache\Home\0c2b5ac594521f7bbb8ef863bbea221b.php 第 5 行.
INFO: Run Behavior\ParseTemplateBehavior [ RunTime:0.015626s ]
INFO: [ view_parse ] --END-- [ RunTime:0.015626s ]
INFO: [ view_filter ] --START--
INFO: Run Behavior\WriteHtmlCacheBehavior [ RunTime:0.000000s ]
INFO: [ view_filter ] --END-- [ RunTime:0.000000s ]
INFO: [ app_end ] --START--
INFO: Run Behavior\ShowPageTraceBehavior [ RunTime:0.000000s ]
INFO: [ app_end ] --END-- [ RunTime:0.000000s ]

[ 2016-09-23T09:04:22+08:00 ] 61.50.106.246 /
INFO: [ app_init ] --START--
INFO: Run Behavior\BuildLiteBehavior [ RunTime:0.000000s ]
INFO: [ app_init ] --END-- [ RunTime:0.000000s ]
INFO: [ app_begin ] --START--
INFO: Run Behavior\ReadHtmlCacheBehavior [ RunTime:0.000000s ]
INFO: [ app_begin ] --END-- [ RunTime:0.000000s ]
SQL: SHOW COLUMNS FROM `sd_class` [ RunTime:0.0000s ]
SQL: SELECT `id`,`pid`,`class_name`,`sort` FROM `sd_class` WHERE `pid` = 12 AND `id` <> 98  [ RunTime:0.0000s ]
SQL: SELECT * FROM `sd_class` WHERE `pid` = 13  [ RunTime:0.0000s ]
SQL: SELECT * FROM `sd_class` WHERE `pid` = 39  [ RunTime:0.0000s ]
SQL: SELECT * FROM `sd_class` WHERE `pid` = 64  [ RunTime:0.0000s ]
SQL: SELECT * FROM `sd_class` WHERE ( pid = 0 ) ORDER BY sort desc  [ RunTime:0.0000s ]
SQL: SELECT * FROM `sd_class` WHERE ( pid = "12" ) ORDER BY sort desc  [ RunTime:0.0000s ]
SQL: SELECT * FROM `sd_class` WHERE ( pid = "39" ) ORDER BY sort desc  [ RunTime:0.0000s ]
SQL: SHOW COLUMNS FROM `sd_content` [ RunTime:0.0000s ]
SQL: SELECT `id` FROM `sd_content` WHERE ( cid = "40" ) LIMIT 1   [ RunTime:0.0000s ]
SQL: SELECT `id` FROM `sd_content` WHERE ( cid = "46" ) LIMIT 1   [ RunTime:0.0000s ]
SQL: SELECT `id` FROM `sd_content` WHERE ( cid = "53" ) LIMIT 1   [ RunTime:0.0000s ]
SQL: SELECT `id` FROM `sd_content` WHERE ( cid = "60" ) LIMIT 1   [ RunTime:0.0000s ]
SQL: SELECT `id` FROM `sd_content` WHERE ( cid = "61" ) LIMIT 1   [ RunTime:0.0000s ]
SQL: SELECT `id` FROM `sd_content` WHERE ( cid = "62" ) LIMIT 1   [ RunTime:0.0156s ]
SQL: SELECT `id` FROM `sd_content` WHERE ( cid = "63" ) LIMIT 1   [ RunTime:0.0000s ]
SQL: SELECT * FROM `sd_class` WHERE ( pid = "40" )  [ RunTime:0.0000s ]
SQL: SELECT * FROM `sd_class` WHERE ( pid = "46" )  [ RunTime:0.0000s ]
SQL: SELECT * FROM `sd_class` WHERE ( pid = "53" )  [ RunTime:0.0000s ]
SQL: SELECT * FROM `sd_class` WHERE ( pid = "60" )  [ RunTime:0.0000s ]
SQL: SELECT * FROM `sd_class` WHERE ( pid = "61" )  [ RunTime:0.0000s ]
SQL: SELECT * FROM `sd_class` WHERE ( pid = "62" )  [ RunTime:0.0000s ]
SQL: SELECT * FROM `sd_class` WHERE ( pid = "63" )  [ RunTime:0.0000s ]
SQL: SELECT * FROM `sd_class` WHERE ( pid = "64" ) ORDER BY sort desc  [ RunTime:0.0000s ]
SQL: SELECT `id` FROM `sd_content` WHERE ( cid = "65" ) LIMIT 1   [ RunTime:0.0000s ]
SQL: SELECT `id` FROM `sd_content` WHERE ( cid = "69" ) LIMIT 1   [ RunTime:0.0000s ]
SQL: SELECT `id` FROM `sd_content` WHERE ( cid = "81" ) LIMIT 1   [ RunTime:0.0000s ]
SQL: SELECT * FROM `sd_class` WHERE ( pid = "65" )  [ RunTime:0.0000s ]
SQL: SELECT * FROM `sd_class` WHERE ( pid = "69" )  [ RunTime:0.0000s ]
SQL: SELECT * FROM `sd_class` WHERE ( pid = "81" )  [ RunTime:0.0000s ]
SQL: SELECT * FROM `sd_class` WHERE ( pid = "13" ) ORDER BY sort desc  [ RunTime:0.0000s ]
SQL: SELECT `id` FROM `sd_content` WHERE ( cid = "14" ) LIMIT 1   [ RunTime:0.0000s ]
SQL: SELECT `id` FROM `sd_content` WHERE ( cid = "31" ) LIMIT 1   [ RunTime:0.0000s ]
SQL: SELECT `id` FROM `sd_content` WHERE ( cid = "27" ) LIMIT 1   [ RunTime:0.0000s ]
SQL: SELECT `id` FROM `sd_content` WHERE ( cid = "118" ) LIMIT 1   [ RunTime:0.0000s ]
SQL: SELECT `id` FROM `sd_content` WHERE ( cid = "20" ) LIMIT 1   [ RunTime:0.0000s ]
SQL: SELECT `id` FROM `sd_content` WHERE ( cid = "119" ) LIMIT 1   [ RunTime:0.0000s ]
SQL: SELECT * FROM `sd_class` WHERE ( pid = "14" )  [ RunTime:0.0000s ]
SQL: SELECT * FROM `sd_class` WHERE ( pid = "31" )  [ RunTime:0.0000s ]
SQL: SELECT * FROM `sd_class` WHERE ( pid = "27" )  [ RunTime:0.0000s ]
SQL: SELECT * FROM `sd_class` WHERE ( pid = "118" )  [ RunTime:0.0000s ]
SQL: SELECT * FROM `sd_class` WHERE ( pid = "20" )  [ RunTime:0.0000s ]
SQL: SELECT * FROM `sd_class` WHERE ( pid = "119" )  [ RunTime:0.0000s ]
SQL: SELECT * FROM `sd_class` WHERE ( pid = "98" ) ORDER BY sort desc  [ RunTime:0.0000s ]
SQL: SELECT `id` FROM `sd_content` WHERE ( cid = "101" ) LIMIT 1   [ RunTime:0.0000s ]
SQL: SELECT `id` FROM `sd_content` WHERE ( cid = "102" ) LIMIT 1   [ RunTime:0.0000s ]
SQL: SELECT `id` FROM `sd_content` WHERE ( cid = "103" ) LIMIT 1   [ RunTime:0.0000s ]
SQL: SELECT `id` FROM `sd_content` WHERE ( cid = "104" ) LIMIT 1   [ RunTime:0.0000s ]
SQL: SELECT `id` FROM `sd_content` WHERE ( cid = "100" ) LIMIT 1   [ RunTime:0.0000s ]
SQL: SELECT `id` FROM `sd_content` WHERE ( cid = "99" ) LIMIT 1   [ RunTime:0.0000s ]
SQL: SELECT `id` FROM `sd_content` WHERE ( cid = "105" ) LIMIT 1   [ RunTime:0.0000s ]
SQL: SELECT `id` FROM `sd_content` WHERE ( cid = "106" ) LIMIT 1   [ RunTime:0.0000s ]
SQL: SELECT `id` FROM `sd_content` WHERE ( cid = "107" ) LIMIT 1   [ RunTime:0.0000s ]
SQL: SELECT `id` FROM `sd_content` WHERE ( cid = "108" ) LIMIT 1   [ RunTime:0.0000s ]
SQL: SELECT * FROM `sd_class` WHERE ( pid = "101" )  [ RunTime:0.0000s ]
SQL: SELECT * FROM `sd_class` WHERE ( pid = "102" )  [ RunTime:0.0000s ]
SQL: SELECT * FROM `sd_class` WHERE ( pid = "103" )  [ RunTime:0.0000s ]
SQL: SELECT * FROM `sd_class` WHERE ( pid = "104" )  [ RunTime:0.0000s ]
SQL: SELECT * FROM `sd_class` WHERE ( pid = "100" )  [ RunTime:0.0000s ]
SQL: SELECT * FROM `sd_class` WHERE ( pid = "99" )  [ RunTime:0.0000s ]
SQL: SELECT * FROM `sd_class` WHERE ( pid = "105" )  [ RunTime:0.0000s ]
SQL: SELECT * FROM `sd_class` WHERE ( pid = "106" )  [ RunTime:0.0000s ]
SQL: SELECT * FROM `sd_class` WHERE ( pid = "107" )  [ RunTime:0.0000s ]
SQL: SELECT * FROM `sd_class` WHERE ( pid = "108" )  [ RunTime:0.0000s ]
SQL: SELECT * FROM `sd_class` WHERE ( pid = "109" ) ORDER BY sort desc  [ RunTime:0.0000s ]
SQL: SELECT * FROM `sd_class` WHERE ( pid = "11" ) ORDER BY sort desc  [ RunTime:0.0000s ]
SQL: SELECT * FROM `sd_class` WHERE ( pid = "113" ) ORDER BY sort desc  [ RunTime:0.0000s ]
SQL: SELECT * FROM `sd_class` WHERE ( pid = "114" ) ORDER BY sort desc  [ RunTime:0.0000s ]
SQL: SELECT * FROM `sd_class` WHERE ( pid = "110" ) ORDER BY sort desc  [ RunTime:0.0000s ]
SQL: SELECT * FROM `sd_class` WHERE ( pid = "112" ) ORDER BY sort desc  [ RunTime:0.0000s ]
SQL: SHOW COLUMNS FROM `sd_class` [ RunTime:0.0000s ]
SQL: SELECT * FROM `sd_class` WHERE ( class_name = "项目系列" ) LIMIT 1   [ RunTime:0.0156s ]
SQL: SELECT * FROM `sd_class` WHERE ( pid = "12" )  [ RunTime:0.0000s ]
SQL: SELECT * FROM `sd_content` WHERE ( hot = 1 ) ORDER BY createtime desc LIMIT 1   [ RunTime:0.0000s ]
SQL: SHOW COLUMNS FROM `sd_doctor` [ RunTime:0.0000s ]
SQL: SELECT * FROM `sd_doctor` ORDER BY sort desc  [ RunTime:0.0000s ]
SQL: SHOW COLUMNS FROM `sd_case` [ RunTime:0.0000s ]
SQL: SELECT * FROM `sd_case` LIMIT 4   [ RunTime:0.0000s ]
INFO: [ view_parse ] --START--
INFO: [ template_filter ] --START--
INFO: Run Behavior\ContentReplaceBehavior [ RunTime:0.000000s ]
INFO: [ template_filter ] --END-- [ RunTime:0.000000s ]
INFO: Run Behavior\ParseTemplateBehavior [ RunTime:0.031251s ]
INFO: [ view_parse ] --END-- [ RunTime:0.031251s ]
INFO: [ view_filter ] --START--
INFO: Run Behavior\WriteHtmlCacheBehavior [ RunTime:0.000000s ]
INFO: [ view_filter ] --END-- [ RunTime:0.000000s ]
INFO: [ app_end ] --START--
INFO: Run Behavior\ShowPageTraceBehavior [ RunTime:0.000000s ]
INFO: [ app_end ] --END-- [ RunTime:0.000000s ]

