[ 2016-08-31T13:06:06+08:00 ] ::1 /core/index.php/Index/index
INFO: [ app_init ] --START--
INFO: Run Behavior\BuildLiteBehavior [ RunTime:0.000000s ]
INFO: [ app_init ] --END-- [ RunTime:0.001000s ]
INFO: [ app_begin ] --START--
INFO: Run Behavior\ReadHtmlCacheBehavior [ RunTime:0.000000s ]
INFO: [ app_begin ] --END-- [ RunTime:0.001000s ]
ERR: 无法加载控制器:Index

[ 2016-08-31T13:09:40+08:00 ] ::1 /core/index.php/Index/index
INFO: [ app_init ] --START--
INFO: Run Behavior\BuildLiteBehavior [ RunTime:0.000000s ]
INFO: [ app_init ] --END-- [ RunTime:0.000000s ]
INFO: [ app_begin ] --START--
INFO: Run Behavior\ReadHtmlCacheBehavior [ RunTime:0.000000s ]
INFO: [ app_begin ] --END-- [ RunTime:0.001000s ]
ERR: 无法加载控制器:Index

[ 2016-08-31T13:16:19+08:00 ] ::1 /core/
ERR: 无法加载控制器:Index

[ 2016-08-31T13:16:22+08:00 ] ::1 /core/
ERR: 无法加载控制器:Index

[ 2016-08-31T13:16:23+08:00 ] ::1 /core/
ERR: 无法加载控制器:Index

[ 2016-08-31T13:16:28+08:00 ] ::1 /core/
ERR: 无法加载控制器:Index

[ 2016-08-31T13:18:25+08:00 ] ::1 /core/
ERR: 无法加载控制器:Index

[ 2016-08-31T13:18:30+08:00 ] ::1 /core/
ERR: 无法加载控制器:Index

[ 2016-08-31T13:18:44+08:00 ] ::1 /core/
ERR: 无法加载控制器:Index

[ 2016-08-31T13:18:49+08:00 ] ::1 /core/
ERR: 无法加载控制器:Index

