[ 2016-09-24T10:07:00+08:00 ] 101.226.64.174 /Admin/Login/index.html
INFO: [ app_init ] --START--
INFO: Run Behavior\BuildLiteBehavior [ RunTime:0.000000s ]
INFO: [ app_init ] --END-- [ RunTime:0.000000s ]
INFO: [ app_begin ] --START--
INFO: Run Behavior\ReadHtmlCacheBehavior [ RunTime:0.000000s ]
INFO: [ app_begin ] --END-- [ RunTime:0.000000s ]
INFO: [ view_parse ] --START--
INFO: [ template_filter ] --START--
INFO: Run Behavior\ContentReplaceBehavior [ RunTime:0.000000s ]
INFO: [ template_filter ] --END-- [ RunTime:0.000000s ]
INFO: Run Behavior\ParseTemplateBehavior [ RunTime:0.015625s ]
INFO: [ view_parse ] --END-- [ RunTime:0.015625s ]
INFO: [ view_filter ] --START--
INFO: Run Behavior\WriteHtmlCacheBehavior [ RunTime:0.000000s ]
INFO: [ view_filter ] --END-- [ RunTime:0.000000s ]
INFO: [ app_end ] --START--
INFO: Run Behavior\ShowPageTraceBehavior [ RunTime:0.000000s ]
INFO: [ app_end ] --END-- [ RunTime:0.000000s ]

[ 2016-09-24T10:07:18+08:00 ] 61.50.106.246 /Admin/Login/index.html
INFO: [ app_init ] --START--
INFO: Run Behavior\BuildLiteBehavior [ RunTime:0.000000s ]
INFO: [ app_init ] --END-- [ RunTime:0.000000s ]
INFO: [ app_begin ] --START--
INFO: Run Behavior\ReadHtmlCacheBehavior [ RunTime:0.000000s ]
INFO: [ app_begin ] --END-- [ RunTime:0.000000s ]
INFO: [ view_parse ] --START--
INFO: [ template_filter ] --START--
INFO: Run Behavior\ContentReplaceBehavior [ RunTime:0.000000s ]
INFO: [ template_filter ] --END-- [ RunTime:0.000000s ]
INFO: Run Behavior\ParseTemplateBehavior [ RunTime:0.000000s ]
INFO: [ view_parse ] --END-- [ RunTime:0.000000s ]
INFO: [ view_filter ] --START--
INFO: Run Behavior\WriteHtmlCacheBehavior [ RunTime:0.000000s ]
INFO: [ view_filter ] --END-- [ RunTime:0.000000s ]
INFO: [ app_end ] --START--
INFO: Run Behavior\ShowPageTraceBehavior [ RunTime:0.000000s ]
INFO: [ app_end ] --END-- [ RunTime:0.000000s ]

[ 2016-09-24T10:07:19+08:00 ] 61.50.106.246 /Admin/Login/verify?
INFO: [ app_init ] --START--
INFO: Run Behavior\BuildLiteBehavior [ RunTime:0.000000s ]
INFO: [ app_init ] --END-- [ RunTime:0.000000s ]
INFO: [ app_begin ] --START--
INFO: Run Behavior\ReadHtmlCacheBehavior [ RunTime:0.000000s ]
INFO: [ app_begin ] --END-- [ RunTime:0.000000s ]
INFO: [ app_end ] --START--
INFO: Run Behavior\ShowPageTraceBehavior [ RunTime:0.015626s ]
INFO: [ app_end ] --END-- [ RunTime:0.015626s ]

[ 2016-09-24T10:07:43+08:00 ] 61.50.106.246 /Admin/Login/checklogin.html
INFO: [ app_init ] --START--
INFO: Run Behavior\BuildLiteBehavior [ RunTime:0.000000s ]
INFO: [ app_init ] --END-- [ RunTime:0.000000s ]
INFO: [ app_begin ] --START--
INFO: Run Behavior\ReadHtmlCacheBehavior [ RunTime:0.015626s ]
INFO: [ app_begin ] --END-- [ RunTime:0.015626s ]
SQL: SHOW COLUMNS FROM `sd_users` [ RunTime:0.0156s ]
SQL: SELECT `uid`,`role_id`,`username`,`password`,`status`,`remark` FROM `sd_users` WHERE ( username='administrator' ) LIMIT 1   [ RunTime:0.0000s ]

[ 2016-09-24T10:07:44+08:00 ] 61.50.106.246 /Admin/Index/index.html
INFO: [ app_init ] --START--
INFO: Run Behavior\BuildLiteBehavior [ RunTime:0.000000s ]
INFO: [ app_init ] --END-- [ RunTime:0.000000s ]
INFO: [ app_begin ] --START--
INFO: Run Behavior\ReadHtmlCacheBehavior [ RunTime:0.000000s ]
INFO: [ app_begin ] --END-- [ RunTime:0.000000s ]
SQL: SHOW COLUMNS FROM `sd_node` [ RunTime:0.0000s ]
SQL: SELECT `id`,`title`,name
                    FROM `sd_node`
                    WHERE ( `status` =1 AND `display`=1 AND `level`<>1 AND id not in(103,107,100,97,110))
                    ORDER BY sort DESC [ RunTime:0.0000s ]
INFO: [ view_parse ] --START--
INFO: [ template_filter ] --START--
INFO: Run Behavior\ContentReplaceBehavior [ RunTime:0.000000s ]
INFO: [ template_filter ] --END-- [ RunTime:0.000000s ]
NOTIC: [8] Undefined variable: re C:\www\hyuzx\Application\Runtime\Cache\Admin\b595b808c2ebeeeb0478ffc30bb4e87a.php 第 77 行.
NOTIC: [8] Undefined variable: sub_menu_html C:\www\hyuzx\Application\Runtime\Cache\Admin\b595b808c2ebeeeb0478ffc30bb4e87a.php 第 107 行.
INFO: Run Behavior\ParseTemplateBehavior [ RunTime:0.015626s ]
INFO: [ view_parse ] --END-- [ RunTime:0.015626s ]
INFO: [ view_filter ] --START--
INFO: Run Behavior\WriteHtmlCacheBehavior [ RunTime:0.000000s ]
INFO: [ view_filter ] --END-- [ RunTime:0.000000s ]
INFO: [ app_end ] --START--
INFO: Run Behavior\ShowPageTraceBehavior [ RunTime:0.000000s ]
INFO: [ app_end ] --END-- [ RunTime:0.000000s ]

[ 2016-09-24T10:07:45+08:00 ] 61.50.106.246 /Admin/Index/main.html
INFO: [ app_init ] --START--
INFO: Run Behavior\BuildLiteBehavior [ RunTime:0.000000s ]
INFO: [ app_init ] --END-- [ RunTime:0.000000s ]
INFO: [ app_begin ] --START--
INFO: Run Behavior\ReadHtmlCacheBehavior [ RunTime:0.000000s ]
INFO: [ app_begin ] --END-- [ RunTime:0.000000s ]
NOTIC: [8] Use of undefined constant gd_info - assumed 'gd_info' C:\www\hyuzx\Application\Admin\Controller\IndexController.class.php 第 127 行.
NOTIC: [8] Undefined index: SERVER_ADDR C:\www\hyuzx\Application\Admin\Controller\IndexController.class.php 第 134 行.
NOTIC: [8] Use of undefined constant WEB_ROOT - assumed 'WEB_ROOT' C:\www\hyuzx\Application\Admin\Controller\IndexController.class.php 第 137 行.
INFO: [ view_parse ] --START--
INFO: [ template_filter ] --START--
INFO: Run Behavior\ContentReplaceBehavior [ RunTime:0.000000s ]
INFO: [ template_filter ] --END-- [ RunTime:0.000000s ]
NOTIC: [8] Undefined variable: ikphp C:\www\hyuzx\Application\Runtime\Cache\Admin\b0f0b709690a72033d17719e8059053c.php 第 5 行.
NOTIC: [8] Undefined variable: caches C:\www\hyuzx\Application\Runtime\Cache\Admin\b0f0b709690a72033d17719e8059053c.php 第 35 行.
INFO: Run Behavior\ParseTemplateBehavior [ RunTime:0.000000s ]
INFO: [ view_parse ] --END-- [ RunTime:0.000000s ]
INFO: [ view_filter ] --START--
INFO: Run Behavior\WriteHtmlCacheBehavior [ RunTime:0.000000s ]
INFO: [ view_filter ] --END-- [ RunTime:0.000000s ]
INFO: [ app_end ] --START--
INFO: Run Behavior\ShowPageTraceBehavior [ RunTime:0.000000s ]
INFO: [ app_end ] --END-- [ RunTime:0.000000s ]

[ 2016-09-24T10:07:45+08:00 ] 61.50.106.246 /Admin/Index/left/id/85.html
INFO: [ app_init ] --START--
INFO: Run Behavior\BuildLiteBehavior [ RunTime:0.000000s ]
INFO: [ app_init ] --END-- [ RunTime:0.000000s ]
INFO: [ app_begin ] --START--
INFO: Run Behavior\ReadHtmlCacheBehavior [ RunTime:0.000000s ]
INFO: [ app_begin ] --END-- [ RunTime:0.000000s ]
SQL: SHOW COLUMNS FROM `sd_node` [ RunTime:0.0000s ]
SQL: SELECT `id`,`data`,`title`
                    FROM `sd_node`
                    WHERE ( `status` =1 AND `display`=2 AND `level` <>1 AND `pid`=85 )
                    ORDER BY sort DESC [ RunTime:0.0000s ]
SQL: SELECT `title` FROM `sd_node` WHERE `id` = 85 LIMIT 1   [ RunTime:0.0000s ]
SQL: SELECT `id`,`data`,`title`
                    FROM `sd_node`
                    WHERE ( `status` =1 AND `display`=2 AND `level` <>1 AND `pid`=86 )
                    ORDER BY sort DESC [ RunTime:0.0156s ]
NOTIC: [8] Use of undefined constant title - assumed 'title' C:\www\hyuzx\Application\Admin\Controller\IndexController.class.php 第 54 行.
NOTIC: [8] Use of undefined constant title - assumed 'title' C:\www\hyuzx\Application\Admin\Controller\IndexController.class.php 第 65 行.
NOTIC: [8] Use of undefined constant title - assumed 'title' C:\www\hyuzx\Application\Admin\Controller\IndexController.class.php 第 65 行.
INFO: [ view_parse ] --START--
INFO: [ template_filter ] --START--
INFO: Run Behavior\ContentReplaceBehavior [ RunTime:0.000000s ]
INFO: [ template_filter ] --END-- [ RunTime:0.000000s ]
INFO: Run Behavior\ParseTemplateBehavior [ RunTime:0.000000s ]
INFO: [ view_parse ] --END-- [ RunTime:0.000000s ]
INFO: [ view_filter ] --START--
INFO: Run Behavior\WriteHtmlCacheBehavior [ RunTime:0.000000s ]
INFO: [ view_filter ] --END-- [ RunTime:0.000000s ]
INFO: [ app_end ] --START--
INFO: Run Behavior\ShowPageTraceBehavior [ RunTime:0.000000s ]
INFO: [ app_end ] --END-- [ RunTime:0.000000s ]

[ 2016-09-24T14:47:53+08:00 ] 61.50.106.246 /Admin/Index/index.html
INFO: [ app_init ] --START--
INFO: Run Behavior\BuildLiteBehavior [ RunTime:0.000000s ]
INFO: [ app_init ] --END-- [ RunTime:0.000000s ]
INFO: [ app_begin ] --START--
INFO: Run Behavior\ReadHtmlCacheBehavior [ RunTime:0.000000s ]
INFO: [ app_begin ] --END-- [ RunTime:0.000000s ]
SQL: SHOW COLUMNS FROM `sd_node` [ RunTime:0.0000s ]
SQL: SELECT `id`,`title`,name
                    FROM `sd_node`
                    WHERE ( `status` =1 AND `display`=1 AND `level`<>1 AND id not in(103,107,100,97,110))
                    ORDER BY sort DESC [ RunTime:0.0000s ]
INFO: [ view_parse ] --START--
INFO: [ template_filter ] --START--
INFO: Run Behavior\ContentReplaceBehavior [ RunTime:0.000000s ]
INFO: [ template_filter ] --END-- [ RunTime:0.000000s ]
NOTIC: [8] Undefined variable: re C:\www\hyuzx\Application\Runtime\Cache\Admin\b595b808c2ebeeeb0478ffc30bb4e87a.php 第 77 行.
NOTIC: [8] Undefined variable: sub_menu_html C:\www\hyuzx\Application\Runtime\Cache\Admin\b595b808c2ebeeeb0478ffc30bb4e87a.php 第 107 行.
INFO: Run Behavior\ParseTemplateBehavior [ RunTime:0.015626s ]
INFO: [ view_parse ] --END-- [ RunTime:0.015626s ]
INFO: [ view_filter ] --START--
INFO: Run Behavior\WriteHtmlCacheBehavior [ RunTime:0.000000s ]
INFO: [ view_filter ] --END-- [ RunTime:0.000000s ]
INFO: [ app_end ] --START--
INFO: Run Behavior\ShowPageTraceBehavior [ RunTime:0.000000s ]
INFO: [ app_end ] --END-- [ RunTime:0.000000s ]

[ 2016-09-24T14:47:57+08:00 ] 61.50.106.246 /Admin/Index/main.html
INFO: [ app_init ] --START--
INFO: Run Behavior\BuildLiteBehavior [ RunTime:0.000000s ]
INFO: [ app_init ] --END-- [ RunTime:0.000000s ]
INFO: [ app_begin ] --START--
INFO: Run Behavior\ReadHtmlCacheBehavior [ RunTime:0.000000s ]
INFO: [ app_begin ] --END-- [ RunTime:0.000000s ]
NOTIC: [8] Use of undefined constant gd_info - assumed 'gd_info' C:\www\hyuzx\Application\Admin\Controller\IndexController.class.php 第 127 行.
NOTIC: [8] Undefined index: SERVER_ADDR C:\www\hyuzx\Application\Admin\Controller\IndexController.class.php 第 134 行.
NOTIC: [8] Use of undefined constant WEB_ROOT - assumed 'WEB_ROOT' C:\www\hyuzx\Application\Admin\Controller\IndexController.class.php 第 137 行.
INFO: [ view_parse ] --START--
INFO: [ template_filter ] --START--
INFO: Run Behavior\ContentReplaceBehavior [ RunTime:0.000000s ]
INFO: [ template_filter ] --END-- [ RunTime:0.000000s ]
NOTIC: [8] Undefined variable: ikphp C:\www\hyuzx\Application\Runtime\Cache\Admin\b0f0b709690a72033d17719e8059053c.php 第 5 行.
NOTIC: [8] Undefined variable: caches C:\www\hyuzx\Application\Runtime\Cache\Admin\b0f0b709690a72033d17719e8059053c.php 第 35 行.
INFO: Run Behavior\ParseTemplateBehavior [ RunTime:0.015626s ]
INFO: [ view_parse ] --END-- [ RunTime:0.015626s ]
INFO: [ view_filter ] --START--
INFO: Run Behavior\WriteHtmlCacheBehavior [ RunTime:0.000000s ]
INFO: [ view_filter ] --END-- [ RunTime:0.000000s ]
INFO: [ app_end ] --START--
INFO: Run Behavior\ShowPageTraceBehavior [ RunTime:0.000000s ]
INFO: [ app_end ] --END-- [ RunTime:0.000000s ]

[ 2016-09-24T14:47:58+08:00 ] 61.50.106.246 /Admin/Index/left/id/85.html
INFO: [ app_init ] --START--
INFO: Run Behavior\BuildLiteBehavior [ RunTime:0.000000s ]
INFO: [ app_init ] --END-- [ RunTime:0.000000s ]
INFO: [ app_begin ] --START--
INFO: Run Behavior\ReadHtmlCacheBehavior [ RunTime:0.000000s ]
INFO: [ app_begin ] --END-- [ RunTime:0.000000s ]
SQL: SHOW COLUMNS FROM `sd_node` [ RunTime:0.0000s ]
SQL: SELECT `id`,`data`,`title`
                    FROM `sd_node`
                    WHERE ( `status` =1 AND `display`=2 AND `level` <>1 AND `pid`=85 )
                    ORDER BY sort DESC [ RunTime:0.0000s ]
SQL: SELECT `title` FROM `sd_node` WHERE `id` = 85 LIMIT 1   [ RunTime:0.0000s ]
SQL: SELECT `id`,`data`,`title`
                    FROM `sd_node`
                    WHERE ( `status` =1 AND `display`=2 AND `level` <>1 AND `pid`=86 )
                    ORDER BY sort DESC [ RunTime:0.0000s ]
NOTIC: [8] Use of undefined constant title - assumed 'title' C:\www\hyuzx\Application\Admin\Controller\IndexController.class.php 第 54 行.
NOTIC: [8] Use of undefined constant title - assumed 'title' C:\www\hyuzx\Application\Admin\Controller\IndexController.class.php 第 65 行.
NOTIC: [8] Use of undefined constant title - assumed 'title' C:\www\hyuzx\Application\Admin\Controller\IndexController.class.php 第 65 行.
INFO: [ view_parse ] --START--
INFO: [ template_filter ] --START--
INFO: Run Behavior\ContentReplaceBehavior [ RunTime:0.000000s ]
INFO: [ template_filter ] --END-- [ RunTime:0.000000s ]
INFO: Run Behavior\ParseTemplateBehavior [ RunTime:0.000000s ]
INFO: [ view_parse ] --END-- [ RunTime:0.000000s ]
INFO: [ view_filter ] --START--
INFO: Run Behavior\WriteHtmlCacheBehavior [ RunTime:0.000000s ]
INFO: [ view_filter ] --END-- [ RunTime:0.000000s ]
INFO: [ app_end ] --START--
INFO: Run Behavior\ShowPageTraceBehavior [ RunTime:0.000000s ]
INFO: [ app_end ] --END-- [ RunTime:0.000000s ]

[ 2016-09-24T17:31:02+08:00 ] 61.50.106.246 /Admin/Index/left/id/85.html?id=151
INFO: [ app_init ] --START--
INFO: Run Behavior\BuildLiteBehavior [ RunTime:0.000000s ]
INFO: [ app_init ] --END-- [ RunTime:0.000000s ]
INFO: [ app_begin ] --START--
INFO: Run Behavior\ReadHtmlCacheBehavior [ RunTime:0.000000s ]
INFO: [ app_begin ] --END-- [ RunTime:0.000000s ]
SQL: SHOW COLUMNS FROM `sd_node` [ RunTime:0.0000s ]
SQL: SELECT `id`,`data`,`title`
                    FROM `sd_node`
                    WHERE ( `status` =1 AND `display`=2 AND `level` <>1 AND `pid`=151 )
                    ORDER BY sort DESC [ RunTime:0.0000s ]
SQL: SELECT `title` FROM `sd_node` WHERE `id` = 151 LIMIT 1   [ RunTime:0.0000s ]
SQL: SELECT `id`,`data`,`title`
                    FROM `sd_node`
                    WHERE ( `status` =1 AND `display`=2 AND `level` <>1 AND `pid`=152 )
                    ORDER BY sort DESC [ RunTime:0.0000s ]
NOTIC: [8] Use of undefined constant title - assumed 'title' C:\www\hyuzx\Application\Admin\Controller\IndexController.class.php 第 54 行.
NOTIC: [8] Use of undefined constant title - assumed 'title' C:\www\hyuzx\Application\Admin\Controller\IndexController.class.php 第 65 行.
INFO: [ view_parse ] --START--
INFO: [ template_filter ] --START--
INFO: Run Behavior\ContentReplaceBehavior [ RunTime:0.000000s ]
INFO: [ template_filter ] --END-- [ RunTime:0.000000s ]
INFO: Run Behavior\ParseTemplateBehavior [ RunTime:0.015626s ]
INFO: [ view_parse ] --END-- [ RunTime:0.015626s ]
INFO: [ view_filter ] --START--
INFO: Run Behavior\WriteHtmlCacheBehavior [ RunTime:0.000000s ]
INFO: [ view_filter ] --END-- [ RunTime:0.000000s ]
INFO: [ app_end ] --START--
INFO: Run Behavior\ShowPageTraceBehavior [ RunTime:0.000000s ]
INFO: [ app_end ] --END-- [ RunTime:0.000000s ]

[ 2016-09-24T17:31:02+08:00 ] 61.50.106.246 /Admin/Index/index.html?s=/Admin/User/index
INFO: [ app_init ] --START--
INFO: Run Behavior\BuildLiteBehavior [ RunTime:0.000000s ]
INFO: [ app_init ] --END-- [ RunTime:0.000000s ]
INFO: [ app_begin ] --START--
INFO: Run Behavior\ReadHtmlCacheBehavior [ RunTime:0.000000s ]
INFO: [ app_begin ] --END-- [ RunTime:0.000000s ]
NOTIC: [8] Undefined index: ssubmit C:\www\hyuzx\Application\Admin\Controller\UserController.class.php 第 21 行.
SQL: SHOW COLUMNS FROM `sd_role` [ RunTime:0.0000s ]
SQL: SELECT * FROM `sd_role` WHERE ( id in(1,6,9,2) )  [ RunTime:0.0000s ]
NOTIC: [8] Undefined variable: order_by C:\www\hyuzx\Application\Admin\Controller\UserController.class.php 第 92 行.
SQL: select *,sd_users.status as ustatus ,sd_users.uid as uuid
               FROM sd_users
               LEFT JOIN sd_role ON sd_users.role_id = sd_role.id WHERE sd_users.uid !='' [ RunTime:0.0000s ]
SQL: select *,sd_users.status as ustatus ,sd_users.uid as uuid
               FROM sd_users
               LEFT JOIN sd_role ON sd_users.role_id = sd_role.id WHERE sd_users.uid !='' [ RunTime:0.0000s ]
SQL: select *,sd_users.status as ustatus ,sd_users.uid as uuid
               FROM sd_users
               LEFT JOIN sd_role ON sd_users.role_id = sd_role.id WHERE sd_users.uid !='' limit 0,50 [ RunTime:0.0000s ]
NOTIC: [8] Undefined variable: map C:\www\hyuzx\Application\Admin\Controller\UserController.class.php 第 103 行.
NOTIC: [2] Invalid argument supplied for foreach() C:\www\hyuzx\Application\Admin\Controller\UserController.class.php 第 103 行.
NOTIC: [8] Undefined variable: city C:\www\hyuzx\Application\Admin\Controller\UserController.class.php 第 107 行.
INFO: [ view_parse ] --START--
INFO: [ template_filter ] --START--
INFO: Run Behavior\ContentReplaceBehavior [ RunTime:0.000000s ]
INFO: [ template_filter ] --END-- [ RunTime:0.000000s ]
NOTIC: [8] Use of undefined constant hlbs - assumed 'hlbs' C:\www\hyuzx\Application\Runtime\Cache\Admin\65e605872ed5d34210f5b33beb13f5a3.php 第 54 行.
NOTIC: [8] Use of undefined constant hlbs - assumed 'hlbs' C:\www\hyuzx\Application\Runtime\Cache\Admin\65e605872ed5d34210f5b33beb13f5a3.php 第 54 行.
NOTIC: [8] Undefined variable: pageUrl C:\www\hyuzx\Application\Runtime\Cache\Admin\65e605872ed5d34210f5b33beb13f5a3.php 第 78 行.
INFO: Run Behavior\ParseTemplateBehavior [ RunTime:0.000000s ]
INFO: [ view_parse ] --END-- [ RunTime:0.000000s ]
INFO: [ view_filter ] --START--
INFO: Run Behavior\WriteHtmlCacheBehavior [ RunTime:0.000000s ]
INFO: [ view_filter ] --END-- [ RunTime:0.000000s ]
INFO: [ app_end ] --START--
INFO: Run Behavior\ShowPageTraceBehavior [ RunTime:0.000000s ]
INFO: [ app_end ] --END-- [ RunTime:0.000000s ]

[ 2016-09-24T17:31:08+08:00 ] 61.50.106.246 /Admin/Index/left/id/85.html?id=296
INFO: [ app_init ] --START--
INFO: Run Behavior\BuildLiteBehavior [ RunTime:0.000000s ]
INFO: [ app_init ] --END-- [ RunTime:0.000000s ]
INFO: [ app_begin ] --START--
INFO: Run Behavior\ReadHtmlCacheBehavior [ RunTime:0.000000s ]
INFO: [ app_begin ] --END-- [ RunTime:0.000000s ]
SQL: SHOW COLUMNS FROM `sd_node` [ RunTime:0.0000s ]
SQL: SELECT `id`,`data`,`title`
                    FROM `sd_node`
                    WHERE ( `status` =1 AND `display`=2 AND `level` <>1 AND `pid`=296 )
                    ORDER BY sort DESC [ RunTime:0.0000s ]
SQL: SELECT `title` FROM `sd_node` WHERE `id` = 296 LIMIT 1   [ RunTime:0.0000s ]
SQL: SELECT `id`,`data`,`title`
                    FROM `sd_node`
                    WHERE ( `status` =1 AND `display`=2 AND `level` <>1 AND `pid`=297 )
                    ORDER BY sort DESC [ RunTime:0.0000s ]
NOTIC: [8] Use of undefined constant title - assumed 'title' C:\www\hyuzx\Application\Admin\Controller\IndexController.class.php 第 54 行.
NOTIC: [8] Use of undefined constant title - assumed 'title' C:\www\hyuzx\Application\Admin\Controller\IndexController.class.php 第 65 行.
INFO: [ view_parse ] --START--
INFO: [ template_filter ] --START--
INFO: Run Behavior\ContentReplaceBehavior [ RunTime:0.000000s ]
INFO: [ template_filter ] --END-- [ RunTime:0.000000s ]
INFO: Run Behavior\ParseTemplateBehavior [ RunTime:0.000000s ]
INFO: [ view_parse ] --END-- [ RunTime:0.000000s ]
INFO: [ view_filter ] --START--
INFO: Run Behavior\WriteHtmlCacheBehavior [ RunTime:0.000000s ]
INFO: [ view_filter ] --END-- [ RunTime:0.000000s ]
INFO: [ app_end ] --START--
INFO: Run Behavior\ShowPageTraceBehavior [ RunTime:0.000000s ]
INFO: [ app_end ] --END-- [ RunTime:0.000000s ]

[ 2016-09-24T17:31:08+08:00 ] 61.50.106.246 /Admin/Index/index.html?s=/Admin/Content/content_list
INFO: [ app_init ] --START--
INFO: Run Behavior\BuildLiteBehavior [ RunTime:0.000000s ]
INFO: [ app_init ] --END-- [ RunTime:0.000000s ]
INFO: [ app_begin ] --START--
INFO: Run Behavior\ReadHtmlCacheBehavior [ RunTime:0.000000s ]
INFO: [ app_begin ] --END-- [ RunTime:0.000000s ]
NOTIC: [2048] Declaration of Admin\Model\ContentModel::_before_delete() should be compatible with Think\Model::_before_delete($options) C:\www\hyuzx\Application\Admin\Model\ContentModel.class.php 第 14 行.
SQL: SHOW COLUMNS FROM `sd_content` [ RunTime:0.0000s ]
SQL: SELECT COUNT(id) AS tp_count FROM `sd_content` LIMIT 1   [ RunTime:0.0000s ]
SQL: SELECT d.id,d.cid,d.title,d.description,d.createtime FROM sd_content d ORDER BY d.id ASC LIMIT 0,17   [ RunTime:0.0000s ]
INFO: [ view_parse ] --START--
INFO: [ template_filter ] --START--
INFO: Run Behavior\ContentReplaceBehavior [ RunTime:0.000000s ]
INFO: [ template_filter ] --END-- [ RunTime:0.000000s ]
NOTIC: [8] Undefined index: class_name C:\www\hyuzx\Application\Runtime\Cache\Admin\7ab0911c97506d088c999e05ff81032e.php 第 42 行.
NOTIC: [8] Undefined index: class_name C:\www\hyuzx\Application\Runtime\Cache\Admin\7ab0911c97506d088c999e05ff81032e.php 第 42 行.
NOTIC: [8] Undefined index: class_name C:\www\hyuzx\Application\Runtime\Cache\Admin\7ab0911c97506d088c999e05ff81032e.php 第 42 行.
NOTIC: [8] Undefined index: class_name C:\www\hyuzx\Application\Runtime\Cache\Admin\7ab0911c97506d088c999e05ff81032e.php 第 42 行.
NOTIC: [8] Undefined index: class_name C:\www\hyuzx\Application\Runtime\Cache\Admin\7ab0911c97506d088c999e05ff81032e.php 第 42 行.
NOTIC: [8] Undefined index: class_name C:\www\hyuzx\Application\Runtime\Cache\Admin\7ab0911c97506d088c999e05ff81032e.php 第 42 行.
NOTIC: [8] Undefined index: class_name C:\www\hyuzx\Application\Runtime\Cache\Admin\7ab0911c97506d088c999e05ff81032e.php 第 42 行.
NOTIC: [8] Undefined index: class_name C:\www\hyuzx\Application\Runtime\Cache\Admin\7ab0911c97506d088c999e05ff81032e.php 第 42 行.
NOTIC: [8] Undefined index: class_name C:\www\hyuzx\Application\Runtime\Cache\Admin\7ab0911c97506d088c999e05ff81032e.php 第 42 行.
NOTIC: [8] Undefined index: class_name C:\www\hyuzx\Application\Runtime\Cache\Admin\7ab0911c97506d088c999e05ff81032e.php 第 42 行.
NOTIC: [8] Undefined index: class_name C:\www\hyuzx\Application\Runtime\Cache\Admin\7ab0911c97506d088c999e05ff81032e.php 第 42 行.
NOTIC: [8] Undefined index: class_name C:\www\hyuzx\Application\Runtime\Cache\Admin\7ab0911c97506d088c999e05ff81032e.php 第 42 行.
NOTIC: [8] Undefined index: class_name C:\www\hyuzx\Application\Runtime\Cache\Admin\7ab0911c97506d088c999e05ff81032e.php 第 42 行.
NOTIC: [8] Undefined index: class_name C:\www\hyuzx\Application\Runtime\Cache\Admin\7ab0911c97506d088c999e05ff81032e.php 第 42 行.
NOTIC: [8] Undefined index: class_name C:\www\hyuzx\Application\Runtime\Cache\Admin\7ab0911c97506d088c999e05ff81032e.php 第 42 行.
NOTIC: [8] Undefined index: class_name C:\www\hyuzx\Application\Runtime\Cache\Admin\7ab0911c97506d088c999e05ff81032e.php 第 42 行.
NOTIC: [8] Undefined index: class_name C:\www\hyuzx\Application\Runtime\Cache\Admin\7ab0911c97506d088c999e05ff81032e.php 第 42 行.
INFO: Run Behavior\ParseTemplateBehavior [ RunTime:0.000000s ]
INFO: [ view_parse ] --END-- [ RunTime:0.000000s ]
INFO: [ view_filter ] --START--
INFO: Run Behavior\WriteHtmlCacheBehavior [ RunTime:0.000000s ]
INFO: [ view_filter ] --END-- [ RunTime:0.000000s ]
INFO: [ app_end ] --START--
INFO: Run Behavior\ShowPageTraceBehavior [ RunTime:0.000000s ]
INFO: [ app_end ] --END-- [ RunTime:0.000000s ]

