[ 2016-09-12T11:56:00+08:00 ] 61.50.106.246 /Admin/Login/index
INFO: [ app_init ] --START--
INFO: Run Behavior\BuildLiteBehavior [ RunTime:0.000000s ]
INFO: [ app_init ] --END-- [ RunTime:0.000000s ]
INFO: [ app_begin ] --START--
INFO: Run Behavior\ReadHtmlCacheBehavior [ RunTime:0.000000s ]
INFO: [ app_begin ] --END-- [ RunTime:0.000000s ]
INFO: [ view_parse ] --START--
INFO: [ template_filter ] --START--
INFO: Run Behavior\ContentReplaceBehavior [ RunTime:0.000000s ]
INFO: [ template_filter ] --END-- [ RunTime:0.000000s ]
INFO: Run Behavior\ParseTemplateBehavior [ RunTime:0.000000s ]
INFO: [ view_parse ] --END-- [ RunTime:0.000000s ]
INFO: [ view_filter ] --START--
INFO: Run Behavior\WriteHtmlCacheBehavior [ RunTime:0.000000s ]
INFO: [ view_filter ] --END-- [ RunTime:0.000000s ]
INFO: [ app_end ] --START--
INFO: Run Behavior\ShowPageTraceBehavior [ RunTime:0.000000s ]
INFO: [ app_end ] --END-- [ RunTime:0.000000s ]

[ 2016-09-12T11:56:00+08:00 ] 61.50.106.246 /Admin/Login/verify?
INFO: [ app_init ] --START--
INFO: Run Behavior\BuildLiteBehavior [ RunTime:0.000000s ]
INFO: [ app_init ] --END-- [ RunTime:0.000000s ]
INFO: [ app_begin ] --START--
INFO: Run Behavior\ReadHtmlCacheBehavior [ RunTime:0.000000s ]
INFO: [ app_begin ] --END-- [ RunTime:0.000000s ]
INFO: [ app_end ] --START--
INFO: Run Behavior\ShowPageTraceBehavior [ RunTime:0.000000s ]
INFO: [ app_end ] --END-- [ RunTime:0.000000s ]

[ 2016-09-12T11:56:09+08:00 ] 61.50.106.246 /Admin/Login/checklogin.html
INFO: [ app_init ] --START--
INFO: Run Behavior\BuildLiteBehavior [ RunTime:0.000000s ]
INFO: [ app_init ] --END-- [ RunTime:0.000000s ]
INFO: [ app_begin ] --START--
INFO: Run Behavior\ReadHtmlCacheBehavior [ RunTime:0.000000s ]
INFO: [ app_begin ] --END-- [ RunTime:0.000000s ]
SQL: SHOW COLUMNS FROM `sd_users` [ RunTime:0.0000s ]
SQL: SELECT `uid`,`role_id`,`username`,`password`,`status`,`remark` FROM `sd_users` WHERE ( username='administrator' ) LIMIT 1   [ RunTime:0.0000s ]
INFO: [ view_parse ] --START--
INFO: [ template_filter ] --START--
INFO: Run Behavior\ContentReplaceBehavior [ RunTime:0.000000s ]
INFO: [ template_filter ] --END-- [ RunTime:0.000000s ]
INFO: Run Behavior\ParseTemplateBehavior [ RunTime:0.000000s ]
INFO: [ view_parse ] --END-- [ RunTime:0.000000s ]
INFO: [ view_filter ] --START--
INFO: Run Behavior\WriteHtmlCacheBehavior [ RunTime:0.000000s ]
INFO: [ view_filter ] --END-- [ RunTime:0.000000s ]

[ 2016-09-12T11:56:20+08:00 ] 61.50.106.246 /Admin/Login/verify?&0.9575059243656034
INFO: [ app_init ] --START--
INFO: Run Behavior\BuildLiteBehavior [ RunTime:0.000000s ]
INFO: [ app_init ] --END-- [ RunTime:0.000000s ]
INFO: [ app_begin ] --START--
INFO: Run Behavior\ReadHtmlCacheBehavior [ RunTime:0.000000s ]
INFO: [ app_begin ] --END-- [ RunTime:0.000000s ]
INFO: [ app_end ] --START--
INFO: Run Behavior\ShowPageTraceBehavior [ RunTime:0.000000s ]
INFO: [ app_end ] --END-- [ RunTime:0.000000s ]

[ 2016-09-12T11:56:22+08:00 ] 61.50.106.246 /Admin/Login/verify?&0.9575059243656034&0.9143652700624538
INFO: [ app_init ] --START--
INFO: Run Behavior\BuildLiteBehavior [ RunTime:0.000000s ]
INFO: [ app_init ] --END-- [ RunTime:0.000000s ]
INFO: [ app_begin ] --START--
INFO: Run Behavior\ReadHtmlCacheBehavior [ RunTime:0.000000s ]
INFO: [ app_begin ] --END-- [ RunTime:0.000000s ]
INFO: [ app_end ] --START--
INFO: Run Behavior\ShowPageTraceBehavior [ RunTime:0.000000s ]
INFO: [ app_end ] --END-- [ RunTime:0.000000s ]

[ 2016-09-12T11:56:29+08:00 ] 61.50.106.246 /Admin/Login/checklogin.html
INFO: [ app_init ] --START--
INFO: Run Behavior\BuildLiteBehavior [ RunTime:0.000000s ]
INFO: [ app_init ] --END-- [ RunTime:0.000000s ]
INFO: [ app_begin ] --START--
INFO: Run Behavior\ReadHtmlCacheBehavior [ RunTime:0.000000s ]
INFO: [ app_begin ] --END-- [ RunTime:0.000000s ]
SQL: SHOW COLUMNS FROM `sd_users` [ RunTime:0.0000s ]
SQL: SELECT `uid`,`role_id`,`username`,`password`,`status`,`remark` FROM `sd_users` WHERE ( username='administrator' ) LIMIT 1   [ RunTime:0.0000s ]

[ 2016-09-12T11:56:29+08:00 ] 61.50.106.246 /Admin/Index/index.html
INFO: [ app_init ] --START--
INFO: Run Behavior\BuildLiteBehavior [ RunTime:0.000000s ]
INFO: [ app_init ] --END-- [ RunTime:0.000000s ]
INFO: [ app_begin ] --START--
INFO: Run Behavior\ReadHtmlCacheBehavior [ RunTime:0.000000s ]
INFO: [ app_begin ] --END-- [ RunTime:0.000000s ]
SQL: SHOW COLUMNS FROM `sd_node` [ RunTime:0.0000s ]
SQL: SELECT `id`,`title`,name
                    FROM `sd_node`
                    WHERE ( `status` =1 AND `display`=1 AND `level`<>1 AND id not in(103,107,100,97,110))
                    ORDER BY sort DESC [ RunTime:0.0000s ]
INFO: [ view_parse ] --START--
INFO: [ template_filter ] --START--
INFO: Run Behavior\ContentReplaceBehavior [ RunTime:0.000000s ]
INFO: [ template_filter ] --END-- [ RunTime:0.000000s ]
NOTIC: [8] Undefined variable: re C:\www\hyuzx\Application\Runtime\Cache\Admin\b595b808c2ebeeeb0478ffc30bb4e87a.php 第 76 行.
NOTIC: [8] Undefined variable: sub_menu_html C:\www\hyuzx\Application\Runtime\Cache\Admin\b595b808c2ebeeeb0478ffc30bb4e87a.php 第 106 行.
INFO: Run Behavior\ParseTemplateBehavior [ RunTime:0.000000s ]
INFO: [ view_parse ] --END-- [ RunTime:0.000000s ]
INFO: [ view_filter ] --START--
INFO: Run Behavior\WriteHtmlCacheBehavior [ RunTime:0.000000s ]
INFO: [ view_filter ] --END-- [ RunTime:0.000000s ]
INFO: [ app_end ] --START--
INFO: Run Behavior\ShowPageTraceBehavior [ RunTime:0.000000s ]
INFO: [ app_end ] --END-- [ RunTime:0.000000s ]

[ 2016-09-12T11:56:29+08:00 ] 61.50.106.246 /Admin/Index/main.html
INFO: [ app_init ] --START--
INFO: Run Behavior\BuildLiteBehavior [ RunTime:0.000000s ]
INFO: [ app_init ] --END-- [ RunTime:0.000000s ]
INFO: [ app_begin ] --START--
INFO: Run Behavior\ReadHtmlCacheBehavior [ RunTime:0.000000s ]
INFO: [ app_begin ] --END-- [ RunTime:0.000000s ]
NOTIC: [8] Use of undefined constant gd_info - assumed 'gd_info' C:\www\hyuzx\Application\Admin\Controller\IndexController.class.php 第 127 行.
NOTIC: [8] Undefined index: SERVER_ADDR C:\www\hyuzx\Application\Admin\Controller\IndexController.class.php 第 134 行.
NOTIC: [8] Use of undefined constant WEB_ROOT - assumed 'WEB_ROOT' C:\www\hyuzx\Application\Admin\Controller\IndexController.class.php 第 137 行.
INFO: [ view_parse ] --START--
INFO: [ template_filter ] --START--
INFO: Run Behavior\ContentReplaceBehavior [ RunTime:0.000000s ]
INFO: [ template_filter ] --END-- [ RunTime:0.000000s ]
NOTIC: [8] Undefined variable: ikphp C:\www\hyuzx\Application\Runtime\Cache\Admin\b0f0b709690a72033d17719e8059053c.php 第 5 行.
NOTIC: [8] Undefined variable: caches C:\www\hyuzx\Application\Runtime\Cache\Admin\b0f0b709690a72033d17719e8059053c.php 第 34 行.
INFO: Run Behavior\ParseTemplateBehavior [ RunTime:0.015625s ]
INFO: [ view_parse ] --END-- [ RunTime:0.015625s ]
INFO: [ view_filter ] --START--
INFO: Run Behavior\WriteHtmlCacheBehavior [ RunTime:0.000000s ]
INFO: [ view_filter ] --END-- [ RunTime:0.000000s ]
INFO: [ app_end ] --START--
INFO: Run Behavior\ShowPageTraceBehavior [ RunTime:0.000000s ]
INFO: [ app_end ] --END-- [ RunTime:0.000000s ]

[ 2016-09-12T11:56:29+08:00 ] 61.50.106.246 /Admin/Index/left/id/85.html
INFO: [ app_init ] --START--
INFO: Run Behavior\BuildLiteBehavior [ RunTime:0.000000s ]
INFO: [ app_init ] --END-- [ RunTime:0.000000s ]
INFO: [ app_begin ] --START--
INFO: Run Behavior\ReadHtmlCacheBehavior [ RunTime:0.000000s ]
INFO: [ app_begin ] --END-- [ RunTime:0.000000s ]
SQL: SHOW COLUMNS FROM `sd_node` [ RunTime:0.0000s ]
SQL: SELECT `id`,`data`,`title`
                    FROM `sd_node`
                    WHERE ( `status` =1 AND `display`=2 AND `level` <>1 AND `pid`=85 )
                    ORDER BY sort DESC [ RunTime:0.0000s ]
SQL: SELECT `title` FROM `sd_node` WHERE `id` = 85 LIMIT 1   [ RunTime:0.0156s ]
SQL: SELECT `id`,`data`,`title`
                    FROM `sd_node`
                    WHERE ( `status` =1 AND `display`=2 AND `level` <>1 AND `pid`=86 )
                    ORDER BY sort DESC [ RunTime:0.0000s ]
NOTIC: [8] Use of undefined constant title - assumed 'title' C:\www\hyuzx\Application\Admin\Controller\IndexController.class.php 第 54 行.
NOTIC: [8] Use of undefined constant title - assumed 'title' C:\www\hyuzx\Application\Admin\Controller\IndexController.class.php 第 65 行.
NOTIC: [8] Use of undefined constant title - assumed 'title' C:\www\hyuzx\Application\Admin\Controller\IndexController.class.php 第 65 行.
INFO: [ view_parse ] --START--
INFO: [ template_filter ] --START--
INFO: Run Behavior\ContentReplaceBehavior [ RunTime:0.000000s ]
INFO: [ template_filter ] --END-- [ RunTime:0.000000s ]
INFO: Run Behavior\ParseTemplateBehavior [ RunTime:0.000000s ]
INFO: [ view_parse ] --END-- [ RunTime:0.000000s ]
INFO: [ view_filter ] --START--
INFO: Run Behavior\WriteHtmlCacheBehavior [ RunTime:0.000000s ]
INFO: [ view_filter ] --END-- [ RunTime:0.000000s ]
INFO: [ app_end ] --START--
INFO: Run Behavior\ShowPageTraceBehavior [ RunTime:0.000000s ]
INFO: [ app_end ] --END-- [ RunTime:0.000000s ]

[ 2016-09-12T11:56:33+08:00 ] 61.50.106.246 /Admin/Index/left/id/85.html?id=151
INFO: [ app_init ] --START--
INFO: Run Behavior\BuildLiteBehavior [ RunTime:0.000000s ]
INFO: [ app_init ] --END-- [ RunTime:0.000000s ]
INFO: [ app_begin ] --START--
INFO: Run Behavior\ReadHtmlCacheBehavior [ RunTime:0.000000s ]
INFO: [ app_begin ] --END-- [ RunTime:0.000000s ]
SQL: SHOW COLUMNS FROM `sd_node` [ RunTime:0.0156s ]
SQL: SELECT `id`,`data`,`title`
                    FROM `sd_node`
                    WHERE ( `status` =1 AND `display`=2 AND `level` <>1 AND `pid`=151 )
                    ORDER BY sort DESC [ RunTime:0.0000s ]
SQL: SELECT `title` FROM `sd_node` WHERE `id` = 151 LIMIT 1   [ RunTime:0.0000s ]
SQL: SELECT `id`,`data`,`title`
                    FROM `sd_node`
                    WHERE ( `status` =1 AND `display`=2 AND `level` <>1 AND `pid`=152 )
                    ORDER BY sort DESC [ RunTime:0.0000s ]
NOTIC: [8] Use of undefined constant title - assumed 'title' C:\www\hyuzx\Application\Admin\Controller\IndexController.class.php 第 54 行.
NOTIC: [8] Use of undefined constant title - assumed 'title' C:\www\hyuzx\Application\Admin\Controller\IndexController.class.php 第 65 行.
INFO: [ view_parse ] --START--
INFO: [ template_filter ] --START--
INFO: Run Behavior\ContentReplaceBehavior [ RunTime:0.000000s ]
INFO: [ template_filter ] --END-- [ RunTime:0.000000s ]
INFO: Run Behavior\ParseTemplateBehavior [ RunTime:0.000000s ]
INFO: [ view_parse ] --END-- [ RunTime:0.000000s ]
INFO: [ view_filter ] --START--
INFO: Run Behavior\WriteHtmlCacheBehavior [ RunTime:0.000000s ]
INFO: [ view_filter ] --END-- [ RunTime:0.000000s ]
INFO: [ app_end ] --START--
INFO: Run Behavior\ShowPageTraceBehavior [ RunTime:0.000000s ]
INFO: [ app_end ] --END-- [ RunTime:0.000000s ]

[ 2016-09-12T11:56:33+08:00 ] 61.50.106.246 /Admin/Index/index.html?s=/Admin/User/index
INFO: [ app_init ] --START--
INFO: Run Behavior\BuildLiteBehavior [ RunTime:0.000000s ]
INFO: [ app_init ] --END-- [ RunTime:0.000000s ]
INFO: [ app_begin ] --START--
INFO: Run Behavior\ReadHtmlCacheBehavior [ RunTime:0.000000s ]
INFO: [ app_begin ] --END-- [ RunTime:0.000000s ]
NOTIC: [8] Undefined index: ssubmit C:\www\hyuzx\Application\Admin\Controller\UserController.class.php 第 21 行.
SQL: SHOW COLUMNS FROM `sd_role` [ RunTime:0.0000s ]
SQL: SELECT * FROM `sd_role` WHERE ( id in(1,6,9,2) )  [ RunTime:0.0000s ]
NOTIC: [8] Undefined variable: order_by C:\www\hyuzx\Application\Admin\Controller\UserController.class.php 第 92 行.
SQL: select *,sd_users.status as ustatus ,sd_users.uid as uuid
               FROM sd_users
               LEFT JOIN sd_role ON sd_users.role_id = sd_role.id WHERE sd_users.uid !='' [ RunTime:0.0000s ]
SQL: select *,sd_users.status as ustatus ,sd_users.uid as uuid
               FROM sd_users
               LEFT JOIN sd_role ON sd_users.role_id = sd_role.id WHERE sd_users.uid !='' [ RunTime:0.0000s ]
SQL: select *,sd_users.status as ustatus ,sd_users.uid as uuid
               FROM sd_users
               LEFT JOIN sd_role ON sd_users.role_id = sd_role.id WHERE sd_users.uid !='' limit 0,50 [ RunTime:0.0000s ]
NOTIC: [8] Undefined variable: map C:\www\hyuzx\Application\Admin\Controller\UserController.class.php 第 103 行.
NOTIC: [2] Invalid argument supplied for foreach() C:\www\hyuzx\Application\Admin\Controller\UserController.class.php 第 103 行.
NOTIC: [8] Undefined variable: city C:\www\hyuzx\Application\Admin\Controller\UserController.class.php 第 107 行.
INFO: [ view_parse ] --START--
INFO: [ template_filter ] --START--
INFO: Run Behavior\ContentReplaceBehavior [ RunTime:0.000000s ]
INFO: [ template_filter ] --END-- [ RunTime:0.000000s ]
NOTIC: [8] Use of undefined constant hlbs - assumed 'hlbs' C:\www\hyuzx\Application\Runtime\Cache\Admin\65e605872ed5d34210f5b33beb13f5a3.php 第 53 行.
NOTIC: [8] Use of undefined constant hlbs - assumed 'hlbs' C:\www\hyuzx\Application\Runtime\Cache\Admin\65e605872ed5d34210f5b33beb13f5a3.php 第 53 行.
NOTIC: [8] Undefined variable: pageUrl C:\www\hyuzx\Application\Runtime\Cache\Admin\65e605872ed5d34210f5b33beb13f5a3.php 第 77 行.
INFO: Run Behavior\ParseTemplateBehavior [ RunTime:0.015625s ]
INFO: [ view_parse ] --END-- [ RunTime:0.015625s ]
INFO: [ view_filter ] --START--
INFO: Run Behavior\WriteHtmlCacheBehavior [ RunTime:0.000000s ]
INFO: [ view_filter ] --END-- [ RunTime:0.000000s ]
INFO: [ app_end ] --START--
INFO: Run Behavior\ShowPageTraceBehavior [ RunTime:0.000000s ]
INFO: [ app_end ] --END-- [ RunTime:0.000000s ]

[ 2016-09-12T11:56:34+08:00 ] 61.50.106.246 /Admin/Index/left/id/85.html?id=85
INFO: [ app_init ] --START--
INFO: Run Behavior\BuildLiteBehavior [ RunTime:0.000000s ]
INFO: [ app_init ] --END-- [ RunTime:0.000000s ]
INFO: [ app_begin ] --START--
INFO: Run Behavior\ReadHtmlCacheBehavior [ RunTime:0.000000s ]
INFO: [ app_begin ] --END-- [ RunTime:0.000000s ]
SQL: SHOW COLUMNS FROM `sd_node` [ RunTime:0.0000s ]
SQL: SELECT `id`,`data`,`title`
                    FROM `sd_node`
                    WHERE ( `status` =1 AND `display`=2 AND `level` <>1 AND `pid`=85 )
                    ORDER BY sort DESC [ RunTime:0.0000s ]
SQL: SELECT `title` FROM `sd_node` WHERE `id` = 85 LIMIT 1   [ RunTime:0.0000s ]
SQL: SELECT `id`,`data`,`title`
                    FROM `sd_node`
                    WHERE ( `status` =1 AND `display`=2 AND `level` <>1 AND `pid`=86 )
                    ORDER BY sort DESC [ RunTime:0.0000s ]
NOTIC: [8] Use of undefined constant title - assumed 'title' C:\www\hyuzx\Application\Admin\Controller\IndexController.class.php 第 54 行.
NOTIC: [8] Use of undefined constant title - assumed 'title' C:\www\hyuzx\Application\Admin\Controller\IndexController.class.php 第 65 行.
NOTIC: [8] Use of undefined constant title - assumed 'title' C:\www\hyuzx\Application\Admin\Controller\IndexController.class.php 第 65 行.
INFO: [ view_parse ] --START--
INFO: [ template_filter ] --START--
INFO: Run Behavior\ContentReplaceBehavior [ RunTime:0.000000s ]
INFO: [ template_filter ] --END-- [ RunTime:0.000000s ]
INFO: Run Behavior\ParseTemplateBehavior [ RunTime:0.015626s ]
INFO: [ view_parse ] --END-- [ RunTime:0.015626s ]
INFO: [ view_filter ] --START--
INFO: Run Behavior\WriteHtmlCacheBehavior [ RunTime:0.000000s ]
INFO: [ view_filter ] --END-- [ RunTime:0.000000s ]
INFO: [ app_end ] --START--
INFO: Run Behavior\ShowPageTraceBehavior [ RunTime:0.000000s ]
INFO: [ app_end ] --END-- [ RunTime:0.000000s ]

[ 2016-09-12T11:56:34+08:00 ] 61.50.106.246 /Admin/Index/index.html?s=/Admin/Index/main
INFO: [ app_init ] --START--
INFO: Run Behavior\BuildLiteBehavior [ RunTime:0.000000s ]
INFO: [ app_init ] --END-- [ RunTime:0.000000s ]
INFO: [ app_begin ] --START--
INFO: Run Behavior\ReadHtmlCacheBehavior [ RunTime:0.000000s ]
INFO: [ app_begin ] --END-- [ RunTime:0.000000s ]
NOTIC: [8] Use of undefined constant gd_info - assumed 'gd_info' C:\www\hyuzx\Application\Admin\Controller\IndexController.class.php 第 127 行.
NOTIC: [8] Undefined index: SERVER_ADDR C:\www\hyuzx\Application\Admin\Controller\IndexController.class.php 第 134 行.
NOTIC: [8] Use of undefined constant WEB_ROOT - assumed 'WEB_ROOT' C:\www\hyuzx\Application\Admin\Controller\IndexController.class.php 第 137 行.
INFO: [ view_parse ] --START--
INFO: [ template_filter ] --START--
INFO: Run Behavior\ContentReplaceBehavior [ RunTime:0.000000s ]
INFO: [ template_filter ] --END-- [ RunTime:0.000000s ]
NOTIC: [8] Undefined variable: ikphp C:\www\hyuzx\Application\Runtime\Cache\Admin\b0f0b709690a72033d17719e8059053c.php 第 5 行.
NOTIC: [8] Undefined variable: caches C:\www\hyuzx\Application\Runtime\Cache\Admin\b0f0b709690a72033d17719e8059053c.php 第 34 行.
INFO: Run Behavior\ParseTemplateBehavior [ RunTime:0.000000s ]
INFO: [ view_parse ] --END-- [ RunTime:0.000000s ]
INFO: [ view_filter ] --START--
INFO: Run Behavior\WriteHtmlCacheBehavior [ RunTime:0.000000s ]
INFO: [ view_filter ] --END-- [ RunTime:0.000000s ]
INFO: [ app_end ] --START--
INFO: Run Behavior\ShowPageTraceBehavior [ RunTime:0.000000s ]
INFO: [ app_end ] --END-- [ RunTime:0.000000s ]

[ 2016-09-12T11:56:34+08:00 ] 61.50.106.246 /Admin/Index/index.html?s=/Admin/Cache/index
INFO: [ app_init ] --START--
INFO: Run Behavior\BuildLiteBehavior [ RunTime:0.000000s ]
INFO: [ app_init ] --END-- [ RunTime:0.000000s ]
INFO: [ app_begin ] --START--
INFO: Run Behavior\ReadHtmlCacheBehavior [ RunTime:0.000000s ]
INFO: [ app_begin ] --END-- [ RunTime:0.000000s ]
ERR: Think\Controller:_initialize方法不存在！

[ 2016-09-12T11:56:35+08:00 ] 61.50.106.246 /Admin/Index/index.html?s=/Admin/Index/main
INFO: [ app_init ] --START--
INFO: Run Behavior\BuildLiteBehavior [ RunTime:0.000000s ]
INFO: [ app_init ] --END-- [ RunTime:0.000000s ]
INFO: [ app_begin ] --START--
INFO: Run Behavior\ReadHtmlCacheBehavior [ RunTime:0.000000s ]
INFO: [ app_begin ] --END-- [ RunTime:0.000000s ]
NOTIC: [8] Use of undefined constant gd_info - assumed 'gd_info' C:\www\hyuzx\Application\Admin\Controller\IndexController.class.php 第 127 行.
NOTIC: [8] Undefined index: SERVER_ADDR C:\www\hyuzx\Application\Admin\Controller\IndexController.class.php 第 134 行.
NOTIC: [8] Use of undefined constant WEB_ROOT - assumed 'WEB_ROOT' C:\www\hyuzx\Application\Admin\Controller\IndexController.class.php 第 137 行.
INFO: [ view_parse ] --START--
INFO: [ template_filter ] --START--
INFO: Run Behavior\ContentReplaceBehavior [ RunTime:0.000000s ]
INFO: [ template_filter ] --END-- [ RunTime:0.000000s ]
NOTIC: [8] Undefined variable: ikphp C:\www\hyuzx\Application\Runtime\Cache\Admin\b0f0b709690a72033d17719e8059053c.php 第 5 行.
NOTIC: [8] Undefined variable: caches C:\www\hyuzx\Application\Runtime\Cache\Admin\b0f0b709690a72033d17719e8059053c.php 第 34 行.
INFO: Run Behavior\ParseTemplateBehavior [ RunTime:0.031251s ]
INFO: [ view_parse ] --END-- [ RunTime:0.031251s ]
INFO: [ view_filter ] --START--
INFO: Run Behavior\WriteHtmlCacheBehavior [ RunTime:0.000000s ]
INFO: [ view_filter ] --END-- [ RunTime:0.000000s ]
INFO: [ app_end ] --START--
INFO: Run Behavior\ShowPageTraceBehavior [ RunTime:0.000000s ]
INFO: [ app_end ] --END-- [ RunTime:0.000000s ]

[ 2016-09-12T11:56:36+08:00 ] 61.50.106.246 /Admin/Index/left/id/85.html?id=151
INFO: [ app_init ] --START--
INFO: Run Behavior\BuildLiteBehavior [ RunTime:0.000000s ]
INFO: [ app_init ] --END-- [ RunTime:0.000000s ]
INFO: [ app_begin ] --START--
INFO: Run Behavior\ReadHtmlCacheBehavior [ RunTime:0.000000s ]
INFO: [ app_begin ] --END-- [ RunTime:0.000000s ]
SQL: SHOW COLUMNS FROM `sd_node` [ RunTime:0.0156s ]
SQL: SELECT `id`,`data`,`title`
                    FROM `sd_node`
                    WHERE ( `status` =1 AND `display`=2 AND `level` <>1 AND `pid`=151 )
                    ORDER BY sort DESC [ RunTime:0.0000s ]
SQL: SELECT `title` FROM `sd_node` WHERE `id` = 151 LIMIT 1   [ RunTime:0.0000s ]
SQL: SELECT `id`,`data`,`title`
                    FROM `sd_node`
                    WHERE ( `status` =1 AND `display`=2 AND `level` <>1 AND `pid`=152 )
                    ORDER BY sort DESC [ RunTime:0.0000s ]
NOTIC: [8] Use of undefined constant title - assumed 'title' C:\www\hyuzx\Application\Admin\Controller\IndexController.class.php 第 54 行.
NOTIC: [8] Use of undefined constant title - assumed 'title' C:\www\hyuzx\Application\Admin\Controller\IndexController.class.php 第 65 行.
INFO: [ view_parse ] --START--
INFO: [ template_filter ] --START--
INFO: Run Behavior\ContentReplaceBehavior [ RunTime:0.000000s ]
INFO: [ template_filter ] --END-- [ RunTime:0.000000s ]
INFO: Run Behavior\ParseTemplateBehavior [ RunTime:0.000000s ]
INFO: [ view_parse ] --END-- [ RunTime:0.000000s ]
INFO: [ view_filter ] --START--
INFO: Run Behavior\WriteHtmlCacheBehavior [ RunTime:0.000000s ]
INFO: [ view_filter ] --END-- [ RunTime:0.000000s ]
INFO: [ app_end ] --START--
INFO: Run Behavior\ShowPageTraceBehavior [ RunTime:0.000000s ]
INFO: [ app_end ] --END-- [ RunTime:0.000000s ]

[ 2016-09-12T11:56:36+08:00 ] 61.50.106.246 /Admin/Index/index.html?s=/Admin/User/index
INFO: [ app_init ] --START--
INFO: Run Behavior\BuildLiteBehavior [ RunTime:0.000000s ]
INFO: [ app_init ] --END-- [ RunTime:0.000000s ]
INFO: [ app_begin ] --START--
INFO: Run Behavior\ReadHtmlCacheBehavior [ RunTime:0.000000s ]
INFO: [ app_begin ] --END-- [ RunTime:0.000000s ]
NOTIC: [8] Undefined index: ssubmit C:\www\hyuzx\Application\Admin\Controller\UserController.class.php 第 21 行.
SQL: SHOW COLUMNS FROM `sd_role` [ RunTime:0.0000s ]
SQL: SELECT * FROM `sd_role` WHERE ( id in(1,6,9,2) )  [ RunTime:0.0000s ]
NOTIC: [8] Undefined variable: order_by C:\www\hyuzx\Application\Admin\Controller\UserController.class.php 第 92 行.
SQL: select *,sd_users.status as ustatus ,sd_users.uid as uuid
               FROM sd_users
               LEFT JOIN sd_role ON sd_users.role_id = sd_role.id WHERE sd_users.uid !='' [ RunTime:0.0000s ]
SQL: select *,sd_users.status as ustatus ,sd_users.uid as uuid
               FROM sd_users
               LEFT JOIN sd_role ON sd_users.role_id = sd_role.id WHERE sd_users.uid !='' [ RunTime:0.0000s ]
SQL: select *,sd_users.status as ustatus ,sd_users.uid as uuid
               FROM sd_users
               LEFT JOIN sd_role ON sd_users.role_id = sd_role.id WHERE sd_users.uid !='' limit 0,50 [ RunTime:0.0000s ]
NOTIC: [8] Undefined variable: map C:\www\hyuzx\Application\Admin\Controller\UserController.class.php 第 103 行.
NOTIC: [2] Invalid argument supplied for foreach() C:\www\hyuzx\Application\Admin\Controller\UserController.class.php 第 103 行.
NOTIC: [8] Undefined variable: city C:\www\hyuzx\Application\Admin\Controller\UserController.class.php 第 107 行.
INFO: [ view_parse ] --START--
INFO: [ template_filter ] --START--
INFO: Run Behavior\ContentReplaceBehavior [ RunTime:0.000000s ]
INFO: [ template_filter ] --END-- [ RunTime:0.000000s ]
NOTIC: [8] Use of undefined constant hlbs - assumed 'hlbs' C:\www\hyuzx\Application\Runtime\Cache\Admin\65e605872ed5d34210f5b33beb13f5a3.php 第 53 行.
NOTIC: [8] Use of undefined constant hlbs - assumed 'hlbs' C:\www\hyuzx\Application\Runtime\Cache\Admin\65e605872ed5d34210f5b33beb13f5a3.php 第 53 行.
NOTIC: [8] Undefined variable: pageUrl C:\www\hyuzx\Application\Runtime\Cache\Admin\65e605872ed5d34210f5b33beb13f5a3.php 第 77 行.
INFO: Run Behavior\ParseTemplateBehavior [ RunTime:0.015625s ]
INFO: [ view_parse ] --END-- [ RunTime:0.015625s ]
INFO: [ view_filter ] --START--
INFO: Run Behavior\WriteHtmlCacheBehavior [ RunTime:0.000000s ]
INFO: [ view_filter ] --END-- [ RunTime:0.000000s ]
INFO: [ app_end ] --START--
INFO: Run Behavior\ShowPageTraceBehavior [ RunTime:0.000000s ]
INFO: [ app_end ] --END-- [ RunTime:0.000000s ]

[ 2016-09-12T11:56:38+08:00 ] 61.50.106.246 /Admin/Index/left/id/85.html?id=70
INFO: [ app_init ] --START--
INFO: Run Behavior\BuildLiteBehavior [ RunTime:0.000000s ]
INFO: [ app_init ] --END-- [ RunTime:0.000000s ]
INFO: [ app_begin ] --START--
INFO: Run Behavior\ReadHtmlCacheBehavior [ RunTime:0.000000s ]
INFO: [ app_begin ] --END-- [ RunTime:0.000000s ]
SQL: SHOW COLUMNS FROM `sd_node` [ RunTime:0.0000s ]
SQL: SELECT `id`,`data`,`title`
                    FROM `sd_node`
                    WHERE ( `status` =1 AND `display`=2 AND `level` <>1 AND `pid`=70 )
                    ORDER BY sort DESC [ RunTime:0.0000s ]
SQL: SELECT `title` FROM `sd_node` WHERE `id` = 70 LIMIT 1   [ RunTime:0.0000s ]
SQL: SELECT `id`,`data`,`title`
                    FROM `sd_node`
                    WHERE ( `status` =1 AND `display`=2 AND `level` <>1 AND `pid`=71 )
                    ORDER BY sort DESC [ RunTime:0.0000s ]
NOTIC: [8] Use of undefined constant title - assumed 'title' C:\www\hyuzx\Application\Admin\Controller\IndexController.class.php 第 54 行.
NOTIC: [8] Use of undefined constant title - assumed 'title' C:\www\hyuzx\Application\Admin\Controller\IndexController.class.php 第 65 行.
INFO: [ view_parse ] --START--
INFO: [ template_filter ] --START--
INFO: Run Behavior\ContentReplaceBehavior [ RunTime:0.000000s ]
INFO: [ template_filter ] --END-- [ RunTime:0.000000s ]
INFO: Run Behavior\ParseTemplateBehavior [ RunTime:0.000000s ]
INFO: [ view_parse ] --END-- [ RunTime:0.000000s ]
INFO: [ view_filter ] --START--
INFO: Run Behavior\WriteHtmlCacheBehavior [ RunTime:0.000000s ]
INFO: [ view_filter ] --END-- [ RunTime:0.000000s ]
INFO: [ app_end ] --START--
INFO: Run Behavior\ShowPageTraceBehavior [ RunTime:0.000000s ]
INFO: [ app_end ] --END-- [ RunTime:0.000000s ]

[ 2016-09-12T11:56:38+08:00 ] 61.50.106.246 /Admin/Index/index.html?s=/Admin/Node/index
INFO: [ app_init ] --START--
INFO: Run Behavior\BuildLiteBehavior [ RunTime:0.000000s ]
INFO: [ app_init ] --END-- [ RunTime:0.000000s ]
INFO: [ app_begin ] --START--
INFO: Run Behavior\ReadHtmlCacheBehavior [ RunTime:0.000000s ]
INFO: [ app_begin ] --END-- [ RunTime:0.000000s ]
SQL: SHOW COLUMNS FROM `sd_node` [ RunTime:0.0000s ]
SQL: SELECT * FROM `sd_node` ORDER BY sort DESC  [ RunTime:0.0000s ]
INFO: [ view_parse ] --START--
INFO: [ template_filter ] --START--
INFO: Run Behavior\ContentReplaceBehavior [ RunTime:0.000000s ]
INFO: [ template_filter ] --END-- [ RunTime:0.000000s ]
INFO: Run Behavior\ParseTemplateBehavior [ RunTime:0.015625s ]
INFO: [ view_parse ] --END-- [ RunTime:0.015625s ]
INFO: [ view_filter ] --START--
INFO: Run Behavior\WriteHtmlCacheBehavior [ RunTime:0.000000s ]
INFO: [ view_filter ] --END-- [ RunTime:0.000000s ]
INFO: [ app_end ] --START--
INFO: Run Behavior\ShowPageTraceBehavior [ RunTime:0.000000s ]
INFO: [ app_end ] --END-- [ RunTime:0.000000s ]

[ 2016-09-12T11:56:39+08:00 ] 61.50.106.246 /Admin/Index/left/id/85.html?id=171
INFO: [ app_init ] --START--
INFO: Run Behavior\BuildLiteBehavior [ RunTime:0.000000s ]
INFO: [ app_init ] --END-- [ RunTime:0.000000s ]
INFO: [ app_begin ] --START--
INFO: Run Behavior\ReadHtmlCacheBehavior [ RunTime:0.000000s ]
INFO: [ app_begin ] --END-- [ RunTime:0.000000s ]
SQL: SHOW COLUMNS FROM `sd_node` [ RunTime:0.0000s ]
SQL: SELECT `id`,`data`,`title`
                    FROM `sd_node`
                    WHERE ( `status` =1 AND `display`=2 AND `level` <>1 AND `pid`=171 )
                    ORDER BY sort DESC [ RunTime:0.0000s ]
SQL: SELECT `title` FROM `sd_node` WHERE `id` = 171 LIMIT 1   [ RunTime:0.0000s ]
SQL: SELECT `id`,`data`,`title`
                    FROM `sd_node`
                    WHERE ( `status` =1 AND `display`=2 AND `level` <>1 AND `pid`=172 )
                    ORDER BY sort DESC [ RunTime:0.0000s ]
NOTIC: [8] Use of undefined constant title - assumed 'title' C:\www\hyuzx\Application\Admin\Controller\IndexController.class.php 第 54 行.
NOTIC: [8] Use of undefined constant title - assumed 'title' C:\www\hyuzx\Application\Admin\Controller\IndexController.class.php 第 65 行.
INFO: [ view_parse ] --START--
INFO: [ template_filter ] --START--
INFO: Run Behavior\ContentReplaceBehavior [ RunTime:0.000000s ]
INFO: [ template_filter ] --END-- [ RunTime:0.000000s ]
INFO: Run Behavior\ParseTemplateBehavior [ RunTime:0.000000s ]
INFO: [ view_parse ] --END-- [ RunTime:0.000000s ]
INFO: [ view_filter ] --START--
INFO: Run Behavior\WriteHtmlCacheBehavior [ RunTime:0.000000s ]
INFO: [ view_filter ] --END-- [ RunTime:0.000000s ]
INFO: [ app_end ] --START--
INFO: Run Behavior\ShowPageTraceBehavior [ RunTime:0.000000s ]
INFO: [ app_end ] --END-- [ RunTime:0.000000s ]

[ 2016-09-12T11:56:39+08:00 ] 61.50.106.246 /Admin/Index/index.html?s=/Admin/Role/index
INFO: [ app_init ] --START--
INFO: Run Behavior\BuildLiteBehavior [ RunTime:0.000000s ]
INFO: [ app_init ] --END-- [ RunTime:0.000000s ]
INFO: [ app_begin ] --START--
INFO: Run Behavior\ReadHtmlCacheBehavior [ RunTime:0.000000s ]
INFO: [ app_begin ] --END-- [ RunTime:0.000000s ]
SQL: SHOW COLUMNS FROM `sd_role` [ RunTime:0.0000s ]
SQL: SELECT * FROM `sd_role` ORDER BY sort DESC  [ RunTime:0.0000s ]
SQL: SHOW COLUMNS FROM `sd_users` [ RunTime:0.0000s ]
SQL: SELECT COUNT(*) AS tp_count FROM `sd_users` LIMIT 1   [ RunTime:0.0000s ]
INFO: [ view_parse ] --START--
INFO: [ template_filter ] --START--
INFO: Run Behavior\ContentReplaceBehavior [ RunTime:0.000000s ]
INFO: [ template_filter ] --END-- [ RunTime:0.000000s ]
INFO: Run Behavior\ParseTemplateBehavior [ RunTime:0.015626s ]
INFO: [ view_parse ] --END-- [ RunTime:0.015626s ]
INFO: [ view_filter ] --START--
INFO: Run Behavior\WriteHtmlCacheBehavior [ RunTime:0.000000s ]
INFO: [ view_filter ] --END-- [ RunTime:0.000000s ]
INFO: [ app_end ] --START--
INFO: Run Behavior\ShowPageTraceBehavior [ RunTime:0.000000s ]
INFO: [ app_end ] --END-- [ RunTime:0.000000s ]

[ 2016-09-12T11:56:41+08:00 ] 61.50.106.246 /Admin/Index/left/id/85.html?id=296
INFO: [ app_init ] --START--
INFO: Run Behavior\BuildLiteBehavior [ RunTime:0.000000s ]
INFO: [ app_init ] --END-- [ RunTime:0.000000s ]
INFO: [ app_begin ] --START--
INFO: Run Behavior\ReadHtmlCacheBehavior [ RunTime:0.000000s ]
INFO: [ app_begin ] --END-- [ RunTime:0.000000s ]
SQL: SHOW COLUMNS FROM `sd_node` [ RunTime:0.0000s ]
SQL: SELECT `id`,`data`,`title`
                    FROM `sd_node`
                    WHERE ( `status` =1 AND `display`=2 AND `level` <>1 AND `pid`=296 )
                    ORDER BY sort DESC [ RunTime:0.0000s ]
SQL: SELECT `title` FROM `sd_node` WHERE `id` = 296 LIMIT 1   [ RunTime:0.0000s ]
SQL: SELECT `id`,`data`,`title`
                    FROM `sd_node`
                    WHERE ( `status` =1 AND `display`=2 AND `level` <>1 AND `pid`=297 )
                    ORDER BY sort DESC [ RunTime:0.0000s ]
NOTIC: [8] Use of undefined constant title - assumed 'title' C:\www\hyuzx\Application\Admin\Controller\IndexController.class.php 第 54 行.
NOTIC: [8] Use of undefined constant title - assumed 'title' C:\www\hyuzx\Application\Admin\Controller\IndexController.class.php 第 65 行.
INFO: [ view_parse ] --START--
INFO: [ template_filter ] --START--
INFO: Run Behavior\ContentReplaceBehavior [ RunTime:0.000000s ]
INFO: [ template_filter ] --END-- [ RunTime:0.000000s ]
INFO: Run Behavior\ParseTemplateBehavior [ RunTime:0.000000s ]
INFO: [ view_parse ] --END-- [ RunTime:0.000000s ]
INFO: [ view_filter ] --START--
INFO: Run Behavior\WriteHtmlCacheBehavior [ RunTime:0.000000s ]
INFO: [ view_filter ] --END-- [ RunTime:0.000000s ]
INFO: [ app_end ] --START--
INFO: Run Behavior\ShowPageTraceBehavior [ RunTime:0.015625s ]
INFO: [ app_end ] --END-- [ RunTime:0.015625s ]

[ 2016-09-12T11:56:41+08:00 ] 61.50.106.246 /Admin/Index/index.html?s=/Admin/Content/content_list
INFO: [ app_init ] --START--
INFO: Run Behavior\BuildLiteBehavior [ RunTime:0.000000s ]
INFO: [ app_init ] --END-- [ RunTime:0.000000s ]
INFO: [ app_begin ] --START--
INFO: Run Behavior\ReadHtmlCacheBehavior [ RunTime:0.000000s ]
INFO: [ app_begin ] --END-- [ RunTime:0.000000s ]
SQL: SHOW COLUMNS FROM `sd_class` [ RunTime:0.0000s ]
SQL: SELECT * FROM `sd_class` WHERE ( pid = "12" )  [ RunTime:0.0000s ]
SQL: SELECT * FROM `sd_class` WHERE ( id <> "12" and id = "11" )  [ RunTime:0.0000s ]
SQL: SELECT * FROM `sd_class` WHERE ( pid = "13" )  [ RunTime:0.0000s ]
SQL: SELECT * FROM `sd_class` WHERE ( pid = "14" )  [ RunTime:0.0000s ]
SQL: SHOW COLUMNS FROM `sd_content` [ RunTime:0.0000s ]
SQL: SELECT * FROM `sd_content` WHERE ( cid = "15" ) ORDER BY sort desc  [ RunTime:0.0000s ]
SQL: SELECT * FROM `sd_content` WHERE ( cid = "16" ) ORDER BY sort desc  [ RunTime:0.0000s ]
SQL: SELECT * FROM `sd_content` WHERE ( cid = "17" ) ORDER BY sort desc  [ RunTime:0.0000s ]
SQL: SELECT * FROM `sd_content` WHERE ( cid = "18" ) ORDER BY sort desc  [ RunTime:0.0000s ]
SQL: SELECT * FROM `sd_content` WHERE ( cid = "19" ) ORDER BY sort desc  [ RunTime:0.0000s ]
SQL: SELECT * FROM `sd_class` WHERE ( pid = "20" )  [ RunTime:0.0000s ]
SQL: SELECT * FROM `sd_content` WHERE ( cid = "22" ) ORDER BY sort desc  [ RunTime:0.0000s ]
SQL: SELECT * FROM `sd_content` WHERE ( cid = "23" ) ORDER BY sort desc  [ RunTime:0.0000s ]
SQL: SELECT * FROM `sd_content` WHERE ( cid = "24" ) ORDER BY sort desc  [ RunTime:0.0000s ]
SQL: SELECT * FROM `sd_content` WHERE ( cid = "25" ) ORDER BY sort desc  [ RunTime:0.0000s ]
SQL: SELECT * FROM `sd_content` WHERE ( cid = "26" ) ORDER BY sort desc  [ RunTime:0.0000s ]
SQL: SELECT * FROM `sd_class` WHERE ( pid = "27" )  [ RunTime:0.0000s ]
SQL: SELECT * FROM `sd_content` WHERE ( cid = "28" ) ORDER BY sort desc  [ RunTime:0.0000s ]
SQL: SELECT * FROM `sd_content` WHERE ( cid = "29" ) ORDER BY sort desc  [ RunTime:0.0000s ]
SQL: SELECT * FROM `sd_content` WHERE ( cid = "30" ) ORDER BY sort desc  [ RunTime:0.0156s ]
SQL: SELECT * FROM `sd_class` WHERE ( pid = "31" )  [ RunTime:0.0000s ]
SQL: SELECT * FROM `sd_content` WHERE ( cid = "32" ) ORDER BY sort desc  [ RunTime:0.0000s ]
SQL: SELECT * FROM `sd_content` WHERE ( cid = "33" ) ORDER BY sort desc  [ RunTime:0.0000s ]
SQL: SELECT * FROM `sd_content` WHERE ( cid = "34" ) ORDER BY sort desc  [ RunTime:0.0000s ]
SQL: SELECT * FROM `sd_content` WHERE ( cid = "35" ) ORDER BY sort desc  [ RunTime:0.0000s ]
SQL: SELECT * FROM `sd_content` WHERE ( cid = "36" ) ORDER BY sort desc  [ RunTime:0.0000s ]
SQL: SELECT * FROM `sd_content` WHERE ( cid = "37" ) ORDER BY sort desc  [ RunTime:0.0000s ]
SQL: SELECT * FROM `sd_content` WHERE ( cid = "38" ) ORDER BY sort desc  [ RunTime:0.0000s ]
SQL: SHOW COLUMNS FROM `sd_keyword` [ RunTime:0.0000s ]
SQL: SELECT * FROM `sd_keyword` WHERE ( content_id = "85" ) LIMIT 1   [ RunTime:0.0000s ]
INFO: [ view_parse ] --START--
INFO: [ template_filter ] --START--
INFO: Run Behavior\ContentReplaceBehavior [ RunTime:0.000000s ]
INFO: [ template_filter ] --END-- [ RunTime:0.000000s ]
NOTIC: [8] Undefined variable: id C:\www\hyuzx\Application\Runtime\Cache\Admin\1d752b3768e90a07ee12ed04b76e3b9e.php 第 29 行.
NOTIC: [8] Undefined variable: id C:\www\hyuzx\Application\Runtime\Cache\Admin\1d752b3768e90a07ee12ed04b76e3b9e.php 第 29 行.
NOTIC: [8] Undefined variable: id C:\www\hyuzx\Application\Runtime\Cache\Admin\1d752b3768e90a07ee12ed04b76e3b9e.php 第 29 行.
NOTIC: [8] Undefined variable: id C:\www\hyuzx\Application\Runtime\Cache\Admin\1d752b3768e90a07ee12ed04b76e3b9e.php 第 29 行.
NOTIC: [8] Undefined variable: id C:\www\hyuzx\Application\Runtime\Cache\Admin\1d752b3768e90a07ee12ed04b76e3b9e.php 第 36 行.
NOTIC: [8] Undefined variable: page C:\www\hyuzx\Application\Runtime\Cache\Admin\1d752b3768e90a07ee12ed04b76e3b9e.php 第 76 行.
INFO: Run Behavior\ParseTemplateBehavior [ RunTime:0.015626s ]
INFO: [ view_parse ] --END-- [ RunTime:0.015626s ]
INFO: [ view_filter ] --START--
INFO: Run Behavior\WriteHtmlCacheBehavior [ RunTime:0.000000s ]
INFO: [ view_filter ] --END-- [ RunTime:0.000000s ]
INFO: [ app_end ] --START--
INFO: Run Behavior\ShowPageTraceBehavior [ RunTime:0.000000s ]
INFO: [ app_end ] --END-- [ RunTime:0.000000s ]

[ 2016-09-12T11:56:42+08:00 ] 61.50.106.246 /Admin/Index/left/id/85.html?id=299
INFO: [ app_init ] --START--
INFO: Run Behavior\BuildLiteBehavior [ RunTime:0.000000s ]
INFO: [ app_init ] --END-- [ RunTime:0.000000s ]
INFO: [ app_begin ] --START--
INFO: Run Behavior\ReadHtmlCacheBehavior [ RunTime:0.000000s ]
INFO: [ app_begin ] --END-- [ RunTime:0.000000s ]
SQL: SHOW COLUMNS FROM `sd_node` [ RunTime:0.0000s ]
SQL: SELECT `id`,`data`,`title`
                    FROM `sd_node`
                    WHERE ( `status` =1 AND `display`=2 AND `level` <>1 AND `pid`=299 )
                    ORDER BY sort DESC [ RunTime:0.0000s ]
SQL: SELECT `title` FROM `sd_node` WHERE `id` = 299 LIMIT 1   [ RunTime:0.0000s ]
SQL: SELECT `id`,`data`,`title`
                    FROM `sd_node`
                    WHERE ( `status` =1 AND `display`=2 AND `level` <>1 AND `pid`=300 )
                    ORDER BY sort DESC [ RunTime:0.0000s ]
NOTIC: [8] Use of undefined constant title - assumed 'title' C:\www\hyuzx\Application\Admin\Controller\IndexController.class.php 第 54 行.
NOTIC: [8] Use of undefined constant title - assumed 'title' C:\www\hyuzx\Application\Admin\Controller\IndexController.class.php 第 65 行.
SQL: SELECT `id`,`data`,`title`
                    FROM `sd_node`
                    WHERE ( `status` =1 AND `display`=2 AND `level` <>1 AND `pid`=340 )
                    ORDER BY sort DESC [ RunTime:0.0000s ]
NOTIC: [8] Use of undefined constant title - assumed 'title' C:\www\hyuzx\Application\Admin\Controller\IndexController.class.php 第 54 行.
NOTIC: [8] Use of undefined constant title - assumed 'title' C:\www\hyuzx\Application\Admin\Controller\IndexController.class.php 第 65 行.
SQL: SELECT `id`,`data`,`title`
                    FROM `sd_node`
                    WHERE ( `status` =1 AND `display`=2 AND `level` <>1 AND `pid`=343 )
                    ORDER BY sort DESC [ RunTime:0.0000s ]
NOTIC: [8] Use of undefined constant title - assumed 'title' C:\www\hyuzx\Application\Admin\Controller\IndexController.class.php 第 54 行.
NOTIC: [8] Use of undefined constant title - assumed 'title' C:\www\hyuzx\Application\Admin\Controller\IndexController.class.php 第 65 行.
NOTIC: [8] Use of undefined constant title - assumed 'title' C:\www\hyuzx\Application\Admin\Controller\IndexController.class.php 第 65 行.
SQL: SELECT `id`,`data`,`title`
                    FROM `sd_node`
                    WHERE ( `status` =1 AND `display`=2 AND `level` <>1 AND `pid`=346 )
                    ORDER BY sort DESC [ RunTime:0.0000s ]
NOTIC: [8] Use of undefined constant title - assumed 'title' C:\www\hyuzx\Application\Admin\Controller\IndexController.class.php 第 54 行.
NOTIC: [8] Use of undefined constant title - assumed 'title' C:\www\hyuzx\Application\Admin\Controller\IndexController.class.php 第 65 行.
SQL: SELECT `id`,`data`,`title`
                    FROM `sd_node`
                    WHERE ( `status` =1 AND `display`=2 AND `level` <>1 AND `pid`=348 )
                    ORDER BY sort DESC [ RunTime:0.0000s ]
NOTIC: [8] Use of undefined constant title - assumed 'title' C:\www\hyuzx\Application\Admin\Controller\IndexController.class.php 第 54 行.
NOTIC: [8] Use of undefined constant title - assumed 'title' C:\www\hyuzx\Application\Admin\Controller\IndexController.class.php 第 65 行.
SQL: SELECT `id`,`data`,`title`
                    FROM `sd_node`
                    WHERE ( `status` =1 AND `display`=2 AND `level` <>1 AND `pid`=350 )
                    ORDER BY sort DESC [ RunTime:0.0000s ]
NOTIC: [8] Use of undefined constant title - assumed 'title' C:\www\hyuzx\Application\Admin\Controller\IndexController.class.php 第 54 行.
NOTIC: [8] Use of undefined constant title - assumed 'title' C:\www\hyuzx\Application\Admin\Controller\IndexController.class.php 第 65 行.
INFO: [ view_parse ] --START--
INFO: [ template_filter ] --START--
INFO: Run Behavior\ContentReplaceBehavior [ RunTime:0.000000s ]
INFO: [ template_filter ] --END-- [ RunTime:0.000000s ]
INFO: Run Behavior\ParseTemplateBehavior [ RunTime:0.015626s ]
INFO: [ view_parse ] --END-- [ RunTime:0.015626s ]
INFO: [ view_filter ] --START--
INFO: Run Behavior\WriteHtmlCacheBehavior [ RunTime:0.000000s ]
INFO: [ view_filter ] --END-- [ RunTime:0.000000s ]
INFO: [ app_end ] --START--
INFO: Run Behavior\ShowPageTraceBehavior [ RunTime:0.000000s ]
INFO: [ app_end ] --END-- [ RunTime:0.000000s ]

[ 2016-09-12T11:56:43+08:00 ] 61.50.106.246 /Admin/Index/index.html?s=/Admin/Setting/class_list
INFO: [ app_init ] --START--
INFO: Run Behavior\BuildLiteBehavior [ RunTime:0.000000s ]
INFO: [ app_init ] --END-- [ RunTime:0.000000s ]
INFO: [ app_begin ] --START--
INFO: Run Behavior\ReadHtmlCacheBehavior [ RunTime:0.000000s ]
INFO: [ app_begin ] --END-- [ RunTime:0.000000s ]
SQL: SHOW COLUMNS FROM `sd_class` [ RunTime:0.0000s ]
SQL: SELECT * FROM `sd_class` WHERE ( pid = 0 ) ORDER BY sort desc  [ RunTime:0.0000s ]
SQL: SELECT * FROM `sd_class` WHERE ( pid = "12" ) ORDER BY sort desc  [ RunTime:0.0000s ]
SQL: SELECT * FROM `sd_class` WHERE ( pid = "39" ) ORDER BY sort desc  [ RunTime:0.0000s ]
SQL: SELECT * FROM `sd_class` WHERE ( pid = "40" ) ORDER BY sort desc  [ RunTime:0.0000s ]
SQL: SELECT * FROM `sd_class` WHERE ( pid = "46" ) ORDER BY sort desc  [ RunTime:0.0000s ]
SQL: SELECT * FROM `sd_class` WHERE ( pid = "53" ) ORDER BY sort desc  [ RunTime:0.0000s ]
SQL: SELECT * FROM `sd_class` WHERE ( pid = "60" ) ORDER BY sort desc  [ RunTime:0.0000s ]
SQL: SELECT * FROM `sd_class` WHERE ( pid = "61" ) ORDER BY sort desc  [ RunTime:0.0156s ]
SQL: SELECT * FROM `sd_class` WHERE ( pid = "62" ) ORDER BY sort desc  [ RunTime:0.0000s ]
SQL: SELECT * FROM `sd_class` WHERE ( pid = "63" ) ORDER BY sort desc  [ RunTime:0.0000s ]
SQL: SELECT * FROM `sd_class` WHERE ( pid = "64" ) ORDER BY sort desc  [ RunTime:0.0000s ]
SQL: SELECT * FROM `sd_class` WHERE ( pid = "65" ) ORDER BY sort desc  [ RunTime:0.0000s ]
SQL: SELECT * FROM `sd_class` WHERE ( pid = "69" ) ORDER BY sort desc  [ RunTime:0.0000s ]
SQL: SELECT * FROM `sd_class` WHERE ( pid = "77" ) ORDER BY sort desc  [ RunTime:0.0000s ]
SQL: SELECT * FROM `sd_class` WHERE ( pid = "78" ) ORDER BY sort desc  [ RunTime:0.0000s ]
SQL: SELECT * FROM `sd_class` WHERE ( pid = "79" ) ORDER BY sort desc  [ RunTime:0.0000s ]
SQL: SELECT * FROM `sd_class` WHERE ( pid = "80" ) ORDER BY sort desc  [ RunTime:0.0000s ]
SQL: SELECT * FROM `sd_class` WHERE ( pid = "81" ) ORDER BY sort desc  [ RunTime:0.0000s ]
SQL: SELECT * FROM `sd_class` WHERE ( pid = "13" ) ORDER BY sort desc  [ RunTime:0.0000s ]
SQL: SELECT * FROM `sd_class` WHERE ( pid = "14" ) ORDER BY sort desc  [ RunTime:0.0000s ]
SQL: SELECT * FROM `sd_class` WHERE ( pid = "20" ) ORDER BY sort desc  [ RunTime:0.0000s ]
SQL: SELECT * FROM `sd_class` WHERE ( pid = "27" ) ORDER BY sort desc  [ RunTime:0.0000s ]
SQL: SELECT * FROM `sd_class` WHERE ( pid = "31" ) ORDER BY sort desc  [ RunTime:0.0000s ]
SQL: SELECT * FROM `sd_class` WHERE ( pid = "98" ) ORDER BY sort desc  [ RunTime:0.0000s ]
SQL: SELECT * FROM `sd_class` WHERE ( pid = "101" ) ORDER BY sort desc  [ RunTime:0.0000s ]
SQL: SELECT * FROM `sd_class` WHERE ( pid = "102" ) ORDER BY sort desc  [ RunTime:0.0000s ]
SQL: SELECT * FROM `sd_class` WHERE ( pid = "103" ) ORDER BY sort desc  [ RunTime:0.0000s ]
SQL: SELECT * FROM `sd_class` WHERE ( pid = "104" ) ORDER BY sort desc  [ RunTime:0.0000s ]
SQL: SELECT * FROM `sd_class` WHERE ( pid = "100" ) ORDER BY sort desc  [ RunTime:0.0000s ]
SQL: SELECT * FROM `sd_class` WHERE ( pid = "99" ) ORDER BY sort desc  [ RunTime:0.0000s ]
SQL: SELECT * FROM `sd_class` WHERE ( pid = "105" ) ORDER BY sort desc  [ RunTime:0.0000s ]
SQL: SELECT * FROM `sd_class` WHERE ( pid = "106" ) ORDER BY sort desc  [ RunTime:0.0000s ]
SQL: SELECT * FROM `sd_class` WHERE ( pid = "107" ) ORDER BY sort desc  [ RunTime:0.0000s ]
SQL: SELECT * FROM `sd_class` WHERE ( pid = "108" ) ORDER BY sort desc  [ RunTime:0.0000s ]
SQL: SELECT * FROM `sd_class` WHERE ( pid = "109" ) ORDER BY sort desc  [ RunTime:0.0000s ]
SQL: SELECT * FROM `sd_class` WHERE ( pid = "11" ) ORDER BY sort desc  [ RunTime:0.0000s ]
SQL: SELECT * FROM `sd_class` WHERE ( pid = "113" ) ORDER BY sort desc  [ RunTime:0.0000s ]
SQL: SELECT * FROM `sd_class` WHERE ( pid = "114" ) ORDER BY sort desc  [ RunTime:0.0000s ]
SQL: SELECT * FROM `sd_class` WHERE ( pid = "110" ) ORDER BY sort desc  [ RunTime:0.0000s ]
SQL: SELECT * FROM `sd_class` WHERE ( pid = "112" ) ORDER BY sort desc  [ RunTime:0.0000s ]
INFO: [ view_parse ] --START--
INFO: [ template_filter ] --START--
INFO: Run Behavior\ContentReplaceBehavior [ RunTime:0.000000s ]
INFO: [ template_filter ] --END-- [ RunTime:0.000000s ]
INFO: Run Behavior\ParseTemplateBehavior [ RunTime:0.015626s ]
INFO: [ view_parse ] --END-- [ RunTime:0.015626s ]
INFO: [ view_filter ] --START--
INFO: Run Behavior\WriteHtmlCacheBehavior [ RunTime:0.000000s ]
INFO: [ view_filter ] --END-- [ RunTime:0.000000s ]
INFO: [ app_end ] --START--
INFO: Run Behavior\ShowPageTraceBehavior [ RunTime:0.000000s ]
INFO: [ app_end ] --END-- [ RunTime:0.000000s ]

[ 2016-09-12T11:56:44+08:00 ] 61.50.106.246 /Admin/Index/index.html?s=/Admin/Content/content_list
INFO: [ app_init ] --START--
INFO: Run Behavior\BuildLiteBehavior [ RunTime:0.000000s ]
INFO: [ app_init ] --END-- [ RunTime:0.000000s ]
INFO: [ app_begin ] --START--
INFO: Run Behavior\ReadHtmlCacheBehavior [ RunTime:0.000000s ]
INFO: [ app_begin ] --END-- [ RunTime:0.000000s ]
SQL: SHOW COLUMNS FROM `sd_class` [ RunTime:0.0000s ]
SQL: SELECT * FROM `sd_class` WHERE ( pid = "12" )  [ RunTime:0.0000s ]
SQL: SELECT * FROM `sd_class` WHERE ( id <> "12" and id = "11" )  [ RunTime:0.0000s ]
SQL: SELECT * FROM `sd_class` WHERE ( pid = "13" )  [ RunTime:0.0000s ]
SQL: SELECT * FROM `sd_class` WHERE ( pid = "14" )  [ RunTime:0.0000s ]
SQL: SHOW COLUMNS FROM `sd_content` [ RunTime:0.0000s ]
SQL: SELECT * FROM `sd_content` WHERE ( cid = "15" ) ORDER BY sort desc  [ RunTime:0.0000s ]
SQL: SELECT * FROM `sd_content` WHERE ( cid = "16" ) ORDER BY sort desc  [ RunTime:0.0000s ]
SQL: SELECT * FROM `sd_content` WHERE ( cid = "17" ) ORDER BY sort desc  [ RunTime:0.0000s ]
SQL: SELECT * FROM `sd_content` WHERE ( cid = "18" ) ORDER BY sort desc  [ RunTime:0.0000s ]
SQL: SELECT * FROM `sd_content` WHERE ( cid = "19" ) ORDER BY sort desc  [ RunTime:0.0000s ]
SQL: SELECT * FROM `sd_class` WHERE ( pid = "20" )  [ RunTime:0.0000s ]
SQL: SELECT * FROM `sd_content` WHERE ( cid = "22" ) ORDER BY sort desc  [ RunTime:0.0000s ]
SQL: SELECT * FROM `sd_content` WHERE ( cid = "23" ) ORDER BY sort desc  [ RunTime:0.0000s ]
SQL: SELECT * FROM `sd_content` WHERE ( cid = "24" ) ORDER BY sort desc  [ RunTime:0.0000s ]
SQL: SELECT * FROM `sd_content` WHERE ( cid = "25" ) ORDER BY sort desc  [ RunTime:0.0000s ]
SQL: SELECT * FROM `sd_content` WHERE ( cid = "26" ) ORDER BY sort desc  [ RunTime:0.0156s ]
SQL: SELECT * FROM `sd_class` WHERE ( pid = "27" )  [ RunTime:0.0000s ]
SQL: SELECT * FROM `sd_content` WHERE ( cid = "28" ) ORDER BY sort desc  [ RunTime:0.0000s ]
SQL: SELECT * FROM `sd_content` WHERE ( cid = "29" ) ORDER BY sort desc  [ RunTime:0.0000s ]
SQL: SELECT * FROM `sd_content` WHERE ( cid = "30" ) ORDER BY sort desc  [ RunTime:0.0000s ]
SQL: SELECT * FROM `sd_class` WHERE ( pid = "31" )  [ RunTime:0.0000s ]
SQL: SELECT * FROM `sd_content` WHERE ( cid = "32" ) ORDER BY sort desc  [ RunTime:0.0000s ]
SQL: SELECT * FROM `sd_content` WHERE ( cid = "33" ) ORDER BY sort desc  [ RunTime:0.0000s ]
SQL: SELECT * FROM `sd_content` WHERE ( cid = "34" ) ORDER BY sort desc  [ RunTime:0.0000s ]
SQL: SELECT * FROM `sd_content` WHERE ( cid = "35" ) ORDER BY sort desc  [ RunTime:0.0000s ]
SQL: SELECT * FROM `sd_content` WHERE ( cid = "36" ) ORDER BY sort desc  [ RunTime:0.0000s ]
SQL: SELECT * FROM `sd_content` WHERE ( cid = "37" ) ORDER BY sort desc  [ RunTime:0.0000s ]
SQL: SELECT * FROM `sd_content` WHERE ( cid = "38" ) ORDER BY sort desc  [ RunTime:0.0000s ]
SQL: SHOW COLUMNS FROM `sd_keyword` [ RunTime:0.0000s ]
SQL: SELECT * FROM `sd_keyword` WHERE ( content_id = "85" ) LIMIT 1   [ RunTime:0.0000s ]
INFO: [ view_parse ] --START--
INFO: [ template_filter ] --START--
INFO: Run Behavior\ContentReplaceBehavior [ RunTime:0.000000s ]
INFO: [ template_filter ] --END-- [ RunTime:0.000000s ]
NOTIC: [8] Undefined variable: id C:\www\hyuzx\Application\Runtime\Cache\Admin\1d752b3768e90a07ee12ed04b76e3b9e.php 第 29 行.
NOTIC: [8] Undefined variable: id C:\www\hyuzx\Application\Runtime\Cache\Admin\1d752b3768e90a07ee12ed04b76e3b9e.php 第 29 行.
NOTIC: [8] Undefined variable: id C:\www\hyuzx\Application\Runtime\Cache\Admin\1d752b3768e90a07ee12ed04b76e3b9e.php 第 29 行.
NOTIC: [8] Undefined variable: id C:\www\hyuzx\Application\Runtime\Cache\Admin\1d752b3768e90a07ee12ed04b76e3b9e.php 第 29 行.
NOTIC: [8] Undefined variable: id C:\www\hyuzx\Application\Runtime\Cache\Admin\1d752b3768e90a07ee12ed04b76e3b9e.php 第 36 行.
NOTIC: [8] Undefined variable: page C:\www\hyuzx\Application\Runtime\Cache\Admin\1d752b3768e90a07ee12ed04b76e3b9e.php 第 76 行.
INFO: Run Behavior\ParseTemplateBehavior [ RunTime:0.015625s ]
INFO: [ view_parse ] --END-- [ RunTime:0.015625s ]
INFO: [ view_filter ] --START--
INFO: Run Behavior\WriteHtmlCacheBehavior [ RunTime:0.000000s ]
INFO: [ view_filter ] --END-- [ RunTime:0.000000s ]
INFO: [ app_end ] --START--
INFO: Run Behavior\ShowPageTraceBehavior [ RunTime:0.000000s ]
INFO: [ app_end ] --END-- [ RunTime:0.000000s ]

[ 2016-09-12T11:56:45+08:00 ] 61.50.106.246 /Admin/Index/index.html?s=/Admin/Doctor/doctor_class_list
INFO: [ app_init ] --START--
INFO: Run Behavior\BuildLiteBehavior [ RunTime:0.000000s ]
INFO: [ app_init ] --END-- [ RunTime:0.000000s ]
INFO: [ app_begin ] --START--
INFO: Run Behavior\ReadHtmlCacheBehavior [ RunTime:0.000000s ]
INFO: [ app_begin ] --END-- [ RunTime:0.000000s ]
SQL: SHOW COLUMNS FROM `sd_doctor_class` [ RunTime:0.0000s ]
SQL: SELECT * FROM `sd_doctor_class`  [ RunTime:0.0000s ]
INFO: [ view_parse ] --START--
INFO: [ template_filter ] --START--
INFO: Run Behavior\ContentReplaceBehavior [ RunTime:0.000000s ]
INFO: [ template_filter ] --END-- [ RunTime:0.000000s ]
INFO: Run Behavior\ParseTemplateBehavior [ RunTime:0.000000s ]
INFO: [ view_parse ] --END-- [ RunTime:0.000000s ]
INFO: [ view_filter ] --START--
INFO: Run Behavior\WriteHtmlCacheBehavior [ RunTime:0.000000s ]
INFO: [ view_filter ] --END-- [ RunTime:0.000000s ]
INFO: [ app_end ] --START--
INFO: Run Behavior\ShowPageTraceBehavior [ RunTime:0.000000s ]
INFO: [ app_end ] --END-- [ RunTime:0.000000s ]

[ 2016-09-12T11:56:45+08:00 ] 61.50.106.246 /Admin/Index/index.html?s=/Admin/Anli/anli_list
INFO: [ app_init ] --START--
INFO: Run Behavior\BuildLiteBehavior [ RunTime:0.000000s ]
INFO: [ app_init ] --END-- [ RunTime:0.000000s ]
INFO: [ app_begin ] --START--
INFO: Run Behavior\ReadHtmlCacheBehavior [ RunTime:0.000000s ]
INFO: [ app_begin ] --END-- [ RunTime:0.000000s ]
SQL: SHOW COLUMNS FROM `sd_case` [ RunTime:0.0000s ]
SQL: SELECT * FROM `sd_case`  [ RunTime:0.0000s ]
INFO: [ view_parse ] --START--
INFO: [ template_filter ] --START--
INFO: Run Behavior\ContentReplaceBehavior [ RunTime:0.000000s ]
INFO: [ template_filter ] --END-- [ RunTime:0.000000s ]
INFO: Run Behavior\ParseTemplateBehavior [ RunTime:0.000000s ]
INFO: [ view_parse ] --END-- [ RunTime:0.000000s ]
INFO: [ view_filter ] --START--
INFO: Run Behavior\WriteHtmlCacheBehavior [ RunTime:0.000000s ]
INFO: [ view_filter ] --END-- [ RunTime:0.000000s ]
INFO: [ app_end ] --START--
INFO: Run Behavior\ShowPageTraceBehavior [ RunTime:0.000000s ]
INFO: [ app_end ] --END-- [ RunTime:0.000000s ]

[ 2016-09-12T11:57:16+08:00 ] 61.50.106.246 /Admin/Index/index.html?s=/Admin/User/index
INFO: [ app_init ] --START--
INFO: Run Behavior\BuildLiteBehavior [ RunTime:0.000000s ]
INFO: [ app_init ] --END-- [ RunTime:0.000000s ]
INFO: [ app_begin ] --START--
INFO: Run Behavior\ReadHtmlCacheBehavior [ RunTime:0.000000s ]
INFO: [ app_begin ] --END-- [ RunTime:0.000000s ]
NOTIC: [8] Undefined index: ssubmit C:\www\hyuzx\Application\Admin\Controller\UserController.class.php 第 21 行.
SQL: SHOW COLUMNS FROM `sd_role` [ RunTime:0.0000s ]
SQL: SELECT * FROM `sd_role` WHERE ( id in(1,6,9,2) )  [ RunTime:0.0000s ]
NOTIC: [8] Undefined variable: order_by C:\www\hyuzx\Application\Admin\Controller\UserController.class.php 第 92 行.
SQL: select *,sd_users.status as ustatus ,sd_users.uid as uuid
               FROM sd_users
               LEFT JOIN sd_role ON sd_users.role_id = sd_role.id WHERE sd_users.uid !='' [ RunTime:0.0000s ]
SQL: select *,sd_users.status as ustatus ,sd_users.uid as uuid
               FROM sd_users
               LEFT JOIN sd_role ON sd_users.role_id = sd_role.id WHERE sd_users.uid !='' [ RunTime:0.0000s ]
SQL: select *,sd_users.status as ustatus ,sd_users.uid as uuid
               FROM sd_users
               LEFT JOIN sd_role ON sd_users.role_id = sd_role.id WHERE sd_users.uid !='' limit 0,50 [ RunTime:0.0000s ]
NOTIC: [8] Undefined variable: map C:\www\hyuzx\Application\Admin\Controller\UserController.class.php 第 103 行.
NOTIC: [2] Invalid argument supplied for foreach() C:\www\hyuzx\Application\Admin\Controller\UserController.class.php 第 103 行.
NOTIC: [8] Undefined variable: city C:\www\hyuzx\Application\Admin\Controller\UserController.class.php 第 107 行.
INFO: [ view_parse ] --START--
INFO: [ template_filter ] --START--
INFO: Run Behavior\ContentReplaceBehavior [ RunTime:0.000000s ]
INFO: [ template_filter ] --END-- [ RunTime:0.000000s ]
NOTIC: [8] Use of undefined constant hlbs - assumed 'hlbs' C:\www\hyuzx\Application\Runtime\Cache\Admin\65e605872ed5d34210f5b33beb13f5a3.php 第 53 行.
NOTIC: [8] Use of undefined constant hlbs - assumed 'hlbs' C:\www\hyuzx\Application\Runtime\Cache\Admin\65e605872ed5d34210f5b33beb13f5a3.php 第 53 行.
NOTIC: [8] Undefined variable: pageUrl C:\www\hyuzx\Application\Runtime\Cache\Admin\65e605872ed5d34210f5b33beb13f5a3.php 第 77 行.
INFO: Run Behavior\ParseTemplateBehavior [ RunTime:0.000000s ]
INFO: [ view_parse ] --END-- [ RunTime:0.000000s ]
INFO: [ view_filter ] --START--
INFO: Run Behavior\WriteHtmlCacheBehavior [ RunTime:0.000000s ]
INFO: [ view_filter ] --END-- [ RunTime:0.000000s ]
INFO: [ app_end ] --START--
INFO: Run Behavior\ShowPageTraceBehavior [ RunTime:0.015625s ]
INFO: [ app_end ] --END-- [ RunTime:0.015625s ]

[ 2016-09-12T11:57:18+08:00 ] 61.50.106.246 /Admin/Index/index.html?s=/Admin/Doctor/doctor_class_list
INFO: [ app_init ] --START--
INFO: Run Behavior\BuildLiteBehavior [ RunTime:0.000000s ]
INFO: [ app_init ] --END-- [ RunTime:0.000000s ]
INFO: [ app_begin ] --START--
INFO: Run Behavior\ReadHtmlCacheBehavior [ RunTime:0.000000s ]
INFO: [ app_begin ] --END-- [ RunTime:0.000000s ]
SQL: SHOW COLUMNS FROM `sd_doctor_class` [ RunTime:0.0000s ]
SQL: SELECT * FROM `sd_doctor_class`  [ RunTime:0.0000s ]
INFO: [ view_parse ] --START--
INFO: [ template_filter ] --START--
INFO: Run Behavior\ContentReplaceBehavior [ RunTime:0.000000s ]
INFO: [ template_filter ] --END-- [ RunTime:0.000000s ]
INFO: Run Behavior\ParseTemplateBehavior [ RunTime:0.000000s ]
INFO: [ view_parse ] --END-- [ RunTime:0.000000s ]
INFO: [ view_filter ] --START--
INFO: Run Behavior\WriteHtmlCacheBehavior [ RunTime:0.000000s ]
INFO: [ view_filter ] --END-- [ RunTime:0.000000s ]
INFO: [ app_end ] --START--
INFO: Run Behavior\ShowPageTraceBehavior [ RunTime:0.000000s ]
INFO: [ app_end ] --END-- [ RunTime:0.000000s ]

[ 2016-09-12T11:57:20+08:00 ] 61.50.106.246 /Admin/Doctor/doctor_class_edit/id/1.html
INFO: [ app_init ] --START--
INFO: Run Behavior\BuildLiteBehavior [ RunTime:0.000000s ]
INFO: [ app_init ] --END-- [ RunTime:0.000000s ]
INFO: [ app_begin ] --START--
INFO: Run Behavior\ReadHtmlCacheBehavior [ RunTime:0.000000s ]
INFO: [ app_begin ] --END-- [ RunTime:0.000000s ]
SQL: SHOW COLUMNS FROM `sd_doctor_class` [ RunTime:0.0156s ]
SQL: SELECT * FROM `sd_doctor_class` WHERE ( id = "1" ) LIMIT 1   [ RunTime:0.0000s ]
INFO: [ view_parse ] --START--
INFO: [ template_filter ] --START--
INFO: Run Behavior\ContentReplaceBehavior [ RunTime:0.000000s ]
INFO: [ template_filter ] --END-- [ RunTime:0.000000s ]
INFO: Run Behavior\ParseTemplateBehavior [ RunTime:0.000000s ]
INFO: [ view_parse ] --END-- [ RunTime:0.000000s ]
INFO: [ view_filter ] --START--
INFO: Run Behavior\WriteHtmlCacheBehavior [ RunTime:0.000000s ]
INFO: [ view_filter ] --END-- [ RunTime:0.000000s ]
INFO: [ app_end ] --START--
INFO: Run Behavior\ShowPageTraceBehavior [ RunTime:0.000000s ]
INFO: [ app_end ] --END-- [ RunTime:0.000000s ]

[ 2016-09-12T11:57:26+08:00 ] 61.50.106.246 /Admin/Index/index.html?s=/Admin/Doctor/doctor_list
INFO: [ app_init ] --START--
INFO: Run Behavior\BuildLiteBehavior [ RunTime:0.000000s ]
INFO: [ app_init ] --END-- [ RunTime:0.000000s ]
INFO: [ app_begin ] --START--
INFO: Run Behavior\ReadHtmlCacheBehavior [ RunTime:0.000000s ]
INFO: [ app_begin ] --END-- [ RunTime:0.000000s ]
SQL: SHOW COLUMNS FROM `sd_doctor` [ RunTime:0.0000s ]
SQL: SELECT * FROM `sd_doctor`  [ RunTime:0.0000s ]
SQL: SHOW COLUMNS FROM `sd_doctor_class` [ RunTime:0.0000s ]
SQL: SELECT * FROM `sd_doctor_class` WHERE ( id = "2" ) LIMIT 1   [ RunTime:0.0000s ]
SQL: SELECT * FROM `sd_doctor_class` WHERE ( id = "4" ) LIMIT 1   [ RunTime:0.0000s ]
SQL: SELECT * FROM `sd_doctor_class` WHERE ( id = "1" ) LIMIT 1   [ RunTime:0.0000s ]
SQL: SELECT * FROM `sd_doctor_class` WHERE ( id = "1" ) LIMIT 1   [ RunTime:0.0000s ]
SQL: SELECT * FROM `sd_doctor_class` WHERE ( id = "3" ) LIMIT 1   [ RunTime:0.0000s ]
SQL: SELECT * FROM `sd_doctor_class` WHERE ( id = "3" ) LIMIT 1   [ RunTime:0.0000s ]
SQL: SELECT * FROM `sd_doctor_class` WHERE ( id = "2" ) LIMIT 1   [ RunTime:0.0000s ]
INFO: [ view_parse ] --START--
INFO: [ template_filter ] --START--
INFO: Run Behavior\ContentReplaceBehavior [ RunTime:0.000000s ]
INFO: [ template_filter ] --END-- [ RunTime:0.000000s ]
INFO: Run Behavior\ParseTemplateBehavior [ RunTime:0.015625s ]
INFO: [ view_parse ] --END-- [ RunTime:0.015625s ]
INFO: [ view_filter ] --START--
INFO: Run Behavior\WriteHtmlCacheBehavior [ RunTime:0.000000s ]
INFO: [ view_filter ] --END-- [ RunTime:0.000000s ]
INFO: [ app_end ] --START--
INFO: Run Behavior\ShowPageTraceBehavior [ RunTime:0.000000s ]
INFO: [ app_end ] --END-- [ RunTime:0.000000s ]

[ 2016-09-12T11:59:00+08:00 ] 180.153.214.188 /Admin/Login/verify?
INFO: [ app_init ] --START--
INFO: Run Behavior\BuildLiteBehavior [ RunTime:0.000000s ]
INFO: [ app_init ] --END-- [ RunTime:0.000000s ]
INFO: [ app_begin ] --START--
INFO: Run Behavior\ReadHtmlCacheBehavior [ RunTime:0.000000s ]
INFO: [ app_begin ] --END-- [ RunTime:0.000000s ]
INFO: [ app_end ] --START--
INFO: Run Behavior\ShowPageTraceBehavior [ RunTime:0.000000s ]
INFO: [ app_end ] --END-- [ RunTime:0.000000s ]

[ 2016-09-12T11:59:29+08:00 ] 180.153.205.252 /Admin/Login/verify?&0.9575059243656034
INFO: [ app_init ] --START--
INFO: Run Behavior\BuildLiteBehavior [ RunTime:0.000000s ]
INFO: [ app_init ] --END-- [ RunTime:0.000000s ]
INFO: [ app_begin ] --START--
INFO: Run Behavior\ReadHtmlCacheBehavior [ RunTime:0.000000s ]
INFO: [ app_begin ] --END-- [ RunTime:0.000000s ]
INFO: [ app_end ] --START--
INFO: Run Behavior\ShowPageTraceBehavior [ RunTime:0.000000s ]
INFO: [ app_end ] --END-- [ RunTime:0.000000s ]

[ 2016-09-12T11:59:30+08:00 ] 101.226.89.116 /Admin/Login/verify?&0.9575059243656034&0.9143652700624538
INFO: [ app_init ] --START--
INFO: Run Behavior\BuildLiteBehavior [ RunTime:0.000000s ]
INFO: [ app_init ] --END-- [ RunTime:0.000000s ]
INFO: [ app_begin ] --START--
INFO: Run Behavior\ReadHtmlCacheBehavior [ RunTime:0.000000s ]
INFO: [ app_begin ] --END-- [ RunTime:0.000000s ]
INFO: [ app_end ] --START--
INFO: Run Behavior\ShowPageTraceBehavior [ RunTime:0.000000s ]
INFO: [ app_end ] --END-- [ RunTime:0.000000s ]

[ 2016-09-12T11:59:36+08:00 ] 101.226.33.206 /Admin/Index/index.html
INFO: [ app_init ] --START--
INFO: Run Behavior\BuildLiteBehavior [ RunTime:0.000000s ]
INFO: [ app_init ] --END-- [ RunTime:0.000000s ]
INFO: [ app_begin ] --START--
INFO: Run Behavior\ReadHtmlCacheBehavior [ RunTime:0.000000s ]
INFO: [ app_begin ] --END-- [ RunTime:0.000000s ]

[ 2016-09-12T11:59:38+08:00 ] 180.153.214.192 /Admin/Index/left/id/85.html?id=151
INFO: [ app_init ] --START--
INFO: Run Behavior\BuildLiteBehavior [ RunTime:0.000000s ]
INFO: [ app_init ] --END-- [ RunTime:0.000000s ]
INFO: [ app_begin ] --START--
INFO: Run Behavior\ReadHtmlCacheBehavior [ RunTime:0.000000s ]
INFO: [ app_begin ] --END-- [ RunTime:0.000000s ]

[ 2016-09-12T11:59:43+08:00 ] 180.153.201.15 /Admin/Index/left/id/85.html?id=70
INFO: [ app_init ] --START--
INFO: Run Behavior\BuildLiteBehavior [ RunTime:0.000000s ]
INFO: [ app_init ] --END-- [ RunTime:0.000000s ]
INFO: [ app_begin ] --START--
INFO: Run Behavior\ReadHtmlCacheBehavior [ RunTime:0.000000s ]
INFO: [ app_begin ] --END-- [ RunTime:0.000000s ]

[ 2016-09-12T11:59:46+08:00 ] 101.226.33.204 /Admin/Index/index.html?s=/Admin/Role/index
INFO: [ app_init ] --START--
INFO: Run Behavior\BuildLiteBehavior [ RunTime:0.000000s ]
INFO: [ app_init ] --END-- [ RunTime:0.000000s ]
INFO: [ app_begin ] --START--
INFO: Run Behavior\ReadHtmlCacheBehavior [ RunTime:0.000000s ]
INFO: [ app_begin ] --END-- [ RunTime:0.000000s ]

[ 2016-09-12T11:59:51+08:00 ] 101.226.89.122 /Admin/Index/index.html?s=/Admin/Doctor/doctor_class_list
INFO: [ app_init ] --START--
INFO: Run Behavior\BuildLiteBehavior [ RunTime:0.000000s ]
INFO: [ app_init ] --END-- [ RunTime:0.000000s ]
INFO: [ app_begin ] --START--
INFO: Run Behavior\ReadHtmlCacheBehavior [ RunTime:0.000000s ]
INFO: [ app_begin ] --END-- [ RunTime:0.000000s ]

[ 2016-09-12T11:59:54+08:00 ] 101.226.65.104 /Admin/Index/index.html?s=/Admin/Anli/anli_list
INFO: [ app_init ] --START--
INFO: Run Behavior\BuildLiteBehavior [ RunTime:0.000000s ]
INFO: [ app_init ] --END-- [ RunTime:0.000000s ]
INFO: [ app_begin ] --START--
INFO: Run Behavior\ReadHtmlCacheBehavior [ RunTime:0.000000s ]
INFO: [ app_begin ] --END-- [ RunTime:0.000000s ]

