[ 2016-10-08T12:03:52+08:00 ] 61.50.106.246 /Admin/Login/index.html
INFO: [ app_init ] --START--
INFO: Run Behavior\BuildLiteBehavior [ RunTime:0.000000s ]
INFO: [ app_init ] --END-- [ RunTime:0.000000s ]
INFO: [ app_begin ] --START--
INFO: Run Behavior\ReadHtmlCacheBehavior [ RunTime:0.000000s ]
INFO: [ app_begin ] --END-- [ RunTime:0.000000s ]
INFO: [ view_parse ] --START--
INFO: [ template_filter ] --START--
INFO: Run Behavior\ContentReplaceBehavior [ RunTime:0.000000s ]
INFO: [ template_filter ] --END-- [ RunTime:0.000000s ]
INFO: Run Behavior\ParseTemplateBehavior [ RunTime:0.000000s ]
INFO: [ view_parse ] --END-- [ RunTime:0.000000s ]
INFO: [ view_filter ] --START--
INFO: Run Behavior\WriteHtmlCacheBehavior [ RunTime:0.000000s ]
INFO: [ view_filter ] --END-- [ RunTime:0.000000s ]
INFO: [ app_end ] --START--
INFO: Run Behavior\ShowPageTraceBehavior [ RunTime:0.000000s ]
INFO: [ app_end ] --END-- [ RunTime:0.000000s ]

[ 2016-10-08T12:03:53+08:00 ] 61.50.106.246 /Admin/Login/verify?
INFO: [ app_init ] --START--
INFO: Run Behavior\BuildLiteBehavior [ RunTime:0.000000s ]
INFO: [ app_init ] --END-- [ RunTime:0.000000s ]
INFO: [ app_begin ] --START--
INFO: Run Behavior\ReadHtmlCacheBehavior [ RunTime:0.000000s ]
INFO: [ app_begin ] --END-- [ RunTime:0.000000s ]
INFO: [ app_end ] --START--
INFO: Run Behavior\ShowPageTraceBehavior [ RunTime:0.000000s ]
INFO: [ app_end ] --END-- [ RunTime:0.000000s ]

[ 2016-10-08T12:04:04+08:00 ] 61.50.106.246 /Admin/Login/checklogin
INFO: [ app_init ] --START--
INFO: Run Behavior\BuildLiteBehavior [ RunTime:0.000000s ]
INFO: [ app_init ] --END-- [ RunTime:0.000000s ]
INFO: [ app_begin ] --START--
INFO: Run Behavior\ReadHtmlCacheBehavior [ RunTime:0.000000s ]
INFO: [ app_begin ] --END-- [ RunTime:0.000000s ]
SQL: SHOW COLUMNS FROM `sd_users` [ RunTime:0.0000s ]
SQL: SELECT `uid`,`role_id`,`username`,`password`,`status`,`remark` FROM `sd_users` WHERE ( username='administrator' ) LIMIT 1   [ RunTime:0.0000s ]

[ 2016-10-08T12:04:04+08:00 ] 61.50.106.246 /Admin/Index/index
INFO: [ app_init ] --START--
INFO: Run Behavior\BuildLiteBehavior [ RunTime:0.000000s ]
INFO: [ app_init ] --END-- [ RunTime:0.000000s ]
INFO: [ app_begin ] --START--
INFO: Run Behavior\ReadHtmlCacheBehavior [ RunTime:0.000000s ]
INFO: [ app_begin ] --END-- [ RunTime:0.000000s ]
SQL: SHOW COLUMNS FROM `sd_node` [ RunTime:0.0000s ]
SQL: SELECT `id`,`title`,name
                    FROM `sd_node`
                    WHERE ( `status` =1 AND `display`=1 AND `level`<>1 AND id not in(103,107,100,97,110))
                    ORDER BY sort DESC [ RunTime:0.0000s ]
INFO: [ view_parse ] --START--
INFO: [ template_filter ] --START--
INFO: Run Behavior\ContentReplaceBehavior [ RunTime:0.000000s ]
INFO: [ template_filter ] --END-- [ RunTime:0.000000s ]
NOTIC: [8] Undefined variable: re C:\www\hyuzx\Application\Runtime\Cache\Admin\b595b808c2ebeeeb0478ffc30bb4e87a.php 第 77 行.
NOTIC: [8] Undefined variable: sub_menu_html C:\www\hyuzx\Application\Runtime\Cache\Admin\b595b808c2ebeeeb0478ffc30bb4e87a.php 第 107 行.
INFO: Run Behavior\ParseTemplateBehavior [ RunTime:0.000000s ]
INFO: [ view_parse ] --END-- [ RunTime:0.000000s ]
INFO: [ view_filter ] --START--
INFO: Run Behavior\WriteHtmlCacheBehavior [ RunTime:0.000000s ]
INFO: [ view_filter ] --END-- [ RunTime:0.000000s ]
INFO: [ app_end ] --START--
INFO: Run Behavior\ShowPageTraceBehavior [ RunTime:0.000000s ]
INFO: [ app_end ] --END-- [ RunTime:0.000000s ]

[ 2016-10-08T12:04:05+08:00 ] 61.50.106.246 /Admin/Index/main
INFO: [ app_init ] --START--
INFO: Run Behavior\BuildLiteBehavior [ RunTime:0.000000s ]
INFO: [ app_init ] --END-- [ RunTime:0.000000s ]
INFO: [ app_begin ] --START--
INFO: Run Behavior\ReadHtmlCacheBehavior [ RunTime:0.000000s ]
INFO: [ app_begin ] --END-- [ RunTime:0.000000s ]
NOTIC: [8] Use of undefined constant gd_info - assumed 'gd_info' C:\www\hyuzx\Application\Admin\Controller\IndexController.class.php 第 127 行.
NOTIC: [8] Undefined index: SERVER_ADDR C:\www\hyuzx\Application\Admin\Controller\IndexController.class.php 第 134 行.
NOTIC: [8] Use of undefined constant WEB_ROOT - assumed 'WEB_ROOT' C:\www\hyuzx\Application\Admin\Controller\IndexController.class.php 第 137 行.
INFO: [ view_parse ] --START--
INFO: [ template_filter ] --START--
INFO: Run Behavior\ContentReplaceBehavior [ RunTime:0.000000s ]
INFO: [ template_filter ] --END-- [ RunTime:0.000000s ]
NOTIC: [8] Undefined variable: ikphp C:\www\hyuzx\Application\Runtime\Cache\Admin\b0f0b709690a72033d17719e8059053c.php 第 5 行.
NOTIC: [8] Undefined variable: caches C:\www\hyuzx\Application\Runtime\Cache\Admin\b0f0b709690a72033d17719e8059053c.php 第 35 行.
INFO: Run Behavior\ParseTemplateBehavior [ RunTime:0.015625s ]
INFO: [ view_parse ] --END-- [ RunTime:0.015625s ]
INFO: [ view_filter ] --START--
INFO: Run Behavior\WriteHtmlCacheBehavior [ RunTime:0.000000s ]
INFO: [ view_filter ] --END-- [ RunTime:0.000000s ]
INFO: [ app_end ] --START--
INFO: Run Behavior\ShowPageTraceBehavior [ RunTime:0.000000s ]
INFO: [ app_end ] --END-- [ RunTime:0.000000s ]

[ 2016-10-08T12:04:05+08:00 ] 61.50.106.246 /Admin/Index/left/id/85
INFO: [ app_init ] --START--
INFO: Run Behavior\BuildLiteBehavior [ RunTime:0.000000s ]
INFO: [ app_init ] --END-- [ RunTime:0.000000s ]
INFO: [ app_begin ] --START--
INFO: Run Behavior\ReadHtmlCacheBehavior [ RunTime:0.000000s ]
INFO: [ app_begin ] --END-- [ RunTime:0.000000s ]
SQL: SHOW COLUMNS FROM `sd_node` [ RunTime:0.0000s ]
SQL: SELECT `id`,`data`,`title`
                    FROM `sd_node`
                    WHERE ( `status` =1 AND `display`=2 AND `level` <>1 AND `pid`=85 )
                    ORDER BY sort DESC [ RunTime:0.0000s ]
SQL: SELECT `title` FROM `sd_node` WHERE `id` = 85 LIMIT 1   [ RunTime:0.0000s ]
SQL: SELECT `id`,`data`,`title`
                    FROM `sd_node`
                    WHERE ( `status` =1 AND `display`=2 AND `level` <>1 AND `pid`=86 )
                    ORDER BY sort DESC [ RunTime:0.0000s ]
NOTIC: [8] Use of undefined constant title - assumed 'title' C:\www\hyuzx\Application\Admin\Controller\IndexController.class.php 第 54 行.
NOTIC: [8] Use of undefined constant title - assumed 'title' C:\www\hyuzx\Application\Admin\Controller\IndexController.class.php 第 65 行.
NOTIC: [8] Use of undefined constant title - assumed 'title' C:\www\hyuzx\Application\Admin\Controller\IndexController.class.php 第 65 行.
INFO: [ view_parse ] --START--
INFO: [ template_filter ] --START--
INFO: Run Behavior\ContentReplaceBehavior [ RunTime:0.000000s ]
INFO: [ template_filter ] --END-- [ RunTime:0.000000s ]
INFO: Run Behavior\ParseTemplateBehavior [ RunTime:0.000000s ]
INFO: [ view_parse ] --END-- [ RunTime:0.000000s ]
INFO: [ view_filter ] --START--
INFO: Run Behavior\WriteHtmlCacheBehavior [ RunTime:0.000000s ]
INFO: [ view_filter ] --END-- [ RunTime:0.000000s ]
INFO: [ app_end ] --START--
INFO: Run Behavior\ShowPageTraceBehavior [ RunTime:0.000000s ]
INFO: [ app_end ] --END-- [ RunTime:0.000000s ]

[ 2016-10-08T12:04:07+08:00 ] 61.50.106.246 /Admin/Index/left/id/85?id=151
INFO: [ app_init ] --START--
INFO: Run Behavior\BuildLiteBehavior [ RunTime:0.000000s ]
INFO: [ app_init ] --END-- [ RunTime:0.000000s ]
INFO: [ app_begin ] --START--
INFO: Run Behavior\ReadHtmlCacheBehavior [ RunTime:0.000000s ]
INFO: [ app_begin ] --END-- [ RunTime:0.000000s ]
SQL: SHOW COLUMNS FROM `sd_node` [ RunTime:0.0000s ]
SQL: SELECT `id`,`data`,`title`
                    FROM `sd_node`
                    WHERE ( `status` =1 AND `display`=2 AND `level` <>1 AND `pid`=151 )
                    ORDER BY sort DESC [ RunTime:0.0000s ]
SQL: SELECT `title` FROM `sd_node` WHERE `id` = 151 LIMIT 1   [ RunTime:0.0000s ]
SQL: SELECT `id`,`data`,`title`
                    FROM `sd_node`
                    WHERE ( `status` =1 AND `display`=2 AND `level` <>1 AND `pid`=152 )
                    ORDER BY sort DESC [ RunTime:0.0000s ]
NOTIC: [8] Use of undefined constant title - assumed 'title' C:\www\hyuzx\Application\Admin\Controller\IndexController.class.php 第 54 行.
NOTIC: [8] Use of undefined constant title - assumed 'title' C:\www\hyuzx\Application\Admin\Controller\IndexController.class.php 第 65 行.
INFO: [ view_parse ] --START--
INFO: [ template_filter ] --START--
INFO: Run Behavior\ContentReplaceBehavior [ RunTime:0.000000s ]
INFO: [ template_filter ] --END-- [ RunTime:0.000000s ]
INFO: Run Behavior\ParseTemplateBehavior [ RunTime:0.000000s ]
INFO: [ view_parse ] --END-- [ RunTime:0.000000s ]
INFO: [ view_filter ] --START--
INFO: Run Behavior\WriteHtmlCacheBehavior [ RunTime:0.000000s ]
INFO: [ view_filter ] --END-- [ RunTime:0.000000s ]
INFO: [ app_end ] --START--
INFO: Run Behavior\ShowPageTraceBehavior [ RunTime:0.000000s ]
INFO: [ app_end ] --END-- [ RunTime:0.000000s ]

[ 2016-10-08T12:04:07+08:00 ] 61.50.106.246 /Admin/Index/index?s=/Admin/User/index
INFO: [ app_init ] --START--
INFO: Run Behavior\BuildLiteBehavior [ RunTime:0.000000s ]
INFO: [ app_init ] --END-- [ RunTime:0.000000s ]
INFO: [ app_begin ] --START--
INFO: Run Behavior\ReadHtmlCacheBehavior [ RunTime:0.000000s ]
INFO: [ app_begin ] --END-- [ RunTime:0.000000s ]
NOTIC: [8] Undefined index: ssubmit C:\www\hyuzx\Application\Admin\Controller\UserController.class.php 第 21 行.
SQL: SHOW COLUMNS FROM `sd_role` [ RunTime:0.0000s ]
SQL: SELECT * FROM `sd_role` WHERE ( id in(1,6,9,2) )  [ RunTime:0.0000s ]
NOTIC: [8] Undefined variable: order_by C:\www\hyuzx\Application\Admin\Controller\UserController.class.php 第 92 行.
SQL: select *,sd_users.status as ustatus ,sd_users.uid as uuid
               FROM sd_users
               LEFT JOIN sd_role ON sd_users.role_id = sd_role.id WHERE sd_users.uid !='' [ RunTime:0.0000s ]
SQL: select *,sd_users.status as ustatus ,sd_users.uid as uuid
               FROM sd_users
               LEFT JOIN sd_role ON sd_users.role_id = sd_role.id WHERE sd_users.uid !='' [ RunTime:0.0000s ]
SQL: select *,sd_users.status as ustatus ,sd_users.uid as uuid
               FROM sd_users
               LEFT JOIN sd_role ON sd_users.role_id = sd_role.id WHERE sd_users.uid !='' limit 0,50 [ RunTime:0.0000s ]
NOTIC: [8] Undefined variable: map C:\www\hyuzx\Application\Admin\Controller\UserController.class.php 第 103 行.
NOTIC: [2] Invalid argument supplied for foreach() C:\www\hyuzx\Application\Admin\Controller\UserController.class.php 第 103 行.
NOTIC: [8] Undefined variable: city C:\www\hyuzx\Application\Admin\Controller\UserController.class.php 第 107 行.
INFO: [ view_parse ] --START--
INFO: [ template_filter ] --START--
INFO: Run Behavior\ContentReplaceBehavior [ RunTime:0.000000s ]
INFO: [ template_filter ] --END-- [ RunTime:0.000000s ]
NOTIC: [8] Use of undefined constant hlbs - assumed 'hlbs' C:\www\hyuzx\Application\Runtime\Cache\Admin\65e605872ed5d34210f5b33beb13f5a3.php 第 54 行.
NOTIC: [8] Use of undefined constant hlbs - assumed 'hlbs' C:\www\hyuzx\Application\Runtime\Cache\Admin\65e605872ed5d34210f5b33beb13f5a3.php 第 54 行.
NOTIC: [8] Undefined variable: pageUrl C:\www\hyuzx\Application\Runtime\Cache\Admin\65e605872ed5d34210f5b33beb13f5a3.php 第 78 行.
INFO: Run Behavior\ParseTemplateBehavior [ RunTime:0.015625s ]
INFO: [ view_parse ] --END-- [ RunTime:0.015625s ]
INFO: [ view_filter ] --START--
INFO: Run Behavior\WriteHtmlCacheBehavior [ RunTime:0.000000s ]
INFO: [ view_filter ] --END-- [ RunTime:0.000000s ]
INFO: [ app_end ] --START--
INFO: Run Behavior\ShowPageTraceBehavior [ RunTime:0.000000s ]
INFO: [ app_end ] --END-- [ RunTime:0.000000s ]

[ 2016-10-08T12:04:09+08:00 ] 61.50.106.246 /Admin/Index/left/id/85?id=70
INFO: [ app_init ] --START--
INFO: Run Behavior\BuildLiteBehavior [ RunTime:0.000000s ]
INFO: [ app_init ] --END-- [ RunTime:0.000000s ]
INFO: [ app_begin ] --START--
INFO: Run Behavior\ReadHtmlCacheBehavior [ RunTime:0.000000s ]
INFO: [ app_begin ] --END-- [ RunTime:0.000000s ]
SQL: SHOW COLUMNS FROM `sd_node` [ RunTime:0.0000s ]
SQL: SELECT `id`,`data`,`title`
                    FROM `sd_node`
                    WHERE ( `status` =1 AND `display`=2 AND `level` <>1 AND `pid`=70 )
                    ORDER BY sort DESC [ RunTime:0.0000s ]
SQL: SELECT `title` FROM `sd_node` WHERE `id` = 70 LIMIT 1   [ RunTime:0.0000s ]
SQL: SELECT `id`,`data`,`title`
                    FROM `sd_node`
                    WHERE ( `status` =1 AND `display`=2 AND `level` <>1 AND `pid`=71 )
                    ORDER BY sort DESC [ RunTime:0.0000s ]
NOTIC: [8] Use of undefined constant title - assumed 'title' C:\www\hyuzx\Application\Admin\Controller\IndexController.class.php 第 54 行.
NOTIC: [8] Use of undefined constant title - assumed 'title' C:\www\hyuzx\Application\Admin\Controller\IndexController.class.php 第 65 行.
INFO: [ view_parse ] --START--
INFO: [ template_filter ] --START--
INFO: Run Behavior\ContentReplaceBehavior [ RunTime:0.000000s ]
INFO: [ template_filter ] --END-- [ RunTime:0.000000s ]
INFO: Run Behavior\ParseTemplateBehavior [ RunTime:0.000000s ]
INFO: [ view_parse ] --END-- [ RunTime:0.000000s ]
INFO: [ view_filter ] --START--
INFO: Run Behavior\WriteHtmlCacheBehavior [ RunTime:0.000000s ]
INFO: [ view_filter ] --END-- [ RunTime:0.000000s ]
INFO: [ app_end ] --START--
INFO: Run Behavior\ShowPageTraceBehavior [ RunTime:0.000000s ]
INFO: [ app_end ] --END-- [ RunTime:0.000000s ]

[ 2016-10-08T12:04:09+08:00 ] 61.50.106.246 /Admin/Index/index?s=/Admin/Node/index
INFO: [ app_init ] --START--
INFO: Run Behavior\BuildLiteBehavior [ RunTime:0.000000s ]
INFO: [ app_init ] --END-- [ RunTime:0.000000s ]
INFO: [ app_begin ] --START--
INFO: Run Behavior\ReadHtmlCacheBehavior [ RunTime:0.000000s ]
INFO: [ app_begin ] --END-- [ RunTime:0.000000s ]
SQL: SHOW COLUMNS FROM `sd_node` [ RunTime:0.0156s ]
SQL: SELECT * FROM `sd_node` ORDER BY sort DESC  [ RunTime:0.0000s ]
INFO: [ view_parse ] --START--
INFO: [ template_filter ] --START--
INFO: Run Behavior\ContentReplaceBehavior [ RunTime:0.015626s ]
INFO: [ template_filter ] --END-- [ RunTime:0.015626s ]
INFO: Run Behavior\ParseTemplateBehavior [ RunTime:0.015626s ]
INFO: [ view_parse ] --END-- [ RunTime:0.015626s ]
INFO: [ view_filter ] --START--
INFO: Run Behavior\WriteHtmlCacheBehavior [ RunTime:0.000000s ]
INFO: [ view_filter ] --END-- [ RunTime:0.000000s ]
INFO: [ app_end ] --START--
INFO: Run Behavior\ShowPageTraceBehavior [ RunTime:0.000000s ]
INFO: [ app_end ] --END-- [ RunTime:0.000000s ]

[ 2016-10-08T12:04:10+08:00 ] 61.50.106.246 /Admin/Index/left/id/85?id=296
INFO: [ app_init ] --START--
INFO: Run Behavior\BuildLiteBehavior [ RunTime:0.000000s ]
INFO: [ app_init ] --END-- [ RunTime:0.000000s ]
INFO: [ app_begin ] --START--
INFO: Run Behavior\ReadHtmlCacheBehavior [ RunTime:0.000000s ]
INFO: [ app_begin ] --END-- [ RunTime:0.000000s ]
SQL: SHOW COLUMNS FROM `sd_node` [ RunTime:0.0000s ]
SQL: SELECT `id`,`data`,`title`
                    FROM `sd_node`
                    WHERE ( `status` =1 AND `display`=2 AND `level` <>1 AND `pid`=296 )
                    ORDER BY sort DESC [ RunTime:0.0000s ]
SQL: SELECT `title` FROM `sd_node` WHERE `id` = 296 LIMIT 1   [ RunTime:0.0000s ]
SQL: SELECT `id`,`data`,`title`
                    FROM `sd_node`
                    WHERE ( `status` =1 AND `display`=2 AND `level` <>1 AND `pid`=297 )
                    ORDER BY sort DESC [ RunTime:0.0000s ]
NOTIC: [8] Use of undefined constant title - assumed 'title' C:\www\hyuzx\Application\Admin\Controller\IndexController.class.php 第 54 行.
NOTIC: [8] Use of undefined constant title - assumed 'title' C:\www\hyuzx\Application\Admin\Controller\IndexController.class.php 第 65 行.
INFO: [ view_parse ] --START--
INFO: [ template_filter ] --START--
INFO: Run Behavior\ContentReplaceBehavior [ RunTime:0.000000s ]
INFO: [ template_filter ] --END-- [ RunTime:0.000000s ]
INFO: Run Behavior\ParseTemplateBehavior [ RunTime:0.000000s ]
INFO: [ view_parse ] --END-- [ RunTime:0.000000s ]
INFO: [ view_filter ] --START--
INFO: Run Behavior\WriteHtmlCacheBehavior [ RunTime:0.000000s ]
INFO: [ view_filter ] --END-- [ RunTime:0.000000s ]
INFO: [ app_end ] --START--
INFO: Run Behavior\ShowPageTraceBehavior [ RunTime:0.000000s ]
INFO: [ app_end ] --END-- [ RunTime:0.000000s ]

[ 2016-10-08T12:04:10+08:00 ] 61.50.106.246 /Admin/Index/index?s=/Admin/Content/content_list
INFO: [ app_init ] --START--
INFO: Run Behavior\BuildLiteBehavior [ RunTime:0.000000s ]
INFO: [ app_init ] --END-- [ RunTime:0.000000s ]
INFO: [ app_begin ] --START--
INFO: Run Behavior\ReadHtmlCacheBehavior [ RunTime:0.000000s ]
INFO: [ app_begin ] --END-- [ RunTime:0.000000s ]
NOTIC: [2048] Declaration of Admin\Model\ContentModel::_before_delete() should be compatible with Think\Model::_before_delete($options) C:\www\hyuzx\Application\Admin\Model\ContentModel.class.php 第 14 行.
SQL: SHOW COLUMNS FROM `sd_content` [ RunTime:0.0156s ]
SQL: SELECT COUNT(id) AS tp_count FROM `sd_content` LIMIT 1   [ RunTime:0.0000s ]
SQL: SELECT d.id,d.cid,d.title,d.description,d.createtime FROM sd_content d ORDER BY d.id ASC LIMIT 0,17   [ RunTime:0.0000s ]
INFO: [ view_parse ] --START--
INFO: [ template_filter ] --START--
INFO: Run Behavior\ContentReplaceBehavior [ RunTime:0.000000s ]
INFO: [ template_filter ] --END-- [ RunTime:0.000000s ]
NOTIC: [8] Undefined index: class_name C:\www\hyuzx\Application\Runtime\Cache\Admin\7ab0911c97506d088c999e05ff81032e.php 第 42 行.
NOTIC: [8] Undefined index: class_name C:\www\hyuzx\Application\Runtime\Cache\Admin\7ab0911c97506d088c999e05ff81032e.php 第 42 行.
NOTIC: [8] Undefined index: class_name C:\www\hyuzx\Application\Runtime\Cache\Admin\7ab0911c97506d088c999e05ff81032e.php 第 42 行.
NOTIC: [8] Undefined index: class_name C:\www\hyuzx\Application\Runtime\Cache\Admin\7ab0911c97506d088c999e05ff81032e.php 第 42 行.
NOTIC: [8] Undefined index: class_name C:\www\hyuzx\Application\Runtime\Cache\Admin\7ab0911c97506d088c999e05ff81032e.php 第 42 行.
NOTIC: [8] Undefined index: class_name C:\www\hyuzx\Application\Runtime\Cache\Admin\7ab0911c97506d088c999e05ff81032e.php 第 42 行.
NOTIC: [8] Undefined index: class_name C:\www\hyuzx\Application\Runtime\Cache\Admin\7ab0911c97506d088c999e05ff81032e.php 第 42 行.
NOTIC: [8] Undefined index: class_name C:\www\hyuzx\Application\Runtime\Cache\Admin\7ab0911c97506d088c999e05ff81032e.php 第 42 行.
NOTIC: [8] Undefined index: class_name C:\www\hyuzx\Application\Runtime\Cache\Admin\7ab0911c97506d088c999e05ff81032e.php 第 42 行.
NOTIC: [8] Undefined index: class_name C:\www\hyuzx\Application\Runtime\Cache\Admin\7ab0911c97506d088c999e05ff81032e.php 第 42 行.
NOTIC: [8] Undefined index: class_name C:\www\hyuzx\Application\Runtime\Cache\Admin\7ab0911c97506d088c999e05ff81032e.php 第 42 行.
NOTIC: [8] Undefined index: class_name C:\www\hyuzx\Application\Runtime\Cache\Admin\7ab0911c97506d088c999e05ff81032e.php 第 42 行.
NOTIC: [8] Undefined index: class_name C:\www\hyuzx\Application\Runtime\Cache\Admin\7ab0911c97506d088c999e05ff81032e.php 第 42 行.
NOTIC: [8] Undefined index: class_name C:\www\hyuzx\Application\Runtime\Cache\Admin\7ab0911c97506d088c999e05ff81032e.php 第 42 行.
NOTIC: [8] Undefined index: class_name C:\www\hyuzx\Application\Runtime\Cache\Admin\7ab0911c97506d088c999e05ff81032e.php 第 42 行.
NOTIC: [8] Undefined index: class_name C:\www\hyuzx\Application\Runtime\Cache\Admin\7ab0911c97506d088c999e05ff81032e.php 第 42 行.
NOTIC: [8] Undefined index: class_name C:\www\hyuzx\Application\Runtime\Cache\Admin\7ab0911c97506d088c999e05ff81032e.php 第 42 行.
INFO: Run Behavior\ParseTemplateBehavior [ RunTime:0.000000s ]
INFO: [ view_parse ] --END-- [ RunTime:0.000000s ]
INFO: [ view_filter ] --START--
INFO: Run Behavior\WriteHtmlCacheBehavior [ RunTime:0.000000s ]
INFO: [ view_filter ] --END-- [ RunTime:0.000000s ]
INFO: [ app_end ] --START--
INFO: Run Behavior\ShowPageTraceBehavior [ RunTime:0.000000s ]
INFO: [ app_end ] --END-- [ RunTime:0.000000s ]

[ 2016-10-08T12:04:11+08:00 ] 61.50.106.246 /Admin/Index/left/id/85?id=299
INFO: [ app_init ] --START--
INFO: Run Behavior\BuildLiteBehavior [ RunTime:0.000000s ]
INFO: [ app_init ] --END-- [ RunTime:0.000000s ]
INFO: [ app_begin ] --START--
INFO: Run Behavior\ReadHtmlCacheBehavior [ RunTime:0.000000s ]
INFO: [ app_begin ] --END-- [ RunTime:0.000000s ]
SQL: SHOW COLUMNS FROM `sd_node` [ RunTime:0.0000s ]
SQL: SELECT `id`,`data`,`title`
                    FROM `sd_node`
                    WHERE ( `status` =1 AND `display`=2 AND `level` <>1 AND `pid`=299 )
                    ORDER BY sort DESC [ RunTime:0.0000s ]
SQL: SELECT `title` FROM `sd_node` WHERE `id` = 299 LIMIT 1   [ RunTime:0.0000s ]
SQL: SELECT `id`,`data`,`title`
                    FROM `sd_node`
                    WHERE ( `status` =1 AND `display`=2 AND `level` <>1 AND `pid`=300 )
                    ORDER BY sort DESC [ RunTime:0.0000s ]
NOTIC: [8] Use of undefined constant title - assumed 'title' C:\www\hyuzx\Application\Admin\Controller\IndexController.class.php 第 54 行.
NOTIC: [8] Use of undefined constant title - assumed 'title' C:\www\hyuzx\Application\Admin\Controller\IndexController.class.php 第 65 行.
SQL: SELECT `id`,`data`,`title`
                    FROM `sd_node`
                    WHERE ( `status` =1 AND `display`=2 AND `level` <>1 AND `pid`=340 )
                    ORDER BY sort DESC [ RunTime:0.0000s ]
NOTIC: [8] Use of undefined constant title - assumed 'title' C:\www\hyuzx\Application\Admin\Controller\IndexController.class.php 第 54 行.
NOTIC: [8] Use of undefined constant title - assumed 'title' C:\www\hyuzx\Application\Admin\Controller\IndexController.class.php 第 65 行.
SQL: SELECT `id`,`data`,`title`
                    FROM `sd_node`
                    WHERE ( `status` =1 AND `display`=2 AND `level` <>1 AND `pid`=343 )
                    ORDER BY sort DESC [ RunTime:0.0000s ]
NOTIC: [8] Use of undefined constant title - assumed 'title' C:\www\hyuzx\Application\Admin\Controller\IndexController.class.php 第 54 行.
NOTIC: [8] Use of undefined constant title - assumed 'title' C:\www\hyuzx\Application\Admin\Controller\IndexController.class.php 第 65 行.
NOTIC: [8] Use of undefined constant title - assumed 'title' C:\www\hyuzx\Application\Admin\Controller\IndexController.class.php 第 65 行.
SQL: SELECT `id`,`data`,`title`
                    FROM `sd_node`
                    WHERE ( `status` =1 AND `display`=2 AND `level` <>1 AND `pid`=346 )
                    ORDER BY sort DESC [ RunTime:0.0000s ]
NOTIC: [8] Use of undefined constant title - assumed 'title' C:\www\hyuzx\Application\Admin\Controller\IndexController.class.php 第 54 行.
NOTIC: [8] Use of undefined constant title - assumed 'title' C:\www\hyuzx\Application\Admin\Controller\IndexController.class.php 第 65 行.
SQL: SELECT `id`,`data`,`title`
                    FROM `sd_node`
                    WHERE ( `status` =1 AND `display`=2 AND `level` <>1 AND `pid`=348 )
                    ORDER BY sort DESC [ RunTime:0.0000s ]
NOTIC: [8] Use of undefined constant title - assumed 'title' C:\www\hyuzx\Application\Admin\Controller\IndexController.class.php 第 54 行.
NOTIC: [8] Use of undefined constant title - assumed 'title' C:\www\hyuzx\Application\Admin\Controller\IndexController.class.php 第 65 行.
SQL: SELECT `id`,`data`,`title`
                    FROM `sd_node`
                    WHERE ( `status` =1 AND `display`=2 AND `level` <>1 AND `pid`=350 )
                    ORDER BY sort DESC [ RunTime:0.0000s ]
NOTIC: [8] Use of undefined constant title - assumed 'title' C:\www\hyuzx\Application\Admin\Controller\IndexController.class.php 第 54 行.
NOTIC: [8] Use of undefined constant title - assumed 'title' C:\www\hyuzx\Application\Admin\Controller\IndexController.class.php 第 65 行.
SQL: SELECT `id`,`data`,`title`
                    FROM `sd_node`
                    WHERE ( `status` =1 AND `display`=2 AND `level` <>1 AND `pid`=353 )
                    ORDER BY sort DESC [ RunTime:0.0000s ]
NOTIC: [8] Use of undefined constant title - assumed 'title' C:\www\hyuzx\Application\Admin\Controller\IndexController.class.php 第 54 行.
NOTIC: [8] Use of undefined constant title - assumed 'title' C:\www\hyuzx\Application\Admin\Controller\IndexController.class.php 第 65 行.
INFO: [ view_parse ] --START--
INFO: [ template_filter ] --START--
INFO: Run Behavior\ContentReplaceBehavior [ RunTime:0.000000s ]
INFO: [ template_filter ] --END-- [ RunTime:0.000000s ]
INFO: Run Behavior\ParseTemplateBehavior [ RunTime:0.000000s ]
INFO: [ view_parse ] --END-- [ RunTime:0.000000s ]
INFO: [ view_filter ] --START--
INFO: Run Behavior\WriteHtmlCacheBehavior [ RunTime:0.000000s ]
INFO: [ view_filter ] --END-- [ RunTime:0.000000s ]
INFO: [ app_end ] --START--
INFO: Run Behavior\ShowPageTraceBehavior [ RunTime:0.000000s ]
INFO: [ app_end ] --END-- [ RunTime:0.000000s ]

[ 2016-10-08T12:04:11+08:00 ] 61.50.106.246 /Admin/Index/index?s=/Admin/Setting/class_list
INFO: [ app_init ] --START--
INFO: Run Behavior\BuildLiteBehavior [ RunTime:0.000000s ]
INFO: [ app_init ] --END-- [ RunTime:0.000000s ]
INFO: [ app_begin ] --START--
INFO: Run Behavior\ReadHtmlCacheBehavior [ RunTime:0.000000s ]
INFO: [ app_begin ] --END-- [ RunTime:0.000000s ]
SQL: SHOW COLUMNS FROM `sd_class` [ RunTime:0.0000s ]
SQL: SELECT * FROM `sd_class` WHERE ( pid = 0 ) ORDER BY sort desc  [ RunTime:0.0000s ]
SQL: SELECT * FROM `sd_class` WHERE ( pid = "12" ) ORDER BY sort desc  [ RunTime:0.0000s ]
SQL: SELECT * FROM `sd_class` WHERE ( pid = "39" ) ORDER BY sort desc  [ RunTime:0.0000s ]
SQL: SELECT * FROM `sd_class` WHERE ( pid = "40" ) ORDER BY sort desc  [ RunTime:0.0000s ]
SQL: SELECT * FROM `sd_class` WHERE ( pid = "46" ) ORDER BY sort desc  [ RunTime:0.0000s ]
SQL: SELECT * FROM `sd_class` WHERE ( pid = "53" ) ORDER BY sort desc  [ RunTime:0.0000s ]
SQL: SELECT * FROM `sd_class` WHERE ( pid = "60" ) ORDER BY sort desc  [ RunTime:0.0000s ]
SQL: SELECT * FROM `sd_class` WHERE ( pid = "61" ) ORDER BY sort desc  [ RunTime:0.0000s ]
SQL: SELECT * FROM `sd_class` WHERE ( pid = "62" ) ORDER BY sort desc  [ RunTime:0.0000s ]
SQL: SELECT * FROM `sd_class` WHERE ( pid = "63" ) ORDER BY sort desc  [ RunTime:0.0000s ]
SQL: SELECT * FROM `sd_class` WHERE ( pid = "64" ) ORDER BY sort desc  [ RunTime:0.0000s ]
SQL: SELECT * FROM `sd_class` WHERE ( pid = "65" ) ORDER BY sort desc  [ RunTime:0.0000s ]
SQL: SELECT * FROM `sd_class` WHERE ( pid = "69" ) ORDER BY sort desc  [ RunTime:0.0000s ]
SQL: SELECT * FROM `sd_class` WHERE ( pid = "81" ) ORDER BY sort desc  [ RunTime:0.0000s ]
SQL: SELECT * FROM `sd_class` WHERE ( pid = "13" ) ORDER BY sort desc  [ RunTime:0.0000s ]
SQL: SELECT * FROM `sd_class` WHERE ( pid = "14" ) ORDER BY sort desc  [ RunTime:0.0000s ]
SQL: SELECT * FROM `sd_class` WHERE ( pid = "31" ) ORDER BY sort desc  [ RunTime:0.0000s ]
SQL: SELECT * FROM `sd_class` WHERE ( pid = "27" ) ORDER BY sort desc  [ RunTime:0.0000s ]
SQL: SELECT * FROM `sd_class` WHERE ( pid = "118" ) ORDER BY sort desc  [ RunTime:0.0000s ]
SQL: SELECT * FROM `sd_class` WHERE ( pid = "20" ) ORDER BY sort desc  [ RunTime:0.0000s ]
SQL: SELECT * FROM `sd_class` WHERE ( pid = "119" ) ORDER BY sort desc  [ RunTime:0.0000s ]
SQL: SELECT * FROM `sd_class` WHERE ( pid = "98" ) ORDER BY sort desc  [ RunTime:0.0000s ]
SQL: SELECT * FROM `sd_class` WHERE ( pid = "101" ) ORDER BY sort desc  [ RunTime:0.0000s ]
SQL: SELECT * FROM `sd_class` WHERE ( pid = "102" ) ORDER BY sort desc  [ RunTime:0.0000s ]
SQL: SELECT * FROM `sd_class` WHERE ( pid = "103" ) ORDER BY sort desc  [ RunTime:0.0000s ]
SQL: SELECT * FROM `sd_class` WHERE ( pid = "104" ) ORDER BY sort desc  [ RunTime:0.0000s ]
SQL: SELECT * FROM `sd_class` WHERE ( pid = "100" ) ORDER BY sort desc  [ RunTime:0.0000s ]
SQL: SELECT * FROM `sd_class` WHERE ( pid = "99" ) ORDER BY sort desc  [ RunTime:0.0000s ]
SQL: SELECT * FROM `sd_class` WHERE ( pid = "105" ) ORDER BY sort desc  [ RunTime:0.0000s ]
SQL: SELECT * FROM `sd_class` WHERE ( pid = "106" ) ORDER BY sort desc  [ RunTime:0.0000s ]
SQL: SELECT * FROM `sd_class` WHERE ( pid = "107" ) ORDER BY sort desc  [ RunTime:0.0000s ]
SQL: SELECT * FROM `sd_class` WHERE ( pid = "108" ) ORDER BY sort desc  [ RunTime:0.0000s ]
SQL: SELECT * FROM `sd_class` WHERE ( pid = "109" ) ORDER BY sort desc  [ RunTime:0.0000s ]
SQL: SELECT * FROM `sd_class` WHERE ( pid = "11" ) ORDER BY sort desc  [ RunTime:0.0000s ]
SQL: SELECT * FROM `sd_class` WHERE ( pid = "113" ) ORDER BY sort desc  [ RunTime:0.0000s ]
SQL: SELECT * FROM `sd_class` WHERE ( pid = "114" ) ORDER BY sort desc  [ RunTime:0.0000s ]
SQL: SELECT * FROM `sd_class` WHERE ( pid = "110" ) ORDER BY sort desc  [ RunTime:0.0000s ]
SQL: SELECT * FROM `sd_class` WHERE ( pid = "112" ) ORDER BY sort desc  [ RunTime:0.0000s ]
INFO: [ view_parse ] --START--
INFO: [ template_filter ] --START--
INFO: Run Behavior\ContentReplaceBehavior [ RunTime:0.000000s ]
INFO: [ template_filter ] --END-- [ RunTime:0.000000s ]
INFO: Run Behavior\ParseTemplateBehavior [ RunTime:0.015626s ]
INFO: [ view_parse ] --END-- [ RunTime:0.015626s ]
INFO: [ view_filter ] --START--
INFO: Run Behavior\WriteHtmlCacheBehavior [ RunTime:0.000000s ]
INFO: [ view_filter ] --END-- [ RunTime:0.000000s ]
INFO: [ app_end ] --START--
INFO: Run Behavior\ShowPageTraceBehavior [ RunTime:0.000000s ]
INFO: [ app_end ] --END-- [ RunTime:0.000000s ]

[ 2016-10-08T12:04:13+08:00 ] 61.50.106.246 /Admin/Index/index.html?s=/Admin/Case/case_list
INFO: [ app_init ] --START--
INFO: Run Behavior\BuildLiteBehavior [ RunTime:0.000000s ]
INFO: [ app_init ] --END-- [ RunTime:0.000000s ]
INFO: [ app_begin ] --START--
INFO: Run Behavior\ReadHtmlCacheBehavior [ RunTime:0.000000s ]
INFO: [ app_begin ] --END-- [ RunTime:0.000000s ]
NOTIC: [2048] Declaration of Admin\Model\CaseModel::_before_delete() should be compatible with Think\Model::_before_delete($options) C:\www\hyuzx\Application\Admin\Model\CaseModel.class.php 第 14 行.
SQL: SHOW COLUMNS FROM `sd_case` [ RunTime:0.0000s ]
SQL: SELECT `id`,`sort`,`jianyan`,`name` FROM `sd_case` ORDER BY sort DESC  [ RunTime:0.0000s ]
INFO: [ view_parse ] --START--
INFO: [ template_filter ] --START--
INFO: Run Behavior\ContentReplaceBehavior [ RunTime:0.000000s ]
INFO: [ template_filter ] --END-- [ RunTime:0.000000s ]
INFO: Run Behavior\ParseTemplateBehavior [ RunTime:0.000000s ]
INFO: [ view_parse ] --END-- [ RunTime:0.000000s ]
INFO: [ view_filter ] --START--
INFO: Run Behavior\WriteHtmlCacheBehavior [ RunTime:0.000000s ]
INFO: [ view_filter ] --END-- [ RunTime:0.000000s ]
INFO: [ app_end ] --START--
INFO: Run Behavior\ShowPageTraceBehavior [ RunTime:0.000000s ]
INFO: [ app_end ] --END-- [ RunTime:0.000000s ]

[ 2016-10-08T12:04:14+08:00 ] 61.50.106.246 /Admin/Index/index.html?s=/Admin/User/index
INFO: [ app_init ] --START--
INFO: Run Behavior\BuildLiteBehavior [ RunTime:0.000000s ]
INFO: [ app_init ] --END-- [ RunTime:0.000000s ]
INFO: [ app_begin ] --START--
INFO: Run Behavior\ReadHtmlCacheBehavior [ RunTime:0.000000s ]
INFO: [ app_begin ] --END-- [ RunTime:0.000000s ]
NOTIC: [8] Undefined index: ssubmit C:\www\hyuzx\Application\Admin\Controller\UserController.class.php 第 21 行.
SQL: SHOW COLUMNS FROM `sd_role` [ RunTime:0.0000s ]
SQL: SELECT * FROM `sd_role` WHERE ( id in(1,6,9,2) )  [ RunTime:0.0000s ]
NOTIC: [8] Undefined variable: order_by C:\www\hyuzx\Application\Admin\Controller\UserController.class.php 第 92 行.
SQL: select *,sd_users.status as ustatus ,sd_users.uid as uuid
               FROM sd_users
               LEFT JOIN sd_role ON sd_users.role_id = sd_role.id WHERE sd_users.uid !='' [ RunTime:0.0000s ]
SQL: select *,sd_users.status as ustatus ,sd_users.uid as uuid
               FROM sd_users
               LEFT JOIN sd_role ON sd_users.role_id = sd_role.id WHERE sd_users.uid !='' [ RunTime:0.0000s ]
SQL: select *,sd_users.status as ustatus ,sd_users.uid as uuid
               FROM sd_users
               LEFT JOIN sd_role ON sd_users.role_id = sd_role.id WHERE sd_users.uid !='' limit 0,50 [ RunTime:0.0000s ]
NOTIC: [8] Undefined variable: map C:\www\hyuzx\Application\Admin\Controller\UserController.class.php 第 103 行.
NOTIC: [2] Invalid argument supplied for foreach() C:\www\hyuzx\Application\Admin\Controller\UserController.class.php 第 103 行.
NOTIC: [8] Undefined variable: city C:\www\hyuzx\Application\Admin\Controller\UserController.class.php 第 107 行.
INFO: [ view_parse ] --START--
INFO: [ template_filter ] --START--
INFO: Run Behavior\ContentReplaceBehavior [ RunTime:0.000000s ]
INFO: [ template_filter ] --END-- [ RunTime:0.000000s ]
NOTIC: [8] Use of undefined constant hlbs - assumed 'hlbs' C:\www\hyuzx\Application\Runtime\Cache\Admin\65e605872ed5d34210f5b33beb13f5a3.php 第 54 行.
NOTIC: [8] Use of undefined constant hlbs - assumed 'hlbs' C:\www\hyuzx\Application\Runtime\Cache\Admin\65e605872ed5d34210f5b33beb13f5a3.php 第 54 行.
NOTIC: [8] Undefined variable: pageUrl C:\www\hyuzx\Application\Runtime\Cache\Admin\65e605872ed5d34210f5b33beb13f5a3.php 第 78 行.
INFO: Run Behavior\ParseTemplateBehavior [ RunTime:0.015626s ]
INFO: [ view_parse ] --END-- [ RunTime:0.015626s ]
INFO: [ view_filter ] --START--
INFO: Run Behavior\WriteHtmlCacheBehavior [ RunTime:0.000000s ]
INFO: [ view_filter ] --END-- [ RunTime:0.000000s ]
INFO: [ app_end ] --START--
INFO: Run Behavior\ShowPageTraceBehavior [ RunTime:0.000000s ]
INFO: [ app_end ] --END-- [ RunTime:0.000000s ]

[ 2016-10-08T12:04:17+08:00 ] 61.50.106.246 /Admin/Index/index.html?s=/Admin/Doctor/doctor_class_list
INFO: [ app_init ] --START--
INFO: Run Behavior\BuildLiteBehavior [ RunTime:0.000000s ]
INFO: [ app_init ] --END-- [ RunTime:0.000000s ]
INFO: [ app_begin ] --START--
INFO: Run Behavior\ReadHtmlCacheBehavior [ RunTime:0.000000s ]
INFO: [ app_begin ] --END-- [ RunTime:0.000000s ]
SQL: SHOW COLUMNS FROM `sd_doctor_class` [ RunTime:0.0000s ]
SQL: SELECT * FROM `sd_doctor_class`  [ RunTime:0.0000s ]
INFO: [ view_parse ] --START--
INFO: [ template_filter ] --START--
INFO: Run Behavior\ContentReplaceBehavior [ RunTime:0.000000s ]
INFO: [ template_filter ] --END-- [ RunTime:0.000000s ]
INFO: Run Behavior\ParseTemplateBehavior [ RunTime:0.000000s ]
INFO: [ view_parse ] --END-- [ RunTime:0.000000s ]
INFO: [ view_filter ] --START--
INFO: Run Behavior\WriteHtmlCacheBehavior [ RunTime:0.000000s ]
INFO: [ view_filter ] --END-- [ RunTime:0.000000s ]
INFO: [ app_end ] --START--
INFO: Run Behavior\ShowPageTraceBehavior [ RunTime:0.000000s ]
INFO: [ app_end ] --END-- [ RunTime:0.000000s ]

[ 2016-10-08T12:04:19+08:00 ] 61.50.106.246 /Admin/Doctor/doctor_class_add
INFO: [ app_init ] --START--
INFO: Run Behavior\BuildLiteBehavior [ RunTime:0.000000s ]
INFO: [ app_init ] --END-- [ RunTime:0.000000s ]
INFO: [ app_begin ] --START--
INFO: Run Behavior\ReadHtmlCacheBehavior [ RunTime:0.000000s ]
INFO: [ app_begin ] --END-- [ RunTime:0.000000s ]
INFO: [ view_parse ] --START--
INFO: [ template_filter ] --START--
INFO: Run Behavior\ContentReplaceBehavior [ RunTime:0.000000s ]
INFO: [ template_filter ] --END-- [ RunTime:0.000000s ]
INFO: Run Behavior\ParseTemplateBehavior [ RunTime:0.000000s ]
INFO: [ view_parse ] --END-- [ RunTime:0.000000s ]
INFO: [ view_filter ] --START--
INFO: Run Behavior\WriteHtmlCacheBehavior [ RunTime:0.000000s ]
INFO: [ view_filter ] --END-- [ RunTime:0.000000s ]
INFO: [ app_end ] --START--
INFO: Run Behavior\ShowPageTraceBehavior [ RunTime:0.000000s ]
INFO: [ app_end ] --END-- [ RunTime:0.000000s ]

[ 2016-10-08T12:04:22+08:00 ] 61.50.106.246 /Admin/Index/index.html?s=/Admin/Doctor/doctor_list
INFO: [ app_init ] --START--
INFO: Run Behavior\BuildLiteBehavior [ RunTime:0.000000s ]
INFO: [ app_init ] --END-- [ RunTime:0.000000s ]
INFO: [ app_begin ] --START--
INFO: Run Behavior\ReadHtmlCacheBehavior [ RunTime:0.000000s ]
INFO: [ app_begin ] --END-- [ RunTime:0.000000s ]
NOTIC: [2048] Declaration of Admin\Model\DoctorModel::_before_delete() should be compatible with Think\Model::_before_delete($options) C:\www\hyuzx\Application\Admin\Model\DoctorModel.class.php 第 8 行.
SQL: SHOW COLUMNS FROM `sd_doctor` [ RunTime:0.0156s ]
SQL: SELECT d.id as did,d.name,d.type,d.zhicheng,c.id,c.class_name FROM sd_doctor d INNER JOIN sd_doctor_class as  c on d.type=c.id   [ RunTime:0.0000s ]
INFO: [ view_parse ] --START--
INFO: [ template_filter ] --START--
INFO: Run Behavior\ContentReplaceBehavior [ RunTime:0.000000s ]
INFO: [ template_filter ] --END-- [ RunTime:0.000000s ]
INFO: Run Behavior\ParseTemplateBehavior [ RunTime:0.000000s ]
INFO: [ view_parse ] --END-- [ RunTime:0.000000s ]
INFO: [ view_filter ] --START--
INFO: Run Behavior\WriteHtmlCacheBehavior [ RunTime:0.000000s ]
INFO: [ view_filter ] --END-- [ RunTime:0.000000s ]
INFO: [ app_end ] --START--
INFO: Run Behavior\ShowPageTraceBehavior [ RunTime:0.000000s ]
INFO: [ app_end ] --END-- [ RunTime:0.000000s ]

[ 2016-10-08T12:04:23+08:00 ] 61.50.106.246 /Admin/Doctor/doctor_add
INFO: [ app_init ] --START--
INFO: Run Behavior\BuildLiteBehavior [ RunTime:0.000000s ]
INFO: [ app_init ] --END-- [ RunTime:0.000000s ]
INFO: [ app_begin ] --START--
INFO: Run Behavior\ReadHtmlCacheBehavior [ RunTime:0.000000s ]
INFO: [ app_begin ] --END-- [ RunTime:0.000000s ]
NOTIC: [2048] Declaration of Admin\Model\DoctorModel::_before_delete() should be compatible with Think\Model::_before_delete($options) C:\www\hyuzx\Application\Admin\Model\DoctorModel.class.php 第 8 行.
SQL: SHOW COLUMNS FROM `sd_doctor` [ RunTime:0.0000s ]
SQL: SHOW COLUMNS FROM `sd_doctor_class` [ RunTime:0.0000s ]
SQL: SELECT * FROM `sd_doctor_class`  [ RunTime:0.0000s ]
INFO: [ view_parse ] --START--
INFO: [ template_filter ] --START--
INFO: Run Behavior\ContentReplaceBehavior [ RunTime:0.000000s ]
INFO: [ template_filter ] --END-- [ RunTime:0.000000s ]
INFO: Run Behavior\ParseTemplateBehavior [ RunTime:0.015625s ]
INFO: [ view_parse ] --END-- [ RunTime:0.015625s ]
INFO: [ view_filter ] --START--
INFO: Run Behavior\WriteHtmlCacheBehavior [ RunTime:0.000000s ]
INFO: [ view_filter ] --END-- [ RunTime:0.000000s ]
INFO: [ app_end ] --START--
INFO: Run Behavior\ShowPageTraceBehavior [ RunTime:0.000000s ]
INFO: [ app_end ] --END-- [ RunTime:0.000000s ]

[ 2016-10-08T12:04:26+08:00 ] 61.50.106.246 /Admin/Index/index.html?s=/Admin/Case/case_list
INFO: [ app_init ] --START--
INFO: Run Behavior\BuildLiteBehavior [ RunTime:0.000000s ]
INFO: [ app_init ] --END-- [ RunTime:0.000000s ]
INFO: [ app_begin ] --START--
INFO: Run Behavior\ReadHtmlCacheBehavior [ RunTime:0.000000s ]
INFO: [ app_begin ] --END-- [ RunTime:0.000000s ]
NOTIC: [2048] Declaration of Admin\Model\CaseModel::_before_delete() should be compatible with Think\Model::_before_delete($options) C:\www\hyuzx\Application\Admin\Model\CaseModel.class.php 第 14 行.
SQL: SHOW COLUMNS FROM `sd_case` [ RunTime:0.0000s ]
SQL: SELECT `id`,`sort`,`jianyan`,`name` FROM `sd_case` ORDER BY sort DESC  [ RunTime:0.0000s ]
INFO: [ view_parse ] --START--
INFO: [ template_filter ] --START--
INFO: Run Behavior\ContentReplaceBehavior [ RunTime:0.000000s ]
INFO: [ template_filter ] --END-- [ RunTime:0.000000s ]
INFO: Run Behavior\ParseTemplateBehavior [ RunTime:0.000000s ]
INFO: [ view_parse ] --END-- [ RunTime:0.000000s ]
INFO: [ view_filter ] --START--
INFO: Run Behavior\WriteHtmlCacheBehavior [ RunTime:0.000000s ]
INFO: [ view_filter ] --END-- [ RunTime:0.000000s ]
INFO: [ app_end ] --START--
INFO: Run Behavior\ShowPageTraceBehavior [ RunTime:0.000000s ]
INFO: [ app_end ] --END-- [ RunTime:0.000000s ]

[ 2016-10-08T12:04:27+08:00 ] 61.50.106.246 /Admin/Case/case_add
INFO: [ app_init ] --START--
INFO: Run Behavior\BuildLiteBehavior [ RunTime:0.000000s ]
INFO: [ app_init ] --END-- [ RunTime:0.000000s ]
INFO: [ app_begin ] --START--
INFO: Run Behavior\ReadHtmlCacheBehavior [ RunTime:0.000000s ]
INFO: [ app_begin ] --END-- [ RunTime:0.000000s ]
NOTIC: [2048] Declaration of Admin\Model\CaseModel::_before_delete() should be compatible with Think\Model::_before_delete($options) C:\www\hyuzx\Application\Admin\Model\CaseModel.class.php 第 14 行.
SQL: SHOW COLUMNS FROM `sd_case` [ RunTime:0.0000s ]
INFO: [ view_parse ] --START--
INFO: [ template_filter ] --START--
INFO: Run Behavior\ContentReplaceBehavior [ RunTime:0.000000s ]
INFO: [ template_filter ] --END-- [ RunTime:0.000000s ]
INFO: Run Behavior\ParseTemplateBehavior [ RunTime:0.000000s ]
INFO: [ view_parse ] --END-- [ RunTime:0.000000s ]
INFO: [ view_filter ] --START--
INFO: Run Behavior\WriteHtmlCacheBehavior [ RunTime:0.000000s ]
INFO: [ view_filter ] --END-- [ RunTime:0.000000s ]
INFO: [ app_end ] --START--
INFO: Run Behavior\ShowPageTraceBehavior [ RunTime:0.000000s ]
INFO: [ app_end ] --END-- [ RunTime:0.000000s ]

[ 2016-10-08T12:07:13+08:00 ] 101.226.125.104 /Admin/Index/main
INFO: [ app_init ] --START--
INFO: Run Behavior\BuildLiteBehavior [ RunTime:0.000000s ]
INFO: [ app_init ] --END-- [ RunTime:0.000000s ]
INFO: [ app_begin ] --START--
INFO: Run Behavior\ReadHtmlCacheBehavior [ RunTime:0.000000s ]
INFO: [ app_begin ] --END-- [ RunTime:0.000000s ]

[ 2016-10-08T12:07:14+08:00 ] 180.153.214.200 /Admin/Index/index?s=/Admin/Node/index
INFO: [ app_init ] --START--
INFO: Run Behavior\BuildLiteBehavior [ RunTime:0.000000s ]
INFO: [ app_init ] --END-- [ RunTime:0.000000s ]
INFO: [ app_begin ] --START--
INFO: Run Behavior\ReadHtmlCacheBehavior [ RunTime:0.000000s ]
INFO: [ app_begin ] --END-- [ RunTime:0.000000s ]

[ 2016-10-08T12:07:15+08:00 ] 140.207.124.105 /Admin/Index/index?s=/Admin/User/index
INFO: [ app_init ] --START--
INFO: Run Behavior\BuildLiteBehavior [ RunTime:0.000000s ]
INFO: [ app_init ] --END-- [ RunTime:0.000000s ]
INFO: [ app_begin ] --START--
INFO: Run Behavior\ReadHtmlCacheBehavior [ RunTime:0.000000s ]
INFO: [ app_begin ] --END-- [ RunTime:0.000000s ]

[ 2016-10-08T12:07:19+08:00 ] 180.153.206.22 /Admin/Index/index.html?s=/Admin/Case/case_list
INFO: [ app_init ] --START--
INFO: Run Behavior\BuildLiteBehavior [ RunTime:0.000000s ]
INFO: [ app_init ] --END-- [ RunTime:0.000000s ]
INFO: [ app_begin ] --START--
INFO: Run Behavior\ReadHtmlCacheBehavior [ RunTime:0.000000s ]
INFO: [ app_begin ] --END-- [ RunTime:0.000000s ]

[ 2016-10-08T12:07:23+08:00 ] 101.226.33.219 /Admin/Index/index.html?s=/Admin/User/index
INFO: [ app_init ] --START--
INFO: Run Behavior\BuildLiteBehavior [ RunTime:0.000000s ]
INFO: [ app_init ] --END-- [ RunTime:0.000000s ]
INFO: [ app_begin ] --START--
INFO: Run Behavior\ReadHtmlCacheBehavior [ RunTime:0.000000s ]
INFO: [ app_begin ] --END-- [ RunTime:0.000000s ]

[ 2016-10-08T12:07:23+08:00 ] 101.226.33.203 /Admin/Index/index.html?s=/Admin/Doctor/doctor_class_list
INFO: [ app_init ] --START--
INFO: Run Behavior\BuildLiteBehavior [ RunTime:0.000000s ]
INFO: [ app_init ] --END-- [ RunTime:0.000000s ]
INFO: [ app_begin ] --START--
INFO: Run Behavior\ReadHtmlCacheBehavior [ RunTime:0.000000s ]
INFO: [ app_begin ] --END-- [ RunTime:0.000000s ]

[ 2016-10-08T12:07:24+08:00 ] 101.226.66.172 /Admin/Doctor/doctor_class_add
INFO: [ app_init ] --START--
INFO: Run Behavior\BuildLiteBehavior [ RunTime:0.000000s ]
INFO: [ app_init ] --END-- [ RunTime:0.000000s ]
INFO: [ app_begin ] --START--
INFO: Run Behavior\ReadHtmlCacheBehavior [ RunTime:0.000000s ]
INFO: [ app_begin ] --END-- [ RunTime:0.000000s ]

[ 2016-10-08T12:07:30+08:00 ] 61.151.226.199 /Admin/Index/index.html?s=/Admin/Doctor/doctor_list
INFO: [ app_init ] --START--
INFO: Run Behavior\BuildLiteBehavior [ RunTime:0.000000s ]
INFO: [ app_init ] --END-- [ RunTime:0.000000s ]
INFO: [ app_begin ] --START--
INFO: Run Behavior\ReadHtmlCacheBehavior [ RunTime:0.000000s ]
INFO: [ app_begin ] --END-- [ RunTime:0.000000s ]

[ 2016-10-08T12:07:32+08:00 ] 101.226.68.213 /Admin/Doctor/doctor_add
INFO: [ app_init ] --START--
INFO: Run Behavior\BuildLiteBehavior [ RunTime:0.000000s ]
INFO: [ app_init ] --END-- [ RunTime:0.000000s ]
INFO: [ app_begin ] --START--
INFO: Run Behavior\ReadHtmlCacheBehavior [ RunTime:0.000000s ]
INFO: [ app_begin ] --END-- [ RunTime:0.000000s ]

[ 2016-10-08T12:07:34+08:00 ] 101.226.33.223 /Admin/Case/case_add
INFO: [ app_init ] --START--
INFO: Run Behavior\BuildLiteBehavior [ RunTime:0.000000s ]
INFO: [ app_init ] --END-- [ RunTime:0.000000s ]
INFO: [ app_begin ] --START--
INFO: Run Behavior\ReadHtmlCacheBehavior [ RunTime:0.000000s ]
INFO: [ app_begin ] --END-- [ RunTime:0.000000s ]

[ 2016-10-08T12:10:23+08:00 ] 61.151.226.202 /Admin/Index/index?s=/Admin/User/index
INFO: [ app_init ] --START--
INFO: Run Behavior\BuildLiteBehavior [ RunTime:0.000000s ]
INFO: [ app_init ] --END-- [ RunTime:0.000000s ]
INFO: [ app_begin ] --START--
INFO: Run Behavior\ReadHtmlCacheBehavior [ RunTime:0.000000s ]
INFO: [ app_begin ] --END-- [ RunTime:0.000000s ]

[ 2016-10-08T12:10:26+08:00 ] 140.207.185.111 /Admin/Doctor/doctor_class_add
INFO: [ app_init ] --START--
INFO: Run Behavior\BuildLiteBehavior [ RunTime:0.000000s ]
INFO: [ app_init ] --END-- [ RunTime:0.000000s ]
INFO: [ app_begin ] --START--
INFO: Run Behavior\ReadHtmlCacheBehavior [ RunTime:0.000000s ]
INFO: [ app_begin ] --END-- [ RunTime:0.000000s ]

[ 2016-10-08T12:10:31+08:00 ] 180.153.206.17 /Admin/Index/main
INFO: [ app_init ] --START--
INFO: Run Behavior\BuildLiteBehavior [ RunTime:0.000000s ]
INFO: [ app_init ] --END-- [ RunTime:0.000000s ]
INFO: [ app_begin ] --START--
INFO: Run Behavior\ReadHtmlCacheBehavior [ RunTime:0.000000s ]
INFO: [ app_begin ] --END-- [ RunTime:0.000000s ]

