[ 2016-10-07T06:10:08+08:00 ] 121.42.0.85 /admin/images/menu-current-arrow.gif
INFO: [ app_init ] --START--
INFO: Run Behavior\BuildLiteBehavior [ RunTime:0.000000s ]
INFO: [ app_init ] --END-- [ RunTime:0.000000s ]

[ 2016-10-07T06:10:09+08:00 ] 121.42.0.85 /admin/image/menu_h4.png
INFO: [ app_init ] --START--
INFO: Run Behavior\BuildLiteBehavior [ RunTime:0.000000s ]
INFO: [ app_init ] --END-- [ RunTime:0.000000s ]

[ 2016-10-07T06:11:08+08:00 ] 121.42.0.85 /admin/templates/images/subTypeBg.gif
INFO: [ app_init ] --START--
INFO: Run Behavior\BuildLiteBehavior [ RunTime:0.000000s ]
INFO: [ app_init ] --END-- [ RunTime:0.000000s ]

[ 2016-10-07T06:11:08+08:00 ] 121.42.0.85 /admin/templates/images/filestate.png
INFO: [ app_init ] --START--
INFO: Run Behavior\BuildLiteBehavior [ RunTime:0.000000s ]
INFO: [ app_init ] --END-- [ RunTime:0.000000s ]

[ 2016-10-07T09:55:59+08:00 ] 61.50.106.246 /Admin/Login/index.html
INFO: [ app_init ] --START--
INFO: Run Behavior\BuildLiteBehavior [ RunTime:0.000000s ]
INFO: [ app_init ] --END-- [ RunTime:0.015625s ]
INFO: [ app_begin ] --START--
INFO: Run Behavior\ReadHtmlCacheBehavior [ RunTime:0.000000s ]
INFO: [ app_begin ] --END-- [ RunTime:0.000000s ]
INFO: [ view_parse ] --START--
INFO: [ template_filter ] --START--
INFO: Run Behavior\ContentReplaceBehavior [ RunTime:0.000000s ]
INFO: [ template_filter ] --END-- [ RunTime:0.000000s ]
INFO: Run Behavior\ParseTemplateBehavior [ RunTime:0.015626s ]
INFO: [ view_parse ] --END-- [ RunTime:0.015626s ]
INFO: [ view_filter ] --START--
INFO: Run Behavior\WriteHtmlCacheBehavior [ RunTime:0.000000s ]
INFO: [ view_filter ] --END-- [ RunTime:0.000000s ]
INFO: [ app_end ] --START--
INFO: Run Behavior\ShowPageTraceBehavior [ RunTime:0.000000s ]
INFO: [ app_end ] --END-- [ RunTime:0.000000s ]

[ 2016-10-07T09:55:59+08:00 ] 61.50.106.246 /Admin/Login/verify?
INFO: [ app_init ] --START--
INFO: Run Behavior\BuildLiteBehavior [ RunTime:0.000000s ]
INFO: [ app_init ] --END-- [ RunTime:0.000000s ]
INFO: [ app_begin ] --START--
INFO: Run Behavior\ReadHtmlCacheBehavior [ RunTime:0.000000s ]
INFO: [ app_begin ] --END-- [ RunTime:0.000000s ]
INFO: [ app_end ] --START--
INFO: Run Behavior\ShowPageTraceBehavior [ RunTime:0.000000s ]
INFO: [ app_end ] --END-- [ RunTime:0.000000s ]

[ 2016-10-07T09:56:09+08:00 ] 61.50.106.246 /Admin/Login/checklogin
INFO: [ app_init ] --START--
INFO: Run Behavior\BuildLiteBehavior [ RunTime:0.000000s ]
INFO: [ app_init ] --END-- [ RunTime:0.000000s ]
INFO: [ app_begin ] --START--
INFO: Run Behavior\ReadHtmlCacheBehavior [ RunTime:0.000000s ]
INFO: [ app_begin ] --END-- [ RunTime:0.000000s ]
SQL: SHOW COLUMNS FROM `sd_users` [ RunTime:0.0000s ]
SQL: SELECT `uid`,`role_id`,`username`,`password`,`status`,`remark` FROM `sd_users` WHERE ( username='administrator' ) LIMIT 1   [ RunTime:0.0000s ]

[ 2016-10-07T09:56:09+08:00 ] 61.50.106.246 /Admin/Index/index
INFO: [ app_init ] --START--
INFO: Run Behavior\BuildLiteBehavior [ RunTime:0.000000s ]
INFO: [ app_init ] --END-- [ RunTime:0.000000s ]
INFO: [ app_begin ] --START--
INFO: Run Behavior\ReadHtmlCacheBehavior [ RunTime:0.000000s ]
INFO: [ app_begin ] --END-- [ RunTime:0.000000s ]
SQL: SHOW COLUMNS FROM `sd_node` [ RunTime:0.0000s ]
SQL: SELECT `id`,`title`,name
                    FROM `sd_node`
                    WHERE ( `status` =1 AND `display`=1 AND `level`<>1 AND id not in(103,107,100,97,110))
                    ORDER BY sort DESC [ RunTime:0.0000s ]
INFO: [ view_parse ] --START--
INFO: [ template_filter ] --START--
INFO: Run Behavior\ContentReplaceBehavior [ RunTime:0.000000s ]
INFO: [ template_filter ] --END-- [ RunTime:0.000000s ]
NOTIC: [8] Undefined variable: re C:\www\hyuzx\Application\Runtime\Cache\Admin\b595b808c2ebeeeb0478ffc30bb4e87a.php 第 77 行.
NOTIC: [8] Undefined variable: sub_menu_html C:\www\hyuzx\Application\Runtime\Cache\Admin\b595b808c2ebeeeb0478ffc30bb4e87a.php 第 107 行.
INFO: Run Behavior\ParseTemplateBehavior [ RunTime:0.000000s ]
INFO: [ view_parse ] --END-- [ RunTime:0.000000s ]
INFO: [ view_filter ] --START--
INFO: Run Behavior\WriteHtmlCacheBehavior [ RunTime:0.000000s ]
INFO: [ view_filter ] --END-- [ RunTime:0.000000s ]
INFO: [ app_end ] --START--
INFO: Run Behavior\ShowPageTraceBehavior [ RunTime:0.000000s ]
INFO: [ app_end ] --END-- [ RunTime:0.000000s ]

[ 2016-10-07T09:56:09+08:00 ] 61.50.106.246 /Admin/Index/main
INFO: [ app_init ] --START--
INFO: Run Behavior\BuildLiteBehavior [ RunTime:0.000000s ]
INFO: [ app_init ] --END-- [ RunTime:0.000000s ]
INFO: [ app_begin ] --START--
INFO: Run Behavior\ReadHtmlCacheBehavior [ RunTime:0.000000s ]
INFO: [ app_begin ] --END-- [ RunTime:0.000000s ]
NOTIC: [8] Use of undefined constant gd_info - assumed 'gd_info' C:\www\hyuzx\Application\Admin\Controller\IndexController.class.php 第 127 行.
NOTIC: [8] Undefined index: SERVER_ADDR C:\www\hyuzx\Application\Admin\Controller\IndexController.class.php 第 134 行.
NOTIC: [8] Use of undefined constant WEB_ROOT - assumed 'WEB_ROOT' C:\www\hyuzx\Application\Admin\Controller\IndexController.class.php 第 137 行.
INFO: [ view_parse ] --START--
INFO: [ template_filter ] --START--
INFO: Run Behavior\ContentReplaceBehavior [ RunTime:0.000000s ]
INFO: [ template_filter ] --END-- [ RunTime:0.000000s ]
NOTIC: [8] Undefined variable: ikphp C:\www\hyuzx\Application\Runtime\Cache\Admin\b0f0b709690a72033d17719e8059053c.php 第 5 行.
NOTIC: [8] Undefined variable: caches C:\www\hyuzx\Application\Runtime\Cache\Admin\b0f0b709690a72033d17719e8059053c.php 第 35 行.
INFO: Run Behavior\ParseTemplateBehavior [ RunTime:0.015625s ]
INFO: [ view_parse ] --END-- [ RunTime:0.015625s ]
INFO: [ view_filter ] --START--
INFO: Run Behavior\WriteHtmlCacheBehavior [ RunTime:0.000000s ]
INFO: [ view_filter ] --END-- [ RunTime:0.000000s ]
INFO: [ app_end ] --START--
INFO: Run Behavior\ShowPageTraceBehavior [ RunTime:0.000000s ]
INFO: [ app_end ] --END-- [ RunTime:0.000000s ]

[ 2016-10-07T09:56:10+08:00 ] 61.50.106.246 /Admin/Index/left/id/85
INFO: [ app_init ] --START--
INFO: Run Behavior\BuildLiteBehavior [ RunTime:0.000000s ]
INFO: [ app_init ] --END-- [ RunTime:0.000000s ]
INFO: [ app_begin ] --START--
INFO: Run Behavior\ReadHtmlCacheBehavior [ RunTime:0.000000s ]
INFO: [ app_begin ] --END-- [ RunTime:0.000000s ]
SQL: SHOW COLUMNS FROM `sd_node` [ RunTime:0.0000s ]
SQL: SELECT `id`,`data`,`title`
                    FROM `sd_node`
                    WHERE ( `status` =1 AND `display`=2 AND `level` <>1 AND `pid`=85 )
                    ORDER BY sort DESC [ RunTime:0.0000s ]
SQL: SELECT `title` FROM `sd_node` WHERE `id` = 85 LIMIT 1   [ RunTime:0.0000s ]
SQL: SELECT `id`,`data`,`title`
                    FROM `sd_node`
                    WHERE ( `status` =1 AND `display`=2 AND `level` <>1 AND `pid`=86 )
                    ORDER BY sort DESC [ RunTime:0.0000s ]
NOTIC: [8] Use of undefined constant title - assumed 'title' C:\www\hyuzx\Application\Admin\Controller\IndexController.class.php 第 54 行.
NOTIC: [8] Use of undefined constant title - assumed 'title' C:\www\hyuzx\Application\Admin\Controller\IndexController.class.php 第 65 行.
NOTIC: [8] Use of undefined constant title - assumed 'title' C:\www\hyuzx\Application\Admin\Controller\IndexController.class.php 第 65 行.
INFO: [ view_parse ] --START--
INFO: [ template_filter ] --START--
INFO: Run Behavior\ContentReplaceBehavior [ RunTime:0.000000s ]
INFO: [ template_filter ] --END-- [ RunTime:0.000000s ]
INFO: Run Behavior\ParseTemplateBehavior [ RunTime:0.015625s ]
INFO: [ view_parse ] --END-- [ RunTime:0.015625s ]
INFO: [ view_filter ] --START--
INFO: Run Behavior\WriteHtmlCacheBehavior [ RunTime:0.000000s ]
INFO: [ view_filter ] --END-- [ RunTime:0.000000s ]
INFO: [ app_end ] --START--
INFO: Run Behavior\ShowPageTraceBehavior [ RunTime:0.000000s ]
INFO: [ app_end ] --END-- [ RunTime:0.000000s ]

[ 2016-10-07T09:56:12+08:00 ] 61.50.106.246 /Admin/Index/left/id/85?id=296
INFO: [ app_init ] --START--
INFO: Run Behavior\BuildLiteBehavior [ RunTime:0.000000s ]
INFO: [ app_init ] --END-- [ RunTime:0.000000s ]
INFO: [ app_begin ] --START--
INFO: Run Behavior\ReadHtmlCacheBehavior [ RunTime:0.000000s ]
INFO: [ app_begin ] --END-- [ RunTime:0.000000s ]
SQL: SHOW COLUMNS FROM `sd_node` [ RunTime:0.0000s ]
SQL: SELECT `id`,`data`,`title`
                    FROM `sd_node`
                    WHERE ( `status` =1 AND `display`=2 AND `level` <>1 AND `pid`=296 )
                    ORDER BY sort DESC [ RunTime:0.0000s ]
SQL: SELECT `title` FROM `sd_node` WHERE `id` = 296 LIMIT 1   [ RunTime:0.0000s ]
SQL: SELECT `id`,`data`,`title`
                    FROM `sd_node`
                    WHERE ( `status` =1 AND `display`=2 AND `level` <>1 AND `pid`=297 )
                    ORDER BY sort DESC [ RunTime:0.0000s ]
NOTIC: [8] Use of undefined constant title - assumed 'title' C:\www\hyuzx\Application\Admin\Controller\IndexController.class.php 第 54 行.
NOTIC: [8] Use of undefined constant title - assumed 'title' C:\www\hyuzx\Application\Admin\Controller\IndexController.class.php 第 65 行.
INFO: [ view_parse ] --START--
INFO: [ template_filter ] --START--
INFO: Run Behavior\ContentReplaceBehavior [ RunTime:0.000000s ]
INFO: [ template_filter ] --END-- [ RunTime:0.000000s ]
INFO: Run Behavior\ParseTemplateBehavior [ RunTime:0.000000s ]
INFO: [ view_parse ] --END-- [ RunTime:0.000000s ]
INFO: [ view_filter ] --START--
INFO: Run Behavior\WriteHtmlCacheBehavior [ RunTime:0.000000s ]
INFO: [ view_filter ] --END-- [ RunTime:0.000000s ]
INFO: [ app_end ] --START--
INFO: Run Behavior\ShowPageTraceBehavior [ RunTime:0.000000s ]
INFO: [ app_end ] --END-- [ RunTime:0.000000s ]

[ 2016-10-07T09:56:12+08:00 ] 61.50.106.246 /Admin/Index/index?s=/Admin/Content/content_list
INFO: [ app_init ] --START--
INFO: Run Behavior\BuildLiteBehavior [ RunTime:0.000000s ]
INFO: [ app_init ] --END-- [ RunTime:0.000000s ]
INFO: [ app_begin ] --START--
INFO: Run Behavior\ReadHtmlCacheBehavior [ RunTime:0.000000s ]
INFO: [ app_begin ] --END-- [ RunTime:0.000000s ]
NOTIC: [2048] Declaration of Admin\Model\ContentModel::_before_delete() should be compatible with Think\Model::_before_delete($options) C:\www\hyuzx\Application\Admin\Model\ContentModel.class.php 第 14 行.
SQL: SHOW COLUMNS FROM `sd_content` [ RunTime:0.0000s ]
SQL: SELECT COUNT(id) AS tp_count FROM `sd_content` LIMIT 1   [ RunTime:0.0000s ]
SQL: SELECT d.id,d.cid,d.title,d.description,d.createtime FROM sd_content d ORDER BY d.id ASC LIMIT 0,17   [ RunTime:0.0000s ]
INFO: [ view_parse ] --START--
INFO: [ template_filter ] --START--
INFO: Run Behavior\ContentReplaceBehavior [ RunTime:0.000000s ]
INFO: [ template_filter ] --END-- [ RunTime:0.000000s ]
NOTIC: [8] Undefined index: class_name C:\www\hyuzx\Application\Runtime\Cache\Admin\7ab0911c97506d088c999e05ff81032e.php 第 42 行.
NOTIC: [8] Undefined index: class_name C:\www\hyuzx\Application\Runtime\Cache\Admin\7ab0911c97506d088c999e05ff81032e.php 第 42 行.
NOTIC: [8] Undefined index: class_name C:\www\hyuzx\Application\Runtime\Cache\Admin\7ab0911c97506d088c999e05ff81032e.php 第 42 行.
NOTIC: [8] Undefined index: class_name C:\www\hyuzx\Application\Runtime\Cache\Admin\7ab0911c97506d088c999e05ff81032e.php 第 42 行.
NOTIC: [8] Undefined index: class_name C:\www\hyuzx\Application\Runtime\Cache\Admin\7ab0911c97506d088c999e05ff81032e.php 第 42 行.
NOTIC: [8] Undefined index: class_name C:\www\hyuzx\Application\Runtime\Cache\Admin\7ab0911c97506d088c999e05ff81032e.php 第 42 行.
NOTIC: [8] Undefined index: class_name C:\www\hyuzx\Application\Runtime\Cache\Admin\7ab0911c97506d088c999e05ff81032e.php 第 42 行.
NOTIC: [8] Undefined index: class_name C:\www\hyuzx\Application\Runtime\Cache\Admin\7ab0911c97506d088c999e05ff81032e.php 第 42 行.
NOTIC: [8] Undefined index: class_name C:\www\hyuzx\Application\Runtime\Cache\Admin\7ab0911c97506d088c999e05ff81032e.php 第 42 行.
NOTIC: [8] Undefined index: class_name C:\www\hyuzx\Application\Runtime\Cache\Admin\7ab0911c97506d088c999e05ff81032e.php 第 42 行.
NOTIC: [8] Undefined index: class_name C:\www\hyuzx\Application\Runtime\Cache\Admin\7ab0911c97506d088c999e05ff81032e.php 第 42 行.
NOTIC: [8] Undefined index: class_name C:\www\hyuzx\Application\Runtime\Cache\Admin\7ab0911c97506d088c999e05ff81032e.php 第 42 行.
NOTIC: [8] Undefined index: class_name C:\www\hyuzx\Application\Runtime\Cache\Admin\7ab0911c97506d088c999e05ff81032e.php 第 42 行.
NOTIC: [8] Undefined index: class_name C:\www\hyuzx\Application\Runtime\Cache\Admin\7ab0911c97506d088c999e05ff81032e.php 第 42 行.
NOTIC: [8] Undefined index: class_name C:\www\hyuzx\Application\Runtime\Cache\Admin\7ab0911c97506d088c999e05ff81032e.php 第 42 行.
NOTIC: [8] Undefined index: class_name C:\www\hyuzx\Application\Runtime\Cache\Admin\7ab0911c97506d088c999e05ff81032e.php 第 42 行.
NOTIC: [8] Undefined index: class_name C:\www\hyuzx\Application\Runtime\Cache\Admin\7ab0911c97506d088c999e05ff81032e.php 第 42 行.
INFO: Run Behavior\ParseTemplateBehavior [ RunTime:0.000000s ]
INFO: [ view_parse ] --END-- [ RunTime:0.000000s ]
INFO: [ view_filter ] --START--
INFO: Run Behavior\WriteHtmlCacheBehavior [ RunTime:0.000000s ]
INFO: [ view_filter ] --END-- [ RunTime:0.000000s ]
INFO: [ app_end ] --START--
INFO: Run Behavior\ShowPageTraceBehavior [ RunTime:0.000000s ]
INFO: [ app_end ] --END-- [ RunTime:0.000000s ]

[ 2016-10-07T09:56:13+08:00 ] 61.50.106.246 /Admin/Index/left/id/85?id=299
INFO: [ app_init ] --START--
INFO: Run Behavior\BuildLiteBehavior [ RunTime:0.000000s ]
INFO: [ app_init ] --END-- [ RunTime:0.000000s ]
INFO: [ app_begin ] --START--
INFO: Run Behavior\ReadHtmlCacheBehavior [ RunTime:0.000000s ]
INFO: [ app_begin ] --END-- [ RunTime:0.000000s ]
SQL: SHOW COLUMNS FROM `sd_node` [ RunTime:0.0000s ]
SQL: SELECT `id`,`data`,`title`
                    FROM `sd_node`
                    WHERE ( `status` =1 AND `display`=2 AND `level` <>1 AND `pid`=299 )
                    ORDER BY sort DESC [ RunTime:0.0000s ]
SQL: SELECT `title` FROM `sd_node` WHERE `id` = 299 LIMIT 1   [ RunTime:0.0000s ]
SQL: SELECT `id`,`data`,`title`
                    FROM `sd_node`
                    WHERE ( `status` =1 AND `display`=2 AND `level` <>1 AND `pid`=300 )
                    ORDER BY sort DESC [ RunTime:0.0000s ]
NOTIC: [8] Use of undefined constant title - assumed 'title' C:\www\hyuzx\Application\Admin\Controller\IndexController.class.php 第 54 行.
NOTIC: [8] Use of undefined constant title - assumed 'title' C:\www\hyuzx\Application\Admin\Controller\IndexController.class.php 第 65 行.
SQL: SELECT `id`,`data`,`title`
                    FROM `sd_node`
                    WHERE ( `status` =1 AND `display`=2 AND `level` <>1 AND `pid`=340 )
                    ORDER BY sort DESC [ RunTime:0.0000s ]
NOTIC: [8] Use of undefined constant title - assumed 'title' C:\www\hyuzx\Application\Admin\Controller\IndexController.class.php 第 54 行.
NOTIC: [8] Use of undefined constant title - assumed 'title' C:\www\hyuzx\Application\Admin\Controller\IndexController.class.php 第 65 行.
SQL: SELECT `id`,`data`,`title`
                    FROM `sd_node`
                    WHERE ( `status` =1 AND `display`=2 AND `level` <>1 AND `pid`=343 )
                    ORDER BY sort DESC [ RunTime:0.0000s ]
NOTIC: [8] Use of undefined constant title - assumed 'title' C:\www\hyuzx\Application\Admin\Controller\IndexController.class.php 第 54 行.
NOTIC: [8] Use of undefined constant title - assumed 'title' C:\www\hyuzx\Application\Admin\Controller\IndexController.class.php 第 65 行.
NOTIC: [8] Use of undefined constant title - assumed 'title' C:\www\hyuzx\Application\Admin\Controller\IndexController.class.php 第 65 行.
SQL: SELECT `id`,`data`,`title`
                    FROM `sd_node`
                    WHERE ( `status` =1 AND `display`=2 AND `level` <>1 AND `pid`=346 )
                    ORDER BY sort DESC [ RunTime:0.0000s ]
NOTIC: [8] Use of undefined constant title - assumed 'title' C:\www\hyuzx\Application\Admin\Controller\IndexController.class.php 第 54 行.
NOTIC: [8] Use of undefined constant title - assumed 'title' C:\www\hyuzx\Application\Admin\Controller\IndexController.class.php 第 65 行.
SQL: SELECT `id`,`data`,`title`
                    FROM `sd_node`
                    WHERE ( `status` =1 AND `display`=2 AND `level` <>1 AND `pid`=348 )
                    ORDER BY sort DESC [ RunTime:0.0000s ]
NOTIC: [8] Use of undefined constant title - assumed 'title' C:\www\hyuzx\Application\Admin\Controller\IndexController.class.php 第 54 行.
NOTIC: [8] Use of undefined constant title - assumed 'title' C:\www\hyuzx\Application\Admin\Controller\IndexController.class.php 第 65 行.
SQL: SELECT `id`,`data`,`title`
                    FROM `sd_node`
                    WHERE ( `status` =1 AND `display`=2 AND `level` <>1 AND `pid`=350 )
                    ORDER BY sort DESC [ RunTime:0.0000s ]
NOTIC: [8] Use of undefined constant title - assumed 'title' C:\www\hyuzx\Application\Admin\Controller\IndexController.class.php 第 54 行.
NOTIC: [8] Use of undefined constant title - assumed 'title' C:\www\hyuzx\Application\Admin\Controller\IndexController.class.php 第 65 行.
SQL: SELECT `id`,`data`,`title`
                    FROM `sd_node`
                    WHERE ( `status` =1 AND `display`=2 AND `level` <>1 AND `pid`=353 )
                    ORDER BY sort DESC [ RunTime:0.0000s ]
NOTIC: [8] Use of undefined constant title - assumed 'title' C:\www\hyuzx\Application\Admin\Controller\IndexController.class.php 第 54 行.
NOTIC: [8] Use of undefined constant title - assumed 'title' C:\www\hyuzx\Application\Admin\Controller\IndexController.class.php 第 65 行.
INFO: [ view_parse ] --START--
INFO: [ template_filter ] --START--
INFO: Run Behavior\ContentReplaceBehavior [ RunTime:0.000000s ]
INFO: [ template_filter ] --END-- [ RunTime:0.000000s ]
INFO: Run Behavior\ParseTemplateBehavior [ RunTime:0.000000s ]
INFO: [ view_parse ] --END-- [ RunTime:0.000000s ]
INFO: [ view_filter ] --START--
INFO: Run Behavior\WriteHtmlCacheBehavior [ RunTime:0.000000s ]
INFO: [ view_filter ] --END-- [ RunTime:0.000000s ]
INFO: [ app_end ] --START--
INFO: Run Behavior\ShowPageTraceBehavior [ RunTime:0.000000s ]
INFO: [ app_end ] --END-- [ RunTime:0.000000s ]

[ 2016-10-07T09:56:13+08:00 ] 61.50.106.246 /Admin/Index/index?s=/Admin/Setting/class_list
INFO: [ app_init ] --START--
INFO: Run Behavior\BuildLiteBehavior [ RunTime:0.000000s ]
INFO: [ app_init ] --END-- [ RunTime:0.000000s ]
INFO: [ app_begin ] --START--
INFO: Run Behavior\ReadHtmlCacheBehavior [ RunTime:0.000000s ]
INFO: [ app_begin ] --END-- [ RunTime:0.000000s ]
SQL: SHOW COLUMNS FROM `sd_class` [ RunTime:0.0000s ]
SQL: SELECT * FROM `sd_class` WHERE ( pid = 0 ) ORDER BY sort desc  [ RunTime:0.0000s ]
SQL: SELECT * FROM `sd_class` WHERE ( pid = "12" ) ORDER BY sort desc  [ RunTime:0.0000s ]
SQL: SELECT * FROM `sd_class` WHERE ( pid = "39" ) ORDER BY sort desc  [ RunTime:0.0000s ]
SQL: SELECT * FROM `sd_class` WHERE ( pid = "40" ) ORDER BY sort desc  [ RunTime:0.0000s ]
SQL: SELECT * FROM `sd_class` WHERE ( pid = "46" ) ORDER BY sort desc  [ RunTime:0.0000s ]
SQL: SELECT * FROM `sd_class` WHERE ( pid = "53" ) ORDER BY sort desc  [ RunTime:0.0000s ]
SQL: SELECT * FROM `sd_class` WHERE ( pid = "60" ) ORDER BY sort desc  [ RunTime:0.0000s ]
SQL: SELECT * FROM `sd_class` WHERE ( pid = "61" ) ORDER BY sort desc  [ RunTime:0.0000s ]
SQL: SELECT * FROM `sd_class` WHERE ( pid = "62" ) ORDER BY sort desc  [ RunTime:0.0000s ]
SQL: SELECT * FROM `sd_class` WHERE ( pid = "63" ) ORDER BY sort desc  [ RunTime:0.0000s ]
SQL: SELECT * FROM `sd_class` WHERE ( pid = "64" ) ORDER BY sort desc  [ RunTime:0.0000s ]
SQL: SELECT * FROM `sd_class` WHERE ( pid = "65" ) ORDER BY sort desc  [ RunTime:0.0156s ]
SQL: SELECT * FROM `sd_class` WHERE ( pid = "69" ) ORDER BY sort desc  [ RunTime:0.0000s ]
SQL: SELECT * FROM `sd_class` WHERE ( pid = "81" ) ORDER BY sort desc  [ RunTime:0.0000s ]
SQL: SELECT * FROM `sd_class` WHERE ( pid = "13" ) ORDER BY sort desc  [ RunTime:0.0000s ]
SQL: SELECT * FROM `sd_class` WHERE ( pid = "14" ) ORDER BY sort desc  [ RunTime:0.0000s ]
SQL: SELECT * FROM `sd_class` WHERE ( pid = "31" ) ORDER BY sort desc  [ RunTime:0.0000s ]
SQL: SELECT * FROM `sd_class` WHERE ( pid = "27" ) ORDER BY sort desc  [ RunTime:0.0000s ]
SQL: SELECT * FROM `sd_class` WHERE ( pid = "118" ) ORDER BY sort desc  [ RunTime:0.0000s ]
SQL: SELECT * FROM `sd_class` WHERE ( pid = "20" ) ORDER BY sort desc  [ RunTime:0.0000s ]
SQL: SELECT * FROM `sd_class` WHERE ( pid = "119" ) ORDER BY sort desc  [ RunTime:0.0000s ]
SQL: SELECT * FROM `sd_class` WHERE ( pid = "98" ) ORDER BY sort desc  [ RunTime:0.0000s ]
SQL: SELECT * FROM `sd_class` WHERE ( pid = "101" ) ORDER BY sort desc  [ RunTime:0.0000s ]
SQL: SELECT * FROM `sd_class` WHERE ( pid = "102" ) ORDER BY sort desc  [ RunTime:0.0000s ]
SQL: SELECT * FROM `sd_class` WHERE ( pid = "103" ) ORDER BY sort desc  [ RunTime:0.0000s ]
SQL: SELECT * FROM `sd_class` WHERE ( pid = "104" ) ORDER BY sort desc  [ RunTime:0.0000s ]
SQL: SELECT * FROM `sd_class` WHERE ( pid = "100" ) ORDER BY sort desc  [ RunTime:0.0000s ]
SQL: SELECT * FROM `sd_class` WHERE ( pid = "99" ) ORDER BY sort desc  [ RunTime:0.0000s ]
SQL: SELECT * FROM `sd_class` WHERE ( pid = "105" ) ORDER BY sort desc  [ RunTime:0.0000s ]
SQL: SELECT * FROM `sd_class` WHERE ( pid = "106" ) ORDER BY sort desc  [ RunTime:0.0000s ]
SQL: SELECT * FROM `sd_class` WHERE ( pid = "107" ) ORDER BY sort desc  [ RunTime:0.0000s ]
SQL: SELECT * FROM `sd_class` WHERE ( pid = "108" ) ORDER BY sort desc  [ RunTime:0.0000s ]
SQL: SELECT * FROM `sd_class` WHERE ( pid = "109" ) ORDER BY sort desc  [ RunTime:0.0000s ]
SQL: SELECT * FROM `sd_class` WHERE ( pid = "11" ) ORDER BY sort desc  [ RunTime:0.0000s ]
SQL: SELECT * FROM `sd_class` WHERE ( pid = "113" ) ORDER BY sort desc  [ RunTime:0.0000s ]
SQL: SELECT * FROM `sd_class` WHERE ( pid = "114" ) ORDER BY sort desc  [ RunTime:0.0000s ]
SQL: SELECT * FROM `sd_class` WHERE ( pid = "110" ) ORDER BY sort desc  [ RunTime:0.0000s ]
SQL: SELECT * FROM `sd_class` WHERE ( pid = "112" ) ORDER BY sort desc  [ RunTime:0.0000s ]
INFO: [ view_parse ] --START--
INFO: [ template_filter ] --START--
INFO: Run Behavior\ContentReplaceBehavior [ RunTime:0.000000s ]
INFO: [ template_filter ] --END-- [ RunTime:0.000000s ]
INFO: Run Behavior\ParseTemplateBehavior [ RunTime:0.015625s ]
INFO: [ view_parse ] --END-- [ RunTime:0.015625s ]
INFO: [ view_filter ] --START--
INFO: Run Behavior\WriteHtmlCacheBehavior [ RunTime:0.000000s ]
INFO: [ view_filter ] --END-- [ RunTime:0.000000s ]
INFO: [ app_end ] --START--
INFO: Run Behavior\ShowPageTraceBehavior [ RunTime:0.000000s ]
INFO: [ app_end ] --END-- [ RunTime:0.000000s ]

[ 2016-10-07T09:56:16+08:00 ] 61.50.106.246 /Admin/Index/index.html?s=/Admin/Case/case_list
INFO: [ app_init ] --START--
INFO: Run Behavior\BuildLiteBehavior [ RunTime:0.000000s ]
INFO: [ app_init ] --END-- [ RunTime:0.000000s ]
INFO: [ app_begin ] --START--
INFO: Run Behavior\ReadHtmlCacheBehavior [ RunTime:0.000000s ]
INFO: [ app_begin ] --END-- [ RunTime:0.000000s ]
NOTIC: [2048] Declaration of Admin\Model\CaseModel::_before_delete() should be compatible with Think\Model::_before_delete($options) C:\www\hyuzx\Application\Admin\Model\CaseModel.class.php 第 14 行.
SQL: SHOW COLUMNS FROM `sd_case` [ RunTime:0.0000s ]
SQL: SELECT `id`,`sort`,`jianyan`,`name` FROM `sd_case` ORDER BY sort DESC  [ RunTime:0.0000s ]
INFO: [ view_parse ] --START--
INFO: [ template_filter ] --START--
INFO: Run Behavior\ContentReplaceBehavior [ RunTime:0.000000s ]
INFO: [ template_filter ] --END-- [ RunTime:0.000000s ]
INFO: Run Behavior\ParseTemplateBehavior [ RunTime:0.015626s ]
INFO: [ view_parse ] --END-- [ RunTime:0.015626s ]
INFO: [ view_filter ] --START--
INFO: Run Behavior\WriteHtmlCacheBehavior [ RunTime:0.000000s ]
INFO: [ view_filter ] --END-- [ RunTime:0.000000s ]
INFO: [ app_end ] --START--
INFO: Run Behavior\ShowPageTraceBehavior [ RunTime:0.000000s ]
INFO: [ app_end ] --END-- [ RunTime:0.000000s ]

[ 2016-10-07T09:56:22+08:00 ] 61.50.106.246 /Admin/Case/case_edit/id/12
INFO: [ app_init ] --START--
INFO: Run Behavior\BuildLiteBehavior [ RunTime:0.000000s ]
INFO: [ app_init ] --END-- [ RunTime:0.000000s ]
INFO: [ app_begin ] --START--
INFO: Run Behavior\ReadHtmlCacheBehavior [ RunTime:0.000000s ]
INFO: [ app_begin ] --END-- [ RunTime:0.000000s ]
NOTIC: [2048] Declaration of Admin\Model\CaseModel::_before_delete() should be compatible with Think\Model::_before_delete($options) C:\www\hyuzx\Application\Admin\Model\CaseModel.class.php 第 14 行.
SQL: SHOW COLUMNS FROM `sd_case` [ RunTime:0.0000s ]
SQL: SELECT * FROM `sd_case` WHERE `id` = 12 LIMIT 1   [ RunTime:0.0000s ]
INFO: [ view_parse ] --START--
INFO: [ template_filter ] --START--
INFO: Run Behavior\ContentReplaceBehavior [ RunTime:0.000000s ]
INFO: [ template_filter ] --END-- [ RunTime:0.000000s ]
INFO: Run Behavior\ParseTemplateBehavior [ RunTime:0.000000s ]
INFO: [ view_parse ] --END-- [ RunTime:0.000000s ]
INFO: [ view_filter ] --START--
INFO: Run Behavior\WriteHtmlCacheBehavior [ RunTime:0.000000s ]
INFO: [ view_filter ] --END-- [ RunTime:0.000000s ]
INFO: [ app_end ] --START--
INFO: Run Behavior\ShowPageTraceBehavior [ RunTime:0.015626s ]
INFO: [ app_end ] --END-- [ RunTime:0.015626s ]

[ 2016-10-07T09:59:05+08:00 ] 101.226.33.228 /Admin/Login/index.html
INFO: [ app_init ] --START--
INFO: Run Behavior\BuildLiteBehavior [ RunTime:0.000000s ]
INFO: [ app_init ] --END-- [ RunTime:0.000000s ]
INFO: [ app_begin ] --START--
INFO: Run Behavior\ReadHtmlCacheBehavior [ RunTime:0.000000s ]
INFO: [ app_begin ] --END-- [ RunTime:0.000000s ]
INFO: [ view_parse ] --START--
INFO: [ template_filter ] --START--
INFO: Run Behavior\ContentReplaceBehavior [ RunTime:0.000000s ]
INFO: [ template_filter ] --END-- [ RunTime:0.000000s ]
INFO: Run Behavior\ParseTemplateBehavior [ RunTime:0.015625s ]
INFO: [ view_parse ] --END-- [ RunTime:0.015625s ]
INFO: [ view_filter ] --START--
INFO: Run Behavior\WriteHtmlCacheBehavior [ RunTime:0.000000s ]
INFO: [ view_filter ] --END-- [ RunTime:0.000000s ]
INFO: [ app_end ] --START--
INFO: Run Behavior\ShowPageTraceBehavior [ RunTime:0.000000s ]
INFO: [ app_end ] --END-- [ RunTime:0.000000s ]

[ 2016-10-07T09:59:12+08:00 ] 180.153.205.254 /Admin/Index/index?s=/Admin/Content/content_list
INFO: [ app_init ] --START--
INFO: Run Behavior\BuildLiteBehavior [ RunTime:0.000000s ]
INFO: [ app_init ] --END-- [ RunTime:0.000000s ]
INFO: [ app_begin ] --START--
INFO: Run Behavior\ReadHtmlCacheBehavior [ RunTime:0.000000s ]
INFO: [ app_begin ] --END-- [ RunTime:0.000000s ]

[ 2016-10-07T09:59:16+08:00 ] 101.226.33.223 /Admin/Index/index.html?s=/Admin/Case/case_list
INFO: [ app_init ] --START--
INFO: Run Behavior\BuildLiteBehavior [ RunTime:0.000000s ]
INFO: [ app_init ] --END-- [ RunTime:0.000000s ]
INFO: [ app_begin ] --START--
INFO: Run Behavior\ReadHtmlCacheBehavior [ RunTime:0.000000s ]
INFO: [ app_begin ] --END-- [ RunTime:0.000000s ]

[ 2016-10-07T09:59:18+08:00 ] 101.226.33.203 /Admin/Login/checklogin
INFO: [ app_init ] --START--
INFO: Run Behavior\BuildLiteBehavior [ RunTime:0.000000s ]
INFO: [ app_init ] --END-- [ RunTime:0.000000s ]
INFO: [ app_begin ] --START--
INFO: Run Behavior\ReadHtmlCacheBehavior [ RunTime:0.000000s ]
INFO: [ app_begin ] --END-- [ RunTime:0.000000s ]
NOTIC: [8] Undefined index: verify C:\www\hyuzx\Application\Admin\Controller\LoginController.class.php 第 53 行.
INFO: [ view_parse ] --START--
INFO: [ template_filter ] --START--
INFO: Run Behavior\ContentReplaceBehavior [ RunTime:0.000000s ]
INFO: [ template_filter ] --END-- [ RunTime:0.000000s ]
INFO: Run Behavior\ParseTemplateBehavior [ RunTime:0.015625s ]
INFO: [ view_parse ] --END-- [ RunTime:0.015625s ]
INFO: [ view_filter ] --START--
INFO: Run Behavior\WriteHtmlCacheBehavior [ RunTime:0.000000s ]
INFO: [ view_filter ] --END-- [ RunTime:0.000000s ]

[ 2016-10-07T09:59:18+08:00 ] 101.226.66.181 /Admin/Index/index?s=/Admin/Setting/class_list
INFO: [ app_init ] --START--
INFO: Run Behavior\BuildLiteBehavior [ RunTime:0.000000s ]
INFO: [ app_init ] --END-- [ RunTime:0.000000s ]
INFO: [ app_begin ] --START--
INFO: Run Behavior\ReadHtmlCacheBehavior [ RunTime:0.000000s ]
INFO: [ app_begin ] --END-- [ RunTime:0.000000s ]

[ 2016-10-07T09:59:27+08:00 ] 180.153.201.66 /Admin/Case/case_edit/id/12
INFO: [ app_init ] --START--
INFO: Run Behavior\BuildLiteBehavior [ RunTime:0.000000s ]
INFO: [ app_init ] --END-- [ RunTime:0.000000s ]
INFO: [ app_begin ] --START--
INFO: Run Behavior\ReadHtmlCacheBehavior [ RunTime:0.000000s ]
INFO: [ app_begin ] --END-- [ RunTime:0.000000s ]

[ 2016-10-07T10:02:25+08:00 ] 101.226.65.102 /Admin/Login/checklogin
INFO: [ app_init ] --START--
INFO: Run Behavior\BuildLiteBehavior [ RunTime:0.000000s ]
INFO: [ app_init ] --END-- [ RunTime:0.000000s ]
INFO: [ app_begin ] --START--
INFO: Run Behavior\ReadHtmlCacheBehavior [ RunTime:0.000000s ]
INFO: [ app_begin ] --END-- [ RunTime:0.000000s ]
NOTIC: [8] Undefined index: verify C:\www\hyuzx\Application\Admin\Controller\LoginController.class.php 第 53 行.
INFO: [ view_parse ] --START--
INFO: [ template_filter ] --START--
INFO: Run Behavior\ContentReplaceBehavior [ RunTime:0.000000s ]
INFO: [ template_filter ] --END-- [ RunTime:0.000000s ]
INFO: Run Behavior\ParseTemplateBehavior [ RunTime:0.000000s ]
INFO: [ view_parse ] --END-- [ RunTime:0.000000s ]
INFO: [ view_filter ] --START--
INFO: Run Behavior\WriteHtmlCacheBehavior [ RunTime:0.000000s ]
INFO: [ view_filter ] --END-- [ RunTime:0.000000s ]

[ 2016-10-07T10:02:27+08:00 ] 101.226.33.237 /Admin/Index/index?s=/Admin/Setting/class_list
INFO: [ app_init ] --START--
INFO: Run Behavior\BuildLiteBehavior [ RunTime:0.000000s ]
INFO: [ app_init ] --END-- [ RunTime:0.000000s ]
INFO: [ app_begin ] --START--
INFO: Run Behavior\ReadHtmlCacheBehavior [ RunTime:0.000000s ]
INFO: [ app_begin ] --END-- [ RunTime:0.000000s ]

[ 2016-10-07T10:02:38+08:00 ] 61.151.226.202 /Admin/Case/case_edit/id/12
INFO: [ app_init ] --START--
INFO: Run Behavior\BuildLiteBehavior [ RunTime:0.000000s ]
INFO: [ app_init ] --END-- [ RunTime:0.000000s ]
INFO: [ app_begin ] --START--
INFO: Run Behavior\ReadHtmlCacheBehavior [ RunTime:0.000000s ]
INFO: [ app_begin ] --END-- [ RunTime:0.000000s ]

[ 2016-10-07T10:11:31+08:00 ] 61.50.106.246 /Admin/Case/case_edit
INFO: [ app_init ] --START--
INFO: Run Behavior\BuildLiteBehavior [ RunTime:0.000000s ]
INFO: [ app_init ] --END-- [ RunTime:0.000000s ]
INFO: [ app_begin ] --START--
INFO: Run Behavior\ReadHtmlCacheBehavior [ RunTime:0.000000s ]
INFO: [ app_begin ] --END-- [ RunTime:0.000000s ]
NOTIC: [2048] Declaration of Admin\Model\CaseModel::_before_delete() should be compatible with Think\Model::_before_delete($options) C:\www\hyuzx\Application\Admin\Model\CaseModel.class.php 第 14 行.
SQL: SHOW COLUMNS FROM `sd_case` [ RunTime:0.0000s ]
NOTIC: [8] Undefined index: validate C:\www\ThinkPHP\Library\Think\Model.class.php 第 1185 行.
NOTIC: [8] Undefined index: auto C:\www\ThinkPHP\Library\Think\Model.class.php 第 1128 行.
SQL: SELECT `id`,`img_url`,`list_url`,`min_url` FROM `sd_case` WHERE `id` = 12 LIMIT 1   [ RunTime:0.0000s ]
NOTIC: [2] call_user_func() expects parameter 1 to be a valid callback, no array or string given C:\www\ThinkPHP\Library\Think\Upload.class.php 第 170 行.
NOTIC: [2] unlink(5762392f8f42e.png): No such file or directory C:\www\hyuzx\Application\Admin\Controller\CaseController.class.php 第 102 行.
SQL: UPDATE `sd_case` SET `name`='原原',`jianyan`='变女神,只在一念之间',`sort`='3',`list_url`='./Public/Uploads/case/2016-10-07/57f70453358a6.png' WHERE `id` = 12 [ RunTime:0.0156s ]
INFO: [ view_parse ] --START--
INFO: [ template_filter ] --START--
INFO: Run Behavior\ContentReplaceBehavior [ RunTime:0.000000s ]
INFO: [ template_filter ] --END-- [ RunTime:0.000000s ]
INFO: Run Behavior\ParseTemplateBehavior [ RunTime:0.015626s ]
INFO: [ view_parse ] --END-- [ RunTime:0.015626s ]
INFO: [ view_filter ] --START--
INFO: Run Behavior\WriteHtmlCacheBehavior [ RunTime:0.000000s ]
INFO: [ view_filter ] --END-- [ RunTime:0.000000s ]
INFO: [ app_end ] --START--
INFO: Run Behavior\ShowPageTraceBehavior [ RunTime:0.000000s ]
INFO: [ app_end ] --END-- [ RunTime:0.000000s ]

[ 2016-10-07T10:11:32+08:00 ] 61.50.106.246 /Admin/Case/case_list
INFO: [ app_init ] --START--
INFO: Run Behavior\BuildLiteBehavior [ RunTime:0.000000s ]
INFO: [ app_init ] --END-- [ RunTime:0.000000s ]
INFO: [ app_begin ] --START--
INFO: Run Behavior\ReadHtmlCacheBehavior [ RunTime:0.000000s ]
INFO: [ app_begin ] --END-- [ RunTime:0.000000s ]
NOTIC: [2048] Declaration of Admin\Model\CaseModel::_before_delete() should be compatible with Think\Model::_before_delete($options) C:\www\hyuzx\Application\Admin\Model\CaseModel.class.php 第 14 行.
SQL: SHOW COLUMNS FROM `sd_case` [ RunTime:0.0000s ]
SQL: SELECT `id`,`sort`,`jianyan`,`name` FROM `sd_case` ORDER BY sort DESC  [ RunTime:0.0000s ]
INFO: [ view_parse ] --START--
INFO: [ template_filter ] --START--
INFO: Run Behavior\ContentReplaceBehavior [ RunTime:0.000000s ]
INFO: [ template_filter ] --END-- [ RunTime:0.000000s ]
INFO: Run Behavior\ParseTemplateBehavior [ RunTime:0.000000s ]
INFO: [ view_parse ] --END-- [ RunTime:0.000000s ]
INFO: [ view_filter ] --START--
INFO: Run Behavior\WriteHtmlCacheBehavior [ RunTime:0.000000s ]
INFO: [ view_filter ] --END-- [ RunTime:0.000000s ]
INFO: [ app_end ] --START--
INFO: Run Behavior\ShowPageTraceBehavior [ RunTime:0.000000s ]
INFO: [ app_end ] --END-- [ RunTime:0.000000s ]

[ 2016-10-07T10:12:59+08:00 ] 61.50.106.246 /Admin/Case/case_edit/id/12
INFO: [ app_init ] --START--
INFO: Run Behavior\BuildLiteBehavior [ RunTime:0.000000s ]
INFO: [ app_init ] --END-- [ RunTime:0.000000s ]
INFO: [ app_begin ] --START--
INFO: Run Behavior\ReadHtmlCacheBehavior [ RunTime:0.000000s ]
INFO: [ app_begin ] --END-- [ RunTime:0.000000s ]
NOTIC: [2048] Declaration of Admin\Model\CaseModel::_before_delete() should be compatible with Think\Model::_before_delete($options) C:\www\hyuzx\Application\Admin\Model\CaseModel.class.php 第 14 行.
SQL: SHOW COLUMNS FROM `sd_case` [ RunTime:0.0000s ]
SQL: SELECT * FROM `sd_case` WHERE `id` = 12 LIMIT 1   [ RunTime:0.0000s ]
INFO: [ view_parse ] --START--
INFO: [ template_filter ] --START--
INFO: Run Behavior\ContentReplaceBehavior [ RunTime:0.000000s ]
INFO: [ template_filter ] --END-- [ RunTime:0.000000s ]
INFO: Run Behavior\ParseTemplateBehavior [ RunTime:0.015625s ]
INFO: [ view_parse ] --END-- [ RunTime:0.015625s ]
INFO: [ view_filter ] --START--
INFO: Run Behavior\WriteHtmlCacheBehavior [ RunTime:0.000000s ]
INFO: [ view_filter ] --END-- [ RunTime:0.000000s ]
INFO: [ app_end ] --START--
INFO: Run Behavior\ShowPageTraceBehavior [ RunTime:0.000000s ]
INFO: [ app_end ] --END-- [ RunTime:0.000000s ]

[ 2016-10-07T10:14:31+08:00 ] 112.65.193.13 /Admin/Case/case_list
INFO: [ app_init ] --START--
INFO: Run Behavior\BuildLiteBehavior [ RunTime:0.000000s ]
INFO: [ app_init ] --END-- [ RunTime:0.000000s ]
INFO: [ app_begin ] --START--
INFO: Run Behavior\ReadHtmlCacheBehavior [ RunTime:0.000000s ]
INFO: [ app_begin ] --END-- [ RunTime:0.000000s ]

[ 2016-10-07T10:14:38+08:00 ] 180.153.201.66 /Admin/Case/case_edit
INFO: [ app_init ] --START--
INFO: Run Behavior\BuildLiteBehavior [ RunTime:0.000000s ]
INFO: [ app_init ] --END-- [ RunTime:0.000000s ]
INFO: [ app_begin ] --START--
INFO: Run Behavior\ReadHtmlCacheBehavior [ RunTime:0.000000s ]
INFO: [ app_begin ] --END-- [ RunTime:0.000000s ]

[ 2016-10-07T16:03:38+08:00 ] 121.42.0.84 /admin/images/menu-current-arrow.gif
INFO: [ app_init ] --START--
INFO: Run Behavior\BuildLiteBehavior [ RunTime:0.000000s ]
INFO: [ app_init ] --END-- [ RunTime:0.015625s ]

[ 2016-10-07T16:03:44+08:00 ] 121.42.0.84 /admin/image/menu_h4.png
INFO: [ app_init ] --START--
INFO: Run Behavior\BuildLiteBehavior [ RunTime:0.000000s ]
INFO: [ app_init ] --END-- [ RunTime:0.000000s ]

[ 2016-10-07T16:04:53+08:00 ] 121.42.0.84 /admin/templates/met/images/logosmall.gif
INFO: [ app_init ] --START--
INFO: Run Behavior\BuildLiteBehavior [ RunTime:0.000000s ]
INFO: [ app_init ] --END-- [ RunTime:0.000000s ]

[ 2016-10-07T16:04:56+08:00 ] 121.42.0.84 /admin/images/icon_view.gif
INFO: [ app_init ] --START--
INFO: Run Behavior\BuildLiteBehavior [ RunTime:0.000000s ]
INFO: [ app_init ] --END-- [ RunTime:0.000000s ]

[ 2016-10-07T16:05:43+08:00 ] 121.42.0.84 /admin/images/arrow_right_8x8.png
INFO: [ app_init ] --START--
INFO: Run Behavior\BuildLiteBehavior [ RunTime:0.000000s ]
INFO: [ app_init ] --END-- [ RunTime:0.000000s ]

