[ 2016-09-11T11:02:40+08:00 ] 127.0.0.1 /
INFO: [ app_init ] --START--
INFO: Run Behavior\BuildLiteBehavior [ RunTime:0.000000s ]
INFO: [ app_init ] --END-- [ RunTime:0.001000s ]
INFO: [ app_begin ] --START--
INFO: Run Behavior\ReadHtmlCacheBehavior [ RunTime:0.001000s ]
INFO: [ app_begin ] --END-- [ RunTime:0.001000s ]
SQL: SHOW COLUMNS FROM `sd_class` [ RunTime:0.0190s ]
SQL: SELECT * FROM `sd_class` WHERE ( pid = 0 ) ORDER BY sort desc  [ RunTime:0.0000s ]
SQL: SHOW COLUMNS FROM `sd_class` [ RunTime:0.0040s ]
SQL: SELECT * FROM `sd_class` WHERE ( class_name = "项目系列" ) LIMIT 1   [ RunTime:0.0000s ]
SQL: SELECT * FROM `sd_class` WHERE ( pid = "12" )  [ RunTime:0.0000s ]
SQL: SELECT * FROM `sd_class` WHERE ( pid = "12" )  [ RunTime:0.0000s ]
SQL: SELECT * FROM `sd_class` WHERE ( pid = "13" )  [ RunTime:0.0010s ]
SQL: SHOW COLUMNS FROM `sd_content` [ RunTime:0.0050s ]
SQL: SELECT `id` FROM `sd_content` WHERE ( cid = "14" ) LIMIT 1   [ RunTime:0.0000s ]
SQL: SELECT `id` FROM `sd_content` WHERE ( cid = "20" ) LIMIT 1   [ RunTime:0.0000s ]
SQL: SELECT `id` FROM `sd_content` WHERE ( cid = "27" ) LIMIT 1   [ RunTime:0.0000s ]
SQL: SELECT `id` FROM `sd_content` WHERE ( cid = "31" ) LIMIT 1   [ RunTime:0.0000s ]
SQL: SELECT * FROM `sd_class` WHERE ( pid = "14" )  [ RunTime:0.0000s ]
SQL: SELECT * FROM `sd_class` WHERE ( pid = "20" )  [ RunTime:0.0010s ]
SQL: SELECT * FROM `sd_class` WHERE ( pid = "27" )  [ RunTime:0.0000s ]
SQL: SELECT * FROM `sd_class` WHERE ( pid = "31" )  [ RunTime:0.0000s ]
SQL: SELECT * FROM `sd_class` WHERE ( pid = "39" )  [ RunTime:0.0000s ]
SQL: SELECT `id` FROM `sd_content` WHERE ( cid = "40" ) LIMIT 1   [ RunTime:0.0000s ]
SQL: SELECT `id` FROM `sd_content` WHERE ( cid = "46" ) LIMIT 1   [ RunTime:0.0000s ]
SQL: SELECT `id` FROM `sd_content` WHERE ( cid = "53" ) LIMIT 1   [ RunTime:0.0000s ]
SQL: SELECT `id` FROM `sd_content` WHERE ( cid = "60" ) LIMIT 1   [ RunTime:0.0000s ]
SQL: SELECT `id` FROM `sd_content` WHERE ( cid = "61" ) LIMIT 1   [ RunTime:0.0010s ]
SQL: SELECT `id` FROM `sd_content` WHERE ( cid = "62" ) LIMIT 1   [ RunTime:0.0000s ]
SQL: SELECT `id` FROM `sd_content` WHERE ( cid = "63" ) LIMIT 1   [ RunTime:0.0000s ]
SQL: SELECT * FROM `sd_class` WHERE ( pid = "40" )  [ RunTime:0.0000s ]
SQL: SELECT * FROM `sd_class` WHERE ( pid = "46" )  [ RunTime:0.0000s ]
SQL: SELECT * FROM `sd_class` WHERE ( pid = "53" )  [ RunTime:0.0010s ]
SQL: SELECT * FROM `sd_class` WHERE ( pid = "60" )  [ RunTime:0.0000s ]
SQL: SELECT * FROM `sd_class` WHERE ( pid = "61" )  [ RunTime:0.0000s ]
SQL: SELECT * FROM `sd_class` WHERE ( pid = "62" )  [ RunTime:0.0000s ]
SQL: SELECT * FROM `sd_class` WHERE ( pid = "63" )  [ RunTime:0.0010s ]
SQL: SELECT * FROM `sd_class` WHERE ( pid = "64" )  [ RunTime:0.0000s ]
SQL: SELECT `id` FROM `sd_content` WHERE ( cid = "65" ) LIMIT 1   [ RunTime:0.0000s ]
SQL: SELECT `id` FROM `sd_content` WHERE ( cid = "69" ) LIMIT 1   [ RunTime:0.0000s ]
SQL: SELECT `id` FROM `sd_content` WHERE ( cid = "77" ) LIMIT 1   [ RunTime:0.0000s ]
SQL: SELECT `id` FROM `sd_content` WHERE ( cid = "78" ) LIMIT 1   [ RunTime:0.0010s ]
SQL: SELECT `id` FROM `sd_content` WHERE ( cid = "79" ) LIMIT 1   [ RunTime:0.0000s ]
SQL: SELECT `id` FROM `sd_content` WHERE ( cid = "80" ) LIMIT 1   [ RunTime:0.0000s ]
SQL: SELECT `id` FROM `sd_content` WHERE ( cid = "81" ) LIMIT 1   [ RunTime:0.0010s ]
SQL: SELECT * FROM `sd_class` WHERE ( pid = "65" )  [ RunTime:0.0000s ]
SQL: SELECT * FROM `sd_class` WHERE ( pid = "69" )  [ RunTime:0.0000s ]
SQL: SELECT * FROM `sd_class` WHERE ( pid = "77" )  [ RunTime:0.0000s ]
SQL: SELECT * FROM `sd_class` WHERE ( pid = "78" )  [ RunTime:0.0000s ]
SQL: SELECT * FROM `sd_class` WHERE ( pid = "79" )  [ RunTime:0.0010s ]
SQL: SELECT * FROM `sd_class` WHERE ( pid = "80" )  [ RunTime:0.0000s ]
SQL: SELECT * FROM `sd_class` WHERE ( pid = "81" )  [ RunTime:0.0000s ]
SQL: SELECT * FROM `sd_class` WHERE ( pid = "98" )  [ RunTime:0.0010s ]
SQL: SELECT `id` FROM `sd_content` WHERE ( cid = "101" ) LIMIT 1   [ RunTime:0.0000s ]
SQL: SELECT `id` FROM `sd_content` WHERE ( cid = "102" ) LIMIT 1   [ RunTime:0.0000s ]
SQL: SELECT `id` FROM `sd_content` WHERE ( cid = "103" ) LIMIT 1   [ RunTime:0.0010s ]
SQL: SELECT `id` FROM `sd_content` WHERE ( cid = "104" ) LIMIT 1   [ RunTime:0.0010s ]
SQL: SELECT `id` FROM `sd_content` WHERE ( cid = "100" ) LIMIT 1   [ RunTime:0.0010s ]
SQL: SELECT `id` FROM `sd_content` WHERE ( cid = "99" ) LIMIT 1   [ RunTime:0.0000s ]
SQL: SELECT `id` FROM `sd_content` WHERE ( cid = "105" ) LIMIT 1   [ RunTime:0.0000s ]
SQL: SELECT `id` FROM `sd_content` WHERE ( cid = "106" ) LIMIT 1   [ RunTime:0.0000s ]
SQL: SELECT `id` FROM `sd_content` WHERE ( cid = "107" ) LIMIT 1   [ RunTime:0.0000s ]
SQL: SELECT `id` FROM `sd_content` WHERE ( cid = "108" ) LIMIT 1   [ RunTime:0.0000s ]
SQL: SELECT * FROM `sd_class` WHERE ( pid = "101" )  [ RunTime:0.0010s ]
SQL: SELECT * FROM `sd_class` WHERE ( pid = "102" )  [ RunTime:0.0000s ]
SQL: SELECT * FROM `sd_class` WHERE ( pid = "103" )  [ RunTime:0.0000s ]
SQL: SELECT * FROM `sd_class` WHERE ( pid = "104" )  [ RunTime:0.0000s ]
SQL: SELECT * FROM `sd_class` WHERE ( pid = "100" )  [ RunTime:0.0000s ]
SQL: SELECT * FROM `sd_class` WHERE ( pid = "99" )  [ RunTime:0.0000s ]
SQL: SELECT * FROM `sd_class` WHERE ( pid = "105" )  [ RunTime:0.0000s ]
SQL: SELECT * FROM `sd_class` WHERE ( pid = "106" )  [ RunTime:0.0000s ]
SQL: SELECT * FROM `sd_class` WHERE ( pid = "107" )  [ RunTime:0.0000s ]
SQL: SELECT * FROM `sd_class` WHERE ( pid = "108" )  [ RunTime:0.0010s ]
SQL: SELECT * FROM `sd_class` WHERE ( pid = "109" )  [ RunTime:0.0000s ]
SQL: SELECT * FROM `sd_class` WHERE ( pid = "11" )  [ RunTime:0.0010s ]
SQL: SELECT * FROM `sd_class` WHERE ( pid = "113" )  [ RunTime:0.0000s ]
SQL: SELECT * FROM `sd_class` WHERE ( pid = "114" )  [ RunTime:0.0010s ]
SQL: SELECT * FROM `sd_class` WHERE ( pid = "110" )  [ RunTime:0.0000s ]
SQL: SELECT * FROM `sd_class` WHERE ( pid = "112" )  [ RunTime:0.0010s ]
SQL: SELECT * FROM `sd_content` WHERE ( hot = 1 ) ORDER BY createtime desc LIMIT 1   [ RunTime:0.0000s ]
SQL: SELECT * FROM `sd_class` WHERE ( pid = "12" and id <> "98" )  [ RunTime:0.0000s ]
SQL: SELECT * FROM `sd_class` WHERE ( pid = "13" )  [ RunTime:0.0000s ]
SQL: SELECT * FROM `sd_class` WHERE ( pid = "39" )  [ RunTime:0.0000s ]
SQL: SELECT * FROM `sd_class` WHERE ( pid = "64" )  [ RunTime:0.0010s ]
SQL: SHOW COLUMNS FROM `sd_doctor` [ RunTime:0.0050s ]
SQL: SELECT * FROM `sd_doctor` ORDER BY sort desc  [ RunTime:0.0010s ]
SQL: SHOW COLUMNS FROM `sd_case` [ RunTime:0.0040s ]
SQL: SELECT * FROM `sd_case` LIMIT 4   [ RunTime:0.0000s ]
INFO: [ view_parse ] --START--
INFO: [ template_filter ] --START--
INFO: Run Behavior\ContentReplaceBehavior [ RunTime:0.000000s ]
INFO: [ template_filter ] --END-- [ RunTime:0.000000s ]
INFO: Run Behavior\ParseTemplateBehavior [ RunTime:0.064004s ]
INFO: [ view_parse ] --END-- [ RunTime:0.064004s ]
INFO: [ view_filter ] --START--
INFO: Run Behavior\WriteHtmlCacheBehavior [ RunTime:0.000000s ]
INFO: [ view_filter ] --END-- [ RunTime:0.000000s ]
INFO: [ app_end ] --START--
INFO: Run Behavior\ShowPageTraceBehavior [ RunTime:0.001000s ]
INFO: [ app_end ] --END-- [ RunTime:0.001000s ]

[ 2016-09-11T11:02:42+08:00 ] 127.0.0.1 /index.php/Home/Index/new_list/id/39.html
INFO: [ app_init ] --START--
INFO: Run Behavior\BuildLiteBehavior [ RunTime:0.000000s ]
INFO: [ app_init ] --END-- [ RunTime:0.000000s ]
INFO: [ app_begin ] --START--
INFO: Run Behavior\ReadHtmlCacheBehavior [ RunTime:0.000000s ]
INFO: [ app_begin ] --END-- [ RunTime:0.001000s ]
SQL: SHOW COLUMNS FROM `sd_class` [ RunTime:0.0050s ]
SQL: SELECT * FROM `sd_class` WHERE ( pid = "12" and id <> "98" )  [ RunTime:0.0000s ]
SQL: SELECT * FROM `sd_class` WHERE ( pid = "13" )  [ RunTime:0.0000s ]
SQL: SELECT * FROM `sd_class` WHERE ( pid = "39" )  [ RunTime:0.0000s ]
SQL: SELECT * FROM `sd_class` WHERE ( pid = "64" )  [ RunTime:0.0010s ]
SQL: SELECT * FROM `sd_class` WHERE ( pid = 0 ) ORDER BY sort desc  [ RunTime:0.0000s ]
SQL: SELECT * FROM `sd_class` WHERE ( pid = "12" )  [ RunTime:0.0000s ]
SQL: SELECT * FROM `sd_class` WHERE ( pid = "13" )  [ RunTime:0.0010s ]
SQL: SHOW COLUMNS FROM `sd_content` [ RunTime:0.0040s ]
SQL: SELECT * FROM `sd_content` WHERE ( cid = "14" ) LIMIT 1   [ RunTime:0.0000s ]
SQL: SELECT * FROM `sd_content` WHERE ( cid = "20" ) LIMIT 1   [ RunTime:0.0000s ]
SQL: SELECT * FROM `sd_content` WHERE ( cid = "27" ) LIMIT 1   [ RunTime:0.0010s ]
SQL: SELECT * FROM `sd_content` WHERE ( cid = "31" ) LIMIT 1   [ RunTime:0.0000s ]
SQL: SELECT * FROM `sd_class` WHERE ( pid = "14" )  [ RunTime:0.0000s ]
SQL: SELECT * FROM `sd_class` WHERE ( pid = "20" )  [ RunTime:0.0010s ]
SQL: SELECT * FROM `sd_class` WHERE ( pid = "27" )  [ RunTime:0.0000s ]
SQL: SELECT * FROM `sd_class` WHERE ( pid = "31" )  [ RunTime:0.0000s ]
SQL: SELECT * FROM `sd_class` WHERE ( pid = "39" )  [ RunTime:0.0010s ]
SQL: SELECT * FROM `sd_content` WHERE ( cid = "40" ) LIMIT 1   [ RunTime:0.0000s ]
SQL: SELECT * FROM `sd_content` WHERE ( cid = "46" ) LIMIT 1   [ RunTime:0.0000s ]
SQL: SELECT * FROM `sd_content` WHERE ( cid = "53" ) LIMIT 1   [ RunTime:0.0000s ]
SQL: SELECT * FROM `sd_content` WHERE ( cid = "60" ) LIMIT 1   [ RunTime:0.0000s ]
SQL: SELECT * FROM `sd_content` WHERE ( cid = "61" ) LIMIT 1   [ RunTime:0.0010s ]
SQL: SELECT * FROM `sd_content` WHERE ( cid = "62" ) LIMIT 1   [ RunTime:0.0000s ]
SQL: SELECT * FROM `sd_content` WHERE ( cid = "63" ) LIMIT 1   [ RunTime:0.0000s ]
SQL: SELECT * FROM `sd_class` WHERE ( pid = "40" )  [ RunTime:0.0000s ]
SQL: SELECT * FROM `sd_class` WHERE ( pid = "46" )  [ RunTime:0.0000s ]
SQL: SELECT * FROM `sd_class` WHERE ( pid = "53" )  [ RunTime:0.0010s ]
SQL: SELECT * FROM `sd_class` WHERE ( pid = "60" )  [ RunTime:0.0000s ]
SQL: SELECT * FROM `sd_class` WHERE ( pid = "61" )  [ RunTime:0.0010s ]
SQL: SELECT * FROM `sd_class` WHERE ( pid = "62" )  [ RunTime:0.0000s ]
SQL: SELECT * FROM `sd_class` WHERE ( pid = "63" )  [ RunTime:0.0000s ]
SQL: SELECT * FROM `sd_class` WHERE ( pid = "64" )  [ RunTime:0.0010s ]
SQL: SELECT * FROM `sd_content` WHERE ( cid = "65" ) LIMIT 1   [ RunTime:0.0010s ]
SQL: SELECT * FROM `sd_content` WHERE ( cid = "69" ) LIMIT 1   [ RunTime:0.0000s ]
SQL: SELECT * FROM `sd_content` WHERE ( cid = "77" ) LIMIT 1   [ RunTime:0.0000s ]
SQL: SELECT * FROM `sd_content` WHERE ( cid = "78" ) LIMIT 1   [ RunTime:0.0010s ]
SQL: SELECT * FROM `sd_content` WHERE ( cid = "79" ) LIMIT 1   [ RunTime:0.0000s ]
SQL: SELECT * FROM `sd_content` WHERE ( cid = "80" ) LIMIT 1   [ RunTime:0.0010s ]
SQL: SELECT * FROM `sd_content` WHERE ( cid = "81" ) LIMIT 1   [ RunTime:0.0000s ]
SQL: SELECT * FROM `sd_class` WHERE ( pid = "65" )  [ RunTime:0.0000s ]
SQL: SELECT * FROM `sd_class` WHERE ( pid = "69" )  [ RunTime:0.0000s ]
SQL: SELECT * FROM `sd_class` WHERE ( pid = "77" )  [ RunTime:0.0000s ]
SQL: SELECT * FROM `sd_class` WHERE ( pid = "78" )  [ RunTime:0.0010s ]
SQL: SELECT * FROM `sd_class` WHERE ( pid = "79" )  [ RunTime:0.0000s ]
SQL: SELECT * FROM `sd_class` WHERE ( pid = "80" )  [ RunTime:0.0010s ]
SQL: SELECT * FROM `sd_class` WHERE ( pid = "81" )  [ RunTime:0.0000s ]
SQL: SELECT * FROM `sd_class` WHERE ( pid = "98" )  [ RunTime:0.0000s ]
SQL: SELECT * FROM `sd_content` WHERE ( cid = "101" ) LIMIT 1   [ RunTime:0.0000s ]
SQL: SELECT * FROM `sd_content` WHERE ( cid = "102" ) LIMIT 1   [ RunTime:0.0000s ]
SQL: SELECT * FROM `sd_content` WHERE ( cid = "103" ) LIMIT 1   [ RunTime:0.0010s ]
SQL: SELECT * FROM `sd_content` WHERE ( cid = "104" ) LIMIT 1   [ RunTime:0.0000s ]
SQL: SELECT * FROM `sd_content` WHERE ( cid = "100" ) LIMIT 1   [ RunTime:0.0000s ]
SQL: SELECT * FROM `sd_content` WHERE ( cid = "99" ) LIMIT 1   [ RunTime:0.0010s ]
SQL: SELECT * FROM `sd_content` WHERE ( cid = "105" ) LIMIT 1   [ RunTime:0.0000s ]
SQL: SELECT * FROM `sd_content` WHERE ( cid = "106" ) LIMIT 1   [ RunTime:0.0000s ]
SQL: SELECT * FROM `sd_content` WHERE ( cid = "107" ) LIMIT 1   [ RunTime:0.0010s ]
SQL: SELECT * FROM `sd_content` WHERE ( cid = "108" ) LIMIT 1   [ RunTime:0.0000s ]
SQL: SELECT * FROM `sd_class` WHERE ( pid = "101" )  [ RunTime:0.0000s ]
SQL: SELECT * FROM `sd_class` WHERE ( pid = "102" )  [ RunTime:0.0010s ]
SQL: SELECT * FROM `sd_class` WHERE ( pid = "103" )  [ RunTime:0.0000s ]
SQL: SELECT * FROM `sd_class` WHERE ( pid = "104" )  [ RunTime:0.0000s ]
SQL: SELECT * FROM `sd_class` WHERE ( pid = "100" )  [ RunTime:0.0000s ]
SQL: SELECT * FROM `sd_class` WHERE ( pid = "99" )  [ RunTime:0.0000s ]
SQL: SELECT * FROM `sd_class` WHERE ( pid = "105" )  [ RunTime:0.0010s ]
SQL: SELECT * FROM `sd_class` WHERE ( pid = "106" )  [ RunTime:0.0000s ]
SQL: SELECT * FROM `sd_class` WHERE ( pid = "107" )  [ RunTime:0.0000s ]
SQL: SELECT * FROM `sd_class` WHERE ( pid = "108" )  [ RunTime:0.0010s ]
SQL: SELECT * FROM `sd_class` WHERE ( pid = "109" )  [ RunTime:0.0000s ]
SQL: SELECT * FROM `sd_class` WHERE ( pid = "11" )  [ RunTime:0.0010s ]
SQL: SELECT * FROM `sd_class` WHERE ( pid = "113" )  [ RunTime:0.0000s ]
SQL: SELECT * FROM `sd_class` WHERE ( pid = "114" )  [ RunTime:0.0000s ]
SQL: SELECT * FROM `sd_class` WHERE ( pid = "110" )  [ RunTime:0.0000s ]
SQL: SELECT * FROM `sd_class` WHERE ( pid = "112" )  [ RunTime:0.0000s ]
SQL: SELECT * FROM `sd_class` WHERE ( id = "39" ) LIMIT 1   [ RunTime:0.0000s ]
SQL: SELECT * FROM `sd_class` WHERE ( pid = "39" )  [ RunTime:0.0000s ]
SQL: SELECT * FROM `sd_content` WHERE ( cid = "40" ) LIMIT 1   [ RunTime:0.0010s ]
SQL: SELECT * FROM `sd_content` WHERE ( cid = "46" ) LIMIT 1   [ RunTime:0.0000s ]
SQL: SELECT * FROM `sd_content` WHERE ( cid = "53" ) LIMIT 1   [ RunTime:0.0000s ]
SQL: SELECT * FROM `sd_content` WHERE ( cid = "60" ) LIMIT 1   [ RunTime:0.0000s ]
SQL: SELECT * FROM `sd_content` WHERE ( cid = "61" ) LIMIT 1   [ RunTime:0.0000s ]
SQL: SELECT * FROM `sd_content` WHERE ( cid = "62" ) LIMIT 1   [ RunTime:0.0010s ]
SQL: SELECT * FROM `sd_content` WHERE ( cid = "63" ) LIMIT 1   [ RunTime:0.0000s ]
SQL: SELECT * FROM `sd_class` WHERE ( pid = "40" )  [ RunTime:0.0010s ]
SQL: SELECT * FROM `sd_content` WHERE ( cid = "41" )  [ RunTime:0.0000s ]
SQL: SELECT * FROM `sd_content` WHERE ( cid = "42" )  [ RunTime:0.0000s ]
SQL: SELECT * FROM `sd_content` WHERE ( cid = "43" )  [ RunTime:0.0010s ]
SQL: SELECT * FROM `sd_content` WHERE ( cid = "44" )  [ RunTime:0.0000s ]
SQL: SELECT * FROM `sd_content` WHERE ( cid = "45" )  [ RunTime:0.0000s ]
SQL: SELECT * FROM `sd_class` WHERE ( pid = "46" )  [ RunTime:0.0010s ]
SQL: SELECT * FROM `sd_content` WHERE ( cid = "47" )  [ RunTime:0.0000s ]
SQL: SELECT * FROM `sd_content` WHERE ( cid = "48" )  [ RunTime:0.0000s ]
SQL: SELECT * FROM `sd_content` WHERE ( cid = "49" )  [ RunTime:0.0000s ]
SQL: SELECT * FROM `sd_content` WHERE ( cid = "50" )  [ RunTime:0.0000s ]
SQL: SELECT * FROM `sd_content` WHERE ( cid = "51" )  [ RunTime:0.0000s ]
SQL: SELECT * FROM `sd_content` WHERE ( cid = "52" )  [ RunTime:0.0010s ]
SQL: SELECT * FROM `sd_class` WHERE ( pid = "53" )  [ RunTime:0.0000s ]
SQL: SELECT * FROM `sd_content` WHERE ( cid = "54" )  [ RunTime:0.0000s ]
SQL: SELECT * FROM `sd_content` WHERE ( cid = "55" )  [ RunTime:0.0010s ]
SQL: SELECT * FROM `sd_content` WHERE ( cid = "56" )  [ RunTime:0.0000s ]
SQL: SELECT * FROM `sd_content` WHERE ( cid = "57" )  [ RunTime:0.0000s ]
SQL: SELECT * FROM `sd_content` WHERE ( cid = "58" )  [ RunTime:0.0010s ]
SQL: SELECT * FROM `sd_content` WHERE ( cid = "59" )  [ RunTime:0.0000s ]
SQL: SELECT * FROM `sd_class` WHERE ( pid = "60" )  [ RunTime:0.0000s ]
SQL: SELECT * FROM `sd_class` WHERE ( pid = "61" )  [ RunTime:0.0000s ]
SQL: SELECT * FROM `sd_class` WHERE ( pid = "62" )  [ RunTime:0.0000s ]
SQL: SELECT * FROM `sd_class` WHERE ( pid = "63" )  [ RunTime:0.0000s ]
INFO: [ view_parse ] --START--
INFO: [ template_filter ] --START--
INFO: Run Behavior\ContentReplaceBehavior [ RunTime:0.000000s ]
INFO: [ template_filter ] --END-- [ RunTime:0.000000s ]
INFO: Run Behavior\ParseTemplateBehavior [ RunTime:0.071004s ]
INFO: [ view_parse ] --END-- [ RunTime:0.071004s ]
INFO: [ view_filter ] --START--
INFO: Run Behavior\WriteHtmlCacheBehavior [ RunTime:0.001000s ]
INFO: [ view_filter ] --END-- [ RunTime:0.001000s ]
INFO: [ app_end ] --START--
INFO: Run Behavior\ShowPageTraceBehavior [ RunTime:0.001000s ]
INFO: [ app_end ] --END-- [ RunTime:0.001000s ]

[ 2016-09-11T11:02:45+08:00 ] 127.0.0.1 /index.php/Index/Index/new_info/id/130.html
INFO: [ app_init ] --START--
INFO: Run Behavior\BuildLiteBehavior [ RunTime:0.000000s ]
INFO: [ app_init ] --END-- [ RunTime:0.001000s ]
INFO: [ app_begin ] --START--
INFO: Run Behavior\ReadHtmlCacheBehavior [ RunTime:0.001000s ]
INFO: [ app_begin ] --END-- [ RunTime:0.001000s ]
SQL: SHOW COLUMNS FROM `sd_class` [ RunTime:0.0060s ]
SQL: SELECT * FROM `sd_class` WHERE ( pid = 0 ) ORDER BY sort desc  [ RunTime:0.0010s ]
SQL: SHOW COLUMNS FROM `sd_class` [ RunTime:0.0060s ]
SQL: SELECT * FROM `sd_class` WHERE ( class_name = "项目系列" ) LIMIT 1   [ RunTime:0.0010s ]
SQL: SELECT * FROM `sd_class` WHERE ( pid = "12" )  [ RunTime:0.0010s ]
SQL: SELECT * FROM `sd_class` WHERE ( pid = "12" )  [ RunTime:0.0000s ]
SQL: SELECT * FROM `sd_class` WHERE ( pid = "13" )  [ RunTime:0.0000s ]
SQL: SHOW COLUMNS FROM `sd_content` [ RunTime:0.0060s ]
SQL: SELECT `id` FROM `sd_content` WHERE ( cid = "14" ) LIMIT 1   [ RunTime:0.0000s ]
SQL: SELECT `id` FROM `sd_content` WHERE ( cid = "20" ) LIMIT 1   [ RunTime:0.0000s ]
SQL: SELECT `id` FROM `sd_content` WHERE ( cid = "27" ) LIMIT 1   [ RunTime:0.0000s ]
SQL: SELECT `id` FROM `sd_content` WHERE ( cid = "31" ) LIMIT 1   [ RunTime:0.0000s ]
SQL: SELECT * FROM `sd_class` WHERE ( pid = "14" )  [ RunTime:0.0010s ]
SQL: SELECT * FROM `sd_class` WHERE ( pid = "20" )  [ RunTime:0.0010s ]
SQL: SELECT * FROM `sd_class` WHERE ( pid = "27" )  [ RunTime:0.0010s ]
SQL: SELECT * FROM `sd_class` WHERE ( pid = "31" )  [ RunTime:0.0000s ]
SQL: SELECT * FROM `sd_class` WHERE ( pid = "39" )  [ RunTime:0.0000s ]
SQL: SELECT `id` FROM `sd_content` WHERE ( cid = "40" ) LIMIT 1   [ RunTime:0.0000s ]
SQL: SELECT `id` FROM `sd_content` WHERE ( cid = "46" ) LIMIT 1   [ RunTime:0.0000s ]
SQL: SELECT `id` FROM `sd_content` WHERE ( cid = "53" ) LIMIT 1   [ RunTime:0.0000s ]
SQL: SELECT `id` FROM `sd_content` WHERE ( cid = "60" ) LIMIT 1   [ RunTime:0.0000s ]
SQL: SELECT `id` FROM `sd_content` WHERE ( cid = "61" ) LIMIT 1   [ RunTime:0.0000s ]
SQL: SELECT `id` FROM `sd_content` WHERE ( cid = "62" ) LIMIT 1   [ RunTime:0.0000s ]
SQL: SELECT `id` FROM `sd_content` WHERE ( cid = "63" ) LIMIT 1   [ RunTime:0.0000s ]
SQL: SELECT * FROM `sd_class` WHERE ( pid = "40" )  [ RunTime:0.0000s ]
SQL: SELECT * FROM `sd_class` WHERE ( pid = "46" )  [ RunTime:0.0000s ]
SQL: SELECT * FROM `sd_class` WHERE ( pid = "53" )  [ RunTime:0.0000s ]
SQL: SELECT * FROM `sd_class` WHERE ( pid = "60" )  [ RunTime:0.0000s ]
SQL: SELECT * FROM `sd_class` WHERE ( pid = "61" )  [ RunTime:0.0000s ]
SQL: SELECT * FROM `sd_class` WHERE ( pid = "62" )  [ RunTime:0.0010s ]
SQL: SELECT * FROM `sd_class` WHERE ( pid = "63" )  [ RunTime:0.0000s ]
SQL: SELECT * FROM `sd_class` WHERE ( pid = "64" )  [ RunTime:0.0000s ]
SQL: SELECT `id` FROM `sd_content` WHERE ( cid = "65" ) LIMIT 1   [ RunTime:0.0000s ]
SQL: SELECT `id` FROM `sd_content` WHERE ( cid = "69" ) LIMIT 1   [ RunTime:0.0000s ]
SQL: SELECT `id` FROM `sd_content` WHERE ( cid = "77" ) LIMIT 1   [ RunTime:0.0000s ]
SQL: SELECT `id` FROM `sd_content` WHERE ( cid = "78" ) LIMIT 1   [ RunTime:0.0010s ]
SQL: SELECT `id` FROM `sd_content` WHERE ( cid = "79" ) LIMIT 1   [ RunTime:0.0010s ]
SQL: SELECT `id` FROM `sd_content` WHERE ( cid = "80" ) LIMIT 1   [ RunTime:0.0010s ]
SQL: SELECT `id` FROM `sd_content` WHERE ( cid = "81" ) LIMIT 1   [ RunTime:0.0010s ]
SQL: SELECT * FROM `sd_class` WHERE ( pid = "65" )  [ RunTime:0.0000s ]
SQL: SELECT * FROM `sd_class` WHERE ( pid = "69" )  [ RunTime:0.0000s ]
SQL: SELECT * FROM `sd_class` WHERE ( pid = "77" )  [ RunTime:0.0000s ]
SQL: SELECT * FROM `sd_class` WHERE ( pid = "78" )  [ RunTime:0.0000s ]
SQL: SELECT * FROM `sd_class` WHERE ( pid = "79" )  [ RunTime:0.0000s ]
SQL: SELECT * FROM `sd_class` WHERE ( pid = "80" )  [ RunTime:0.0000s ]
SQL: SELECT * FROM `sd_class` WHERE ( pid = "81" )  [ RunTime:0.0000s ]
SQL: SELECT * FROM `sd_class` WHERE ( pid = "98" )  [ RunTime:0.0010s ]
SQL: SELECT `id` FROM `sd_content` WHERE ( cid = "101" ) LIMIT 1   [ RunTime:0.0010s ]
SQL: SELECT `id` FROM `sd_content` WHERE ( cid = "102" ) LIMIT 1   [ RunTime:0.0010s ]
SQL: SELECT `id` FROM `sd_content` WHERE ( cid = "103" ) LIMIT 1   [ RunTime:0.0000s ]
SQL: SELECT `id` FROM `sd_content` WHERE ( cid = "104" ) LIMIT 1   [ RunTime:0.0000s ]
SQL: SELECT `id` FROM `sd_content` WHERE ( cid = "100" ) LIMIT 1   [ RunTime:0.0010s ]
SQL: SELECT `id` FROM `sd_content` WHERE ( cid = "99" ) LIMIT 1   [ RunTime:0.0000s ]
SQL: SELECT `id` FROM `sd_content` WHERE ( cid = "105" ) LIMIT 1   [ RunTime:0.0010s ]
SQL: SELECT `id` FROM `sd_content` WHERE ( cid = "106" ) LIMIT 1   [ RunTime:0.0000s ]
SQL: SELECT `id` FROM `sd_content` WHERE ( cid = "107" ) LIMIT 1   [ RunTime:0.0000s ]
SQL: SELECT `id` FROM `sd_content` WHERE ( cid = "108" ) LIMIT 1   [ RunTime:0.0000s ]
SQL: SELECT * FROM `sd_class` WHERE ( pid = "101" )  [ RunTime:0.0000s ]
SQL: SELECT * FROM `sd_class` WHERE ( pid = "102" )  [ RunTime:0.0000s ]
SQL: SELECT * FROM `sd_class` WHERE ( pid = "103" )  [ RunTime:0.0000s ]
SQL: SELECT * FROM `sd_class` WHERE ( pid = "104" )  [ RunTime:0.0010s ]
SQL: SELECT * FROM `sd_class` WHERE ( pid = "100" )  [ RunTime:0.0000s ]
SQL: SELECT * FROM `sd_class` WHERE ( pid = "99" )  [ RunTime:0.0010s ]
SQL: SELECT * FROM `sd_class` WHERE ( pid = "105" )  [ RunTime:0.0000s ]
SQL: SELECT * FROM `sd_class` WHERE ( pid = "106" )  [ RunTime:0.0000s ]
SQL: SELECT * FROM `sd_class` WHERE ( pid = "107" )  [ RunTime:0.0010s ]
SQL: SELECT * FROM `sd_class` WHERE ( pid = "108" )  [ RunTime:0.0000s ]
SQL: SELECT * FROM `sd_class` WHERE ( pid = "109" )  [ RunTime:0.0000s ]
SQL: SELECT * FROM `sd_class` WHERE ( pid = "11" )  [ RunTime:0.0000s ]
SQL: SELECT * FROM `sd_class` WHERE ( pid = "113" )  [ RunTime:0.0000s ]
SQL: SELECT * FROM `sd_class` WHERE ( pid = "114" )  [ RunTime:0.0010s ]
SQL: SELECT * FROM `sd_class` WHERE ( pid = "110" )  [ RunTime:0.0000s ]
SQL: SELECT * FROM `sd_class` WHERE ( pid = "112" )  [ RunTime:0.0010s ]
SQL: SELECT * FROM `sd_content` WHERE ( hot = 1 ) ORDER BY createtime desc LIMIT 1   [ RunTime:0.0000s ]
SQL: SELECT * FROM `sd_class` WHERE ( pid = "12" and id <> "98" )  [ RunTime:0.0000s ]
SQL: SELECT * FROM `sd_class` WHERE ( pid = "13" )  [ RunTime:0.0010s ]
SQL: SELECT * FROM `sd_class` WHERE ( pid = "39" )  [ RunTime:0.0000s ]
SQL: SELECT * FROM `sd_class` WHERE ( pid = "64" )  [ RunTime:0.0010s ]
SQL: SHOW COLUMNS FROM `sd_doctor` [ RunTime:0.0040s ]
SQL: SELECT * FROM `sd_doctor` ORDER BY sort desc  [ RunTime:0.0000s ]
SQL: SHOW COLUMNS FROM `sd_case` [ RunTime:0.0050s ]
SQL: SELECT * FROM `sd_case` LIMIT 4   [ RunTime:0.0000s ]
INFO: [ view_parse ] --START--
INFO: [ template_filter ] --START--
INFO: Run Behavior\ContentReplaceBehavior [ RunTime:0.001000s ]
INFO: [ template_filter ] --END-- [ RunTime:0.001000s ]
INFO: Run Behavior\ParseTemplateBehavior [ RunTime:0.054003s ]
INFO: [ view_parse ] --END-- [ RunTime:0.054003s ]
INFO: [ view_filter ] --START--
INFO: Run Behavior\WriteHtmlCacheBehavior [ RunTime:0.000000s ]
INFO: [ view_filter ] --END-- [ RunTime:0.001000s ]
INFO: [ app_end ] --START--
INFO: Run Behavior\ShowPageTraceBehavior [ RunTime:0.000000s ]
INFO: [ app_end ] --END-- [ RunTime:0.000000s ]

[ 2016-09-11T11:02:50+08:00 ] 127.0.0.1 /index.php/Home/Index/new_list/id/39.html
INFO: [ app_init ] --START--
INFO: Run Behavior\BuildLiteBehavior [ RunTime:0.000000s ]
INFO: [ app_init ] --END-- [ RunTime:0.001000s ]
INFO: [ app_begin ] --START--
INFO: Run Behavior\ReadHtmlCacheBehavior [ RunTime:0.001000s ]
INFO: [ app_begin ] --END-- [ RunTime:0.001000s ]
SQL: SHOW COLUMNS FROM `sd_class` [ RunTime:0.0270s ]
SQL: SELECT * FROM `sd_class` WHERE ( pid = "12" and id <> "98" )  [ RunTime:0.0010s ]
SQL: SELECT * FROM `sd_class` WHERE ( pid = "13" )  [ RunTime:0.0000s ]
SQL: SELECT * FROM `sd_class` WHERE ( pid = "39" )  [ RunTime:0.0000s ]
SQL: SELECT * FROM `sd_class` WHERE ( pid = "64" )  [ RunTime:0.0000s ]
SQL: SELECT * FROM `sd_class` WHERE ( pid = 0 ) ORDER BY sort desc  [ RunTime:0.0000s ]
SQL: SELECT * FROM `sd_class` WHERE ( pid = "12" )  [ RunTime:0.0000s ]
SQL: SELECT * FROM `sd_class` WHERE ( pid = "13" )  [ RunTime:0.0000s ]
SQL: SHOW COLUMNS FROM `sd_content` [ RunTime:0.0040s ]
SQL: SELECT * FROM `sd_content` WHERE ( cid = "14" ) LIMIT 1   [ RunTime:0.0010s ]
SQL: SELECT * FROM `sd_content` WHERE ( cid = "20" ) LIMIT 1   [ RunTime:0.0010s ]
SQL: SELECT * FROM `sd_content` WHERE ( cid = "27" ) LIMIT 1   [ RunTime:0.0000s ]
SQL: SELECT * FROM `sd_content` WHERE ( cid = "31" ) LIMIT 1   [ RunTime:0.0000s ]
SQL: SELECT * FROM `sd_class` WHERE ( pid = "14" )  [ RunTime:0.0010s ]
SQL: SELECT * FROM `sd_class` WHERE ( pid = "20" )  [ RunTime:0.0000s ]
SQL: SELECT * FROM `sd_class` WHERE ( pid = "27" )  [ RunTime:0.0010s ]
SQL: SELECT * FROM `sd_class` WHERE ( pid = "31" )  [ RunTime:0.0000s ]
SQL: SELECT * FROM `sd_class` WHERE ( pid = "39" )  [ RunTime:0.0000s ]
SQL: SELECT * FROM `sd_content` WHERE ( cid = "40" ) LIMIT 1   [ RunTime:0.0000s ]
SQL: SELECT * FROM `sd_content` WHERE ( cid = "46" ) LIMIT 1   [ RunTime:0.0000s ]
SQL: SELECT * FROM `sd_content` WHERE ( cid = "53" ) LIMIT 1   [ RunTime:0.0000s ]
SQL: SELECT * FROM `sd_content` WHERE ( cid = "60" ) LIMIT 1   [ RunTime:0.0000s ]
SQL: SELECT * FROM `sd_content` WHERE ( cid = "61" ) LIMIT 1   [ RunTime:0.0010s ]
SQL: SELECT * FROM `sd_content` WHERE ( cid = "62" ) LIMIT 1   [ RunTime:0.0000s ]
SQL: SELECT * FROM `sd_content` WHERE ( cid = "63" ) LIMIT 1   [ RunTime:0.0000s ]
SQL: SELECT * FROM `sd_class` WHERE ( pid = "40" )  [ RunTime:0.0000s ]
SQL: SELECT * FROM `sd_class` WHERE ( pid = "46" )  [ RunTime:0.0000s ]
SQL: SELECT * FROM `sd_class` WHERE ( pid = "53" )  [ RunTime:0.0010s ]
SQL: SELECT * FROM `sd_class` WHERE ( pid = "60" )  [ RunTime:0.0000s ]
SQL: SELECT * FROM `sd_class` WHERE ( pid = "61" )  [ RunTime:0.0000s ]
SQL: SELECT * FROM `sd_class` WHERE ( pid = "62" )  [ RunTime:0.0000s ]
SQL: SELECT * FROM `sd_class` WHERE ( pid = "63" )  [ RunTime:0.0000s ]
SQL: SELECT * FROM `sd_class` WHERE ( pid = "64" )  [ RunTime:0.0000s ]
SQL: SELECT * FROM `sd_content` WHERE ( cid = "65" ) LIMIT 1   [ RunTime:0.0000s ]
SQL: SELECT * FROM `sd_content` WHERE ( cid = "69" ) LIMIT 1   [ RunTime:0.0000s ]
SQL: SELECT * FROM `sd_content` WHERE ( cid = "77" ) LIMIT 1   [ RunTime:0.0000s ]
SQL: SELECT * FROM `sd_content` WHERE ( cid = "78" ) LIMIT 1   [ RunTime:0.0010s ]
SQL: SELECT * FROM `sd_content` WHERE ( cid = "79" ) LIMIT 1   [ RunTime:0.0010s ]
SQL: SELECT * FROM `sd_content` WHERE ( cid = "80" ) LIMIT 1   [ RunTime:0.0000s ]
SQL: SELECT * FROM `sd_content` WHERE ( cid = "81" ) LIMIT 1   [ RunTime:0.0000s ]
SQL: SELECT * FROM `sd_class` WHERE ( pid = "65" )  [ RunTime:0.0000s ]
SQL: SELECT * FROM `sd_class` WHERE ( pid = "69" )  [ RunTime:0.0000s ]
SQL: SELECT * FROM `sd_class` WHERE ( pid = "77" )  [ RunTime:0.0010s ]
SQL: SELECT * FROM `sd_class` WHERE ( pid = "78" )  [ RunTime:0.0000s ]
SQL: SELECT * FROM `sd_class` WHERE ( pid = "79" )  [ RunTime:0.0000s ]
SQL: SELECT * FROM `sd_class` WHERE ( pid = "80" )  [ RunTime:0.0000s ]
SQL: SELECT * FROM `sd_class` WHERE ( pid = "81" )  [ RunTime:0.0000s ]
SQL: SELECT * FROM `sd_class` WHERE ( pid = "98" )  [ RunTime:0.0000s ]
SQL: SELECT * FROM `sd_content` WHERE ( cid = "101" ) LIMIT 1   [ RunTime:0.0000s ]
SQL: SELECT * FROM `sd_content` WHERE ( cid = "102" ) LIMIT 1   [ RunTime:0.0010s ]
SQL: SELECT * FROM `sd_content` WHERE ( cid = "103" ) LIMIT 1   [ RunTime:0.0000s ]
SQL: SELECT * FROM `sd_content` WHERE ( cid = "104" ) LIMIT 1   [ RunTime:0.0000s ]
SQL: SELECT * FROM `sd_content` WHERE ( cid = "100" ) LIMIT 1   [ RunTime:0.0010s ]
SQL: SELECT * FROM `sd_content` WHERE ( cid = "99" ) LIMIT 1   [ RunTime:0.0000s ]
SQL: SELECT * FROM `sd_content` WHERE ( cid = "105" ) LIMIT 1   [ RunTime:0.0000s ]
SQL: SELECT * FROM `sd_content` WHERE ( cid = "106" ) LIMIT 1   [ RunTime:0.0000s ]
SQL: SELECT * FROM `sd_content` WHERE ( cid = "107" ) LIMIT 1   [ RunTime:0.0000s ]
SQL: SELECT * FROM `sd_content` WHERE ( cid = "108" ) LIMIT 1   [ RunTime:0.0000s ]
SQL: SELECT * FROM `sd_class` WHERE ( pid = "101" )  [ RunTime:0.0000s ]
SQL: SELECT * FROM `sd_class` WHERE ( pid = "102" )  [ RunTime:0.0000s ]
SQL: SELECT * FROM `sd_class` WHERE ( pid = "103" )  [ RunTime:0.0010s ]
SQL: SELECT * FROM `sd_class` WHERE ( pid = "104" )  [ RunTime:0.0000s ]
SQL: SELECT * FROM `sd_class` WHERE ( pid = "100" )  [ RunTime:0.0010s ]
SQL: SELECT * FROM `sd_class` WHERE ( pid = "99" )  [ RunTime:0.0000s ]
SQL: SELECT * FROM `sd_class` WHERE ( pid = "105" )  [ RunTime:0.0000s ]
SQL: SELECT * FROM `sd_class` WHERE ( pid = "106" )  [ RunTime:0.0000s ]
SQL: SELECT * FROM `sd_class` WHERE ( pid = "107" )  [ RunTime:0.0010s ]
SQL: SELECT * FROM `sd_class` WHERE ( pid = "108" )  [ RunTime:0.0000s ]
SQL: SELECT * FROM `sd_class` WHERE ( pid = "109" )  [ RunTime:0.0010s ]
SQL: SELECT * FROM `sd_class` WHERE ( pid = "11" )  [ RunTime:0.0000s ]
SQL: SELECT * FROM `sd_class` WHERE ( pid = "113" )  [ RunTime:0.0010s ]
SQL: SELECT * FROM `sd_class` WHERE ( pid = "114" )  [ RunTime:0.0000s ]
SQL: SELECT * FROM `sd_class` WHERE ( pid = "110" )  [ RunTime:0.0010s ]
SQL: SELECT * FROM `sd_class` WHERE ( pid = "112" )  [ RunTime:0.0000s ]
SQL: SELECT * FROM `sd_class` WHERE ( id = "39" ) LIMIT 1   [ RunTime:0.0000s ]
SQL: SELECT * FROM `sd_class` WHERE ( pid = "39" )  [ RunTime:0.0000s ]
SQL: SELECT * FROM `sd_content` WHERE ( cid = "40" ) LIMIT 1   [ RunTime:0.0000s ]
SQL: SELECT * FROM `sd_content` WHERE ( cid = "46" ) LIMIT 1   [ RunTime:0.0010s ]
SQL: SELECT * FROM `sd_content` WHERE ( cid = "53" ) LIMIT 1   [ RunTime:0.0000s ]
SQL: SELECT * FROM `sd_content` WHERE ( cid = "60" ) LIMIT 1   [ RunTime:0.0000s ]
SQL: SELECT * FROM `sd_content` WHERE ( cid = "61" ) LIMIT 1   [ RunTime:0.0000s ]
SQL: SELECT * FROM `sd_content` WHERE ( cid = "62" ) LIMIT 1   [ RunTime:0.0000s ]
SQL: SELECT * FROM `sd_content` WHERE ( cid = "63" ) LIMIT 1   [ RunTime:0.0010s ]
SQL: SELECT * FROM `sd_class` WHERE ( pid = "40" )  [ RunTime:0.0000s ]
SQL: SELECT * FROM `sd_content` WHERE ( cid = "41" )  [ RunTime:0.0000s ]
SQL: SELECT * FROM `sd_content` WHERE ( cid = "42" )  [ RunTime:0.0010s ]
SQL: SELECT * FROM `sd_content` WHERE ( cid = "43" )  [ RunTime:0.0000s ]
SQL: SELECT * FROM `sd_content` WHERE ( cid = "44" )  [ RunTime:0.0000s ]
SQL: SELECT * FROM `sd_content` WHERE ( cid = "45" )  [ RunTime:0.0010s ]
SQL: SELECT * FROM `sd_class` WHERE ( pid = "46" )  [ RunTime:0.0000s ]
SQL: SELECT * FROM `sd_content` WHERE ( cid = "47" )  [ RunTime:0.0000s ]
SQL: SELECT * FROM `sd_content` WHERE ( cid = "48" )  [ RunTime:0.0000s ]
SQL: SELECT * FROM `sd_content` WHERE ( cid = "49" )  [ RunTime:0.0010s ]
SQL: SELECT * FROM `sd_content` WHERE ( cid = "50" )  [ RunTime:0.0000s ]
SQL: SELECT * FROM `sd_content` WHERE ( cid = "51" )  [ RunTime:0.0000s ]
SQL: SELECT * FROM `sd_content` WHERE ( cid = "52" )  [ RunTime:0.0010s ]
SQL: SELECT * FROM `sd_class` WHERE ( pid = "53" )  [ RunTime:0.0000s ]
SQL: SELECT * FROM `sd_content` WHERE ( cid = "54" )  [ RunTime:0.0000s ]
SQL: SELECT * FROM `sd_content` WHERE ( cid = "55" )  [ RunTime:0.0010s ]
SQL: SELECT * FROM `sd_content` WHERE ( cid = "56" )  [ RunTime:0.0000s ]
SQL: SELECT * FROM `sd_content` WHERE ( cid = "57" )  [ RunTime:0.0010s ]
SQL: SELECT * FROM `sd_content` WHERE ( cid = "58" )  [ RunTime:0.0000s ]
SQL: SELECT * FROM `sd_content` WHERE ( cid = "59" )  [ RunTime:0.0000s ]
SQL: SELECT * FROM `sd_class` WHERE ( pid = "60" )  [ RunTime:0.0010s ]
SQL: SELECT * FROM `sd_class` WHERE ( pid = "61" )  [ RunTime:0.0000s ]
SQL: SELECT * FROM `sd_class` WHERE ( pid = "62" )  [ RunTime:0.0010s ]
SQL: SELECT * FROM `sd_class` WHERE ( pid = "63" )  [ RunTime:0.0000s ]
INFO: [ view_parse ] --START--
INFO: [ template_filter ] --START--
INFO: Run Behavior\ContentReplaceBehavior [ RunTime:0.001000s ]
INFO: [ template_filter ] --END-- [ RunTime:0.001000s ]
INFO: Run Behavior\ParseTemplateBehavior [ RunTime:0.055003s ]
INFO: [ view_parse ] --END-- [ RunTime:0.055003s ]
INFO: [ view_filter ] --START--
INFO: Run Behavior\WriteHtmlCacheBehavior [ RunTime:0.001000s ]
INFO: [ view_filter ] --END-- [ RunTime:0.001000s ]
INFO: [ app_end ] --START--
INFO: Run Behavior\ShowPageTraceBehavior [ RunTime:0.000000s ]
INFO: [ app_end ] --END-- [ RunTime:0.001000s ]

[ 2016-09-11T11:02:53+08:00 ] 127.0.0.1 /index.php/Index/Index/new_info/id/42.html
INFO: [ app_init ] --START--
INFO: Run Behavior\BuildLiteBehavior [ RunTime:0.000000s ]
INFO: [ app_init ] --END-- [ RunTime:0.001000s ]
INFO: [ app_begin ] --START--
INFO: Run Behavior\ReadHtmlCacheBehavior [ RunTime:0.001000s ]
INFO: [ app_begin ] --END-- [ RunTime:0.002000s ]
SQL: SHOW COLUMNS FROM `sd_class` [ RunTime:0.0040s ]
SQL: SELECT * FROM `sd_class` WHERE ( pid = 0 ) ORDER BY sort desc  [ RunTime:0.0000s ]
SQL: SHOW COLUMNS FROM `sd_class` [ RunTime:0.0040s ]
SQL: SELECT * FROM `sd_class` WHERE ( class_name = "项目系列" ) LIMIT 1   [ RunTime:0.0000s ]
SQL: SELECT * FROM `sd_class` WHERE ( pid = "12" )  [ RunTime:0.0010s ]
SQL: SELECT * FROM `sd_class` WHERE ( pid = "12" )  [ RunTime:0.0000s ]
SQL: SELECT * FROM `sd_class` WHERE ( pid = "13" )  [ RunTime:0.0000s ]
SQL: SHOW COLUMNS FROM `sd_content` [ RunTime:0.0040s ]
SQL: SELECT `id` FROM `sd_content` WHERE ( cid = "14" ) LIMIT 1   [ RunTime:0.0010s ]
SQL: SELECT `id` FROM `sd_content` WHERE ( cid = "20" ) LIMIT 1   [ RunTime:0.0000s ]
SQL: SELECT `id` FROM `sd_content` WHERE ( cid = "27" ) LIMIT 1   [ RunTime:0.0000s ]
SQL: SELECT `id` FROM `sd_content` WHERE ( cid = "31" ) LIMIT 1   [ RunTime:0.0000s ]
SQL: SELECT * FROM `sd_class` WHERE ( pid = "14" )  [ RunTime:0.0000s ]
SQL: SELECT * FROM `sd_class` WHERE ( pid = "20" )  [ RunTime:0.0010s ]
SQL: SELECT * FROM `sd_class` WHERE ( pid = "27" )  [ RunTime:0.0000s ]
SQL: SELECT * FROM `sd_class` WHERE ( pid = "31" )  [ RunTime:0.0000s ]
SQL: SELECT * FROM `sd_class` WHERE ( pid = "39" )  [ RunTime:0.0000s ]
SQL: SELECT `id` FROM `sd_content` WHERE ( cid = "40" ) LIMIT 1   [ RunTime:0.0000s ]
SQL: SELECT `id` FROM `sd_content` WHERE ( cid = "46" ) LIMIT 1   [ RunTime:0.0010s ]
SQL: SELECT `id` FROM `sd_content` WHERE ( cid = "53" ) LIMIT 1   [ RunTime:0.0000s ]
SQL: SELECT `id` FROM `sd_content` WHERE ( cid = "60" ) LIMIT 1   [ RunTime:0.0000s ]
SQL: SELECT `id` FROM `sd_content` WHERE ( cid = "61" ) LIMIT 1   [ RunTime:0.0010s ]
SQL: SELECT `id` FROM `sd_content` WHERE ( cid = "62" ) LIMIT 1   [ RunTime:0.0000s ]
SQL: SELECT `id` FROM `sd_content` WHERE ( cid = "63" ) LIMIT 1   [ RunTime:0.0000s ]
SQL: SELECT * FROM `sd_class` WHERE ( pid = "40" )  [ RunTime:0.0010s ]
SQL: SELECT * FROM `sd_class` WHERE ( pid = "46" )  [ RunTime:0.0000s ]
SQL: SELECT * FROM `sd_class` WHERE ( pid = "53" )  [ RunTime:0.0000s ]
SQL: SELECT * FROM `sd_class` WHERE ( pid = "60" )  [ RunTime:0.0000s ]
SQL: SELECT * FROM `sd_class` WHERE ( pid = "61" )  [ RunTime:0.0000s ]
SQL: SELECT * FROM `sd_class` WHERE ( pid = "62" )  [ RunTime:0.0010s ]
SQL: SELECT * FROM `sd_class` WHERE ( pid = "63" )  [ RunTime:0.0000s ]
SQL: SELECT * FROM `sd_class` WHERE ( pid = "64" )  [ RunTime:0.0000s ]
SQL: SELECT `id` FROM `sd_content` WHERE ( cid = "65" ) LIMIT 1   [ RunTime:0.0010s ]
SQL: SELECT `id` FROM `sd_content` WHERE ( cid = "69" ) LIMIT 1   [ RunTime:0.0000s ]
SQL: SELECT `id` FROM `sd_content` WHERE ( cid = "77" ) LIMIT 1   [ RunTime:0.0010s ]
SQL: SELECT `id` FROM `sd_content` WHERE ( cid = "78" ) LIMIT 1   [ RunTime:0.0000s ]
SQL: SELECT `id` FROM `sd_content` WHERE ( cid = "79" ) LIMIT 1   [ RunTime:0.0000s ]
SQL: SELECT `id` FROM `sd_content` WHERE ( cid = "80" ) LIMIT 1   [ RunTime:0.0010s ]
SQL: SELECT `id` FROM `sd_content` WHERE ( cid = "81" ) LIMIT 1   [ RunTime:0.0000s ]
SQL: SELECT * FROM `sd_class` WHERE ( pid = "65" )  [ RunTime:0.0000s ]
SQL: SELECT * FROM `sd_class` WHERE ( pid = "69" )  [ RunTime:0.0000s ]
SQL: SELECT * FROM `sd_class` WHERE ( pid = "77" )  [ RunTime:0.0000s ]
SQL: SELECT * FROM `sd_class` WHERE ( pid = "78" )  [ RunTime:0.0010s ]
SQL: SELECT * FROM `sd_class` WHERE ( pid = "79" )  [ RunTime:0.0000s ]
SQL: SELECT * FROM `sd_class` WHERE ( pid = "80" )  [ RunTime:0.0010s ]
SQL: SELECT * FROM `sd_class` WHERE ( pid = "81" )  [ RunTime:0.0000s ]
SQL: SELECT * FROM `sd_class` WHERE ( pid = "98" )  [ RunTime:0.0000s ]
SQL: SELECT `id` FROM `sd_content` WHERE ( cid = "101" ) LIMIT 1   [ RunTime:0.0000s ]
SQL: SELECT `id` FROM `sd_content` WHERE ( cid = "102" ) LIMIT 1   [ RunTime:0.0000s ]
SQL: SELECT `id` FROM `sd_content` WHERE ( cid = "103" ) LIMIT 1   [ RunTime:0.0010s ]
SQL: SELECT `id` FROM `sd_content` WHERE ( cid = "104" ) LIMIT 1   [ RunTime:0.0000s ]
SQL: SELECT `id` FROM `sd_content` WHERE ( cid = "100" ) LIMIT 1   [ RunTime:0.0000s ]
SQL: SELECT `id` FROM `sd_content` WHERE ( cid = "99" ) LIMIT 1   [ RunTime:0.0010s ]
SQL: SELECT `id` FROM `sd_content` WHERE ( cid = "105" ) LIMIT 1   [ RunTime:0.0000s ]
SQL: SELECT `id` FROM `sd_content` WHERE ( cid = "106" ) LIMIT 1   [ RunTime:0.0000s ]
SQL: SELECT `id` FROM `sd_content` WHERE ( cid = "107" ) LIMIT 1   [ RunTime:0.0000s ]
SQL: SELECT `id` FROM `sd_content` WHERE ( cid = "108" ) LIMIT 1   [ RunTime:0.0000s ]
SQL: SELECT * FROM `sd_class` WHERE ( pid = "101" )  [ RunTime:0.0000s ]
SQL: SELECT * FROM `sd_class` WHERE ( pid = "102" )  [ RunTime:0.0000s ]
SQL: SELECT * FROM `sd_class` WHERE ( pid = "103" )  [ RunTime:0.0000s ]
SQL: SELECT * FROM `sd_class` WHERE ( pid = "104" )  [ RunTime:0.0000s ]
SQL: SELECT * FROM `sd_class` WHERE ( pid = "100" )  [ RunTime:0.0010s ]
SQL: SELECT * FROM `sd_class` WHERE ( pid = "99" )  [ RunTime:0.0000s ]
SQL: SELECT * FROM `sd_class` WHERE ( pid = "105" )  [ RunTime:0.0010s ]
SQL: SELECT * FROM `sd_class` WHERE ( pid = "106" )  [ RunTime:0.0000s ]
SQL: SELECT * FROM `sd_class` WHERE ( pid = "107" )  [ RunTime:0.0000s ]
SQL: SELECT * FROM `sd_class` WHERE ( pid = "108" )  [ RunTime:0.0000s ]
SQL: SELECT * FROM `sd_class` WHERE ( pid = "109" )  [ RunTime:0.0000s ]
SQL: SELECT * FROM `sd_class` WHERE ( pid = "11" )  [ RunTime:0.0000s ]
SQL: SELECT * FROM `sd_class` WHERE ( pid = "113" )  [ RunTime:0.0000s ]
SQL: SELECT * FROM `sd_class` WHERE ( pid = "114" )  [ RunTime:0.0010s ]
SQL: SELECT * FROM `sd_class` WHERE ( pid = "110" )  [ RunTime:0.0000s ]
SQL: SELECT * FROM `sd_class` WHERE ( pid = "112" )  [ RunTime:0.0010s ]
SQL: SELECT * FROM `sd_content` WHERE ( hot = 1 ) ORDER BY createtime desc LIMIT 1   [ RunTime:0.0010s ]
SQL: SELECT * FROM `sd_class` WHERE ( pid = "12" and id <> "98" )  [ RunTime:0.0000s ]
SQL: SELECT * FROM `sd_class` WHERE ( pid = "13" )  [ RunTime:0.0000s ]
SQL: SELECT * FROM `sd_class` WHERE ( pid = "39" )  [ RunTime:0.0000s ]
SQL: SELECT * FROM `sd_class` WHERE ( pid = "64" )  [ RunTime:0.0000s ]
SQL: SHOW COLUMNS FROM `sd_doctor` [ RunTime:0.0040s ]
SQL: SELECT * FROM `sd_doctor` ORDER BY sort desc  [ RunTime:0.0010s ]
SQL: SHOW COLUMNS FROM `sd_case` [ RunTime:0.0040s ]
SQL: SELECT * FROM `sd_case` LIMIT 4   [ RunTime:0.0010s ]
INFO: [ view_parse ] --START--
INFO: [ template_filter ] --START--
INFO: Run Behavior\ContentReplaceBehavior [ RunTime:0.000000s ]
INFO: [ template_filter ] --END-- [ RunTime:0.000000s ]
INFO: Run Behavior\ParseTemplateBehavior [ RunTime:0.053003s ]
INFO: [ view_parse ] --END-- [ RunTime:0.053003s ]
INFO: [ view_filter ] --START--
INFO: Run Behavior\WriteHtmlCacheBehavior [ RunTime:0.000000s ]
INFO: [ view_filter ] --END-- [ RunTime:0.000000s ]
INFO: [ app_end ] --START--
INFO: Run Behavior\ShowPageTraceBehavior [ RunTime:0.000000s ]
INFO: [ app_end ] --END-- [ RunTime:0.000000s ]

[ 2016-09-11T11:02:59+08:00 ] 127.0.0.1 /index.php/Home/Index/new_info/id/66.html
INFO: [ app_init ] --START--
INFO: Run Behavior\BuildLiteBehavior [ RunTime:0.000000s ]
INFO: [ app_init ] --END-- [ RunTime:0.000000s ]
INFO: [ app_begin ] --START--
INFO: Run Behavior\ReadHtmlCacheBehavior [ RunTime:0.001000s ]
INFO: [ app_begin ] --END-- [ RunTime:0.001000s ]
SQL: SHOW COLUMNS FROM `sd_class` [ RunTime:0.0040s ]
SQL: SELECT * FROM `sd_class` WHERE ( pid = "12" and id <> "98" )  [ RunTime:0.0000s ]
SQL: SELECT * FROM `sd_class` WHERE ( pid = "13" )  [ RunTime:0.0010s ]
SQL: SELECT * FROM `sd_class` WHERE ( pid = "39" )  [ RunTime:0.0000s ]
SQL: SELECT * FROM `sd_class` WHERE ( pid = "64" )  [ RunTime:0.0000s ]
SQL: SELECT * FROM `sd_class` WHERE ( pid = 0 ) ORDER BY sort desc  [ RunTime:0.0010s ]
SQL: SELECT * FROM `sd_class` WHERE ( pid = "12" )  [ RunTime:0.0000s ]
SQL: SELECT * FROM `sd_class` WHERE ( pid = "13" )  [ RunTime:0.0000s ]
SQL: SHOW COLUMNS FROM `sd_content` [ RunTime:0.0050s ]
SQL: SELECT `id` FROM `sd_content` WHERE ( cid = "14" ) LIMIT 1   [ RunTime:0.0010s ]
SQL: SELECT `id` FROM `sd_content` WHERE ( cid = "20" ) LIMIT 1   [ RunTime:0.0000s ]
SQL: SELECT `id` FROM `sd_content` WHERE ( cid = "27" ) LIMIT 1   [ RunTime:0.0000s ]
SQL: SELECT `id` FROM `sd_content` WHERE ( cid = "31" ) LIMIT 1   [ RunTime:0.0010s ]
SQL: SELECT * FROM `sd_class` WHERE ( pid = "14" )  [ RunTime:0.0000s ]
SQL: SELECT * FROM `sd_class` WHERE ( pid = "20" )  [ RunTime:0.0000s ]
SQL: SELECT * FROM `sd_class` WHERE ( pid = "27" )  [ RunTime:0.0010s ]
SQL: SELECT * FROM `sd_class` WHERE ( pid = "31" )  [ RunTime:0.0000s ]
SQL: SELECT * FROM `sd_class` WHERE ( pid = "39" )  [ RunTime:0.0000s ]
SQL: SELECT `id` FROM `sd_content` WHERE ( cid = "40" ) LIMIT 1   [ RunTime:0.0010s ]
SQL: SELECT `id` FROM `sd_content` WHERE ( cid = "46" ) LIMIT 1   [ RunTime:0.0000s ]
SQL: SELECT `id` FROM `sd_content` WHERE ( cid = "53" ) LIMIT 1   [ RunTime:0.0000s ]
SQL: SELECT `id` FROM `sd_content` WHERE ( cid = "60" ) LIMIT 1   [ RunTime:0.0000s ]
SQL: SELECT `id` FROM `sd_content` WHERE ( cid = "61" ) LIMIT 1   [ RunTime:0.0000s ]
SQL: SELECT `id` FROM `sd_content` WHERE ( cid = "62" ) LIMIT 1   [ RunTime:0.0000s ]
SQL: SELECT `id` FROM `sd_content` WHERE ( cid = "63" ) LIMIT 1   [ RunTime:0.0010s ]
SQL: SELECT * FROM `sd_class` WHERE ( pid = "40" )  [ RunTime:0.0000s ]
SQL: SELECT * FROM `sd_class` WHERE ( pid = "46" )  [ RunTime:0.0000s ]
SQL: SELECT * FROM `sd_class` WHERE ( pid = "53" )  [ RunTime:0.0010s ]
SQL: SELECT * FROM `sd_class` WHERE ( pid = "60" )  [ RunTime:0.0000s ]
SQL: SELECT * FROM `sd_class` WHERE ( pid = "61" )  [ RunTime:0.0000s ]
SQL: SELECT * FROM `sd_class` WHERE ( pid = "62" )  [ RunTime:0.0010s ]
SQL: SELECT * FROM `sd_class` WHERE ( pid = "63" )  [ RunTime:0.0000s ]
SQL: SELECT * FROM `sd_class` WHERE ( pid = "64" )  [ RunTime:0.0010s ]
SQL: SELECT `id` FROM `sd_content` WHERE ( cid = "65" ) LIMIT 1   [ RunTime:0.0000s ]
SQL: SELECT `id` FROM `sd_content` WHERE ( cid = "69" ) LIMIT 1   [ RunTime:0.0000s ]
SQL: SELECT `id` FROM `sd_content` WHERE ( cid = "77" ) LIMIT 1   [ RunTime:0.0000s ]
SQL: SELECT `id` FROM `sd_content` WHERE ( cid = "78" ) LIMIT 1   [ RunTime:0.0000s ]
SQL: SELECT `id` FROM `sd_content` WHERE ( cid = "79" ) LIMIT 1   [ RunTime:0.0010s ]
SQL: SELECT `id` FROM `sd_content` WHERE ( cid = "80" ) LIMIT 1   [ RunTime:0.0000s ]
SQL: SELECT `id` FROM `sd_content` WHERE ( cid = "81" ) LIMIT 1   [ RunTime:0.0000s ]
SQL: SELECT * FROM `sd_class` WHERE ( pid = "65" )  [ RunTime:0.0000s ]
SQL: SELECT * FROM `sd_class` WHERE ( pid = "69" )  [ RunTime:0.0000s ]
SQL: SELECT * FROM `sd_class` WHERE ( pid = "77" )  [ RunTime:0.0000s ]
SQL: SELECT * FROM `sd_class` WHERE ( pid = "78" )  [ RunTime:0.0010s ]
SQL: SELECT * FROM `sd_class` WHERE ( pid = "79" )  [ RunTime:0.0000s ]
SQL: SELECT * FROM `sd_class` WHERE ( pid = "80" )  [ RunTime:0.0010s ]
SQL: SELECT * FROM `sd_class` WHERE ( pid = "81" )  [ RunTime:0.0000s ]
SQL: SELECT * FROM `sd_class` WHERE ( pid = "98" )  [ RunTime:0.0000s ]
SQL: SELECT `id` FROM `sd_content` WHERE ( cid = "101" ) LIMIT 1   [ RunTime:0.0010s ]
SQL: SELECT `id` FROM `sd_content` WHERE ( cid = "102" ) LIMIT 1   [ RunTime:0.0000s ]
SQL: SELECT `id` FROM `sd_content` WHERE ( cid = "103" ) LIMIT 1   [ RunTime:0.0000s ]
SQL: SELECT `id` FROM `sd_content` WHERE ( cid = "104" ) LIMIT 1   [ RunTime:0.0000s ]
SQL: SELECT `id` FROM `sd_content` WHERE ( cid = "100" ) LIMIT 1   [ RunTime:0.0000s ]
SQL: SELECT `id` FROM `sd_content` WHERE ( cid = "99" ) LIMIT 1   [ RunTime:0.0000s ]
SQL: SELECT `id` FROM `sd_content` WHERE ( cid = "105" ) LIMIT 1   [ RunTime:0.0000s ]
SQL: SELECT `id` FROM `sd_content` WHERE ( cid = "106" ) LIMIT 1   [ RunTime:0.0000s ]
SQL: SELECT `id` FROM `sd_content` WHERE ( cid = "107" ) LIMIT 1   [ RunTime:0.0000s ]
SQL: SELECT `id` FROM `sd_content` WHERE ( cid = "108" ) LIMIT 1   [ RunTime:0.0010s ]
SQL: SELECT * FROM `sd_class` WHERE ( pid = "101" )  [ RunTime:0.0000s ]
SQL: SELECT * FROM `sd_class` WHERE ( pid = "102" )  [ RunTime:0.0010s ]
SQL: SELECT * FROM `sd_class` WHERE ( pid = "103" )  [ RunTime:0.0000s ]
SQL: SELECT * FROM `sd_class` WHERE ( pid = "104" )  [ RunTime:0.0000s ]
SQL: SELECT * FROM `sd_class` WHERE ( pid = "100" )  [ RunTime:0.0000s ]
SQL: SELECT * FROM `sd_class` WHERE ( pid = "99" )  [ RunTime:0.0000s ]
SQL: SELECT * FROM `sd_class` WHERE ( pid = "105" )  [ RunTime:0.0000s ]
SQL: SELECT * FROM `sd_class` WHERE ( pid = "106" )  [ RunTime:0.0000s ]
SQL: SELECT * FROM `sd_class` WHERE ( pid = "107" )  [ RunTime:0.0000s ]
SQL: SELECT * FROM `sd_class` WHERE ( pid = "108" )  [ RunTime:0.0000s ]
SQL: SELECT * FROM `sd_class` WHERE ( pid = "109" )  [ RunTime:0.0000s ]
SQL: SELECT * FROM `sd_class` WHERE ( pid = "11" )  [ RunTime:0.0000s ]
SQL: SELECT * FROM `sd_class` WHERE ( pid = "113" )  [ RunTime:0.0000s ]
SQL: SELECT * FROM `sd_class` WHERE ( pid = "114" )  [ RunTime:0.0000s ]
SQL: SELECT * FROM `sd_class` WHERE ( pid = "110" )  [ RunTime:0.0010s ]
SQL: SELECT * FROM `sd_class` WHERE ( pid = "112" )  [ RunTime:0.0000s ]
SQL: SELECT * FROM `sd_content` WHERE ( id = "66" ) LIMIT 1   [ RunTime:0.0000s ]
SQL: SELECT * FROM `sd_content` WHERE ( cid = "66" ) LIMIT 1   [ RunTime:0.0010s ]
SQL: UPDATE `sd_content` SET `read_num`='109' WHERE ( id = "104" ) [ RunTime:0.0000s ]
SQL: SELECT * FROM `sd_content` WHERE ( related = 1 ) LIMIT 6   [ RunTime:0.0000s ]
SQL: SHOW COLUMNS FROM `sd_doctor` [ RunTime:0.0040s ]
SQL: SELECT * FROM `sd_doctor` ORDER BY sort desc LIMIT 3   [ RunTime:0.0000s ]
SQL: SHOW COLUMNS FROM `sd_case` [ RunTime:0.0030s ]
SQL: SELECT * FROM `sd_case` ORDER BY sort desc LIMIT 1   [ RunTime:0.0000s ]
INFO: [ view_parse ] --START--
INFO: [ template_filter ] --START--
INFO: Run Behavior\ContentReplaceBehavior [ RunTime:0.000000s ]
INFO: [ template_filter ] --END-- [ RunTime:0.000000s ]
NOTIC: [8] Undefined variable: class_info D:\wamp\www\core\Application\Runtime\CacheCache\Home\0c2b5ac594521f7bbb8ef863bbea221b.php 第 5 行.
INFO: Run Behavior\ParseTemplateBehavior [ RunTime:0.046003s ]
INFO: [ view_parse ] --END-- [ RunTime:0.047003s ]
INFO: [ view_filter ] --START--
INFO: Run Behavior\WriteHtmlCacheBehavior [ RunTime:0.001000s ]
INFO: [ view_filter ] --END-- [ RunTime:0.001000s ]
INFO: [ app_end ] --START--
INFO: Run Behavior\ShowPageTraceBehavior [ RunTime:0.001000s ]
INFO: [ app_end ] --END-- [ RunTime:0.001000s ]

